<?xml version="1.0" encoding="UTF-8"?>
<testsuite name="CinemaTests" tests="1" skipped="0" failures="0" errors="0" timestamp="2023-10-03T17:55:27" hostname="VUKROXPC" time="2.699">
  <properties/>
  <testcase name="start" classname="CinemaTests" time="2.699"/>
  <system-out><![CDATA[?[1;31m
Start test 1?[0m
?[0;34m  ____       _ _           _       _
?[0m?[0;34m / ___|  ___| | | ___ _ __| | __ _| |__  ___
?[0m?[0;34m \___ \ / _ \ | |/ _ \ '__| |/ _` | '_ \/ __|
?[0m?[0;34m  ___) |  __/ | |  __/ |  | | (_| | |_) \__ \
?[0m?[0;34m |____/ \___|_|_|\___|_|  |_|\__,_|_.__/|___/
?[0m?[0;34m
?[0m?[0;34m2023-10-03T20:55:27.781+03:00  INFO 20256 --- [    Test worker] cinema.Main                              : Starting Main using Java 17.0.7 with PID 20256 (started by vukro in C:\Projects\Hyperskill\Cinema Room REST Service (Java)\Cinema Room REST Service (Java)\task)
?[0m?[0;34m2023-10-03T20:55:27.783+03:00 DEBUG 20256 --- [    Test worker] cinema.Main                              : Running with Spring Boot v3.0.2, Spring v6.0.4
?[0m?[0;34m2023-10-03T20:55:27.784+03:00  INFO 20256 --- [    Test worker] cinema.Main                              : No active profile set, falling back to 1 default profile: "default"
?[0m?[0;34m2023-10-03T20:55:27.784+03:00 DEBUG 20256 --- [    Test worker] o.s.boot.SpringApplication               : Loading source class cinema.Main
?[0m?[0;34m2023-10-03T20:55:27.815+03:00 DEBUG 20256 --- [    Test worker] ConfigServletWebServerApplicationContext : Refreshing org.springframework.boot.web.servlet.context.AnnotationConfigServletWebServerApplicationContext@3e2fc448
?[0m?[0;34m2023-10-03T20:55:27.832+03:00 DEBUG 20256 --- [    Test worker] o.s.b.f.s.DefaultListableBeanFactory     : Creating shared instance of singleton bean 'org.springframework.context.annotation.internalConfigurationAnnotationProcessor'
?[0m?[0;34m2023-10-03T20:55:27.843+03:00 DEBUG 20256 --- [    Test worker] o.s.b.f.s.DefaultListableBeanFactory     : Creating shared instance of singleton bean 'org.springframework.boot.autoconfigure.internalCachingMetadataReaderFactory'
?[0m?[0;34m2023-10-03T20:55:27.896+03:00 DEBUG 20256 --- [    Test worker] o.s.c.a.ClassPathBeanDefinitionScanner   : Identified candidate component class: file [C:\Projects\Hyperskill\Cinema Room REST Service (Java)\Cinema Room REST Service (Java)\task\build\classes\java\main\cinema\controllers\CinemaController.class]
?[0m?[0;34m2023-10-03T20:55:27.899+03:00 DEBUG 20256 --- [    Test worker] o.s.c.a.ClassPathBeanDefinitionScanner   : Identified candidate component class: file [C:\Projects\Hyperskill\Cinema Room REST Service (Java)\Cinema Room REST Service (Java)\task\build\classes\java\main\cinema\controllers\exceptions\handlers\CustomExceptionHandler.class]
?[0m?[0;34m2023-10-03T20:55:27.902+03:00 DEBUG 20256 --- [    Test worker] o.s.c.a.ClassPathBeanDefinitionScanner   : Identified candidate component class: file [C:\Projects\Hyperskill\Cinema Room REST Service (Java)\Cinema Room REST Service (Java)\task\build\classes\java\main\cinema\services\CinemaHall.class]
?[0m?[0;34m2023-10-03T20:55:28.395+03:00 DEBUG 20256 --- [    Test worker] o.s.b.f.s.DefaultListableBeanFactory     : Creating shared instance of singleton bean 'propertySourcesPlaceholderConfigurer'
?[0m?[0;34m2023-10-03T20:55:28.400+03:00 DEBUG 20256 --- [    Test worker] o.s.b.f.s.DefaultListableBeanFactory     : Creating shared instance of singleton bean 'org.springframework.boot.sql.init.dependency.DatabaseInitializationDependencyConfigurer$DependsOnDatabaseInitializationPostProcessor'
?[0m?[0;34m2023-10-03T20:55:28.404+03:00 DEBUG 20256 --- [    Test worker] o.s.b.f.s.DefaultListableBeanFactory     : Creating shared instance of singleton bean 'org.springframework.context.event.internalEventListenerProcessor'
?[0m?[0;34m2023-10-03T20:55:28.405+03:00 DEBUG 20256 --- [    Test worker] o.s.b.f.s.DefaultListableBeanFactory     : Creating shared instance of singleton bean 'preserveErrorControllerTargetClassPostProcessor'
?[0m?[0;34m2023-10-03T20:55:28.405+03:00 DEBUG 20256 --- [    Test worker] o.s.b.f.s.DefaultListableBeanFactory     : Creating shared instance of singleton bean 'forceAutoProxyCreatorToUseClassProxying'
?[0m?[0;34m2023-10-03T20:55:28.406+03:00 DEBUG 20256 --- [    Test worker] o.s.b.f.s.DefaultListableBeanFactory     : Creating shared instance of singleton bean 'org.springframework.context.event.internalEventListenerFactory'
?[0m?[0;34m2023-10-03T20:55:28.410+03:00 DEBUG 20256 --- [    Test worker] o.s.b.f.s.DefaultListableBeanFactory     : Creating shared instance of singleton bean 'org.springframework.context.annotation.internalAutowiredAnnotationProcessor'
?[0m?[0;34m2023-10-03T20:55:28.411+03:00 DEBUG 20256 --- [    Test worker] o.s.b.f.s.DefaultListableBeanFactory     : Creating shared instance of singleton bean 'org.springframework.context.annotation.internalCommonAnnotationProcessor'
?[0m?[0;34m2023-10-03T20:55:28.413+03:00 DEBUG 20256 --- [    Test worker] o.s.b.f.s.DefaultListableBeanFactory     : Creating shared instance of singleton bean 'org.springframework.boot.context.properties.ConfigurationPropertiesBindingPostProcessor'
?[0m?[0;34m2023-10-03T20:55:28.413+03:00 DEBUG 20256 --- [    Test worker] o.s.b.f.s.DefaultListableBeanFactory     : Creating shared instance of singleton bean 'org.springframework.boot.context.internalConfigurationPropertiesBinder'
?[0m?[0;34m2023-10-03T20:55:28.415+03:00 DEBUG 20256 --- [    Test worker] o.s.b.f.s.DefaultListableBeanFactory     : Creating shared instance of singleton bean 'org.springframework.aop.config.internalAutoProxyCreator'
?[0m?[0;34m2023-10-03T20:55:28.424+03:00 DEBUG 20256 --- [    Test worker] o.s.b.f.s.DefaultListableBeanFactory     : Creating shared instance of singleton bean 'webServerFactoryCustomizerBeanPostProcessor'
?[0m?[0;34m2023-10-03T20:55:28.425+03:00 DEBUG 20256 --- [    Test worker] o.s.b.f.s.DefaultListableBeanFactory     : Creating shared instance of singleton bean 'errorPageRegistrarBeanPostProcessor'
?[0m?[0;34m2023-10-03T20:55:28.425+03:00 DEBUG 20256 --- [    Test worker] o.s.b.f.s.DefaultListableBeanFactory     : Creating shared instance of singleton bean 'healthEndpointGroupsBeanPostProcessor'
?[0m?[0;34m2023-10-03T20:55:28.428+03:00 DEBUG 20256 --- [    Test worker] o.s.b.f.s.DefaultListableBeanFactory     : Creating shared instance of singleton bean 'meterRegistryPostProcessor'
?[0m?[0;34m2023-10-03T20:55:28.430+03:00 DEBUG 20256 --- [    Test worker] o.s.b.f.s.DefaultListableBeanFactory     : Autowiring by type from bean name 'meterRegistryPostProcessor' via factory method to bean named 'org.springframework.boot.web.servlet.context.AnnotationConfigServletWebServerApplicationContext@3e2fc448'
?[0m?[0;34m2023-10-03T20:55:28.432+03:00 DEBUG 20256 --- [    Test worker] o.s.b.f.s.DefaultListableBeanFactory     : Creating shared instance of singleton bean 'observationRegistryPostProcessor'
?[0m?[0;34m2023-10-03T20:55:28.437+03:00 DEBUG 20256 --- [    Test worker] o.s.u.c.s.UiApplicationContextUtils      : Unable to locate ThemeSource with name 'themeSource': using default [org.springframework.ui.context.support.ResourceBundleThemeSource@7e4c72d6]
?[0m?[0;34m2023-10-03T20:55:28.438+03:00 DEBUG 20256 --- [    Test worker] o.s.b.f.s.DefaultListableBeanFactory     : Creating shared instance of singleton bean 'tomcatServletWebServerFactory'
?[0m?[0;34m2023-10-03T20:55:28.438+03:00 DEBUG 20256 --- [    Test worker] o.s.b.f.s.DefaultListableBeanFactory     : Creating shared instance of singleton bean 'org.springframework.boot.autoconfigure.web.servlet.ServletWebServerFactoryConfiguration$EmbeddedTomcat'
?[0m?[0;34m2023-10-03T20:55:28.458+03:00 DEBUG 20256 --- [    Test worker] o.a.catalina.core.AprLifecycleListener   : The Apache Tomcat Native library could not be found using names [tcnative-2, libtcnative-2, tcnative-1, libtcnative-1] on the java.library.path [C:\Users\vukro\.jdks\graalvm-ce-17\bin;C:\Windows\Sun\Java\bin;C:\Windows\system32;C:\Windows;C:\Windows\system32;C:\Windows;C:\Windows\System32\Wbem;C:\Windows\System32\WindowsPowerShell\v1.0\;C:\Windows\System32\OpenSSH\;C:\Tools\apache-ant-1.10.10\bin;C:\Tools\db-derby\bin;C:\Program Files\Git\cmd;C:\Program Files\Calibre2\;C:\ProgramData\chocolatey\bin;C:\ProgramData\chocolatey\lib\maven\apache-maven-3.8.7\bin;C:\Users\vukro\AppData\Roaming\nvm;C:\Program Files\nodejs;C:\Tools\Dos2Unix\bin;C:\Tools\JDK\scripts;C:\Tools\Kubernetes\Minikube;C:\Program Files (x86)\NVIDIA Corporation\PhysX\Common;C:\Tools\JDK\jdk-17\bin;C:\Tools\Gradle\Gradle_7.6;C:\Tools\Gradle\Gradle_7.6C\bin;C:\Tools\Groovy\groovy-4.0.13\bin;C:\Program Files\Docker\Docker\resources\bin;C:\Program Files\PowerShell\7\;C:\Program Files\MySQL\MySQL Shell 8.0\bin\;C:\Users\vukro\AppData\Local\Microsoft\WindowsApps;C:\Tools\IDEs\IntelliJ IDEA 2021.3.2\bin;C:\Tools\IDEs\IntelliJ IDEA Educational Edition 2021.3.4\bin;C:\Users\vukro\AppData\Local\JetBrains\Toolbox\scripts;C:\Users\vukro\AppData\Local\GitHubDesktop\bin;C:\Tools\Gradle\Gradle_7.6\bin;.]. The errors reported were [Can't load library: C:\Projects\Hyperskill\Cinema Room REST Service (Java)\Cinema Room REST Service (Java)\task\bin\tcnative-2.dll, Can't load library: C:\Projects\Hyperskill\Cinema Room REST Service (Java)\Cinema Room REST Service (Java)\task\bin\libtcnative-2.dll, Can't load library: C:\Projects\Hyperskill\Cinema Room REST Service (Java)\Cinema Room REST Service (Java)\task\bin\tcnative-1.dll, Can't load library: C:\Projects\Hyperskill\Cinema Room REST Service (Java)\Cinema Room REST Service (Java)\task\bin\libtcnative-1.dll, no tcnative-2 in java.library.path: C:\Users\vukro\.jdks\graalvm-ce-17\bin;C:\Windows\Sun\Java\bin;C:\Windows\system32;C:\Windows;C:\Windows\system32;C:\Windows;C:\Windows\System32\Wbem;C:\Windows\System32\WindowsPowerShell\v1.0\;C:\Windows\System32\OpenSSH\;C:\Tools\apache-ant-1.10.10\bin;C:\Tools\db-derby\bin;C:\Program Files\Git\cmd;C:\Program Files\Calibre2\;C:\ProgramData\chocolatey\bin;C:\ProgramData\chocolatey\lib\maven\apache-maven-3.8.7\bin;C:\Users\vukro\AppData\Roaming\nvm;C:\Program Files\nodejs;C:\Tools\Dos2Unix\bin;C:\Tools\JDK\scripts;C:\Tools\Kubernetes\Minikube;C:\Program Files (x86)\NVIDIA Corporation\PhysX\Common;C:\Tools\JDK\jdk-17\bin;C:\Tools\Gradle\Gradle_7.6;C:\Tools\Gradle\Gradle_7.6C\bin;C:\Tools\Groovy\groovy-4.0.13\bin;C:\Program Files\Docker\Docker\resources\bin;C:\Program Files\PowerShell\7\;C:\Program Files\MySQL\MySQL Shell 8.0\bin\;C:\Users\vukro\AppData\Local\Microsoft\WindowsApps;C:\Tools\IDEs\IntelliJ IDEA 2021.3.2\bin;C:\Tools\IDEs\IntelliJ IDEA Educational Edition 2021.3.4\bin;C:\Users\vukro\AppData\Local\JetBrains\Toolbox\scripts;C:\Users\vukro\AppData\Local\GitHubDesktop\bin;C:\Tools\Gradle\Gradle_7.6\bin;., no libtcnative-2 in java.library.path: C:\Users\vukro\.jdks\graalvm-ce-17\bin;C:\Windows\Sun\Java\bin;C:\Windows\system32;C:\Windows;C:\Windows\system32;C:\Windows;C:\Windows\System32\Wbem;C:\Windows\System32\WindowsPowerShell\v1.0\;C:\Windows\System32\OpenSSH\;C:\Tools\apache-ant-1.10.10\bin;C:\Tools\db-derby\bin;C:\Program Files\Git\cmd;C:\Program Files\Calibre2\;C:\ProgramData\chocolatey\bin;C:\ProgramData\chocolatey\lib\maven\apache-maven-3.8.7\bin;C:\Users\vukro\AppData\Roaming\nvm;C:\Program Files\nodejs;C:\Tools\Dos2Unix\bin;C:\Tools\JDK\scripts;C:\Tools\Kubernetes\Minikube;C:\Program Files (x86)\NVIDIA Corporation\PhysX\Common;C:\Tools\JDK\jdk-17\bin;C:\Tools\Gradle\Gradle_7.6;C:\Tools\Gradle\Gradle_7.6C\bin;C:\Tools\Groovy\groovy-4.0.13\bin;C:\Program Files\Docker\Docker\resources\bin;C:\Program Files\PowerShell\7\;C:\Program Files\MySQL\MySQL Shell 8.0\bin\;C:\Users\vukro\AppData\Local\Microsoft\WindowsApps;C:\Tools\IDEs\IntelliJ IDEA 2021.3.2\bin;C:\Tools\IDEs\IntelliJ IDEA Educational Edition 2021.3.4\bin;C:\Users\vukro\AppData\Local\JetBrains\Toolbox\scripts;C:\Users\vukro\AppData\Local\GitHubDesktop\bin;C:\Tools\Gradle\Gradle_7.6\bin;., no tcnative-1 in java.library.path: C:\Users\vukro\.jdks\graalvm-ce-17\bin;C:\Windows\Sun\Java\bin;C:\Windows\system32;C:\Windows;C:\Windows\system32;C:\Windows;C:\Windows\System32\Wbem;C:\Windows\System32\WindowsPowerShell\v1.0\;C:\Windows\System32\OpenSSH\;C:\Tools\apache-ant-1.10.10\bin;C:\Tools\db-derby\bin;C:\Program Files\Git\cmd;C:\Program Files\Calibre2\;C:\ProgramData\chocolatey\bin;C:\ProgramData\chocolatey\lib\maven\apache-maven-3.8.7\bin;C:\Users\vukro\AppData\Roaming\nvm;C:\Program Files\nodejs;C:\Tools\Dos2Unix\bin;C:\Tools\JDK\scripts;C:\Tools\Kubernetes\Minikube;C:\Program Files (x86)\NVIDIA Corporation\PhysX\Common;C:\Tools\JDK\jdk-17\bin;C:\Tools\Gradle\Gradle_7.6;C:\Tools\Gradle\Gradle_7.6C\bin;C:\Tools\Groovy\groovy-4.0.13\bin;C:\Program Files\Docker\Docker\resources\bin;C:\Program Files\PowerShell\7\;C:\Program Files\MySQL\MySQL Shell 8.0\bin\;C:\Users\vukro\AppData\Local\Microsoft\WindowsApps;C:\Tools\IDEs\IntelliJ IDEA 2021.3.2\bin;C:\Tools\IDEs\IntelliJ IDEA Educational Edition 2021.3.4\bin;C:\Users\vukro\AppData\Local\JetBrains\Toolbox\scripts;C:\Users\vukro\AppData\Local\GitHubDesktop\bin;C:\Tools\Gradle\Gradle_7.6\bin;., no libtcnative-1 in java.library.path: C:\Users\vukro\.jdks\graalvm-ce-17\bin;C:\Windows\Sun\Java\bin;C:\Windows\system32;C:\Windows;C:\Windows\system32;C:\Windows;C:\Windows\System32\Wbem;C:\Windows\System32\WindowsPowerShell\v1.0\;C:\Windows\System32\OpenSSH\;C:\Tools\apache-ant-1.10.10\bin;C:\Tools\db-derby\bin;C:\Program Files\Git\cmd;C:\Program Files\Calibre2\;C:\ProgramData\chocolatey\bin;C:\ProgramData\chocolatey\lib\maven\apache-maven-3.8.7\bin;C:\Users\vukro\AppData\Roaming\nvm;C:\Program Files\nodejs;C:\Tools\Dos2Unix\bin;C:\Tools\JDK\scripts;C:\Tools\Kubernetes\Minikube;C:\Program Files (x86)\NVIDIA Corporation\PhysX\Common;C:\Tools\JDK\jdk-17\bin;C:\Tools\Gradle\Gradle_7.6;C:\Tools\Gradle\Gradle_7.6C\bin;C:\Tools\Groovy\groovy-4.0.13\bin;C:\Program Files\Docker\Docker\resources\bin;C:\Program Files\PowerShell\7\;C:\Program Files\MySQL\MySQL Shell 8.0\bin\;C:\Users\vukro\AppData\Local\Microsoft\WindowsApps;C:\Tools\IDEs\IntelliJ IDEA 2021.3.2\bin;C:\Tools\IDEs\IntelliJ IDEA Educational Edition 2021.3.4\bin;C:\Users\vukro\AppData\Local\JetBrains\Toolbox\scripts;C:\Users\vukro\AppData\Local\GitHubDesktop\bin;C:\Tools\Gradle\Gradle_7.6\bin;.]
?[0m?[0;34m
?[0m?[0;34morg.apache.tomcat.jni.LibraryNotFoundError: Can't load library: C:\Projects\Hyperskill\Cinema Room REST Service (Java)\Cinema Room REST Service (Java)\task\bin\tcnative-2.dll, Can't load library: C:\Projects\Hyperskill\Cinema Room REST Service (Java)\Cinema Room REST Service (Java)\task\bin\libtcnative-2.dll, Can't load library: C:\Projects\Hyperskill\Cinema Room REST Service (Java)\Cinema Room REST Service (Java)\task\bin\tcnative-1.dll, Can't load library: C:\Projects\Hyperskill\Cinema Room REST Service (Java)\Cinema Room REST Service (Java)\task\bin\libtcnative-1.dll, no tcnative-2 in java.library.path: C:\Users\vukro\.jdks\graalvm-ce-17\bin;C:\Windows\Sun\Java\bin;C:\Windows\system32;C:\Windows;C:\Windows\system32;C:\Windows;C:\Windows\System32\Wbem;C:\Windows\System32\WindowsPowerShell\v1.0\;C:\Windows\System32\OpenSSH\;C:\Tools\apache-ant-1.10.10\bin;C:\Tools\db-derby\bin;C:\Program Files\Git\cmd;C:\Program Files\Calibre2\;C:\ProgramData\chocolatey\bin;C:\ProgramData\chocolatey\lib\maven\apache-maven-3.8.7\bin;C:\Users\vukro\AppData\Roaming\nvm;C:\Program Files\nodejs;C:\Tools\Dos2Unix\bin;C:\Tools\JDK\scripts;C:\Tools\Kubernetes\Minikube;C:\Program Files (x86)\NVIDIA Corporation\PhysX\Common;C:\Tools\JDK\jdk-17\bin;C:\Tools\Gradle\Gradle_7.6;C:\Tools\Gradle\Gradle_7.6C\bin;C:\Tools\Groovy\groovy-4.0.13\bin;C:\Program Files\Docker\Docker\resources\bin;C:\Program Files\PowerShell\7\;C:\Program Files\MySQL\MySQL Shell 8.0\bin\;C:\Users\vukro\AppData\Local\Microsoft\WindowsApps;C:\Tools\IDEs\IntelliJ IDEA 2021.3.2\bin;C:\Tools\IDEs\IntelliJ IDEA Educational Edition 2021.3.4\bin;C:\Users\vukro\AppData\Local\JetBrains\Toolbox\scripts;C:\Users\vukro\AppData\Local\GitHubDesktop\bin;C:\Tools\Gradle\Gradle_7.6\bin;., no libtcnative-2 in java.library.path: C:\Users\vukro\.jdks\graalvm-ce-17\bin;C:\Windows\Sun\Java\bin;C:\Windows\system32;C:\Windows;C:\Windows\system32;C:\Windows;C:\Windows\System32\Wbem;C:\Windows\System32\WindowsPowerShell\v1.0\;C:\Windows\System32\OpenSSH\;C:\Tools\apache-ant-1.10.10\bin;C:\Tools\db-derby\bin;C:\Program Files\Git\cmd;C:\Program Files\Calibre2\;C:\ProgramData\chocolatey\bin;C:\ProgramData\chocolatey\lib\maven\apache-maven-3.8.7\bin;C:\Users\vukro\AppData\Roaming\nvm;C:\Program Files\nodejs;C:\Tools\Dos2Unix\bin;C:\Tools\JDK\scripts;C:\Tools\Kubernetes\Minikube;C:\Program Files (x86)\NVIDIA Corporation\PhysX\Common;C:\Tools\JDK\jdk-17\bin;C:\Tools\Gradle\Gradle_7.6;C:\Tools\Gradle\Gradle_7.6C\bin;C:\Tools\Groovy\groovy-4.0.13\bin;C:\Program Files\Docker\Docker\resources\bin;C:\Program Files\PowerShell\7\;C:\Program Files\MySQL\MySQL Shell 8.0\bin\;C:\Users\vukro\AppData\Local\Microsoft\WindowsApps;C:\Tools\IDEs\IntelliJ IDEA 2021.3.2\bin;C:\Tools\IDEs\IntelliJ IDEA Educational Edition 2021.3.4\bin;C:\Users\vukro\AppData\Local\JetBrains\Toolbox\scripts;C:\Users\vukro\AppData\Local\GitHubDesktop\bin;C:\Tools\Gradle\Gradle_7.6\bin;., no tcnative-1 in java.library.path: C:\Users\vukro\.jdks\graalvm-ce-17\bin;C:\Windows\Sun\Java\bin;C:\Windows\system32;C:\Windows;C:\Windows\system32;C:\Windows;C:\Windows\System32\Wbem;C:\Windows\System32\WindowsPowerShell\v1.0\;C:\Windows\System32\OpenSSH\;C:\Tools\apache-ant-1.10.10\bin;C:\Tools\db-derby\bin;C:\Program Files\Git\cmd;C:\Program Files\Calibre2\;C:\ProgramData\chocolatey\bin;C:\ProgramData\chocolatey\lib\maven\apache-maven-3.8.7\bin;C:\Users\vukro\AppData\Roaming\nvm;C:\Program Files\nodejs;C:\Tools\Dos2Unix\bin;C:\Tools\JDK\scripts;C:\Tools\Kubernetes\Minikube;C:\Program Files (x86)\NVIDIA Corporation\PhysX\Common;C:\Tools\JDK\jdk-17\bin;C:\Tools\Gradle\Gradle_7.6;C:\Tools\Gradle\Gradle_7.6C\bin;C:\Tools\Groovy\groovy-4.0.13\bin;C:\Program Files\Docker\Docker\resources\bin;C:\Program Files\PowerShell\7\;C:\Program Files\MySQL\MySQL Shell 8.0\bin\;C:\Users\vukro\AppData\Local\Microsoft\WindowsApps;C:\Tools\IDEs\IntelliJ IDEA 2021.3.2\bin;C:\Tools\IDEs\IntelliJ IDEA Educational Edition 2021.3.4\bin;C:\Users\vukro\AppData\Local\JetBrains\Toolbox\scripts;C:\Users\vukro\AppData\Local\GitHubDesktop\bin;C:\Tools\Gradle\Gradle_7.6\bin;., no libtcnative-1 in java.library.path: C:\Users\vukro\.jdks\graalvm-ce-17\bin;C:\Windows\Sun\Java\bin;C:\Windows\system32;C:\Windows;C:\Windows\system32;C:\Windows;C:\Windows\System32\Wbem;C:\Windows\System32\WindowsPowerShell\v1.0\;C:\Windows\System32\OpenSSH\;C:\Tools\apache-ant-1.10.10\bin;C:\Tools\db-derby\bin;C:\Program Files\Git\cmd;C:\Program Files\Calibre2\;C:\ProgramData\chocolatey\bin;C:\ProgramData\chocolatey\lib\maven\apache-maven-3.8.7\bin;C:\Users\vukro\AppData\Roaming\nvm;C:\Program Files\nodejs;C:\Tools\Dos2Unix\bin;C:\Tools\JDK\scripts;C:\Tools\Kubernetes\Minikube;C:\Program Files (x86)\NVIDIA Corporation\PhysX\Common;C:\Tools\JDK\jdk-17\bin;C:\Tools\Gradle\Gradle_7.6;C:\Tools\Gradle\Gradle_7.6C\bin;C:\Tools\Groovy\groovy-4.0.13\bin;C:\Program Files\Docker\Docker\resources\bin;C:\Program Files\PowerShell\7\;C:\Program Files\MySQL\MySQL Shell 8.0\bin\;C:\Users\vukro\AppData\Local\Microsoft\WindowsApps;C:\Tools\IDEs\IntelliJ IDEA 2021.3.2\bin;C:\Tools\IDEs\IntelliJ IDEA Educational Edition 2021.3.4\bin;C:\Users\vukro\AppData\Local\JetBrains\Toolbox\scripts;C:\Users\vukro\AppData\Local\GitHubDesktop\bin;C:\Tools\Gradle\Gradle_7.6\bin;.
?[0m?[0;34m	at org.apache.tomcat.jni.Library.<init>(Library.java:93) ~[tomcat-embed-core-10.1.5.jar:10.1.5]
?[0m?[0;34m	at org.apache.tomcat.jni.Library.initialize(Library.java:148) ~[tomcat-embed-core-10.1.5.jar:10.1.5]
?[0m?[0;34m	at org.apache.catalina.core.AprLifecycleListener.init(AprLifecycleListener.java:200) ~[tomcat-embed-core-10.1.5.jar:10.1.5]
?[0m?[0;34m	at org.apache.catalina.core.AprLifecycleListener.isAprAvailable(AprLifecycleListener.java:112) ~[tomcat-embed-core-10.1.5.jar:10.1.5]
?[0m?[0;34m	at org.springframework.boot.web.embedded.tomcat.TomcatServletWebServerFactory.getDefaultServerLifecycleListeners(TomcatServletWebServerFactory.java:181) ~[spring-boot-3.0.2.jar:3.0.2]
?[0m?[0;34m	at org.springframework.boot.web.embedded.tomcat.TomcatServletWebServerFactory.<init>(TomcatServletWebServerFactory.java:128) ~[spring-boot-3.0.2.jar:3.0.2]
?[0m?[0;34m	at org.springframework.boot.autoconfigure.web.servlet.ServletWebServerFactoryConfiguration$EmbeddedTomcat.tomcatServletWebServerFactory(ServletWebServerFactoryConfiguration.java:73) ~[spring-boot-autoconfigure-3.0.2.jar:3.0.2]
?[0m?[0;34m	at java.base/jdk.internal.reflect.NativeMethodAccessorImpl.invoke0(Native Method) ~[na:na]
?[0m?[0;34m	at java.base/jdk.internal.reflect.NativeMethodAccessorImpl.invoke(NativeMethodAccessorImpl.java:77) ~[na:na]
?[0m?[0;34m	at java.base/jdk.internal.reflect.DelegatingMethodAccessorImpl.invoke(DelegatingMethodAccessorImpl.java:43) ~[na:na]
?[0m?[0;34m	at java.base/java.lang.reflect.Method.invoke(Method.java:568) ~[na:na]
?[0m?[0;34m	at org.springframework.beans.factory.support.SimpleInstantiationStrategy.instantiate(SimpleInstantiationStrategy.java:139) ~[spring-beans-6.0.4.jar:6.0.4]
?[0m?[0;34m	at org.springframework.beans.factory.support.ConstructorResolver.instantiate(ConstructorResolver.java:653) ~[spring-beans-6.0.4.jar:6.0.4]
?[0m?[0;34m	at org.springframework.beans.factory.support.ConstructorResolver.instantiateUsingFactoryMethod(ConstructorResolver.java:645) ~[spring-beans-6.0.4.jar:6.0.4]
?[0m?[0;34m	at org.springframework.beans.factory.support.AbstractAutowireCapableBeanFactory.instantiateUsingFactoryMethod(AbstractAutowireCapableBeanFactory.java:1324) ~[spring-beans-6.0.4.jar:6.0.4]
?[0m?[0;34m	at org.springframework.beans.factory.support.AbstractAutowireCapableBeanFactory.createBeanInstance(AbstractAutowireCapableBeanFactory.java:1161) ~[spring-beans-6.0.4.jar:6.0.4]
?[0m?[0;34m	at org.springframework.beans.factory.support.AbstractAutowireCapableBeanFactory.doCreateBean(AbstractAutowireCapableBeanFactory.java:561) ~[spring-beans-6.0.4.jar:6.0.4]
?[0m?[0;34m	at org.springframework.beans.factory.support.AbstractAutowireCapableBeanFactory.createBean(AbstractAutowireCapableBeanFactory.java:521) ~[spring-beans-6.0.4.jar:6.0.4]
?[0m?[0;34m	at org.springframework.beans.factory.support.AbstractBeanFactory.lambda$doGetBean$0(AbstractBeanFactory.java:326) ~[spring-beans-6.0.4.jar:6.0.4]
?[0m?[0;34m	at org.springframework.beans.factory.support.DefaultSingletonBeanRegistry.getSingleton(DefaultSingletonBeanRegistry.java:234) ~[spring-beans-6.0.4.jar:6.0.4]
?[0m?[0;34m	at org.springframework.beans.factory.support.AbstractBeanFactory.doGetBean(AbstractBeanFactory.java:324) ~[spring-beans-6.0.4.jar:6.0.4]
?[0m?[0;34m	at org.springframework.beans.factory.support.AbstractBeanFactory.getBean(AbstractBeanFactory.java:205) ~[spring-beans-6.0.4.jar:6.0.4]
?[0m?[0;34m	at org.springframework.boot.web.servlet.context.ServletWebServerApplicationContext.getWebServerFactory(ServletWebServerApplicationContext.java:218) ~[spring-boot-3.0.2.jar:3.0.2]
?[0m?[0;34m	at org.springframework.boot.web.servlet.context.ServletWebServerApplicationContext.createWebServer(ServletWebServerApplicationContext.java:181) ~[spring-boot-3.0.2.jar:3.0.2]
?[0m?[0;34m	at org.springframework.boot.web.servlet.context.ServletWebServerApplicationContext.onRefresh(ServletWebServerApplicationContext.java:161) ~[spring-boot-3.0.2.jar:3.0.2]
?[0m?[0;34m	at org.springframework.context.support.AbstractApplicationContext.refresh(AbstractApplicationContext.java:578) ~[spring-context-6.0.4.jar:6.0.4]
?[0m?[0;34m	at org.springframework.boot.web.servlet.context.ServletWebServerApplicationContext.refresh(ServletWebServerApplicationContext.java:146) ~[spring-boot-3.0.2.jar:3.0.2]
?[0m?[0;34m	at org.springframework.boot.SpringApplication.refresh(SpringApplication.java:730) ~[spring-boot-3.0.2.jar:3.0.2]
?[0m?[0;34m	at org.springframework.boot.SpringApplication.refreshContext(SpringApplication.java:432) ~[spring-boot-3.0.2.jar:3.0.2]
?[0m?[0;34m	at org.springframework.boot.SpringApplication.run(SpringApplication.java:308) ~[spring-boot-3.0.2.jar:3.0.2]
?[0m?[0;34m	at org.springframework.boot.SpringApplication.run(SpringApplication.java:1302) ~[spring-boot-3.0.2.jar:3.0.2]
?[0m?[0;34m	at org.springframework.boot.SpringApplication.run(SpringApplication.java:1291) ~[spring-boot-3.0.2.jar:3.0.2]
?[0m?[0;34m	at cinema.Main.main(Main.java:13) ~[main/:na]
?[0m?[0;34m	at java.base/jdk.internal.reflect.NativeMethodAccessorImpl.invoke0(Native Method) ~[na:na]
?[0m?[0;34m	at java.base/jdk.internal.reflect.NativeMethodAccessorImpl.invoke(NativeMethodAccessorImpl.java:77) ~[na:na]
?[0m?[0;34m	at java.base/jdk.internal.reflect.DelegatingMethodAccessorImpl.invoke(DelegatingMethodAccessorImpl.java:43) ~[na:na]
?[0m?[0;34m	at java.base/java.lang.reflect.Method.invoke(Method.java:568) ~[na:na]
?[0m?[0;34m	at org.hyperskill.hstest.stage.SpringTest.startSpring(SpringTest.java:187) ~[hs-test-release-SNAPSHOT.jar:na]
?[0m?[0;34m	at org.hyperskill.hstest.stage.SpringTest.launchSpring(SpringTest.java:49) ~[hs-test-release-SNAPSHOT.jar:na]
?[0m?[0;34m	at org.hyperskill.hstest.testing.runner.SpringApplicationRunner.launchSpringBootApplication(SpringApplicationRunner.java:20) ~[hs-test-release-SNAPSHOT.jar:na]
?[0m?[0;34m	at org.hyperskill.hstest.testing.runner.SpringApplicationRunner.setUp(SpringApplicationRunner.java:35) ~[hs-test-release-SNAPSHOT.jar:na]
?[0m?[0;34m	at org.hyperskill.hstest.testing.TestRun.setUp(TestRun.java:77) ~[hs-test-release-SNAPSHOT.jar:na]
?[0m?[0;34m	at org.hyperskill.hstest.stage.StageTest.start(StageTest.java:159) ~[hs-test-release-SNAPSHOT.jar:na]
?[0m?[0;34m	at java.base/jdk.internal.reflect.NativeMethodAccessorImpl.invoke0(Native Method) ~[na:na]
?[0m?[0;34m	at java.base/jdk.internal.reflect.NativeMethodAccessorImpl.invoke(NativeMethodAccessorImpl.java:77) ~[na:na]
?[0m?[0;34m	at java.base/jdk.internal.reflect.DelegatingMethodAccessorImpl.invoke(DelegatingMethodAccessorImpl.java:43) ~[na:na]
?[0m?[0;34m	at java.base/java.lang.reflect.Method.invoke(Method.java:568) ~[na:na]
?[0m?[0;34m	at org.junit.runners.model.FrameworkMethod$1.runReflectiveCall(FrameworkMethod.java:59) ~[junit-4.13.2.jar:4.13.2]
?[0m?[0;34m	at org.junit.internal.runners.model.ReflectiveCallable.run(ReflectiveCallable.java:12) ~[junit-4.13.2.jar:4.13.2]
?[0m?[0;34m	at org.junit.runners.model.FrameworkMethod.invokeExplosively(FrameworkMethod.java:56) ~[junit-4.13.2.jar:4.13.2]
?[0m?[0;34m	at org.junit.internal.runners.statements.InvokeMethod.evaluate(InvokeMethod.java:17) ~[junit-4.13.2.jar:4.13.2]
?[0m?[0;34m	at org.junit.internal.runners.statements.RunAfters.evaluate(RunAfters.java:27) ~[junit-4.13.2.jar:4.13.2]
?[0m?[0;34m	at org.junit.runners.ParentRunner$3.evaluate(ParentRunner.java:306) ~[junit-4.13.2.jar:4.13.2]
?[0m?[0;34m	at org.junit.runners.BlockJUnit4ClassRunner$1.evaluate(BlockJUnit4ClassRunner.java:100) ~[junit-4.13.2.jar:4.13.2]
?[0m?[0;34m	at org.junit.runners.ParentRunner.runLeaf(ParentRunner.java:366) ~[junit-4.13.2.jar:4.13.2]
?[0m?[0;34m	at org.junit.runners.BlockJUnit4ClassRunner.runChild(BlockJUnit4ClassRunner.java:103) ~[junit-4.13.2.jar:4.13.2]
?[0m?[0;34m	at org.junit.runners.BlockJUnit4ClassRunner.runChild(BlockJUnit4ClassRunner.java:63) ~[junit-4.13.2.jar:4.13.2]
?[0m?[0;34m	at org.junit.runners.ParentRunner$4.run(ParentRunner.java:331) ~[junit-4.13.2.jar:4.13.2]
?[0m?[0;34m	at org.junit.runners.ParentRunner$1.schedule(ParentRunner.java:79) ~[junit-4.13.2.jar:4.13.2]
?[0m?[0;34m	at org.junit.runners.ParentRunner.runChildren(ParentRunner.java:329) ~[junit-4.13.2.jar:4.13.2]
?[0m?[0;34m	at org.junit.runners.ParentRunner.access$100(ParentRunner.java:66) ~[junit-4.13.2.jar:4.13.2]
?[0m?[0;34m	at org.junit.runners.ParentRunner$2.evaluate(ParentRunner.java:293) ~[junit-4.13.2.jar:4.13.2]
?[0m?[0;34m	at org.junit.runners.ParentRunner$3.evaluate(ParentRunner.java:306) ~[junit-4.13.2.jar:4.13.2]
?[0m?[0;34m	at org.junit.runners.ParentRunner.run(ParentRunner.java:413) ~[junit-4.13.2.jar:4.13.2]
?[0m?[0;34m	at org.gradle.api.internal.tasks.testing.junit.JUnitTestClassExecutor.runTestClass(JUnitTestClassExecutor.java:108) ~[na:na]
?[0m?[0;34m	at org.gradle.api.internal.tasks.testing.junit.JUnitTestClassExecutor.execute(JUnitTestClassExecutor.java:57) ~[na:na]
?[0m?[0;34m	at org.gradle.api.internal.tasks.testing.junit.JUnitTestClassExecutor.execute(JUnitTestClassExecutor.java:39) ~[na:na]
?[0m?[0;34m	at org.gradle.api.internal.tasks.testing.junit.AbstractJUnitTestClassProcessor.processTestClass(AbstractJUnitTestClassProcessor.java:62) ~[na:na]
?[0m?[0;34m	at org.gradle.api.internal.tasks.testing.SuiteTestClassProcessor.processTestClass(SuiteTestClassProcessor.java:52) ~[na:na]
?[0m?[0;34m	at java.base/jdk.internal.reflect.NativeMethodAccessorImpl.invoke0(Native Method) ~[na:na]
?[0m?[0;34m	at java.base/jdk.internal.reflect.NativeMethodAccessorImpl.invoke(NativeMethodAccessorImpl.java:77) ~[na:na]
?[0m?[0;34m	at java.base/jdk.internal.reflect.DelegatingMethodAccessorImpl.invoke(DelegatingMethodAccessorImpl.java:43) ~[na:na]
?[0m?[0;34m	at java.base/java.lang.reflect.Method.invoke(Method.java:568) ~[na:na]
?[0m?[0;34m	at org.gradle.internal.dispatch.ReflectionDispatch.dispatch(ReflectionDispatch.java:36) ~[na:na]
?[0m?[0;34m	at org.gradle.internal.dispatch.ReflectionDispatch.dispatch(ReflectionDispatch.java:24) ~[na:na]
?[0m?[0;34m	at org.gradle.internal.dispatch.ContextClassLoaderDispatch.dispatch(ContextClassLoaderDispatch.java:33) ~[na:na]
?[0m?[0;34m	at org.gradle.internal.dispatch.ProxyDispatchAdapter$DispatchingInvocationHandler.invoke(ProxyDispatchAdapter.java:94) ~[na:na]
?[0m?[0;34m	at jdk.proxy1/jdk.proxy1.$Proxy2.processTestClass(Unknown Source) ~[na:na]
?[0m?[0;34m	at org.gradle.api.internal.tasks.testing.worker.TestWorker$2.run(TestWorker.java:176) ~[na:na]
?[0m?[0;34m	at org.gradle.api.internal.tasks.testing.worker.TestWorker.executeAndMaintainThreadName(TestWorker.java:129) ~[na:na]
?[0m?[0;34m	at org.gradle.api.internal.tasks.testing.worker.TestWorker.execute(TestWorker.java:100) ~[na:na]
?[0m?[0;34m	at org.gradle.api.internal.tasks.testing.worker.TestWorker.execute(TestWorker.java:60) ~[na:na]
?[0m?[0;34m	at org.gradle.process.internal.worker.child.ActionExecutionWorker.execute(ActionExecutionWorker.java:56) ~[na:na]
?[0m?[0;34m	at org.gradle.process.internal.worker.child.SystemApplicationClassLoaderWorker.call(SystemApplicationClassLoaderWorker.java:113) ~[na:na]
?[0m?[0;34m	at org.gradle.process.internal.worker.child.SystemApplicationClassLoaderWorker.call(SystemApplicationClassLoaderWorker.java:65) ~[na:na]
?[0m?[0;34m	at worker.org.gradle.process.internal.worker.GradleWorkerMain.run(GradleWorkerMain.java:69) ~[gradle-worker.jar:na]
?[0m?[0;34m	at worker.org.gradle.process.internal.worker.GradleWorkerMain.main(GradleWorkerMain.java:74) ~[gradle-worker.jar:na]
?[0m?[0;34m
?[0m?[0;34m2023-10-03T20:55:28.477+03:00 DEBUG 20256 --- [    Test worker] o.s.b.f.s.DefaultListableBeanFactory     : Creating shared instance of singleton bean 'websocketServletWebServerCustomizer'
?[0m?[0;34m2023-10-03T20:55:28.477+03:00 DEBUG 20256 --- [    Test worker] o.s.b.f.s.DefaultListableBeanFactory     : Creating shared instance of singleton bean 'org.springframework.boot.autoconfigure.websocket.servlet.WebSocketServletAutoConfiguration$TomcatWebSocketConfiguration'
?[0m?[0;34m2023-10-03T20:55:28.479+03:00 DEBUG 20256 --- [    Test worker] o.s.b.f.s.DefaultListableBeanFactory     : Creating shared instance of singleton bean 'servletWebServerFactoryCustomizer'
?[0m?[0;34m2023-10-03T20:55:28.479+03:00 DEBUG 20256 --- [    Test worker] o.s.b.f.s.DefaultListableBeanFactory     : Creating shared instance of singleton bean 'org.springframework.boot.autoconfigure.web.servlet.ServletWebServerFactoryAutoConfiguration'
?[0m?[0;34m2023-10-03T20:55:28.482+03:00 DEBUG 20256 --- [    Test worker] o.s.b.f.s.DefaultListableBeanFactory     : Creating shared instance of singleton bean 'server-org.springframework.boot.autoconfigure.web.ServerProperties'
?[0m?[0;34m2023-10-03T20:55:28.489+03:00 DEBUG 20256 --- [    Test worker] o.s.b.f.s.DefaultListableBeanFactory     : Creating shared instance of singleton bean 'org.springframework.boot.context.properties.BoundConfigurationProperties'
?[0m?[0;34m2023-10-03T20:55:28.502+03:00 DEBUG 20256 --- [    Test worker] o.s.b.f.s.DefaultListableBeanFactory     : Autowiring by type from bean name 'servletWebServerFactoryCustomizer' via factory method to bean named 'server-org.springframework.boot.autoconfigure.web.ServerProperties'
?[0m?[0;34m2023-10-03T20:55:28.503+03:00 DEBUG 20256 --- [    Test worker] o.s.b.f.s.DefaultListableBeanFactory     : Creating shared instance of singleton bean 'tomcatServletWebServerFactoryCustomizer'
?[0m?[0;34m2023-10-03T20:55:28.504+03:00 DEBUG 20256 --- [    Test worker] o.s.b.f.s.DefaultListableBeanFactory     : Autowiring by type from bean name 'tomcatServletWebServerFactoryCustomizer' via factory method to bean named 'server-org.springframework.boot.autoconfigure.web.ServerProperties'
?[0m?[0;34m2023-10-03T20:55:28.505+03:00 DEBUG 20256 --- [    Test worker] o.s.b.f.s.DefaultListableBeanFactory     : Creating shared instance of singleton bean 'tomcatWebServerFactoryCustomizer'
?[0m?[0;34m2023-10-03T20:55:28.505+03:00 DEBUG 20256 --- [    Test worker] o.s.b.f.s.DefaultListableBeanFactory     : Creating shared instance of singleton bean 'org.springframework.boot.autoconfigure.web.embedded.EmbeddedWebServerFactoryCustomizerAutoConfiguration$TomcatWebServerFactoryCustomizerConfiguration'
?[0m?[0;34m2023-10-03T20:55:28.506+03:00 DEBUG 20256 --- [    Test worker] o.s.b.f.s.DefaultListableBeanFactory     : Autowiring by type from bean name 'tomcatWebServerFactoryCustomizer' via factory method to bean named 'environment'
?[0m?[0;34m2023-10-03T20:55:28.506+03:00 DEBUG 20256 --- [    Test worker] o.s.b.f.s.DefaultListableBeanFactory     : Autowiring by type from bean name 'tomcatWebServerFactoryCustomizer' via factory method to bean named 'server-org.springframework.boot.autoconfigure.web.ServerProperties'
?[0m?[0;34m2023-10-03T20:55:28.507+03:00 DEBUG 20256 --- [    Test worker] o.s.b.f.s.DefaultListableBeanFactory     : Creating shared instance of singleton bean 'localeCharsetMappingsCustomizer'
?[0m?[0;34m2023-10-03T20:55:28.507+03:00 DEBUG 20256 --- [    Test worker] o.s.b.f.s.DefaultListableBeanFactory     : Creating shared instance of singleton bean 'org.springframework.boot.autoconfigure.web.servlet.HttpEncodingAutoConfiguration'
?[0m?[0;34m2023-10-03T20:55:28.508+03:00 DEBUG 20256 --- [    Test worker] o.s.b.f.s.DefaultListableBeanFactory     : Autowiring by type from bean name 'org.springframework.boot.autoconfigure.web.servlet.HttpEncodingAutoConfiguration' via constructor to bean named 'server-org.springframework.boot.autoconfigure.web.ServerProperties'
?[0m?[0;34m2023-10-03T20:55:28.524+03:00 DEBUG 20256 --- [    Test worker] o.s.b.f.s.DefaultListableBeanFactory     : Creating shared instance of singleton bean 'errorPageCustomizer'
?[0m?[0;34m2023-10-03T20:55:28.525+03:00 DEBUG 20256 --- [    Test worker] o.s.b.f.s.DefaultListableBeanFactory     : Creating shared instance of singleton bean 'org.springframework.boot.autoconfigure.web.servlet.error.ErrorMvcAutoConfiguration'
?[0m?[0;34m2023-10-03T20:55:28.525+03:00 DEBUG 20256 --- [    Test worker] o.s.b.f.s.DefaultListableBeanFactory     : Autowiring by type from bean name 'org.springframework.boot.autoconfigure.web.servlet.error.ErrorMvcAutoConfiguration' via constructor to bean named 'server-org.springframework.boot.autoconfigure.web.ServerProperties'
?[0m?[0;34m2023-10-03T20:55:28.526+03:00 DEBUG 20256 --- [    Test worker] o.s.b.f.s.DefaultListableBeanFactory     : Creating shared instance of singleton bean 'dispatcherServletRegistration'
?[0m?[0;34m2023-10-03T20:55:28.526+03:00 DEBUG 20256 --- [    Test worker] o.s.b.f.s.DefaultListableBeanFactory     : Creating shared instance of singleton bean 'org.springframework.boot.autoconfigure.web.servlet.DispatcherServletAutoConfiguration$DispatcherServletRegistrationConfiguration'
?[0m?[0;34m2023-10-03T20:55:28.527+03:00 DEBUG 20256 --- [    Test worker] o.s.b.f.s.DefaultListableBeanFactory     : Creating shared instance of singleton bean 'dispatcherServlet'
?[0m?[0;34m2023-10-03T20:55:28.527+03:00 DEBUG 20256 --- [    Test worker] o.s.b.f.s.DefaultListableBeanFactory     : Creating shared instance of singleton bean 'org.springframework.boot.autoconfigure.web.servlet.DispatcherServletAutoConfiguration$DispatcherServletConfiguration'
?[0m?[0;34m2023-10-03T20:55:28.527+03:00 DEBUG 20256 --- [    Test worker] o.s.b.f.s.DefaultListableBeanFactory     : Creating shared instance of singleton bean 'spring.mvc-org.springframework.boot.autoconfigure.web.servlet.WebMvcProperties'
?[0m?[0;34m2023-10-03T20:55:28.530+03:00 DEBUG 20256 --- [    Test worker] o.s.b.f.s.DefaultListableBeanFactory     : Autowiring by type from bean name 'dispatcherServlet' via factory method to bean named 'spring.mvc-org.springframework.boot.autoconfigure.web.servlet.WebMvcProperties'
?[0m?[0;34m2023-10-03T20:55:28.538+03:00 DEBUG 20256 --- [    Test worker] o.s.b.f.s.DefaultListableBeanFactory     : Autowiring by type from bean name 'dispatcherServletRegistration' via factory method to bean named 'dispatcherServlet'
?[0m?[0;34m2023-10-03T20:55:28.538+03:00 DEBUG 20256 --- [    Test worker] o.s.b.f.s.DefaultListableBeanFactory     : Autowiring by type from bean name 'dispatcherServletRegistration' via factory method to bean named 'spring.mvc-org.springframework.boot.autoconfigure.web.servlet.WebMvcProperties'
?[0m?[0;34m2023-10-03T20:55:28.540+03:00 DEBUG 20256 --- [    Test worker] o.s.b.f.s.DefaultListableBeanFactory     : Creating shared instance of singleton bean 'multipartConfigElement'
?[0m?[0;34m2023-10-03T20:55:28.540+03:00 DEBUG 20256 --- [    Test worker] o.s.b.f.s.DefaultListableBeanFactory     : Creating shared instance of singleton bean 'org.springframework.boot.autoconfigure.web.servlet.MultipartAutoConfiguration'
?[0m?[0;34m2023-10-03T20:55:28.540+03:00 DEBUG 20256 --- [    Test worker] o.s.b.f.s.DefaultListableBeanFactory     : Creating shared instance of singleton bean 'spring.servlet.multipart-org.springframework.boot.autoconfigure.web.servlet.MultipartProperties'
?[0m?[0;34m2023-10-03T20:55:28.542+03:00 DEBUG 20256 --- [    Test worker] o.s.b.f.s.DefaultListableBeanFactory     : Autowiring by type from bean name 'org.springframework.boot.autoconfigure.web.servlet.MultipartAutoConfiguration' via constructor to bean named 'spring.servlet.multipart-org.springframework.boot.autoconfigure.web.servlet.MultipartProperties'
?[0m?[0;34m2023-10-03T20:55:28.546+03:00 DEBUG 20256 --- [    Test worker] o.s.b.f.s.DefaultListableBeanFactory     : Autowiring by type from bean name 'errorPageCustomizer' via factory method to bean named 'dispatcherServletRegistration'
?[0m?[0;34m2023-10-03T20:55:28.554+03:00 DEBUG 20256 --- [    Test worker] o.apache.tomcat.util.compat.Jre19Compat  : Class not found so assuming code is running on a pre-Java 19 JVM
?[0m?[0;34m
?[0m?[0;34mjava.lang.ClassNotFoundException: java.lang.WrongThreadException
?[0m?[0;34m	at java.base/jdk.internal.loader.BuiltinClassLoader.loadClass(BuiltinClassLoader.java:641) ~[na:na]
?[0m?[0;34m	at java.base/jdk.internal.loader.ClassLoaders$AppClassLoader.loadClass(ClassLoaders.java:188) ~[na:na]
?[0m?[0;34m	at java.base/java.lang.ClassLoader.loadClass(ClassLoader.java:520) ~[na:na]
?[0m?[0;34m	at java.base/java.lang.Class.forName0(Native Method) ~[na:na]
?[0m?[0;34m	at java.base/java.lang.Class.forName(Class.java:375) ~[na:na]
?[0m?[0;34m	at org.apache.tomcat.util.compat.Jre19Compat.<clinit>(Jre19Compat.java:37) ~[tomcat-embed-core-10.1.5.jar:10.1.5]
?[0m?[0;34m	at org.apache.tomcat.util.compat.JreCompat.<clinit>(JreCompat.java:53) ~[tomcat-embed-core-10.1.5.jar:10.1.5]
?[0m?[0;34m	at org.apache.catalina.startup.Tomcat.<clinit>(Tomcat.java:1276) ~[tomcat-embed-core-10.1.5.jar:10.1.5]
?[0m?[0;34m	at org.springframework.boot.web.embedded.tomcat.TomcatServletWebServerFactory.getWebServer(TomcatServletWebServerFactory.java:193) ~[spring-boot-3.0.2.jar:3.0.2]
?[0m?[0;34m	at org.springframework.boot.web.servlet.context.ServletWebServerApplicationContext.createWebServer(ServletWebServerApplicationContext.java:183) ~[spring-boot-3.0.2.jar:3.0.2]
?[0m?[0;34m	at org.springframework.boot.web.servlet.context.ServletWebServerApplicationContext.onRefresh(ServletWebServerApplicationContext.java:161) ~[spring-boot-3.0.2.jar:3.0.2]
?[0m?[0;34m	at org.springframework.context.support.AbstractApplicationContext.refresh(AbstractApplicationContext.java:578) ~[spring-context-6.0.4.jar:6.0.4]
?[0m?[0;34m	at org.springframework.boot.web.servlet.context.ServletWebServerApplicationContext.refresh(ServletWebServerApplicationContext.java:146) ~[spring-boot-3.0.2.jar:3.0.2]
?[0m?[0;34m	at org.springframework.boot.SpringApplication.refresh(SpringApplication.java:730) ~[spring-boot-3.0.2.jar:3.0.2]
?[0m?[0;34m	at org.springframework.boot.SpringApplication.refreshContext(SpringApplication.java:432) ~[spring-boot-3.0.2.jar:3.0.2]
?[0m?[0;34m	at org.springframework.boot.SpringApplication.run(SpringApplication.java:308) ~[spring-boot-3.0.2.jar:3.0.2]
?[0m?[0;34m	at org.springframework.boot.SpringApplication.run(SpringApplication.java:1302) ~[spring-boot-3.0.2.jar:3.0.2]
?[0m?[0;34m	at org.springframework.boot.SpringApplication.run(SpringApplication.java:1291) ~[spring-boot-3.0.2.jar:3.0.2]
?[0m?[0;34m	at cinema.Main.main(Main.java:13) ~[main/:na]
?[0m?[0;34m	at java.base/jdk.internal.reflect.NativeMethodAccessorImpl.invoke0(Native Method) ~[na:na]
?[0m?[0;34m	at java.base/jdk.internal.reflect.NativeMethodAccessorImpl.invoke(NativeMethodAccessorImpl.java:77) ~[na:na]
?[0m?[0;34m	at java.base/jdk.internal.reflect.DelegatingMethodAccessorImpl.invoke(DelegatingMethodAccessorImpl.java:43) ~[na:na]
?[0m?[0;34m	at java.base/java.lang.reflect.Method.invoke(Method.java:568) ~[na:na]
?[0m?[0;34m	at org.hyperskill.hstest.stage.SpringTest.startSpring(SpringTest.java:187) ~[hs-test-release-SNAPSHOT.jar:na]
?[0m?[0;34m	at org.hyperskill.hstest.stage.SpringTest.launchSpring(SpringTest.java:49) ~[hs-test-release-SNAPSHOT.jar:na]
?[0m?[0;34m	at org.hyperskill.hstest.testing.runner.SpringApplicationRunner.launchSpringBootApplication(SpringApplicationRunner.java:20) ~[hs-test-release-SNAPSHOT.jar:na]
?[0m?[0;34m	at org.hyperskill.hstest.testing.runner.SpringApplicationRunner.setUp(SpringApplicationRunner.java:35) ~[hs-test-release-SNAPSHOT.jar:na]
?[0m?[0;34m	at org.hyperskill.hstest.testing.TestRun.setUp(TestRun.java:77) ~[hs-test-release-SNAPSHOT.jar:na]
?[0m?[0;34m	at org.hyperskill.hstest.stage.StageTest.start(StageTest.java:159) ~[hs-test-release-SNAPSHOT.jar:na]
?[0m?[0;34m	at java.base/jdk.internal.reflect.NativeMethodAccessorImpl.invoke0(Native Method) ~[na:na]
?[0m?[0;34m	at java.base/jdk.internal.reflect.NativeMethodAccessorImpl.invoke(NativeMethodAccessorImpl.java:77) ~[na:na]
?[0m?[0;34m	at java.base/jdk.internal.reflect.DelegatingMethodAccessorImpl.invoke(DelegatingMethodAccessorImpl.java:43) ~[na:na]
?[0m?[0;34m	at java.base/java.lang.reflect.Method.invoke(Method.java:568) ~[na:na]
?[0m?[0;34m	at org.junit.runners.model.FrameworkMethod$1.runReflectiveCall(FrameworkMethod.java:59) ~[junit-4.13.2.jar:4.13.2]
?[0m?[0;34m	at org.junit.internal.runners.model.ReflectiveCallable.run(ReflectiveCallable.java:12) ~[junit-4.13.2.jar:4.13.2]
?[0m?[0;34m	at org.junit.runners.model.FrameworkMethod.invokeExplosively(FrameworkMethod.java:56) ~[junit-4.13.2.jar:4.13.2]
?[0m?[0;34m	at org.junit.internal.runners.statements.InvokeMethod.evaluate(InvokeMethod.java:17) ~[junit-4.13.2.jar:4.13.2]
?[0m?[0;34m	at org.junit.internal.runners.statements.RunAfters.evaluate(RunAfters.java:27) ~[junit-4.13.2.jar:4.13.2]
?[0m?[0;34m	at org.junit.runners.ParentRunner$3.evaluate(ParentRunner.java:306) ~[junit-4.13.2.jar:4.13.2]
?[0m?[0;34m	at org.junit.runners.BlockJUnit4ClassRunner$1.evaluate(BlockJUnit4ClassRunner.java:100) ~[junit-4.13.2.jar:4.13.2]
?[0m?[0;34m	at org.junit.runners.ParentRunner.runLeaf(ParentRunner.java:366) ~[junit-4.13.2.jar:4.13.2]
?[0m?[0;34m	at org.junit.runners.BlockJUnit4ClassRunner.runChild(BlockJUnit4ClassRunner.java:103) ~[junit-4.13.2.jar:4.13.2]
?[0m?[0;34m	at org.junit.runners.BlockJUnit4ClassRunner.runChild(BlockJUnit4ClassRunner.java:63) ~[junit-4.13.2.jar:4.13.2]
?[0m?[0;34m	at org.junit.runners.ParentRunner$4.run(ParentRunner.java:331) ~[junit-4.13.2.jar:4.13.2]
?[0m?[0;34m	at org.junit.runners.ParentRunner$1.schedule(ParentRunner.java:79) ~[junit-4.13.2.jar:4.13.2]
?[0m?[0;34m	at org.junit.runners.ParentRunner.runChildren(ParentRunner.java:329) ~[junit-4.13.2.jar:4.13.2]
?[0m?[0;34m	at org.junit.runners.ParentRunner.access$100(ParentRunner.java:66) ~[junit-4.13.2.jar:4.13.2]
?[0m?[0;34m	at org.junit.runners.ParentRunner$2.evaluate(ParentRunner.java:293) ~[junit-4.13.2.jar:4.13.2]
?[0m?[0;34m	at org.junit.runners.ParentRunner$3.evaluate(ParentRunner.java:306) ~[junit-4.13.2.jar:4.13.2]
?[0m?[0;34m	at org.junit.runners.ParentRunner.run(ParentRunner.java:413) ~[junit-4.13.2.jar:4.13.2]
?[0m?[0;34m	at org.gradle.api.internal.tasks.testing.junit.JUnitTestClassExecutor.runTestClass(JUnitTestClassExecutor.java:108) ~[na:na]
?[0m?[0;34m	at org.gradle.api.internal.tasks.testing.junit.JUnitTestClassExecutor.execute(JUnitTestClassExecutor.java:57) ~[na:na]
?[0m?[0;34m	at org.gradle.api.internal.tasks.testing.junit.JUnitTestClassExecutor.execute(JUnitTestClassExecutor.java:39) ~[na:na]
?[0m?[0;34m	at org.gradle.api.internal.tasks.testing.junit.AbstractJUnitTestClassProcessor.processTestClass(AbstractJUnitTestClassProcessor.java:62) ~[na:na]
?[0m?[0;34m	at org.gradle.api.internal.tasks.testing.SuiteTestClassProcessor.processTestClass(SuiteTestClassProcessor.java:52) ~[na:na]
?[0m?[0;34m	at java.base/jdk.internal.reflect.NativeMethodAccessorImpl.invoke0(Native Method) ~[na:na]
?[0m?[0;34m	at java.base/jdk.internal.reflect.NativeMethodAccessorImpl.invoke(NativeMethodAccessorImpl.java:77) ~[na:na]
?[0m?[0;34m	at java.base/jdk.internal.reflect.DelegatingMethodAccessorImpl.invoke(DelegatingMethodAccessorImpl.java:43) ~[na:na]
?[0m?[0;34m	at java.base/java.lang.reflect.Method.invoke(Method.java:568) ~[na:na]
?[0m?[0;34m	at org.gradle.internal.dispatch.ReflectionDispatch.dispatch(ReflectionDispatch.java:36) ~[na:na]
?[0m?[0;34m	at org.gradle.internal.dispatch.ReflectionDispatch.dispatch(ReflectionDispatch.java:24) ~[na:na]
?[0m?[0;34m	at org.gradle.internal.dispatch.ContextClassLoaderDispatch.dispatch(ContextClassLoaderDispatch.java:33) ~[na:na]
?[0m?[0;34m	at org.gradle.internal.dispatch.ProxyDispatchAdapter$DispatchingInvocationHandler.invoke(ProxyDispatchAdapter.java:94) ~[na:na]
?[0m?[0;34m	at jdk.proxy1/jdk.proxy1.$Proxy2.processTestClass(Unknown Source) ~[na:na]
?[0m?[0;34m	at org.gradle.api.internal.tasks.testing.worker.TestWorker$2.run(TestWorker.java:176) ~[na:na]
?[0m?[0;34m	at org.gradle.api.internal.tasks.testing.worker.TestWorker.executeAndMaintainThreadName(TestWorker.java:129) ~[na:na]
?[0m?[0;34m	at org.gradle.api.internal.tasks.testing.worker.TestWorker.execute(TestWorker.java:100) ~[na:na]
?[0m?[0;34m	at org.gradle.api.internal.tasks.testing.worker.TestWorker.execute(TestWorker.java:60) ~[na:na]
?[0m?[0;34m	at org.gradle.process.internal.worker.child.ActionExecutionWorker.execute(ActionExecutionWorker.java:56) ~[na:na]
?[0m?[0;34m	at org.gradle.process.internal.worker.child.SystemApplicationClassLoaderWorker.call(SystemApplicationClassLoaderWorker.java:113) ~[na:na]
?[0m?[0;34m	at org.gradle.process.internal.worker.child.SystemApplicationClassLoaderWorker.call(SystemApplicationClassLoaderWorker.java:65) ~[na:na]
?[0m?[0;34m	at worker.org.gradle.process.internal.worker.GradleWorkerMain.run(GradleWorkerMain.java:69) ~[gradle-worker.jar:na]
?[0m?[0;34m	at worker.org.gradle.process.internal.worker.GradleWorkerMain.main(GradleWorkerMain.java:74) ~[gradle-worker.jar:na]
?[0m?[0;34m
?[0m?[0;34m2023-10-03T20:55:28.584+03:00 DEBUG 20256 --- [    Test worker] o.apache.tomcat.util.IntrospectionUtils  : IntrospectionUtils: setProperty(class org.apache.coyote.http11.Http11NioProtocol port=28852)
?[0m?[0;34m2023-10-03T20:55:28.589+03:00 DEBUG 20256 --- [    Test worker] o.apache.tomcat.util.IntrospectionUtils  : IntrospectionUtils: setProperty(class org.apache.coyote.http11.Http11NioProtocol bindOnInit=false)
?[0m?[0;34m2023-10-03T20:55:28.590+03:00 DEBUG 20256 --- [    Test worker] o.apache.tomcat.util.IntrospectionUtils  : IntrospectionUtils: setProperty(class org.apache.tomcat.util.net.NioEndpoint bindOnInit=false)
?[0m?[0;34m2023-10-03T20:55:28.598+03:00 DEBUG 20256 --- [    Test worker] org.apache.catalina.core.ContainerBase   : Add child StandardHost[localhost] StandardEngine[Tomcat]
?[0m?[0;34m2023-10-03T20:55:28.599+03:00 DEBUG 20256 --- [    Test worker] .s.b.w.e.t.TomcatServletWebServerFactory : Code archive: C:\Users\vukro\.gradle\caches\modules-2\files-2.1\org.springframework.boot\spring-boot\3.0.2\69d2e0a07f7df180a4aacdc47c47a3db656857dc\spring-boot-3.0.2.jar
?[0m?[0;34m2023-10-03T20:55:28.599+03:00 DEBUG 20256 --- [    Test worker] .s.b.w.e.t.TomcatServletWebServerFactory : Code archive: C:\Users\vukro\.gradle\caches\modules-2\files-2.1\org.springframework.boot\spring-boot\3.0.2\69d2e0a07f7df180a4aacdc47c47a3db656857dc\spring-boot-3.0.2.jar
?[0m?[0;34m2023-10-03T20:55:28.600+03:00 DEBUG 20256 --- [    Test worker] .s.b.w.e.t.TomcatServletWebServerFactory : None of the document roots [src/main/webapp, public, static] point to a directory and will be ignored.
?[0m?[0;34m2023-10-03T20:55:28.614+03:00 DEBUG 20256 --- [    Test worker] org.apache.catalina.core.ContainerBase   : Add child TomcatEmbeddedContext[] StandardEngine[Tomcat].StandardHost[localhost]
?[0m?[0;34m2023-10-03T20:55:28.618+03:00  INFO 20256 --- [    Test worker] o.s.b.w.embedded.tomcat.TomcatWebServer  : Tomcat initialized with port(s): 28852 (http)
?[0m?[0;34m2023-10-03T20:55:28.626+03:00  INFO 20256 --- [    Test worker] o.apache.catalina.core.StandardService   : Starting service [Tomcat]
?[0m?[0;34m2023-10-03T20:55:28.627+03:00  INFO 20256 --- [    Test worker] o.apache.catalina.core.StandardEngine    : Starting Servlet engine: [Apache Tomcat/10.1.5]
?[0m?[0;34m2023-10-03T20:55:28.628+03:00 DEBUG 20256 --- [    Test worker] o.apache.catalina.core.StandardContext   : Starting ROOT
?[0m?[0;34m2023-10-03T20:55:28.637+03:00 DEBUG 20256 --- [    Test worker] o.apache.catalina.core.StandardContext   : Configuring default Resources
?[0m?[0;34m2023-10-03T20:55:28.650+03:00 DEBUG 20256 --- [    Test worker] o.apache.catalina.core.StandardContext   : Processing standard container startup
?[0m?[0;34m2023-10-03T20:55:28.650+03:00 DEBUG 20256 --- [    Test worker] o.apache.catalina.loader.WebappLoader    : Starting this Loader
?[0m?[0;34m2023-10-03T20:55:28.674+03:00 DEBUG 20256 --- [    Test worker] o.a.c.authenticator.AuthenticatorBase    : No SingleSignOn Valve is present
?[0m?[0;34m2023-10-03T20:55:28.674+03:00 DEBUG 20256 --- [    Test worker] o.apache.catalina.core.StandardContext   : No manager found. Checking if cluster manager should be used. Cluster configured: [false], Application distributable: [false]
?[0m?[0;34m2023-10-03T20:55:28.677+03:00 DEBUG 20256 --- [    Test worker] o.apache.catalina.core.StandardContext   : Configured a manager of class [org.apache.catalina.session.StandardManager]
?[0m?[0;34m2023-10-03T20:55:28.684+03:00  INFO 20256 --- [    Test worker] o.a.c.c.C.[Tomcat].[localhost].[/]       : Initializing Spring embedded WebApplicationContext
?[0m?[0;34m2023-10-03T20:55:28.684+03:00 DEBUG 20256 --- [    Test worker] w.s.c.ServletWebServerApplicationContext : Published root WebApplicationContext as ServletContext attribute with name [org.springframework.web.context.WebApplicationContext.ROOT]
?[0m?[0;34m2023-10-03T20:55:28.686+03:00  INFO 20256 --- [    Test worker] w.s.c.ServletWebServerApplicationContext : Root WebApplicationContext: initialization completed in 869 ms
?[0m?[0;34m2023-10-03T20:55:28.687+03:00 DEBUG 20256 --- [    Test worker] o.s.b.f.s.DefaultListableBeanFactory     : Creating shared instance of singleton bean 'webMvcObservationFilter'
?[0m?[0;34m2023-10-03T20:55:28.687+03:00 DEBUG 20256 --- [    Test worker] o.s.b.f.s.DefaultListableBeanFactory     : Creating shared instance of singleton bean 'org.springframework.boot.actuate.autoconfigure.observation.web.servlet.WebMvcObservationAutoConfiguration'
?[0m?[0;34m2023-10-03T20:55:28.688+03:00 DEBUG 20256 --- [    Test worker] o.s.b.f.s.DefaultListableBeanFactory     : Creating shared instance of singleton bean 'management.observations-org.springframework.boot.actuate.autoconfigure.observation.ObservationProperties'
?[0m?[0;34m2023-10-03T20:55:28.690+03:00 DEBUG 20256 --- [    Test worker] o.s.b.f.s.DefaultListableBeanFactory     : Creating shared instance of singleton bean 'management.metrics-org.springframework.boot.actuate.autoconfigure.metrics.MetricsProperties'
?[0m?[0;34m2023-10-03T20:55:28.692+03:00 DEBUG 20256 --- [    Test worker] o.s.b.f.s.DefaultListableBeanFactory     : Autowiring by type from bean name 'org.springframework.boot.actuate.autoconfigure.observation.web.servlet.WebMvcObservationAutoConfiguration' via constructor to bean named 'management.observations-org.springframework.boot.actuate.autoconfigure.observation.ObservationProperties'
?[0m?[0;34m2023-10-03T20:55:28.692+03:00 DEBUG 20256 --- [    Test worker] o.s.b.f.s.DefaultListableBeanFactory     : Autowiring by type from bean name 'org.springframework.boot.actuate.autoconfigure.observation.web.servlet.WebMvcObservationAutoConfiguration' via constructor to bean named 'management.metrics-org.springframework.boot.actuate.autoconfigure.metrics.MetricsProperties'
?[0m?[0;34m2023-10-03T20:55:28.693+03:00 DEBUG 20256 --- [    Test worker] o.s.b.f.s.DefaultListableBeanFactory     : Creating shared instance of singleton bean 'observationRegistry'
?[0m?[0;34m2023-10-03T20:55:28.693+03:00 DEBUG 20256 --- [    Test worker] o.s.b.f.s.DefaultListableBeanFactory     : Creating shared instance of singleton bean 'org.springframework.boot.actuate.autoconfigure.observation.ObservationAutoConfiguration'
?[0m?[0;34m2023-10-03T20:55:28.697+03:00 DEBUG 20256 --- [    Test worker] o.s.b.f.s.DefaultListableBeanFactory     : Creating shared instance of singleton bean 'metricsObservationHandlerGrouping'
?[0m?[0;34m2023-10-03T20:55:28.697+03:00 DEBUG 20256 --- [    Test worker] o.s.b.f.s.DefaultListableBeanFactory     : Creating shared instance of singleton bean 'org.springframework.boot.actuate.autoconfigure.observation.ObservationAutoConfiguration$OnlyMetricsConfiguration'
?[0m?[0;34m2023-10-03T20:55:28.700+03:00 DEBUG 20256 --- [    Test worker] o.s.b.f.s.DefaultListableBeanFactory     : Creating shared instance of singleton bean 'defaultMeterObservationHandler'
?[0m?[0;34m2023-10-03T20:55:28.700+03:00 DEBUG 20256 --- [    Test worker] o.s.b.f.s.DefaultListableBeanFactory     : Creating shared instance of singleton bean 'org.springframework.boot.actuate.autoconfigure.observation.ObservationAutoConfiguration$MeterObservationHandlerConfiguration$OnlyMetricsMeterObservationHandlerConfiguration'
?[0m?[0;34m2023-10-03T20:55:28.700+03:00 DEBUG 20256 --- [    Test worker] o.s.b.f.s.DefaultListableBeanFactory     : Creating shared instance of singleton bean 'simpleMeterRegistry'
?[0m?[0;34m2023-10-03T20:55:28.701+03:00 DEBUG 20256 --- [    Test worker] o.s.b.f.s.DefaultListableBeanFactory     : Creating shared instance of singleton bean 'org.springframework.boot.actuate.autoconfigure.metrics.export.simple.SimpleMetricsExportAutoConfiguration'
?[0m?[0;34m2023-10-03T20:55:28.701+03:00 DEBUG 20256 --- [    Test worker] o.s.b.f.s.DefaultListableBeanFactory     : Creating shared instance of singleton bean 'simpleConfig'
?[0m?[0;34m2023-10-03T20:55:28.702+03:00 DEBUG 20256 --- [    Test worker] o.s.b.f.s.DefaultListableBeanFactory     : Creating shared instance of singleton bean 'management.simple.metrics.export-org.springframework.boot.actuate.autoconfigure.metrics.export.simple.SimpleProperties'
?[0m?[0;34m2023-10-03T20:55:28.703+03:00 DEBUG 20256 --- [    Test worker] o.s.b.f.s.DefaultListableBeanFactory     : Autowiring by type from bean name 'simpleConfig' via factory method to bean named 'management.simple.metrics.export-org.springframework.boot.actuate.autoconfigure.metrics.export.simple.SimpleProperties'
?[0m?[0;34m2023-10-03T20:55:28.704+03:00 DEBUG 20256 --- [    Test worker] o.s.b.f.s.DefaultListableBeanFactory     : Creating shared instance of singleton bean 'micrometerClock'
?[0m?[0;34m2023-10-03T20:55:28.704+03:00 DEBUG 20256 --- [    Test worker] o.s.b.f.s.DefaultListableBeanFactory     : Creating shared instance of singleton bean 'org.springframework.boot.actuate.autoconfigure.metrics.MetricsAutoConfiguration'
?[0m?[0;34m2023-10-03T20:55:28.705+03:00 DEBUG 20256 --- [    Test worker] o.s.b.f.s.DefaultListableBeanFactory     : Autowiring by type from bean name 'simpleMeterRegistry' via factory method to bean named 'simpleConfig'
?[0m?[0;34m2023-10-03T20:55:28.705+03:00 DEBUG 20256 --- [    Test worker] o.s.b.f.s.DefaultListableBeanFactory     : Autowiring by type from bean name 'simpleMeterRegistry' via factory method to bean named 'micrometerClock'
?[0m?[0;34m2023-10-03T20:55:28.720+03:00 DEBUG 20256 --- [    Test worker] o.s.b.f.s.DefaultListableBeanFactory     : Creating shared instance of singleton bean 'propertiesMeterFilter'
?[0m?[0;34m2023-10-03T20:55:28.720+03:00 DEBUG 20256 --- [    Test worker] o.s.b.f.s.DefaultListableBeanFactory     : Autowiring by type from bean name 'propertiesMeterFilter' via factory method to bean named 'management.metrics-org.springframework.boot.actuate.autoconfigure.metrics.MetricsProperties'
?[0m?[0;34m2023-10-03T20:55:28.722+03:00 DEBUG 20256 --- [    Test worker] o.s.b.f.s.DefaultListableBeanFactory     : Creating shared instance of singleton bean 'metricsHttpClientUriTagFilter'
?[0m?[0;34m2023-10-03T20:55:28.722+03:00 DEBUG 20256 --- [    Test worker] o.s.b.f.s.DefaultListableBeanFactory     : Creating shared instance of singleton bean 'org.springframework.boot.actuate.autoconfigure.observation.web.client.HttpClientObservationsAutoConfiguration$MeterFilterConfiguration'
?[0m?[0;34m2023-10-03T20:55:28.723+03:00 DEBUG 20256 --- [    Test worker] o.s.b.f.s.DefaultListableBeanFactory     : Autowiring by type from bean name 'metricsHttpClientUriTagFilter' via factory method to bean named 'management.observations-org.springframework.boot.actuate.autoconfigure.observation.ObservationProperties'
?[0m?[0;34m2023-10-03T20:55:28.723+03:00 DEBUG 20256 --- [    Test worker] o.s.b.f.s.DefaultListableBeanFactory     : Autowiring by type from bean name 'metricsHttpClientUriTagFilter' via factory method to bean named 'management.metrics-org.springframework.boot.actuate.autoconfigure.metrics.MetricsProperties'
?[0m?[0;34m2023-10-03T20:55:28.725+03:00 DEBUG 20256 --- [    Test worker] o.s.b.f.s.DefaultListableBeanFactory     : Creating shared instance of singleton bean 'metricsHttpServerUriTagFilter'
?[0m?[0;34m2023-10-03T20:55:28.725+03:00 DEBUG 20256 --- [    Test worker] o.s.b.f.s.DefaultListableBeanFactory     : Creating shared instance of singleton bean 'org.springframework.boot.actuate.autoconfigure.observation.web.servlet.WebMvcObservationAutoConfiguration$MeterFilterConfiguration'
?[0m?[0;34m2023-10-03T20:55:28.725+03:00 DEBUG 20256 --- [    Test worker] o.s.b.f.s.DefaultListableBeanFactory     : Autowiring by type from bean name 'metricsHttpServerUriTagFilter' via factory method to bean named 'management.metrics-org.springframework.boot.actuate.autoconfigure.metrics.MetricsProperties'
?[0m?[0;34m2023-10-03T20:55:28.726+03:00 DEBUG 20256 --- [    Test worker] o.s.b.f.s.DefaultListableBeanFactory     : Autowiring by type from bean name 'metricsHttpServerUriTagFilter' via factory method to bean named 'management.observations-org.springframework.boot.actuate.autoconfigure.observation.ObservationProperties'
?[0m?[0;34m2023-10-03T20:55:28.729+03:00 DEBUG 20256 --- [    Test worker] o.s.b.f.s.DefaultListableBeanFactory     : Autowiring by type from bean name 'defaultMeterObservationHandler' via factory method to bean named 'simpleMeterRegistry'
?[0m?[0;34m2023-10-03T20:55:28.731+03:00 DEBUG 20256 --- [    Test worker] o.s.b.f.s.DefaultListableBeanFactory     : Autowiring by type from bean name 'webMvcObservationFilter' via factory method to bean named 'observationRegistry'
?[0m?[0;34m2023-10-03T20:55:28.736+03:00 DEBUG 20256 --- [    Test worker] o.s.b.f.s.DefaultListableBeanFactory     : Creating shared instance of singleton bean 'servletEndpointRegistrar'
?[0m?[0;34m2023-10-03T20:55:28.736+03:00 DEBUG 20256 --- [    Test worker] o.s.b.f.s.DefaultListableBeanFactory     : Creating shared instance of singleton bean 'org.springframework.boot.actuate.autoconfigure.endpoint.web.ServletEndpointManagementContextConfiguration$WebMvcServletEndpointManagementContextConfiguration'
?[0m?[0;34m2023-10-03T20:55:28.736+03:00 DEBUG 20256 --- [    Test worker] o.s.b.f.s.DefaultListableBeanFactory     : Creating shared instance of singleton bean 'management.endpoints.web-org.springframework.boot.actuate.autoconfigure.endpoint.web.WebEndpointProperties'
?[0m?[0;34m2023-10-03T20:55:28.740+03:00 DEBUG 20256 --- [    Test worker] o.s.b.f.s.DefaultListableBeanFactory     : Creating shared instance of singleton bean 'servletEndpointDiscoverer'
?[0m?[0;34m2023-10-03T20:55:28.741+03:00 DEBUG 20256 --- [    Test worker] o.s.b.f.s.DefaultListableBeanFactory     : Creating shared instance of singleton bean 'org.springframework.boot.actuate.autoconfigure.endpoint.web.WebEndpointAutoConfiguration$WebEndpointServletConfiguration'
?[0m?[0;34m2023-10-03T20:55:28.741+03:00 DEBUG 20256 --- [    Test worker] o.s.b.f.s.DefaultListableBeanFactory     : Autowiring by type from bean name 'servletEndpointDiscoverer' via factory method to bean named 'org.springframework.boot.web.servlet.context.AnnotationConfigServletWebServerApplicationContext@3e2fc448'
?[0m?[0;34m2023-10-03T20:55:28.743+03:00 DEBUG 20256 --- [    Test worker] o.s.b.f.s.DefaultListableBeanFactory     : Creating shared instance of singleton bean 'webEndpointPathMapper'
?[0m?[0;34m2023-10-03T20:55:28.743+03:00 DEBUG 20256 --- [    Test worker] o.s.b.f.s.DefaultListableBeanFactory     : Creating shared instance of singleton bean 'org.springframework.boot.actuate.autoconfigure.endpoint.web.WebEndpointAutoConfiguration'
?[0m?[0;34m2023-10-03T20:55:28.743+03:00 DEBUG 20256 --- [    Test worker] o.s.b.f.s.DefaultListableBeanFactory     : Autowiring by type from bean name 'org.springframework.boot.actuate.autoconfigure.endpoint.web.WebEndpointAutoConfiguration' via constructor to bean named 'org.springframework.boot.web.servlet.context.AnnotationConfigServletWebServerApplicationContext@3e2fc448'
?[0m?[0;34m2023-10-03T20:55:28.744+03:00 DEBUG 20256 --- [    Test worker] o.s.b.f.s.DefaultListableBeanFactory     : Autowiring by type from bean name 'org.springframework.boot.actuate.autoconfigure.endpoint.web.WebEndpointAutoConfiguration' via constructor to bean named 'management.endpoints.web-org.springframework.boot.actuate.autoconfigure.endpoint.web.WebEndpointProperties'
?[0m?[0;34m2023-10-03T20:55:28.746+03:00 DEBUG 20256 --- [    Test worker] o.s.b.f.s.DefaultListableBeanFactory     : Creating shared instance of singleton bean 'servletExposeExcludePropertyEndpointFilter'
?[0m?[0;34m2023-10-03T20:55:28.747+03:00 DEBUG 20256 --- [    Test worker] o.s.b.f.s.DefaultListableBeanFactory     : Creating shared instance of singleton bean 'org.springframework.boot.actuate.autoconfigure.endpoint.web.ServletEndpointManagementContextConfiguration'
?[0m?[0;34m2023-10-03T20:55:28.748+03:00 DEBUG 20256 --- [    Test worker] o.s.b.f.s.DefaultListableBeanFactory     : Autowiring by type from bean name 'servletExposeExcludePropertyEndpointFilter' via factory method to bean named 'management.endpoints.web-org.springframework.boot.actuate.autoconfigure.endpoint.web.WebEndpointProperties'
?[0m?[0;34m2023-10-03T20:55:28.751+03:00 DEBUG 20256 --- [    Test worker] o.s.b.f.s.DefaultListableBeanFactory     : Autowiring by type from bean name 'servletEndpointRegistrar' via factory method to bean named 'management.endpoints.web-org.springframework.boot.actuate.autoconfigure.endpoint.web.WebEndpointProperties'
?[0m?[0;34m2023-10-03T20:55:28.751+03:00 DEBUG 20256 --- [    Test worker] o.s.b.f.s.DefaultListableBeanFactory     : Autowiring by type from bean name 'servletEndpointRegistrar' via factory method to bean named 'servletEndpointDiscoverer'
?[0m?[0;34m2023-10-03T20:55:28.751+03:00 DEBUG 20256 --- [    Test worker] o.s.b.f.s.DefaultListableBeanFactory     : Autowiring by type from bean name 'servletEndpointRegistrar' via factory method to bean named 'dispatcherServletRegistration'
?[0m?[0;34m2023-10-03T20:55:28.772+03:00 DEBUG 20256 --- [    Test worker] o.s.b.f.s.DefaultListableBeanFactory     : Creating shared instance of singleton bean 'requestContextFilter'
?[0m?[0;34m2023-10-03T20:55:28.774+03:00 DEBUG 20256 --- [    Test worker] o.s.b.f.s.DefaultListableBeanFactory     : Creating shared instance of singleton bean 'formContentFilter'
?[0m?[0;34m2023-10-03T20:55:28.774+03:00 DEBUG 20256 --- [    Test worker] o.s.b.f.s.DefaultListableBeanFactory     : Creating shared instance of singleton bean 'org.springframework.boot.autoconfigure.web.servlet.WebMvcAutoConfiguration'
?[0m?[0;34m2023-10-03T20:55:28.776+03:00 DEBUG 20256 --- [    Test worker] o.s.b.f.s.DefaultListableBeanFactory     : Creating shared instance of singleton bean 'characterEncodingFilter'
?[0m?[0;34m2023-10-03T20:55:28.780+03:00 DEBUG 20256 --- [    Test worker] o.s.b.w.s.ServletContextInitializerBeans : Mapping filters: filterRegistrationBean urls=[/*] order=-2147483647, characterEncodingFilter urls=[/*] order=-2147483648, formContentFilter urls=[/*] order=-9900, requestContextFilter urls=[/*] order=-105
?[0m?[0;34m2023-10-03T20:55:28.780+03:00 DEBUG 20256 --- [    Test worker] o.s.b.w.s.ServletContextInitializerBeans : Mapping servlets: dispatcherServlet urls=[/]
?[0m?[0;34m2023-10-03T20:55:28.784+03:00 DEBUG 20256 --- [    Test worker] org.apache.catalina.core.ContainerBase   : Add child StandardWrapper[dispatcherServlet] StandardEngine[Tomcat].StandardHost[localhost].TomcatEmbeddedContext[]
?[0m?[0;34m2023-10-03T20:55:28.795+03:00 DEBUG 20256 --- [    Test worker] o.apache.catalina.core.StandardContext   : Configuring application event listeners
?[0m?[0;34m2023-10-03T20:55:28.795+03:00 DEBUG 20256 --- [    Test worker] o.a.c.c.C.[Tomcat].[localhost].[/]       : Sending application start events
?[0m?[0;34m2023-10-03T20:55:28.796+03:00 DEBUG 20256 --- [    Test worker] o.a.catalina.session.StandardManager     : Start: Loading persisted sessions
?[0m?[0;34m2023-10-03T20:55:28.797+03:00 DEBUG 20256 --- [    Test worker] o.a.c.c.C.[Tomcat].[localhost].[/]       : Starting filters
?[0m?[0;34m2023-10-03T20:55:28.797+03:00 DEBUG 20256 --- [    Test worker] o.a.c.c.C.[Tomcat].[localhost].[/]       :  Starting filter 'requestContextFilter'
?[0m?[0;34m2023-10-03T20:55:28.799+03:00 DEBUG 20256 --- [    Test worker] o.s.b.w.s.f.OrderedRequestContextFilter  : Filter 'requestContextFilter' configured for use
?[0m?[0;34m2023-10-03T20:55:28.802+03:00 DEBUG 20256 --- [    Test worker] o.a.c.c.C.[Tomcat].[localhost].[/]       :  Starting filter 'Tomcat WebSocket (JSR356) Filter'
?[0m?[0;34m2023-10-03T20:55:28.802+03:00 DEBUG 20256 --- [    Test worker] o.a.c.c.C.[Tomcat].[localhost].[/]       :  Starting filter 'serverHttpObservationFilter'
?[0m?[0;34m2023-10-03T20:55:28.803+03:00 DEBUG 20256 --- [    Test worker] o.s.w.f.ServerHttpObservationFilter      : Filter 'serverHttpObservationFilter' configured for use
?[0m?[0;34m2023-10-03T20:55:28.803+03:00 DEBUG 20256 --- [    Test worker] o.a.c.c.C.[Tomcat].[localhost].[/]       :  Starting filter 'characterEncodingFilter'
?[0m?[0;34m2023-10-03T20:55:28.803+03:00 DEBUG 20256 --- [    Test worker] s.b.w.s.f.OrderedCharacterEncodingFilter : Filter 'characterEncodingFilter' configured for use
?[0m?[0;34m2023-10-03T20:55:28.804+03:00 DEBUG 20256 --- [    Test worker] o.a.c.c.C.[Tomcat].[localhost].[/]       :  Starting filter 'formContentFilter'
?[0m?[0;34m2023-10-03T20:55:28.804+03:00 DEBUG 20256 --- [    Test worker] o.s.b.w.s.f.OrderedFormContentFilter     : Filter 'formContentFilter' configured for use
?[0m?[0;34m2023-10-03T20:55:28.804+03:00 DEBUG 20256 --- [    Test worker] o.apache.catalina.core.StandardContext   : Starting completed
?[0m?[0;34m2023-10-03T20:55:28.808+03:00 DEBUG 20256 --- [    Test worker] org.apache.catalina.mapper.Mapper        : Registered host [localhost]
?[0m?[0;34m2023-10-03T20:55:28.808+03:00 DEBUG 20256 --- [    Test worker] o.apache.catalina.mapper.MapperListener  : Register Wrapper [dispatcherServlet] in Context [] for service [StandardService[Tomcat]]
?[0m?[0;34m2023-10-03T20:55:28.808+03:00 DEBUG 20256 --- [    Test worker] o.apache.catalina.mapper.MapperListener  : Register Context [] for service [StandardService[Tomcat]]
?[0m?[0;34m2023-10-03T20:55:28.809+03:00 DEBUG 20256 --- [    Test worker] o.apache.catalina.mapper.MapperListener  : Register host [localhost] at domain [null] for service [StandardService[Tomcat]]
?[0m?[0;34m2023-10-03T20:55:28.812+03:00 DEBUG 20256 --- [    Test worker] o.s.b.f.s.DefaultListableBeanFactory     : Creating shared instance of singleton bean 'main'
?[0m?[0;34m2023-10-03T20:55:28.813+03:00 DEBUG 20256 --- [    Test worker] o.s.b.f.s.DefaultListableBeanFactory     : Creating shared instance of singleton bean 'cinemaController'
?[0m?[0;34m2023-10-03T20:55:28.815+03:00 DEBUG 20256 --- [    Test worker] o.s.b.f.s.DefaultListableBeanFactory     : Creating shared instance of singleton bean 'customExceptionHandler'
?[0m?[0;34m2023-10-03T20:55:28.821+03:00 DEBUG 20256 --- [    Test worker] o.s.b.f.s.DefaultListableBeanFactory     : Creating shared instance of singleton bean 'cinemaHall'
?[0m?[0;34m2023-10-03T20:55:28.823+03:00 DEBUG 20256 --- [    Test worker] o.s.b.f.s.DefaultListableBeanFactory     : Creating shared instance of singleton bean 'org.springframework.boot.autoconfigure.AutoConfigurationPackages'
?[0m?[0;34m2023-10-03T20:55:28.824+03:00 DEBUG 20256 --- [    Test worker] o.s.b.f.s.DefaultListableBeanFactory     : Creating shared instance of singleton bean 'org.springframework.boot.autoconfigure.context.PropertyPlaceholderAutoConfiguration'
?[0m?[0;34m2023-10-03T20:55:28.824+03:00 DEBUG 20256 --- [    Test worker] o.s.b.f.s.DefaultListableBeanFactory     : Creating shared instance of singleton bean 'org.springframework.boot.autoconfigure.websocket.servlet.WebSocketServletAutoConfiguration'
?[0m?[0;34m2023-10-03T20:55:28.824+03:00 DEBUG 20256 --- [    Test worker] o.s.b.f.s.DefaultListableBeanFactory     : Creating shared instance of singleton bean 'org.springframework.boot.context.properties.EnableConfigurationPropertiesRegistrar.methodValidationExcludeFilter'
?[0m?[0;34m2023-10-03T20:55:28.825+03:00 DEBUG 20256 --- [    Test worker] o.s.b.f.s.DefaultListableBeanFactory     : Creating shared instance of singleton bean 'org.springframework.boot.autoconfigure.web.servlet.DispatcherServletAutoConfiguration'
?[0m?[0;34m2023-10-03T20:55:28.826+03:00 DEBUG 20256 --- [    Test worker] o.s.b.f.s.DefaultListableBeanFactory     : Creating shared instance of singleton bean 'org.springframework.boot.autoconfigure.task.TaskExecutionAutoConfiguration'
?[0m?[0;34m2023-10-03T20:55:28.826+03:00 DEBUG 20256 --- [    Test worker] o.s.b.f.s.DefaultListableBeanFactory     : Creating shared instance of singleton bean 'taskExecutorBuilder'
?[0m?[0;34m2023-10-03T20:55:28.827+03:00 DEBUG 20256 --- [    Test worker] o.s.b.f.s.DefaultListableBeanFactory     : Creating shared instance of singleton bean 'spring.task.execution-org.springframework.boot.autoconfigure.task.TaskExecutionProperties'
?[0m?[0;34m2023-10-03T20:55:28.828+03:00 DEBUG 20256 --- [    Test worker] o.s.b.f.s.DefaultListableBeanFactory     : Autowiring by type from bean name 'taskExecutorBuilder' via factory method to bean named 'spring.task.execution-org.springframework.boot.autoconfigure.task.TaskExecutionProperties'
?[0m?[0;34m2023-10-03T20:55:28.829+03:00 DEBUG 20256 --- [    Test worker] o.s.b.f.s.DefaultListableBeanFactory     : Creating shared instance of singleton bean 'org.springframework.boot.autoconfigure.web.servlet.error.ErrorMvcAutoConfiguration$WhitelabelErrorViewConfiguration'
?[0m?[0;34m2023-10-03T20:55:28.830+03:00 DEBUG 20256 --- [    Test worker] o.s.b.f.s.DefaultListableBeanFactory     : Creating shared instance of singleton bean 'error'
?[0m?[0;34m2023-10-03T20:55:28.830+03:00 DEBUG 20256 --- [    Test worker] o.s.b.f.s.DefaultListableBeanFactory     : Creating shared instance of singleton bean 'beanNameViewResolver'
?[0m?[0;34m2023-10-03T20:55:28.831+03:00 DEBUG 20256 --- [    Test worker] o.s.b.f.s.DefaultListableBeanFactory     : Creating shared instance of singleton bean 'org.springframework.boot.autoconfigure.web.servlet.error.ErrorMvcAutoConfiguration$DefaultErrorViewResolverConfiguration'
?[0m?[0;34m2023-10-03T20:55:28.832+03:00 DEBUG 20256 --- [    Test worker] o.s.b.f.s.DefaultListableBeanFactory     : Creating shared instance of singleton bean 'spring.web-org.springframework.boot.autoconfigure.web.WebProperties'
?[0m?[0;34m2023-10-03T20:55:28.833+03:00 DEBUG 20256 --- [    Test worker] o.s.b.f.s.DefaultListableBeanFactory     : Autowiring by type from bean name 'org.springframework.boot.autoconfigure.web.servlet.error.ErrorMvcAutoConfiguration$DefaultErrorViewResolverConfiguration' via constructor to bean named 'org.springframework.boot.web.servlet.context.AnnotationConfigServletWebServerApplicationContext@3e2fc448'
?[0m?[0;34m2023-10-03T20:55:28.833+03:00 DEBUG 20256 --- [    Test worker] o.s.b.f.s.DefaultListableBeanFactory     : Autowiring by type from bean name 'org.springframework.boot.autoconfigure.web.servlet.error.ErrorMvcAutoConfiguration$DefaultErrorViewResolverConfiguration' via constructor to bean named 'spring.web-org.springframework.boot.autoconfigure.web.WebProperties'
?[0m?[0;34m2023-10-03T20:55:28.834+03:00 DEBUG 20256 --- [    Test worker] o.s.b.f.s.DefaultListableBeanFactory     : Creating shared instance of singleton bean 'conventionErrorViewResolver'
?[0m?[0;34m2023-10-03T20:55:28.834+03:00 DEBUG 20256 --- [    Test worker] o.s.b.f.s.DefaultListableBeanFactory     : Creating shared instance of singleton bean 'errorAttributes'
?[0m?[0;34m2023-10-03T20:55:28.835+03:00 DEBUG 20256 --- [    Test worker] o.s.b.f.s.DefaultListableBeanFactory     : Creating shared instance of singleton bean 'basicErrorController'
?[0m?[0;34m2023-10-03T20:55:28.835+03:00 DEBUG 20256 --- [    Test worker] o.s.b.f.s.DefaultListableBeanFactory     : Autowiring by type from bean name 'basicErrorController' via factory method to bean named 'errorAttributes'
?[0m?[0;34m2023-10-03T20:55:28.836+03:00 DEBUG 20256 --- [    Test worker] o.s.b.f.s.DefaultListableBeanFactory     : Creating shared instance of singleton bean 'org.springframework.boot.autoconfigure.web.servlet.WebMvcAutoConfiguration$EnableWebMvcConfiguration'
?[0m?[0;34m2023-10-03T20:55:28.836+03:00 DEBUG 20256 --- [    Test worker] o.s.b.f.s.DefaultListableBeanFactory     : Autowiring by type from bean name 'org.springframework.boot.autoconfigure.web.servlet.WebMvcAutoConfiguration$EnableWebMvcConfiguration' via constructor to bean named 'spring.mvc-org.springframework.boot.autoconfigure.web.servlet.WebMvcProperties'
?[0m?[0;34m2023-10-03T20:55:28.836+03:00 DEBUG 20256 --- [    Test worker] o.s.b.f.s.DefaultListableBeanFactory     : Autowiring by type from bean name 'org.springframework.boot.autoconfigure.web.servlet.WebMvcAutoConfiguration$EnableWebMvcConfiguration' via constructor to bean named 'spring.web-org.springframework.boot.autoconfigure.web.WebProperties'
?[0m?[0;34m2023-10-03T20:55:28.836+03:00 DEBUG 20256 --- [    Test worker] o.s.b.f.s.DefaultListableBeanFactory     : Autowiring by type from bean name 'org.springframework.boot.autoconfigure.web.servlet.WebMvcAutoConfiguration$EnableWebMvcConfiguration' via constructor to bean named 'org.springframework.beans.factory.support.DefaultListableBeanFactory@712ca57b'
?[0m?[0;34m2023-10-03T20:55:28.841+03:00 DEBUG 20256 --- [    Test worker] o.s.b.f.s.DefaultListableBeanFactory     : Creating shared instance of singleton bean 'org.springframework.boot.autoconfigure.web.servlet.WebMvcAutoConfiguration$WebMvcAutoConfigurationAdapter'
?[0m?[0;34m2023-10-03T20:55:28.841+03:00 DEBUG 20256 --- [    Test worker] o.s.b.f.s.DefaultListableBeanFactory     : Autowiring by type from bean name 'org.springframework.boot.autoconfigure.web.servlet.WebMvcAutoConfiguration$WebMvcAutoConfigurationAdapter' via constructor to bean named 'spring.web-org.springframework.boot.autoconfigure.web.WebProperties'
?[0m?[0;34m2023-10-03T20:55:28.841+03:00 DEBUG 20256 --- [    Test worker] o.s.b.f.s.DefaultListableBeanFactory     : Autowiring by type from bean name 'org.springframework.boot.autoconfigure.web.servlet.WebMvcAutoConfiguration$WebMvcAutoConfigurationAdapter' via constructor to bean named 'spring.mvc-org.springframework.boot.autoconfigure.web.servlet.WebMvcProperties'
?[0m?[0;34m2023-10-03T20:55:28.841+03:00 DEBUG 20256 --- [    Test worker] o.s.b.f.s.DefaultListableBeanFactory     : Autowiring by type from bean name 'org.springframework.boot.autoconfigure.web.servlet.WebMvcAutoConfiguration$WebMvcAutoConfigurationAdapter' via constructor to bean named 'org.springframework.beans.factory.support.DefaultListableBeanFactory@712ca57b'
?[0m?[0;34m2023-10-03T20:55:28.842+03:00 DEBUG 20256 --- [    Test worker] o.s.b.f.s.DefaultListableBeanFactory     : Creating shared instance of singleton bean 'endpointObjectMapperWebMvcConfigurer'
?[0m?[0;34m2023-10-03T20:55:28.842+03:00 DEBUG 20256 --- [    Test worker] o.s.b.f.s.DefaultListableBeanFactory     : Creating shared instance of singleton bean 'endpointObjectMapper'
?[0m?[0;34m2023-10-03T20:55:28.842+03:00 DEBUG 20256 --- [    Test worker] o.s.b.f.s.DefaultListableBeanFactory     : Creating shared instance of singleton bean 'org.springframework.boot.actuate.autoconfigure.endpoint.jackson.JacksonEndpointAutoConfiguration'
?[0m?[0;34m2023-10-03T20:55:28.843+03:00 DEBUG 20256 --- [    Test worker] o.s.b.f.s.DefaultListableBeanFactory     : Autowiring by type from bean name 'endpointObjectMapperWebMvcConfigurer' via factory method to bean named 'endpointObjectMapper'
?[0m?[0;34m2023-10-03T20:55:28.844+03:00 DEBUG 20256 --- [    Test worker] o.s.b.f.s.DefaultListableBeanFactory     : Creating shared instance of singleton bean 'requestMappingHandlerAdapter'
?[0m?[0;34m2023-10-03T20:55:28.846+03:00 DEBUG 20256 --- [    Test worker] o.s.b.f.s.DefaultListableBeanFactory     : Creating shared instance of singleton bean 'mvcContentNegotiationManager'
?[0m?[0;34m2023-10-03T20:55:28.851+03:00 DEBUG 20256 --- [    Test worker] o.s.b.f.s.DefaultListableBeanFactory     : Creating shared instance of singleton bean 'mvcConversionService'
?[0m?[0;34m2023-10-03T20:55:28.854+03:00 DEBUG 20256 --- [    Test worker] o.s.b.f.s.DefaultListableBeanFactory     : Creating shared instance of singleton bean 'mvcValidator'
?[0m?[0;34m2023-10-03T20:55:28.856+03:00 DEBUG 20256 --- [    Test worker] o.s.b.f.s.DefaultListableBeanFactory     : Autowiring by type from bean name 'requestMappingHandlerAdapter' via factory method to bean named 'mvcContentNegotiationManager'
?[0m?[0;34m2023-10-03T20:55:28.856+03:00 DEBUG 20256 --- [    Test worker] o.s.b.f.s.DefaultListableBeanFactory     : Autowiring by type from bean name 'requestMappingHandlerAdapter' via factory method to bean named 'mvcConversionService'
?[0m?[0;34m2023-10-03T20:55:28.856+03:00 DEBUG 20256 --- [    Test worker] o.s.b.f.s.DefaultListableBeanFactory     : Autowiring by type from bean name 'requestMappingHandlerAdapter' via factory method to bean named 'mvcValidator'
?[0m?[0;34m2023-10-03T20:55:28.862+03:00 DEBUG 20256 --- [    Test worker] o.s.b.f.s.DefaultListableBeanFactory     : Creating shared instance of singleton bean 'messageConverters'
?[0m?[0;34m2023-10-03T20:55:28.863+03:00 DEBUG 20256 --- [    Test worker] o.s.b.f.s.DefaultListableBeanFactory     : Creating shared instance of singleton bean 'org.springframework.boot.autoconfigure.http.HttpMessageConvertersAutoConfiguration'
?[0m?[0;34m2023-10-03T20:55:28.865+03:00 DEBUG 20256 --- [    Test worker] o.s.b.f.s.DefaultListableBeanFactory     : Creating shared instance of singleton bean 'stringHttpMessageConverter'
?[0m?[0;34m2023-10-03T20:55:28.865+03:00 DEBUG 20256 --- [    Test worker] o.s.b.f.s.DefaultListableBeanFactory     : Creating shared instance of singleton bean 'org.springframework.boot.autoconfigure.http.HttpMessageConvertersAutoConfiguration$StringHttpMessageConverterConfiguration'
?[0m?[0;34m2023-10-03T20:55:28.865+03:00 DEBUG 20256 --- [    Test worker] o.s.b.f.s.DefaultListableBeanFactory     : Autowiring by type from bean name 'stringHttpMessageConverter' via factory method to bean named 'environment'
?[0m?[0;34m2023-10-03T20:55:28.868+03:00 DEBUG 20256 --- [    Test worker] o.s.b.f.s.DefaultListableBeanFactory     : Creating shared instance of singleton bean 'mappingJackson2HttpMessageConverter'
?[0m?[0;34m2023-10-03T20:55:28.868+03:00 DEBUG 20256 --- [    Test worker] o.s.b.f.s.DefaultListableBeanFactory     : Creating shared instance of singleton bean 'org.springframework.boot.autoconfigure.http.JacksonHttpMessageConvertersConfiguration$MappingJackson2HttpMessageConverterConfiguration'
?[0m?[0;34m2023-10-03T20:55:28.868+03:00 DEBUG 20256 --- [    Test worker] o.s.b.f.s.DefaultListableBeanFactory     : Creating shared instance of singleton bean 'jacksonObjectMapper'
?[0m?[0;34m2023-10-03T20:55:28.868+03:00 DEBUG 20256 --- [    Test worker] o.s.b.f.s.DefaultListableBeanFactory     : Creating shared instance of singleton bean 'org.springframework.boot.autoconfigure.jackson.JacksonAutoConfiguration$JacksonObjectMapperConfiguration'
?[0m?[0;34m2023-10-03T20:55:28.869+03:00 DEBUG 20256 --- [    Test worker] o.s.b.f.s.DefaultListableBeanFactory     : Creating shared instance of singleton bean 'org.springframework.boot.autoconfigure.jackson.JacksonAutoConfiguration$JacksonObjectMapperBuilderConfiguration'
?[0m?[0;34m2023-10-03T20:55:28.869+03:00 DEBUG 20256 --- [    Test worker] o.s.b.f.s.DefaultListableBeanFactory     : Creating shared instance of singleton bean 'standardJacksonObjectMapperBuilderCustomizer'
?[0m?[0;34m2023-10-03T20:55:28.869+03:00 DEBUG 20256 --- [    Test worker] o.s.b.f.s.DefaultListableBeanFactory     : Creating shared instance of singleton bean 'org.springframework.boot.autoconfigure.jackson.JacksonAutoConfiguration$Jackson2ObjectMapperBuilderCustomizerConfiguration'
?[0m?[0;34m2023-10-03T20:55:28.870+03:00 DEBUG 20256 --- [    Test worker] o.s.b.f.s.DefaultListableBeanFactory     : Creating shared instance of singleton bean 'spring.jackson-org.springframework.boot.autoconfigure.jackson.JacksonProperties'
?[0m?[0;34m2023-10-03T20:55:28.872+03:00 DEBUG 20256 --- [    Test worker] o.s.b.f.s.DefaultListableBeanFactory     : Autowiring by type from bean name 'standardJacksonObjectMapperBuilderCustomizer' via factory method to bean named 'spring.jackson-org.springframework.boot.autoconfigure.jackson.JacksonProperties'
?[0m?[0;34m2023-10-03T20:55:28.872+03:00 DEBUG 20256 --- [    Test worker] o.s.b.f.s.DefaultListableBeanFactory     : Creating shared instance of singleton bean 'parameterNamesModule'
?[0m?[0;34m2023-10-03T20:55:28.872+03:00 DEBUG 20256 --- [    Test worker] o.s.b.f.s.DefaultListableBeanFactory     : Creating shared instance of singleton bean 'org.springframework.boot.autoconfigure.jackson.JacksonAutoConfiguration$ParameterNamesModuleConfiguration'
?[0m?[0;34m2023-10-03T20:55:28.874+03:00 DEBUG 20256 --- [    Test worker] o.s.b.f.s.DefaultListableBeanFactory     : Creating shared instance of singleton bean 'jsonMixinModule'
?[0m?[0;34m2023-10-03T20:55:28.875+03:00 DEBUG 20256 --- [    Test worker] o.s.b.f.s.DefaultListableBeanFactory     : Creating shared instance of singleton bean 'org.springframework.boot.autoconfigure.jackson.JacksonAutoConfiguration$JacksonMixinConfiguration'
?[0m?[0;34m2023-10-03T20:55:28.875+03:00 DEBUG 20256 --- [    Test worker] o.s.b.f.s.DefaultListableBeanFactory     : Creating shared instance of singleton bean 'jsonMixinModuleEntries'
?[0m?[0;34m2023-10-03T20:55:28.875+03:00 DEBUG 20256 --- [    Test worker] o.s.b.f.s.DefaultListableBeanFactory     : Autowiring by type from bean name 'jsonMixinModuleEntries' via factory method to bean named 'org.springframework.boot.web.servlet.context.AnnotationConfigServletWebServerApplicationContext@3e2fc448'
?[0m?[0;34m2023-10-03T20:55:28.875+03:00 DEBUG 20256 --- [    Test worker] o.s.b.a.AutoConfigurationPackages        : @EnableAutoConfiguration was declared on a class in the package 'cinema'. Automatic @Repository and @Entity scanning is enabled.
?[0m?[0;34m2023-10-03T20:55:28.880+03:00 DEBUG 20256 --- [    Test worker] o.s.b.f.s.DefaultListableBeanFactory     : Autowiring by type from bean name 'jsonMixinModule' via factory method to bean named 'org.springframework.boot.web.servlet.context.AnnotationConfigServletWebServerApplicationContext@3e2fc448'
?[0m?[0;34m2023-10-03T20:55:28.880+03:00 DEBUG 20256 --- [    Test worker] o.s.b.f.s.DefaultListableBeanFactory     : Autowiring by type from bean name 'jsonMixinModule' via factory method to bean named 'jsonMixinModuleEntries'
?[0m?[0;34m2023-10-03T20:55:28.881+03:00 DEBUG 20256 --- [    Test worker] o.s.b.f.s.DefaultListableBeanFactory     : Creating shared instance of singleton bean 'jsonComponentModule'
?[0m?[0;34m2023-10-03T20:55:28.881+03:00 DEBUG 20256 --- [    Test worker] o.s.b.f.s.DefaultListableBeanFactory     : Creating shared instance of singleton bean 'org.springframework.boot.autoconfigure.jackson.JacksonAutoConfiguration'
?[0m?[0;34m2023-10-03T20:55:28.884+03:00 DEBUG 20256 --- [    Test worker] o.s.b.f.s.DefaultListableBeanFactory     : Autowiring by type from bean name 'jacksonObjectMapperBuilder' via factory method to bean named 'org.springframework.boot.web.servlet.context.AnnotationConfigServletWebServerApplicationContext@3e2fc448'
?[0m?[0;34m2023-10-03T20:55:28.884+03:00 DEBUG 20256 --- [    Test worker] o.s.b.f.s.DefaultListableBeanFactory     : Autowiring by type from bean name 'jacksonObjectMapperBuilder' via factory method to bean named 'standardJacksonObjectMapperBuilderCustomizer'
?[0m?[0;34m2023-10-03T20:55:28.885+03:00 DEBUG 20256 --- [    Test worker] o.s.b.f.s.DefaultListableBeanFactory     : Autowiring by type from bean name 'jacksonObjectMapper' via factory method to bean named 'jacksonObjectMapperBuilder'
?[0m?[0;34m2023-10-03T20:55:28.897+03:00 DEBUG 20256 --- [    Test worker] o.s.b.f.s.DefaultListableBeanFactory     : Autowiring by type from bean name 'mappingJackson2HttpMessageConverter' via factory method to bean named 'jacksonObjectMapper'
?[0m?[0;34m2023-10-03T20:55:28.902+03:00 DEBUG 20256 --- [    Test worker] o.s.b.f.s.DefaultListableBeanFactory     : Creating shared instance of singleton bean 'applicationTaskExecutor'
?[0m?[0;34m2023-10-03T20:55:28.903+03:00 DEBUG 20256 --- [    Test worker] o.s.b.f.s.DefaultListableBeanFactory     : Autowiring by type from bean name 'applicationTaskExecutor' via factory method to bean named 'taskExecutorBuilder'
?[0m?[0;34m2023-10-03T20:55:28.907+03:00 DEBUG 20256 --- [    Test worker] o.s.s.concurrent.ThreadPoolTaskExecutor  : Initializing ExecutorService 'applicationTaskExecutor'
?[0m?[0;34m2023-10-03T20:55:28.918+03:00 DEBUG 20256 --- [    Test worker] s.w.s.m.m.a.RequestMappingHandlerAdapter : ControllerAdvice beans: 0 @ModelAttribute, 0 @InitBinder, 1 RequestBodyAdvice, 1 ResponseBodyAdvice
?[0m?[0;34m2023-10-03T20:55:28.936+03:00 DEBUG 20256 --- [    Test worker] o.s.b.f.s.DefaultListableBeanFactory     : Creating shared instance of singleton bean 'welcomePageHandlerMapping'
?[0m?[0;34m2023-10-03T20:55:28.937+03:00 DEBUG 20256 --- [    Test worker] o.s.b.f.s.DefaultListableBeanFactory     : Creating shared instance of singleton bean 'mvcResourceUrlProvider'
?[0m?[0;34m2023-10-03T20:55:28.938+03:00 DEBUG 20256 --- [    Test worker] o.s.b.f.s.DefaultListableBeanFactory     : Autowiring by type from bean name 'welcomePageHandlerMapping' via factory method to bean named 'org.springframework.boot.web.servlet.context.AnnotationConfigServletWebServerApplicationContext@3e2fc448'
?[0m?[0;34m2023-10-03T20:55:28.938+03:00 DEBUG 20256 --- [    Test worker] o.s.b.f.s.DefaultListableBeanFactory     : Autowiring by type from bean name 'welcomePageHandlerMapping' via factory method to bean named 'mvcConversionService'
?[0m?[0;34m2023-10-03T20:55:28.938+03:00 DEBUG 20256 --- [    Test worker] o.s.b.f.s.DefaultListableBeanFactory     : Autowiring by type from bean name 'welcomePageHandlerMapping' via factory method to bean named 'mvcResourceUrlProvider'
?[0m?[0;34m2023-10-03T20:55:28.944+03:00 DEBUG 20256 --- [    Test worker] o.s.b.f.s.DefaultListableBeanFactory     : Creating shared instance of singleton bean 'localeResolver'
?[0m?[0;34m2023-10-03T20:55:28.945+03:00 DEBUG 20256 --- [    Test worker] o.s.b.f.s.DefaultListableBeanFactory     : Creating shared instance of singleton bean 'themeResolver'
?[0m?[0;34m2023-10-03T20:55:28.946+03:00 DEBUG 20256 --- [    Test worker] o.s.b.f.s.DefaultListableBeanFactory     : Creating shared instance of singleton bean 'flashMapManager'
?[0m?[0;34m2023-10-03T20:55:28.947+03:00 DEBUG 20256 --- [    Test worker] o.s.b.f.s.DefaultListableBeanFactory     : Creating shared instance of singleton bean 'requestMappingHandlerMapping'
?[0m?[0;34m2023-10-03T20:55:28.948+03:00 DEBUG 20256 --- [    Test worker] o.s.b.f.s.DefaultListableBeanFactory     : Autowiring by type from bean name 'requestMappingHandlerMapping' via factory method to bean named 'mvcContentNegotiationManager'
?[0m?[0;34m2023-10-03T20:55:28.948+03:00 DEBUG 20256 --- [    Test worker] o.s.b.f.s.DefaultListableBeanFactory     : Autowiring by type from bean name 'requestMappingHandlerMapping' via factory method to bean named 'mvcConversionService'
?[0m?[0;34m2023-10-03T20:55:28.948+03:00 DEBUG 20256 --- [    Test worker] o.s.b.f.s.DefaultListableBeanFactory     : Autowiring by type from bean name 'requestMappingHandlerMapping' via factory method to bean named 'mvcResourceUrlProvider'
?[0m?[0;34m2023-10-03T20:55:28.969+03:00 DEBUG 20256 --- [    Test worker] _.s.web.servlet.HandlerMapping.Mappings  : 
?[0m?[0;34m	c.c.CinemaController:
?[0m?[0;34m	{GET [/stats]}: adminStatistics(String)
?[0m?[0;34m	{GET [/seats]}: printAllSeats()
?[0m?[0;34m	{POST [/return]}: returnSeat(String)
?[0m?[0;34m	{POST [/purchase]}: purchaseSeat(SeatPurchaseRequest)
?[0m?[0;34m2023-10-03T20:55:28.972+03:00 DEBUG 20256 --- [    Test worker] _.s.web.servlet.HandlerMapping.Mappings  : 
?[0m?[0;34m	o.s.b.a.w.s.e.BasicErrorController:
?[0m?[0;34m	{ [/error]}: error(HttpServletRequest)
?[0m?[0;34m	{ [/error], produces [text/html]}: errorHtml(HttpServletRequest,HttpServletResponse)
?[0m?[0;34m2023-10-03T20:55:28.974+03:00 DEBUG 20256 --- [    Test worker] s.w.s.m.m.a.RequestMappingHandlerMapping : 6 mappings in 'requestMappingHandlerMapping'
?[0m?[0;34m2023-10-03T20:55:28.974+03:00 DEBUG 20256 --- [    Test worker] o.s.b.f.s.DefaultListableBeanFactory     : Creating shared instance of singleton bean 'mvcPatternParser'
?[0m?[0;34m2023-10-03T20:55:28.974+03:00 DEBUG 20256 --- [    Test worker] o.s.b.f.s.DefaultListableBeanFactory     : Creating shared instance of singleton bean 'mvcUrlPathHelper'
?[0m?[0;34m2023-10-03T20:55:28.975+03:00 DEBUG 20256 --- [    Test worker] o.s.b.f.s.DefaultListableBeanFactory     : Creating shared instance of singleton bean 'mvcPathMatcher'
?[0m?[0;34m2023-10-03T20:55:28.975+03:00 DEBUG 20256 --- [    Test worker] o.s.b.f.s.DefaultListableBeanFactory     : Creating shared instance of singleton bean 'viewControllerHandlerMapping'
?[0m?[0;34m2023-10-03T20:55:28.976+03:00 DEBUG 20256 --- [    Test worker] o.s.b.f.s.DefaultListableBeanFactory     : Autowiring by type from bean name 'viewControllerHandlerMapping' via factory method to bean named 'mvcConversionService'
?[0m?[0;34m2023-10-03T20:55:28.976+03:00 DEBUG 20256 --- [    Test worker] o.s.b.f.s.DefaultListableBeanFactory     : Autowiring by type from bean name 'viewControllerHandlerMapping' via factory method to bean named 'mvcResourceUrlProvider'
?[0m?[0;34m2023-10-03T20:55:28.976+03:00 DEBUG 20256 --- [    Test worker] o.s.b.f.s.DefaultListableBeanFactory     : Creating shared instance of singleton bean 'beanNameHandlerMapping'
?[0m?[0;34m2023-10-03T20:55:28.977+03:00 DEBUG 20256 --- [    Test worker] o.s.b.f.s.DefaultListableBeanFactory     : Autowiring by type from bean name 'beanNameHandlerMapping' via factory method to bean named 'mvcConversionService'
?[0m?[0;34m2023-10-03T20:55:28.977+03:00 DEBUG 20256 --- [    Test worker] o.s.b.f.s.DefaultListableBeanFactory     : Autowiring by type from bean name 'beanNameHandlerMapping' via factory method to bean named 'mvcResourceUrlProvider'
?[0m?[0;34m2023-10-03T20:55:28.979+03:00 DEBUG 20256 --- [    Test worker] _.s.web.servlet.HandlerMapping.Mappings  : 'beanNameHandlerMapping' {}
?[0m?[0;34m2023-10-03T20:55:28.980+03:00 DEBUG 20256 --- [    Test worker] o.s.b.f.s.DefaultListableBeanFactory     : Creating shared instance of singleton bean 'routerFunctionMapping'
?[0m?[0;34m2023-10-03T20:55:28.980+03:00 DEBUG 20256 --- [    Test worker] o.s.b.f.s.DefaultListableBeanFactory     : Autowiring by type from bean name 'routerFunctionMapping' via factory method to bean named 'mvcConversionService'
?[0m?[0;34m2023-10-03T20:55:28.980+03:00 DEBUG 20256 --- [    Test worker] o.s.b.f.s.DefaultListableBeanFactory     : Autowiring by type from bean name 'routerFunctionMapping' via factory method to bean named 'mvcResourceUrlProvider'
?[0m?[0;34m2023-10-03T20:55:28.984+03:00 DEBUG 20256 --- [    Test worker] o.s.b.f.s.DefaultListableBeanFactory     : Creating shared instance of singleton bean 'resourceHandlerMapping'
?[0m?[0;34m2023-10-03T20:55:28.984+03:00 DEBUG 20256 --- [    Test worker] o.s.b.f.s.DefaultListableBeanFactory     : Autowiring by type from bean name 'resourceHandlerMapping' via factory method to bean named 'mvcContentNegotiationManager'
?[0m?[0;34m2023-10-03T20:55:28.984+03:00 DEBUG 20256 --- [    Test worker] o.s.b.f.s.DefaultListableBeanFactory     : Autowiring by type from bean name 'resourceHandlerMapping' via factory method to bean named 'mvcConversionService'
?[0m?[0;34m2023-10-03T20:55:28.984+03:00 DEBUG 20256 --- [    Test worker] o.s.b.f.s.DefaultListableBeanFactory     : Autowiring by type from bean name 'resourceHandlerMapping' via factory method to bean named 'mvcResourceUrlProvider'
?[0m?[0;34m2023-10-03T20:55:28.991+03:00 DEBUG 20256 --- [    Test worker] _.s.web.servlet.HandlerMapping.Mappings  : 'resourceHandlerMapping' {/webjars/**=ResourceHttpRequestHandler [classpath [META-INF/resources/webjars/]], /**=ResourceHttpRequestHandler [classpath [META-INF/resources/], classpath [resources/], classpath [static/], classpath [public/], ServletContext [/]]}
?[0m?[0;34m2023-10-03T20:55:28.991+03:00 DEBUG 20256 --- [    Test worker] o.s.b.f.s.DefaultListableBeanFactory     : Creating shared instance of singleton bean 'defaultServletHandlerMapping'
?[0m?[0;34m2023-10-03T20:55:28.992+03:00 DEBUG 20256 --- [    Test worker] o.s.b.f.s.DefaultListableBeanFactory     : Creating shared instance of singleton bean 'handlerFunctionAdapter'
?[0m?[0;34m2023-10-03T20:55:28.993+03:00 DEBUG 20256 --- [    Test worker] o.s.b.f.s.DefaultListableBeanFactory     : Creating shared instance of singleton bean 'mvcUriComponentsContributor'
?[0m?[0;34m2023-10-03T20:55:28.994+03:00 DEBUG 20256 --- [    Test worker] o.s.b.f.s.DefaultListableBeanFactory     : Autowiring by type from bean name 'mvcUriComponentsContributor' via factory method to bean named 'mvcConversionService'
?[0m?[0;34m2023-10-03T20:55:28.994+03:00 DEBUG 20256 --- [    Test worker] o.s.b.f.s.DefaultListableBeanFactory     : Autowiring by type from bean name 'mvcUriComponentsContributor' via factory method to bean named 'requestMappingHandlerAdapter'
?[0m?[0;34m2023-10-03T20:55:28.996+03:00 DEBUG 20256 --- [    Test worker] o.s.b.f.s.DefaultListableBeanFactory     : Creating shared instance of singleton bean 'httpRequestHandlerAdapter'
?[0m?[0;34m2023-10-03T20:55:28.996+03:00 DEBUG 20256 --- [    Test worker] o.s.b.f.s.DefaultListableBeanFactory     : Creating shared instance of singleton bean 'simpleControllerHandlerAdapter'
?[0m?[0;34m2023-10-03T20:55:28.996+03:00 DEBUG 20256 --- [    Test worker] o.s.b.f.s.DefaultListableBeanFactory     : Creating shared instance of singleton bean 'handlerExceptionResolver'
?[0m?[0;34m2023-10-03T20:55:28.997+03:00 DEBUG 20256 --- [    Test worker] o.s.b.f.s.DefaultListableBeanFactory     : Autowiring by type from bean name 'handlerExceptionResolver' via factory method to bean named 'mvcContentNegotiationManager'
?[0m?[0;34m2023-10-03T20:55:29.000+03:00 DEBUG 20256 --- [    Test worker] .m.m.a.ExceptionHandlerExceptionResolver : ControllerAdvice beans: 1 @ExceptionHandler, 1 ResponseBodyAdvice
?[0m?[0;34m2023-10-03T20:55:29.001+03:00 DEBUG 20256 --- [    Test worker] o.s.b.f.s.DefaultListableBeanFactory     : Creating shared instance of singleton bean 'mvcViewResolver'
?[0m?[0;34m2023-10-03T20:55:29.002+03:00 DEBUG 20256 --- [    Test worker] o.s.b.f.s.DefaultListableBeanFactory     : Autowiring by type from bean name 'mvcViewResolver' via factory method to bean named 'mvcContentNegotiationManager'
?[0m?[0;34m2023-10-03T20:55:29.003+03:00 DEBUG 20256 --- [    Test worker] o.s.b.f.s.DefaultListableBeanFactory     : Creating shared instance of singleton bean 'viewNameTranslator'
?[0m?[0;34m2023-10-03T20:55:29.004+03:00 DEBUG 20256 --- [    Test worker] o.s.b.f.s.DefaultListableBeanFactory     : Creating shared instance of singleton bean 'defaultViewResolver'
?[0m?[0;34m2023-10-03T20:55:29.008+03:00 DEBUG 20256 --- [    Test worker] o.s.b.f.s.DefaultListableBeanFactory     : Creating shared instance of singleton bean 'viewResolver'
?[0m?[0;34m2023-10-03T20:55:29.008+03:00 DEBUG 20256 --- [    Test worker] o.s.b.f.s.DefaultListableBeanFactory     : Autowiring by type from bean name 'viewResolver' via factory method to bean named 'org.springframework.beans.factory.support.DefaultListableBeanFactory@712ca57b'
?[0m?[0;34m2023-10-03T20:55:29.010+03:00 DEBUG 20256 --- [    Test worker] o.s.b.f.s.DefaultListableBeanFactory     : Creating shared instance of singleton bean 'viewResolver'
?[0m?[0;34m2023-10-03T20:55:29.010+03:00 DEBUG 20256 --- [    Test worker] o.s.b.f.s.DefaultListableBeanFactory     : Creating shared instance of singleton bean 'org.springframework.boot.actuate.autoconfigure.audit.AuditEventsEndpointAutoConfiguration'
?[0m?[0;34m2023-10-03T20:55:29.011+03:00 DEBUG 20256 --- [    Test worker] o.s.b.f.s.DefaultListableBeanFactory     : Creating shared instance of singleton bean 'org.springframework.boot.autoconfigure.availability.ApplicationAvailabilityAutoConfiguration'
?[0m?[0;34m2023-10-03T20:55:29.011+03:00 DEBUG 20256 --- [    Test worker] o.s.b.f.s.DefaultListableBeanFactory     : Creating shared instance of singleton bean 'applicationAvailability'
?[0m?[0;34m2023-10-03T20:55:29.012+03:00 DEBUG 20256 --- [    Test worker] o.s.b.f.s.DefaultListableBeanFactory     : Creating shared instance of singleton bean 'org.springframework.boot.actuate.autoconfigure.availability.AvailabilityHealthContributorAutoConfiguration'
?[0m?[0;34m2023-10-03T20:55:29.013+03:00 DEBUG 20256 --- [    Test worker] o.s.b.f.s.DefaultListableBeanFactory     : Creating shared instance of singleton bean 'org.springframework.boot.actuate.autoconfigure.beans.BeansEndpointAutoConfiguration'
?[0m?[0;34m2023-10-03T20:55:29.014+03:00 DEBUG 20256 --- [    Test worker] o.s.b.f.s.DefaultListableBeanFactory     : Creating shared instance of singleton bean 'beansEndpoint'
?[0m?[0;34m2023-10-03T20:55:29.014+03:00 DEBUG 20256 --- [    Test worker] o.s.b.f.s.DefaultListableBeanFactory     : Autowiring by type from bean name 'beansEndpoint' via factory method to bean named 'org.springframework.boot.web.servlet.context.AnnotationConfigServletWebServerApplicationContext@3e2fc448'
?[0m?[0;34m2023-10-03T20:55:29.016+03:00 DEBUG 20256 --- [    Test worker] o.s.b.f.s.DefaultListableBeanFactory     : Creating shared instance of singleton bean 'org.springframework.boot.actuate.autoconfigure.cache.CachesEndpointAutoConfiguration'
?[0m?[0;34m2023-10-03T20:55:29.017+03:00 DEBUG 20256 --- [    Test worker] o.s.b.f.s.DefaultListableBeanFactory     : Creating shared instance of singleton bean 'cachesEndpoint'
?[0m?[0;34m2023-10-03T20:55:29.020+03:00 DEBUG 20256 --- [    Test worker] o.s.b.f.s.DefaultListableBeanFactory     : Creating shared instance of singleton bean 'cachesEndpointWebExtension'
?[0m?[0;34m2023-10-03T20:55:29.020+03:00 DEBUG 20256 --- [    Test worker] o.s.b.f.s.DefaultListableBeanFactory     : Autowiring by type from bean name 'cachesEndpointWebExtension' via factory method to bean named 'cachesEndpoint'
?[0m?[0;34m2023-10-03T20:55:29.021+03:00 DEBUG 20256 --- [    Test worker] o.s.b.f.s.DefaultListableBeanFactory     : Creating shared instance of singleton bean 'org.springframework.boot.actuate.autoconfigure.web.servlet.ServletManagementContextAutoConfiguration'
?[0m?[0;34m2023-10-03T20:55:29.021+03:00 DEBUG 20256 --- [    Test worker] o.s.b.f.s.DefaultListableBeanFactory     : Creating shared instance of singleton bean 'servletWebChildContextFactory'
?[0m?[0;34m2023-10-03T20:55:29.021+03:00 DEBUG 20256 --- [    Test worker] o.s.b.f.s.DefaultListableBeanFactory     : Creating shared instance of singleton bean 'managementServletContext'
?[0m?[0;34m2023-10-03T20:55:29.022+03:00 DEBUG 20256 --- [    Test worker] o.s.b.f.s.DefaultListableBeanFactory     : Autowiring by type from bean name 'managementServletContext' via factory method to bean named 'management.endpoints.web-org.springframework.boot.actuate.autoconfigure.endpoint.web.WebEndpointProperties'
?[0m?[0;34m2023-10-03T20:55:29.022+03:00 DEBUG 20256 --- [    Test worker] o.s.b.f.s.DefaultListableBeanFactory     : Creating shared instance of singleton bean 'org.springframework.boot.actuate.autoconfigure.health.HealthEndpointConfiguration'
?[0m?[0;34m2023-10-03T20:55:29.023+03:00 DEBUG 20256 --- [    Test worker] o.s.b.f.s.DefaultListableBeanFactory     : Creating shared instance of singleton bean 'healthStatusAggregator'
?[0m?[0;34m2023-10-03T20:55:29.023+03:00 DEBUG 20256 --- [    Test worker] o.s.b.f.s.DefaultListableBeanFactory     : Creating shared instance of singleton bean 'management.endpoint.health-org.springframework.boot.actuate.autoconfigure.health.HealthEndpointProperties'
?[0m?[0;34m2023-10-03T20:55:29.025+03:00 DEBUG 20256 --- [    Test worker] o.s.b.f.s.DefaultListableBeanFactory     : Autowiring by type from bean name 'healthStatusAggregator' via factory method to bean named 'management.endpoint.health-org.springframework.boot.actuate.autoconfigure.health.HealthEndpointProperties'
?[0m?[0;34m2023-10-03T20:55:29.026+03:00 DEBUG 20256 --- [    Test worker] o.s.b.f.s.DefaultListableBeanFactory     : Creating shared instance of singleton bean 'healthHttpCodeStatusMapper'
?[0m?[0;34m2023-10-03T20:55:29.027+03:00 DEBUG 20256 --- [    Test worker] o.s.b.f.s.DefaultListableBeanFactory     : Autowiring by type from bean name 'healthHttpCodeStatusMapper' via factory method to bean named 'management.endpoint.health-org.springframework.boot.actuate.autoconfigure.health.HealthEndpointProperties'
?[0m?[0;34m2023-10-03T20:55:29.028+03:00 DEBUG 20256 --- [    Test worker] o.s.b.f.s.DefaultListableBeanFactory     : Creating shared instance of singleton bean 'healthEndpointGroups'
?[0m?[0;34m2023-10-03T20:55:29.028+03:00 DEBUG 20256 --- [    Test worker] o.s.b.f.s.DefaultListableBeanFactory     : Autowiring by type from bean name 'healthEndpointGroups' via factory method to bean named 'org.springframework.boot.web.servlet.context.AnnotationConfigServletWebServerApplicationContext@3e2fc448'
?[0m?[0;34m2023-10-03T20:55:29.028+03:00 DEBUG 20256 --- [    Test worker] o.s.b.f.s.DefaultListableBeanFactory     : Autowiring by type from bean name 'healthEndpointGroups' via factory method to bean named 'management.endpoint.health-org.springframework.boot.actuate.autoconfigure.health.HealthEndpointProperties'
?[0m?[0;34m2023-10-03T20:55:29.032+03:00 DEBUG 20256 --- [    Test worker] o.s.b.f.s.DefaultListableBeanFactory     : Creating shared instance of singleton bean 'healthContributorRegistry'
?[0m?[0;34m2023-10-03T20:55:29.033+03:00 DEBUG 20256 --- [    Test worker] o.s.b.f.s.DefaultListableBeanFactory     : Creating shared instance of singleton bean 'diskSpaceHealthIndicator'
?[0m?[0;34m2023-10-03T20:55:29.033+03:00 DEBUG 20256 --- [    Test worker] o.s.b.f.s.DefaultListableBeanFactory     : Creating shared instance of singleton bean 'org.springframework.boot.actuate.autoconfigure.system.DiskSpaceHealthContributorAutoConfiguration'
?[0m?[0;34m2023-10-03T20:55:29.034+03:00 DEBUG 20256 --- [    Test worker] o.s.b.f.s.DefaultListableBeanFactory     : Creating shared instance of singleton bean 'management.health.diskspace-org.springframework.boot.actuate.autoconfigure.system.DiskSpaceHealthIndicatorProperties'
?[0m?[0;34m2023-10-03T20:55:29.035+03:00 DEBUG 20256 --- [    Test worker] o.s.b.f.s.DefaultListableBeanFactory     : Autowiring by type from bean name 'diskSpaceHealthIndicator' via factory method to bean named 'management.health.diskspace-org.springframework.boot.actuate.autoconfigure.system.DiskSpaceHealthIndicatorProperties'
?[0m?[0;34m2023-10-03T20:55:29.037+03:00 DEBUG 20256 --- [    Test worker] o.s.b.f.s.DefaultListableBeanFactory     : Creating shared instance of singleton bean 'pingHealthContributor'
?[0m?[0;34m2023-10-03T20:55:29.037+03:00 DEBUG 20256 --- [    Test worker] o.s.b.f.s.DefaultListableBeanFactory     : Creating shared instance of singleton bean 'org.springframework.boot.actuate.autoconfigure.health.HealthContributorAutoConfiguration'
?[0m?[0;34m2023-10-03T20:55:29.039+03:00 DEBUG 20256 --- [    Test worker] o.s.b.f.s.DefaultListableBeanFactory     : Autowiring by type from bean name 'healthContributorRegistry' via factory method to bean named 'org.springframework.boot.web.servlet.context.AnnotationConfigServletWebServerApplicationContext@3e2fc448'
?[0m?[0;34m2023-10-03T20:55:29.039+03:00 DEBUG 20256 --- [    Test worker] o.s.b.f.s.DefaultListableBeanFactory     : Autowiring by type from bean name 'healthContributorRegistry' via factory method to bean named 'healthEndpointGroups'
?[0m?[0;34m2023-10-03T20:55:29.039+03:00 DEBUG 20256 --- [    Test worker] o.s.b.f.s.DefaultListableBeanFactory     : Autowiring by type from bean name 'healthContributorRegistry' via factory method to bean named 'diskSpaceHealthIndicator'
?[0m?[0;34m2023-10-03T20:55:29.039+03:00 DEBUG 20256 --- [    Test worker] o.s.b.f.s.DefaultListableBeanFactory     : Autowiring by type from bean name 'healthContributorRegistry' via factory method to bean named 'pingHealthContributor'
?[0m?[0;34m2023-10-03T20:55:29.044+03:00 DEBUG 20256 --- [    Test worker] o.s.b.f.s.DefaultListableBeanFactory     : Creating shared instance of singleton bean 'healthEndpoint'
?[0m?[0;34m2023-10-03T20:55:29.045+03:00 DEBUG 20256 --- [    Test worker] o.s.b.f.s.DefaultListableBeanFactory     : Autowiring by type from bean name 'healthEndpoint' via factory method to bean named 'healthContributorRegistry'
?[0m?[0;34m2023-10-03T20:55:29.045+03:00 DEBUG 20256 --- [    Test worker] o.s.b.f.s.DefaultListableBeanFactory     : Autowiring by type from bean name 'healthEndpoint' via factory method to bean named 'healthEndpointGroups'
?[0m?[0;34m2023-10-03T20:55:29.045+03:00 DEBUG 20256 --- [    Test worker] o.s.b.f.s.DefaultListableBeanFactory     : Autowiring by type from bean name 'healthEndpoint' via factory method to bean named 'management.endpoint.health-org.springframework.boot.actuate.autoconfigure.health.HealthEndpointProperties'
?[0m?[0;34m2023-10-03T20:55:29.048+03:00 DEBUG 20256 --- [    Test worker] o.s.b.f.s.DefaultListableBeanFactory     : Creating shared instance of singleton bean 'org.springframework.boot.actuate.autoconfigure.health.HealthEndpointWebExtensionConfiguration$MvcAdditionalHealthEndpointPathsConfiguration'
?[0m?[0;34m2023-10-03T20:55:29.048+03:00 DEBUG 20256 --- [    Test worker] o.s.b.f.s.DefaultListableBeanFactory     : Creating shared instance of singleton bean 'healthEndpointWebMvcHandlerMapping'
?[0m?[0;34m2023-10-03T20:55:29.048+03:00 DEBUG 20256 --- [    Test worker] o.s.b.f.s.DefaultListableBeanFactory     : Creating shared instance of singleton bean 'webEndpointDiscoverer'
?[0m?[0;34m2023-10-03T20:55:29.049+03:00 DEBUG 20256 --- [    Test worker] o.s.b.f.s.DefaultListableBeanFactory     : Creating shared instance of singleton bean 'endpointOperationParameterMapper'
?[0m?[0;34m2023-10-03T20:55:29.049+03:00 DEBUG 20256 --- [    Test worker] o.s.b.f.s.DefaultListableBeanFactory     : Creating shared instance of singleton bean 'org.springframework.boot.actuate.autoconfigure.endpoint.EndpointAutoConfiguration'
?[0m?[0;34m2023-10-03T20:55:29.052+03:00 DEBUG 20256 --- [    Test worker] o.s.b.f.s.DefaultListableBeanFactory     : Creating shared instance of singleton bean 'endpointMediaTypes'
?[0m?[0;34m2023-10-03T20:55:29.052+03:00 DEBUG 20256 --- [    Test worker] o.s.b.f.s.DefaultListableBeanFactory     : Autowiring by type from bean name 'webEndpointDiscoverer' via factory method to bean named 'endpointOperationParameterMapper'
?[0m?[0;34m2023-10-03T20:55:29.052+03:00 DEBUG 20256 --- [    Test worker] o.s.b.f.s.DefaultListableBeanFactory     : Autowiring by type from bean name 'webEndpointDiscoverer' via factory method to bean named 'endpointMediaTypes'
?[0m?[0;34m2023-10-03T20:55:29.053+03:00 DEBUG 20256 --- [    Test worker] o.s.b.f.s.DefaultListableBeanFactory     : Creating shared instance of singleton bean 'endpointCachingOperationInvokerAdvisor'
?[0m?[0;34m2023-10-03T20:55:29.054+03:00 DEBUG 20256 --- [    Test worker] o.s.b.f.s.DefaultListableBeanFactory     : Autowiring by type from bean name 'endpointCachingOperationInvokerAdvisor' via factory method to bean named 'environment'
?[0m?[0;34m2023-10-03T20:55:29.055+03:00 DEBUG 20256 --- [    Test worker] o.s.b.f.s.DefaultListableBeanFactory     : Creating shared instance of singleton bean 'webExposeExcludePropertyEndpointFilter'
?[0m?[0;34m2023-10-03T20:55:29.056+03:00 DEBUG 20256 --- [    Test worker] o.s.b.f.s.DefaultListableBeanFactory     : Autowiring by type from bean name 'healthEndpointWebMvcHandlerMapping' via factory method to bean named 'webEndpointDiscoverer'
?[0m?[0;34m2023-10-03T20:55:29.056+03:00 DEBUG 20256 --- [    Test worker] o.s.b.f.s.DefaultListableBeanFactory     : Autowiring by type from bean name 'healthEndpointWebMvcHandlerMapping' via factory method to bean named 'healthEndpointGroups'
?[0m?[0;34m2023-10-03T20:55:29.061+03:00 DEBUG 20256 --- [    Test worker] o.s.b.f.s.DefaultListableBeanFactory     : Creating shared instance of singleton bean 'configurationPropertiesReportEndpoint'
?[0m?[0;34m2023-10-03T20:55:29.061+03:00 DEBUG 20256 --- [    Test worker] o.s.b.f.s.DefaultListableBeanFactory     : Creating shared instance of singleton bean 'org.springframework.boot.actuate.autoconfigure.context.properties.ConfigurationPropertiesReportEndpointAutoConfiguration'
?[0m?[0;34m2023-10-03T20:55:29.062+03:00 DEBUG 20256 --- [    Test worker] o.s.b.f.s.DefaultListableBeanFactory     : Creating shared instance of singleton bean 'management.endpoint.configprops-org.springframework.boot.actuate.autoconfigure.context.properties.ConfigurationPropertiesReportEndpointProperties'
?[0m?[0;34m2023-10-03T20:55:29.063+03:00 DEBUG 20256 --- [    Test worker] o.s.b.f.s.DefaultListableBeanFactory     : Autowiring by type from bean name 'configurationPropertiesReportEndpoint' via factory method to bean named 'management.endpoint.configprops-org.springframework.boot.actuate.autoconfigure.context.properties.ConfigurationPropertiesReportEndpointProperties'
?[0m?[0;34m2023-10-03T20:55:29.068+03:00 DEBUG 20256 --- [    Test worker] o.s.b.f.s.DefaultListableBeanFactory     : Creating shared instance of singleton bean 'environmentEndpoint'
?[0m?[0;34m2023-10-03T20:55:29.068+03:00 DEBUG 20256 --- [    Test worker] o.s.b.f.s.DefaultListableBeanFactory     : Creating shared instance of singleton bean 'org.springframework.boot.actuate.autoconfigure.env.EnvironmentEndpointAutoConfiguration'
?[0m?[0;34m2023-10-03T20:55:29.069+03:00 DEBUG 20256 --- [    Test worker] o.s.b.f.s.DefaultListableBeanFactory     : Creating shared instance of singleton bean 'management.endpoint.env-org.springframework.boot.actuate.autoconfigure.env.EnvironmentEndpointProperties'
?[0m?[0;34m2023-10-03T20:55:29.070+03:00 DEBUG 20256 --- [    Test worker] o.s.b.f.s.DefaultListableBeanFactory     : Autowiring by type from bean name 'environmentEndpoint' via factory method to bean named 'environment'
?[0m?[0;34m2023-10-03T20:55:29.071+03:00 DEBUG 20256 --- [    Test worker] o.s.b.f.s.DefaultListableBeanFactory     : Autowiring by type from bean name 'environmentEndpoint' via factory method to bean named 'management.endpoint.env-org.springframework.boot.actuate.autoconfigure.env.EnvironmentEndpointProperties'
?[0m?[0;34m2023-10-03T20:55:29.084+03:00 DEBUG 20256 --- [    Test worker] o.s.b.f.s.DefaultListableBeanFactory     : Creating shared instance of singleton bean 'healthEndpointWebExtension'
?[0m?[0;34m2023-10-03T20:55:29.085+03:00 DEBUG 20256 --- [    Test worker] o.s.b.f.s.DefaultListableBeanFactory     : Creating shared instance of singleton bean 'org.springframework.boot.actuate.autoconfigure.health.HealthEndpointWebExtensionConfiguration'
?[0m?[0;34m2023-10-03T20:55:29.085+03:00 DEBUG 20256 --- [    Test worker] o.s.b.f.s.DefaultListableBeanFactory     : Autowiring by type from bean name 'healthEndpointWebExtension' via factory method to bean named 'healthContributorRegistry'
?[0m?[0;34m2023-10-03T20:55:29.085+03:00 DEBUG 20256 --- [    Test worker] o.s.b.f.s.DefaultListableBeanFactory     : Autowiring by type from bean name 'healthEndpointWebExtension' via factory method to bean named 'healthEndpointGroups'
?[0m?[0;34m2023-10-03T20:55:29.085+03:00 DEBUG 20256 --- [    Test worker] o.s.b.f.s.DefaultListableBeanFactory     : Autowiring by type from bean name 'healthEndpointWebExtension' via factory method to bean named 'management.endpoint.health-org.springframework.boot.actuate.autoconfigure.health.HealthEndpointProperties'
?[0m?[0;34m2023-10-03T20:55:29.087+03:00 DEBUG 20256 --- [    Test worker] o.s.b.f.s.DefaultListableBeanFactory     : Creating shared instance of singleton bean 'infoEndpoint'
?[0m?[0;34m2023-10-03T20:55:29.087+03:00 DEBUG 20256 --- [    Test worker] o.s.b.f.s.DefaultListableBeanFactory     : Creating shared instance of singleton bean 'org.springframework.boot.actuate.autoconfigure.info.InfoEndpointAutoConfiguration'
?[0m?[0;34m2023-10-03T20:55:29.089+03:00 DEBUG 20256 --- [    Test worker] o.s.b.f.s.DefaultListableBeanFactory     : Creating shared instance of singleton bean 'conditionsReportEndpoint'
?[0m?[0;34m2023-10-03T20:55:29.089+03:00 DEBUG 20256 --- [    Test worker] o.s.b.f.s.DefaultListableBeanFactory     : Creating shared instance of singleton bean 'org.springframework.boot.actuate.autoconfigure.condition.ConditionsReportEndpointAutoConfiguration'
?[0m?[0;34m2023-10-03T20:55:29.090+03:00 DEBUG 20256 --- [    Test worker] o.s.b.f.s.DefaultListableBeanFactory     : Autowiring by type from bean name 'conditionsReportEndpoint' via factory method to bean named 'org.springframework.boot.web.servlet.context.AnnotationConfigServletWebServerApplicationContext@3e2fc448'
?[0m?[0;34m2023-10-03T20:55:29.091+03:00 DEBUG 20256 --- [    Test worker] o.s.b.f.s.DefaultListableBeanFactory     : Creating shared instance of singleton bean 'shutdownEndpoint'
?[0m?[0;34m2023-10-03T20:55:29.091+03:00 DEBUG 20256 --- [    Test worker] o.s.b.f.s.DefaultListableBeanFactory     : Creating shared instance of singleton bean 'org.springframework.boot.actuate.autoconfigure.context.ShutdownEndpointAutoConfiguration'
?[0m?[0;34m2023-10-03T20:55:29.093+03:00 DEBUG 20256 --- [    Test worker] o.s.b.f.s.DefaultListableBeanFactory     : Creating shared instance of singleton bean 'configurationPropertiesReportEndpointWebExtension'
?[0m?[0;34m2023-10-03T20:55:29.094+03:00 DEBUG 20256 --- [    Test worker] o.s.b.f.s.DefaultListableBeanFactory     : Autowiring by type from bean name 'configurationPropertiesReportEndpointWebExtension' via factory method to bean named 'configurationPropertiesReportEndpoint'
?[0m?[0;34m2023-10-03T20:55:29.094+03:00 DEBUG 20256 --- [    Test worker] o.s.b.f.s.DefaultListableBeanFactory     : Autowiring by type from bean name 'configurationPropertiesReportEndpointWebExtension' via factory method to bean named 'management.endpoint.configprops-org.springframework.boot.actuate.autoconfigure.context.properties.ConfigurationPropertiesReportEndpointProperties'
?[0m?[0;34m2023-10-03T20:55:29.097+03:00 DEBUG 20256 --- [    Test worker] o.s.b.f.s.DefaultListableBeanFactory     : Creating shared instance of singleton bean 'environmentEndpointWebExtension'
?[0m?[0;34m2023-10-03T20:55:29.097+03:00 DEBUG 20256 --- [    Test worker] o.s.b.f.s.DefaultListableBeanFactory     : Autowiring by type from bean name 'environmentEndpointWebExtension' via factory method to bean named 'environmentEndpoint'
?[0m?[0;34m2023-10-03T20:55:29.097+03:00 DEBUG 20256 --- [    Test worker] o.s.b.f.s.DefaultListableBeanFactory     : Autowiring by type from bean name 'environmentEndpointWebExtension' via factory method to bean named 'management.endpoint.env-org.springframework.boot.actuate.autoconfigure.env.EnvironmentEndpointProperties'
?[0m?[0;34m2023-10-03T20:55:29.098+03:00 DEBUG 20256 --- [    Test worker] o.s.b.f.s.DefaultListableBeanFactory     : Creating shared instance of singleton bean 'loggersEndpoint'
?[0m?[0;34m2023-10-03T20:55:29.098+03:00 DEBUG 20256 --- [    Test worker] o.s.b.f.s.DefaultListableBeanFactory     : Creating shared instance of singleton bean 'org.springframework.boot.actuate.autoconfigure.logging.LoggersEndpointAutoConfiguration'
?[0m?[0;34m2023-10-03T20:55:29.099+03:00 DEBUG 20256 --- [    Test worker] o.s.b.f.s.DefaultListableBeanFactory     : Autowiring by type from bean name 'loggersEndpoint' via factory method to bean named 'springBootLoggingSystem'
?[0m?[0;34m2023-10-03T20:55:29.102+03:00 DEBUG 20256 --- [    Test worker] o.s.b.f.s.DefaultListableBeanFactory     : Creating shared instance of singleton bean 'heapDumpWebEndpoint'
?[0m?[0;34m2023-10-03T20:55:29.102+03:00 DEBUG 20256 --- [    Test worker] o.s.b.f.s.DefaultListableBeanFactory     : Creating shared instance of singleton bean 'org.springframework.boot.actuate.autoconfigure.management.HeapDumpWebEndpointAutoConfiguration'
?[0m?[0;34m2023-10-03T20:55:29.103+03:00 DEBUG 20256 --- [    Test worker] o.s.b.f.s.DefaultListableBeanFactory     : Creating shared instance of singleton bean 'dumpEndpoint'
?[0m?[0;34m2023-10-03T20:55:29.103+03:00 DEBUG 20256 --- [    Test worker] o.s.b.f.s.DefaultListableBeanFactory     : Creating shared instance of singleton bean 'org.springframework.boot.actuate.autoconfigure.management.ThreadDumpEndpointAutoConfiguration'
?[0m?[0;34m2023-10-03T20:55:29.107+03:00 DEBUG 20256 --- [    Test worker] o.s.b.f.s.DefaultListableBeanFactory     : Creating shared instance of singleton bean 'metricsEndpoint'
?[0m?[0;34m2023-10-03T20:55:29.107+03:00 DEBUG 20256 --- [    Test worker] o.s.b.f.s.DefaultListableBeanFactory     : Creating shared instance of singleton bean 'org.springframework.boot.actuate.autoconfigure.metrics.MetricsEndpointAutoConfiguration'
?[0m?[0;34m2023-10-03T20:55:29.107+03:00 DEBUG 20256 --- [    Test worker] o.s.b.f.s.DefaultListableBeanFactory     : Autowiring by type from bean name 'metricsEndpoint' via factory method to bean named 'simpleMeterRegistry'
?[0m?[0;34m2023-10-03T20:55:29.109+03:00 DEBUG 20256 --- [    Test worker] o.s.b.f.s.DefaultListableBeanFactory     : Creating shared instance of singleton bean 'scheduledTasksEndpoint'
?[0m?[0;34m2023-10-03T20:55:29.109+03:00 DEBUG 20256 --- [    Test worker] o.s.b.f.s.DefaultListableBeanFactory     : Creating shared instance of singleton bean 'org.springframework.boot.actuate.autoconfigure.scheduling.ScheduledTasksEndpointAutoConfiguration'
?[0m?[0;34m2023-10-03T20:55:29.110+03:00 DEBUG 20256 --- [    Test worker] o.s.b.f.s.DefaultListableBeanFactory     : Creating shared instance of singleton bean 'mappingsEndpoint'
?[0m?[0;34m2023-10-03T20:55:29.110+03:00 DEBUG 20256 --- [    Test worker] o.s.b.f.s.DefaultListableBeanFactory     : Creating shared instance of singleton bean 'org.springframework.boot.actuate.autoconfigure.web.mappings.MappingsEndpointAutoConfiguration'
?[0m?[0;34m2023-10-03T20:55:29.111+03:00 DEBUG 20256 --- [    Test worker] o.s.b.f.s.DefaultListableBeanFactory     : Autowiring by type from bean name 'mappingsEndpoint' via factory method to bean named 'org.springframework.boot.web.servlet.context.AnnotationConfigServletWebServerApplicationContext@3e2fc448'
?[0m?[0;34m2023-10-03T20:55:29.111+03:00 DEBUG 20256 --- [    Test worker] o.s.b.f.s.DefaultListableBeanFactory     : Creating shared instance of singleton bean 'dispatcherServletMappingDescriptionProvider'
?[0m?[0;34m2023-10-03T20:55:29.111+03:00 DEBUG 20256 --- [    Test worker] o.s.b.f.s.DefaultListableBeanFactory     : Creating shared instance of singleton bean 'org.springframework.boot.actuate.autoconfigure.web.mappings.MappingsEndpointAutoConfiguration$ServletWebConfiguration$SpringMvcConfiguration'
?[0m?[0;34m2023-10-03T20:55:29.113+03:00 DEBUG 20256 --- [    Test worker] o.s.b.f.s.DefaultListableBeanFactory     : Creating shared instance of singleton bean 'servletMappingDescriptionProvider'
?[0m?[0;34m2023-10-03T20:55:29.114+03:00 DEBUG 20256 --- [    Test worker] o.s.b.f.s.DefaultListableBeanFactory     : Creating shared instance of singleton bean 'org.springframework.boot.actuate.autoconfigure.web.mappings.MappingsEndpointAutoConfiguration$ServletWebConfiguration'
?[0m?[0;34m2023-10-03T20:55:29.114+03:00 DEBUG 20256 --- [    Test worker] o.s.b.f.s.DefaultListableBeanFactory     : Creating shared instance of singleton bean 'filterMappingDescriptionProvider'
?[0m?[0;34m2023-10-03T20:55:29.122+03:00 DEBUG 20256 --- [    Test worker] o.s.b.f.s.DefaultListableBeanFactory     : Creating shared instance of singleton bean 'org.springframework.boot.actuate.autoconfigure.health.HealthEndpointAutoConfiguration'
?[0m?[0;34m2023-10-03T20:55:29.122+03:00 DEBUG 20256 --- [    Test worker] o.s.b.f.s.DefaultListableBeanFactory     : Creating shared instance of singleton bean 'org.springframework.boot.autoconfigure.info.ProjectInfoAutoConfiguration'
?[0m?[0;34m2023-10-03T20:55:29.123+03:00 DEBUG 20256 --- [    Test worker] o.s.b.f.s.DefaultListableBeanFactory     : Creating shared instance of singleton bean 'spring.info-org.springframework.boot.autoconfigure.info.ProjectInfoProperties'
?[0m?[0;34m2023-10-03T20:55:29.125+03:00 DEBUG 20256 --- [    Test worker] o.s.b.f.s.DefaultListableBeanFactory     : Autowiring by type from bean name 'org.springframework.boot.autoconfigure.info.ProjectInfoAutoConfiguration' via constructor to bean named 'spring.info-org.springframework.boot.autoconfigure.info.ProjectInfoProperties'
?[0m?[0;34m2023-10-03T20:55:29.125+03:00 DEBUG 20256 --- [    Test worker] o.s.b.f.s.DefaultListableBeanFactory     : Creating shared instance of singleton bean 'org.springframework.boot.actuate.autoconfigure.info.InfoContributorAutoConfiguration'
?[0m?[0;34m2023-10-03T20:55:29.128+03:00 DEBUG 20256 --- [    Test worker] o.s.b.f.s.DefaultListableBeanFactory     : Creating shared instance of singleton bean 'management.info-org.springframework.boot.actuate.autoconfigure.info.InfoContributorProperties'
?[0m?[0;34m2023-10-03T20:55:29.130+03:00 DEBUG 20256 --- [    Test worker] o.s.b.f.s.DefaultListableBeanFactory     : Creating shared instance of singleton bean 'controllerEndpointDiscoverer'
?[0m?[0;34m2023-10-03T20:55:29.131+03:00 DEBUG 20256 --- [    Test worker] o.s.b.f.s.DefaultListableBeanFactory     : Creating shared instance of singleton bean 'controllerExposeExcludePropertyEndpointFilter'
?[0m?[0;34m2023-10-03T20:55:29.131+03:00 DEBUG 20256 --- [    Test worker] o.s.b.f.s.DefaultListableBeanFactory     : Creating shared instance of singleton bean 'pathMappedEndpoints'
?[0m?[0;34m2023-10-03T20:55:29.132+03:00 DEBUG 20256 --- [    Test worker] o.s.b.f.s.DefaultListableBeanFactory     : Autowiring by type from bean name 'pathMappedEndpoints' via factory method to bean named 'servletEndpointDiscoverer'
?[0m?[0;34m2023-10-03T20:55:29.132+03:00 DEBUG 20256 --- [    Test worker] o.s.b.f.s.DefaultListableBeanFactory     : Autowiring by type from bean name 'pathMappedEndpoints' via factory method to bean named 'webEndpointDiscoverer'
?[0m?[0;34m2023-10-03T20:55:29.133+03:00 DEBUG 20256 --- [    Test worker] o.s.b.f.s.DefaultListableBeanFactory     : Autowiring by type from bean name 'pathMappedEndpoints' via factory method to bean named 'controllerEndpointDiscoverer'
?[0m?[0;34m2023-10-03T20:55:29.137+03:00 DEBUG 20256 --- [    Test worker] o.s.b.f.s.DefaultListableBeanFactory     : Creating shared instance of singleton bean 'org.springframework.boot.actuate.autoconfigure.logging.LogFileWebEndpointAutoConfiguration'
?[0m?[0;34m2023-10-03T20:55:29.138+03:00 DEBUG 20256 --- [    Test worker] o.s.b.f.s.DefaultListableBeanFactory     : Creating shared instance of singleton bean 'management.endpoint.logfile-org.springframework.boot.actuate.autoconfigure.logging.LogFileWebEndpointProperties'
?[0m?[0;34m2023-10-03T20:55:29.138+03:00 DEBUG 20256 --- [    Test worker] o.s.b.f.s.DefaultListableBeanFactory     : Creating shared instance of singleton bean 'org.springframework.boot.actuate.autoconfigure.metrics.CompositeMeterRegistryAutoConfiguration'
?[0m?[0;34m2023-10-03T20:55:29.139+03:00 DEBUG 20256 --- [    Test worker] o.s.b.f.s.DefaultListableBeanFactory     : Creating shared instance of singleton bean 'org.springframework.boot.actuate.autoconfigure.metrics.JvmMetricsAutoConfiguration'
?[0m?[0;34m2023-10-03T20:55:29.139+03:00 DEBUG 20256 --- [    Test worker] o.s.b.f.s.DefaultListableBeanFactory     : Creating shared instance of singleton bean 'jvmGcMetrics'
?[0m?[0;34m2023-10-03T20:55:29.141+03:00 DEBUG 20256 --- [    Test worker] i.m.c.u.i.logging.InternalLoggerFactory  : Using SLF4J as the default logging framework
?[0m?[0;34m2023-10-03T20:55:29.146+03:00 DEBUG 20256 --- [    Test worker] o.s.b.f.s.DefaultListableBeanFactory     : Creating shared instance of singleton bean 'jvmHeapPressureMetrics'
?[0m?[0;34m2023-10-03T20:55:29.150+03:00 DEBUG 20256 --- [    Test worker] o.s.b.f.s.DefaultListableBeanFactory     : Creating shared instance of singleton bean 'jvmMemoryMetrics'
?[0m?[0;34m2023-10-03T20:55:29.150+03:00 DEBUG 20256 --- [    Test worker] o.s.b.f.s.DefaultListableBeanFactory     : Creating shared instance of singleton bean 'jvmThreadMetrics'
?[0m?[0;34m2023-10-03T20:55:29.151+03:00 DEBUG 20256 --- [    Test worker] o.s.b.f.s.DefaultListableBeanFactory     : Creating shared instance of singleton bean 'classLoaderMetrics'
?[0m?[0;34m2023-10-03T20:55:29.151+03:00 DEBUG 20256 --- [    Test worker] o.s.b.f.s.DefaultListableBeanFactory     : Creating shared instance of singleton bean 'jvmInfoMetrics'
?[0m?[0;34m2023-10-03T20:55:29.152+03:00 DEBUG 20256 --- [    Test worker] o.s.b.f.s.DefaultListableBeanFactory     : Creating shared instance of singleton bean 'jvmCompilationMetrics'
?[0m?[0;34m2023-10-03T20:55:29.152+03:00 DEBUG 20256 --- [    Test worker] o.s.b.f.s.DefaultListableBeanFactory     : Creating shared instance of singleton bean 'org.springframework.boot.actuate.autoconfigure.metrics.LogbackMetricsAutoConfiguration'
?[0m?[0;34m2023-10-03T20:55:29.152+03:00 DEBUG 20256 --- [    Test worker] o.s.b.f.s.DefaultListableBeanFactory     : Creating shared instance of singleton bean 'logbackMetrics'
?[0m?[0;34m2023-10-03T20:55:29.153+03:00 DEBUG 20256 --- [    Test worker] o.s.b.f.s.DefaultListableBeanFactory     : Creating shared instance of singleton bean 'org.springframework.boot.actuate.autoconfigure.metrics.SystemMetricsAutoConfiguration'
?[0m?[0;34m2023-10-03T20:55:29.153+03:00 DEBUG 20256 --- [    Test worker] o.s.b.f.s.DefaultListableBeanFactory     : Creating shared instance of singleton bean 'uptimeMetrics'
?[0m?[0;34m2023-10-03T20:55:29.154+03:00 DEBUG 20256 --- [    Test worker] o.s.b.f.s.DefaultListableBeanFactory     : Creating shared instance of singleton bean 'processorMetrics'
?[0m?[0;34m2023-10-03T20:55:29.155+03:00 DEBUG 20256 --- [    Test worker] o.s.b.f.s.DefaultListableBeanFactory     : Creating shared instance of singleton bean 'fileDescriptorMetrics'
?[0m?[0;34m2023-10-03T20:55:29.156+03:00 DEBUG 20256 --- [    Test worker] o.s.b.f.s.DefaultListableBeanFactory     : Creating shared instance of singleton bean 'diskSpaceMetrics'
?[0m?[0;34m2023-10-03T20:55:29.157+03:00 DEBUG 20256 --- [    Test worker] o.s.b.f.s.DefaultListableBeanFactory     : Autowiring by type from bean name 'diskSpaceMetrics' via factory method to bean named 'management.metrics-org.springframework.boot.actuate.autoconfigure.metrics.MetricsProperties'
?[0m?[0;34m2023-10-03T20:55:29.158+03:00 DEBUG 20256 --- [    Test worker] o.s.b.f.s.DefaultListableBeanFactory     : Creating shared instance of singleton bean 'org.springframework.boot.actuate.autoconfigure.metrics.integration.IntegrationMetricsAutoConfiguration'
?[0m?[0;34m2023-10-03T20:55:29.158+03:00 DEBUG 20256 --- [    Test worker] o.s.b.f.s.DefaultListableBeanFactory     : Creating shared instance of singleton bean 'org.springframework.boot.actuate.autoconfigure.metrics.startup.StartupTimeMetricsListenerAutoConfiguration'
?[0m?[0;34m2023-10-03T20:55:29.159+03:00 DEBUG 20256 --- [    Test worker] o.s.b.f.s.DefaultListableBeanFactory     : Creating shared instance of singleton bean 'startupTimeMetrics'
?[0m?[0;34m2023-10-03T20:55:29.159+03:00 DEBUG 20256 --- [    Test worker] o.s.b.f.s.DefaultListableBeanFactory     : Autowiring by type from bean name 'startupTimeMetrics' via factory method to bean named 'simpleMeterRegistry'
?[0m?[0;34m2023-10-03T20:55:29.160+03:00 DEBUG 20256 --- [    Test worker] o.s.b.f.s.DefaultListableBeanFactory     : Creating shared instance of singleton bean 'org.springframework.boot.autoconfigure.task.TaskSchedulingAutoConfiguration'
?[0m?[0;34m2023-10-03T20:55:29.161+03:00 DEBUG 20256 --- [    Test worker] o.s.b.f.s.DefaultListableBeanFactory     : Creating shared instance of singleton bean 'taskSchedulerBuilder'
?[0m?[0;34m2023-10-03T20:55:29.162+03:00 DEBUG 20256 --- [    Test worker] o.s.b.f.s.DefaultListableBeanFactory     : Creating shared instance of singleton bean 'spring.task.scheduling-org.springframework.boot.autoconfigure.task.TaskSchedulingProperties'
?[0m?[0;34m2023-10-03T20:55:29.163+03:00 DEBUG 20256 --- [    Test worker] o.s.b.f.s.DefaultListableBeanFactory     : Autowiring by type from bean name 'taskSchedulerBuilder' via factory method to bean named 'spring.task.scheduling-org.springframework.boot.autoconfigure.task.TaskSchedulingProperties'
?[0m?[0;34m2023-10-03T20:55:29.164+03:00 DEBUG 20256 --- [    Test worker] o.s.b.f.s.DefaultListableBeanFactory     : Creating shared instance of singleton bean 'org.springframework.boot.actuate.autoconfigure.metrics.task.TaskExecutorMetricsAutoConfiguration'
?[0m?[0;34m2023-10-03T20:55:29.171+03:00 DEBUG 20256 --- [    Test worker] o.s.b.f.s.DefaultListableBeanFactory     : Creating shared instance of singleton bean 'org.springframework.boot.actuate.autoconfigure.metrics.web.tomcat.TomcatMetricsAutoConfiguration'
?[0m?[0;34m2023-10-03T20:55:29.171+03:00 DEBUG 20256 --- [    Test worker] o.s.b.f.s.DefaultListableBeanFactory     : Creating shared instance of singleton bean 'tomcatMetricsBinder'
?[0m?[0;34m2023-10-03T20:55:29.171+03:00 DEBUG 20256 --- [    Test worker] o.s.b.f.s.DefaultListableBeanFactory     : Autowiring by type from bean name 'tomcatMetricsBinder' via factory method to bean named 'simpleMeterRegistry'
?[0m?[0;34m2023-10-03T20:55:29.171+03:00 DEBUG 20256 --- [    Test worker] o.s.b.f.s.DefaultListableBeanFactory     : Creating shared instance of singleton bean 'org.springframework.boot.actuate.autoconfigure.observation.ObservationAutoConfiguration$MeterObservationHandlerConfiguration'
?[0m?[0;34m2023-10-03T20:55:29.171+03:00 DEBUG 20256 --- [    Test worker] o.s.b.f.s.DefaultListableBeanFactory     : Creating shared instance of singleton bean 'org.springframework.boot.autoconfigure.gson.GsonAutoConfiguration'
?[0m?[0;34m2023-10-03T20:55:29.172+03:00 DEBUG 20256 --- [    Test worker] o.s.b.f.s.DefaultListableBeanFactory     : Creating shared instance of singleton bean 'gsonBuilder'
?[0m?[0;34m2023-10-03T20:55:29.172+03:00 DEBUG 20256 --- [    Test worker] o.s.b.f.s.DefaultListableBeanFactory     : Creating shared instance of singleton bean 'standardGsonBuilderCustomizer'
?[0m?[0;34m2023-10-03T20:55:29.173+03:00 DEBUG 20256 --- [    Test worker] o.s.b.f.s.DefaultListableBeanFactory     : Creating shared instance of singleton bean 'spring.gson-org.springframework.boot.autoconfigure.gson.GsonProperties'
?[0m?[0;34m2023-10-03T20:55:29.175+03:00 DEBUG 20256 --- [    Test worker] o.s.b.f.s.DefaultListableBeanFactory     : Autowiring by type from bean name 'standardGsonBuilderCustomizer' via factory method to bean named 'spring.gson-org.springframework.boot.autoconfigure.gson.GsonProperties'
?[0m?[0;34m2023-10-03T20:55:29.175+03:00 DEBUG 20256 --- [    Test worker] o.s.b.f.s.DefaultListableBeanFactory     : Autowiring by type from bean name 'gsonBuilder' via factory method to bean named 'standardGsonBuilderCustomizer'
?[0m?[0;34m2023-10-03T20:55:29.179+03:00 DEBUG 20256 --- [    Test worker] o.s.b.f.s.DefaultListableBeanFactory     : Creating shared instance of singleton bean 'gson'
?[0m?[0;34m2023-10-03T20:55:29.180+03:00 DEBUG 20256 --- [    Test worker] o.s.b.f.s.DefaultListableBeanFactory     : Autowiring by type from bean name 'gson' via factory method to bean named 'gsonBuilder'
?[0m?[0;34m2023-10-03T20:55:29.180+03:00 DEBUG 20256 --- [    Test worker] o.s.b.f.s.DefaultListableBeanFactory     : Creating shared instance of singleton bean 'org.springframework.boot.autoconfigure.http.JacksonHttpMessageConvertersConfiguration'
?[0m?[0;34m2023-10-03T20:55:29.181+03:00 DEBUG 20256 --- [    Test worker] o.s.b.f.s.DefaultListableBeanFactory     : Creating shared instance of singleton bean 'org.springframework.boot.autoconfigure.http.GsonHttpMessageConvertersConfiguration'
?[0m?[0;34m2023-10-03T20:55:29.181+03:00 DEBUG 20256 --- [    Test worker] o.s.b.f.s.DefaultListableBeanFactory     : Creating shared instance of singleton bean 'org.springframework.boot.autoconfigure.web.client.RestTemplateAutoConfiguration'
?[0m?[0;34m2023-10-03T20:55:29.182+03:00 DEBUG 20256 --- [    Test worker] o.s.b.f.s.DefaultListableBeanFactory     : Creating shared instance of singleton bean 'org.springframework.boot.actuate.autoconfigure.observation.web.client.RestTemplateObservationConfiguration'
?[0m?[0;34m2023-10-03T20:55:29.182+03:00 DEBUG 20256 --- [    Test worker] o.s.b.f.s.DefaultListableBeanFactory     : Creating shared instance of singleton bean 'observationRestTemplateCustomizer'
?[0m?[0;34m2023-10-03T20:55:29.183+03:00 DEBUG 20256 --- [    Test worker] o.s.b.f.s.DefaultListableBeanFactory     : Autowiring by type from bean name 'observationRestTemplateCustomizer' via factory method to bean named 'observationRegistry'
?[0m?[0;34m2023-10-03T20:55:29.183+03:00 DEBUG 20256 --- [    Test worker] o.s.b.f.s.DefaultListableBeanFactory     : Autowiring by type from bean name 'observationRestTemplateCustomizer' via factory method to bean named 'management.observations-org.springframework.boot.actuate.autoconfigure.observation.ObservationProperties'
?[0m?[0;34m2023-10-03T20:55:29.183+03:00 DEBUG 20256 --- [    Test worker] o.s.b.f.s.DefaultListableBeanFactory     : Autowiring by type from bean name 'observationRestTemplateCustomizer' via factory method to bean named 'management.metrics-org.springframework.boot.actuate.autoconfigure.metrics.MetricsProperties'
?[0m?[0;34m2023-10-03T20:55:29.189+03:00 DEBUG 20256 --- [    Test worker] o.s.b.f.s.DefaultListableBeanFactory     : Creating shared instance of singleton bean 'org.springframework.boot.actuate.autoconfigure.observation.web.client.HttpClientObservationsAutoConfiguration'
?[0m?[0;34m2023-10-03T20:55:29.189+03:00 DEBUG 20256 --- [    Test worker] o.s.b.f.s.DefaultListableBeanFactory     : Creating shared instance of singleton bean 'org.springframework.boot.actuate.autoconfigure.web.exchanges.HttpExchangesEndpointAutoConfiguration'
?[0m?[0;34m2023-10-03T20:55:29.190+03:00 DEBUG 20256 --- [    Test worker] o.s.b.f.s.DefaultListableBeanFactory     : Creating shared instance of singleton bean 'org.springframework.boot.autoconfigure.aop.AopAutoConfiguration$ClassProxyingConfiguration'
?[0m?[0;34m2023-10-03T20:55:29.190+03:00 DEBUG 20256 --- [    Test worker] o.s.b.f.s.DefaultListableBeanFactory     : Creating shared instance of singleton bean 'org.springframework.boot.autoconfigure.aop.AopAutoConfiguration'
?[0m?[0;34m2023-10-03T20:55:29.190+03:00 DEBUG 20256 --- [    Test worker] o.s.b.f.s.DefaultListableBeanFactory     : Creating shared instance of singleton bean 'org.springframework.boot.autoconfigure.context.ConfigurationPropertiesAutoConfiguration'
?[0m?[0;34m2023-10-03T20:55:29.190+03:00 DEBUG 20256 --- [    Test worker] o.s.b.f.s.DefaultListableBeanFactory     : Creating shared instance of singleton bean 'org.springframework.boot.autoconfigure.context.LifecycleAutoConfiguration'
?[0m?[0;34m2023-10-03T20:55:29.190+03:00 DEBUG 20256 --- [    Test worker] o.s.b.f.s.DefaultListableBeanFactory     : Creating shared instance of singleton bean 'lifecycleProcessor'
?[0m?[0;34m2023-10-03T20:55:29.191+03:00 DEBUG 20256 --- [    Test worker] o.s.b.f.s.DefaultListableBeanFactory     : Creating shared instance of singleton bean 'spring.lifecycle-org.springframework.boot.autoconfigure.context.LifecycleProperties'
?[0m?[0;34m2023-10-03T20:55:29.192+03:00 DEBUG 20256 --- [    Test worker] o.s.b.f.s.DefaultListableBeanFactory     : Autowiring by type from bean name 'lifecycleProcessor' via factory method to bean named 'spring.lifecycle-org.springframework.boot.autoconfigure.context.LifecycleProperties'
?[0m?[0;34m2023-10-03T20:55:29.194+03:00 DEBUG 20256 --- [    Test worker] o.s.b.f.s.DefaultListableBeanFactory     : Creating shared instance of singleton bean 'org.springframework.boot.autoconfigure.sql.init.SqlInitializationAutoConfiguration'
?[0m?[0;34m2023-10-03T20:55:29.194+03:00 DEBUG 20256 --- [    Test worker] o.s.b.f.s.DefaultListableBeanFactory     : Creating shared instance of singleton bean 'spring.sql.init-org.springframework.boot.autoconfigure.sql.init.SqlInitializationProperties'
?[0m?[0;34m2023-10-03T20:55:29.197+03:00 DEBUG 20256 --- [    Test worker] o.s.b.f.s.DefaultListableBeanFactory     : Creating shared instance of singleton bean 'org.springframework.boot.autoconfigure.web.embedded.EmbeddedWebServerFactoryCustomizerAutoConfiguration'
?[0m?[0;34m2023-10-03T20:55:29.197+03:00 DEBUG 20256 --- [    Test worker] o.s.b.f.s.DefaultListableBeanFactory     : Creating shared instance of singleton bean 'multipartResolver'
?[0m?[0;34m2023-10-03T20:55:29.203+03:00 DEBUG 20256 --- [    Test worker] o.s.b.f.s.DefaultListableBeanFactory     : Creating shared instance of singleton bean 'org.springframework.boot.actuate.autoconfigure.endpoint.web.servlet.WebMvcEndpointManagementContextConfiguration'
?[0m?[0;34m2023-10-03T20:55:29.204+03:00 DEBUG 20256 --- [    Test worker] o.s.b.f.s.DefaultListableBeanFactory     : Creating shared instance of singleton bean 'webEndpointServletHandlerMapping'
?[0m?[0;34m2023-10-03T20:55:29.206+03:00 DEBUG 20256 --- [    Test worker] o.s.b.f.s.DefaultListableBeanFactory     : Creating shared instance of singleton bean 'management.endpoints.web.cors-org.springframework.boot.actuate.autoconfigure.endpoint.web.CorsEndpointProperties'
?[0m?[0;34m2023-10-03T20:55:29.212+03:00 DEBUG 20256 --- [    Test worker] o.s.b.f.s.DefaultListableBeanFactory     : Autowiring by type from bean name 'webEndpointServletHandlerMapping' via factory method to bean named 'webEndpointDiscoverer'
?[0m?[0;34m2023-10-03T20:55:29.213+03:00 DEBUG 20256 --- [    Test worker] o.s.b.f.s.DefaultListableBeanFactory     : Autowiring by type from bean name 'webEndpointServletHandlerMapping' via factory method to bean named 'servletEndpointDiscoverer'
?[0m?[0;34m2023-10-03T20:55:29.213+03:00 DEBUG 20256 --- [    Test worker] o.s.b.f.s.DefaultListableBeanFactory     : Autowiring by type from bean name 'webEndpointServletHandlerMapping' via factory method to bean named 'controllerEndpointDiscoverer'
?[0m?[0;34m2023-10-03T20:55:29.213+03:00 DEBUG 20256 --- [    Test worker] o.s.b.f.s.DefaultListableBeanFactory     : Autowiring by type from bean name 'webEndpointServletHandlerMapping' via factory method to bean named 'endpointMediaTypes'
?[0m?[0;34m2023-10-03T20:55:29.213+03:00 DEBUG 20256 --- [    Test worker] o.s.b.f.s.DefaultListableBeanFactory     : Autowiring by type from bean name 'webEndpointServletHandlerMapping' via factory method to bean named 'management.endpoints.web.cors-org.springframework.boot.actuate.autoconfigure.endpoint.web.CorsEndpointProperties'
?[0m?[0;34m2023-10-03T20:55:29.213+03:00 DEBUG 20256 --- [    Test worker] o.s.b.f.s.DefaultListableBeanFactory     : Autowiring by type from bean name 'webEndpointServletHandlerMapping' via factory method to bean named 'management.endpoints.web-org.springframework.boot.actuate.autoconfigure.endpoint.web.WebEndpointProperties'
?[0m?[0;34m2023-10-03T20:55:29.213+03:00 DEBUG 20256 --- [    Test worker] o.s.b.f.s.DefaultListableBeanFactory     : Autowiring by type from bean name 'webEndpointServletHandlerMapping' via factory method to bean named 'environment'
?[0m?[0;34m2023-10-03T20:55:29.214+03:00  INFO 20256 --- [    Test worker] o.s.b.a.e.web.EndpointLinksResolver      : Exposing 14 endpoint(s) beneath base path '/actuator'
?[0m?[0;34m2023-10-03T20:55:29.227+03:00 DEBUG 20256 --- [    Test worker] o.s.b.f.s.DefaultListableBeanFactory     : Creating shared instance of singleton bean 'controllerEndpointHandlerMapping'
?[0m?[0;34m2023-10-03T20:55:29.227+03:00 DEBUG 20256 --- [    Test worker] o.s.b.f.s.DefaultListableBeanFactory     : Autowiring by type from bean name 'controllerEndpointHandlerMapping' via factory method to bean named 'controllerEndpointDiscoverer'
?[0m?[0;34m2023-10-03T20:55:29.227+03:00 DEBUG 20256 --- [    Test worker] o.s.b.f.s.DefaultListableBeanFactory     : Autowiring by type from bean name 'controllerEndpointHandlerMapping' via factory method to bean named 'management.endpoints.web.cors-org.springframework.boot.actuate.autoconfigure.endpoint.web.CorsEndpointProperties'
?[0m?[0;34m2023-10-03T20:55:29.227+03:00 DEBUG 20256 --- [    Test worker] o.s.b.f.s.DefaultListableBeanFactory     : Autowiring by type from bean name 'controllerEndpointHandlerMapping' via factory method to bean named 'management.endpoints.web-org.springframework.boot.actuate.autoconfigure.endpoint.web.WebEndpointProperties'
?[0m?[0;34m2023-10-03T20:55:29.229+03:00 DEBUG 20256 --- [    Test worker] o.s.b.f.s.DefaultListableBeanFactory     : Creating shared instance of singleton bean 'org.springframework.boot.actuate.autoconfigure.web.server.ManagementContextAutoConfiguration$SameManagementContextConfiguration$EnableSameManagementContextConfiguration'
?[0m?[0;34m2023-10-03T20:55:29.230+03:00 DEBUG 20256 --- [    Test worker] o.s.b.f.s.DefaultListableBeanFactory     : Creating shared instance of singleton bean 'org.springframework.boot.actuate.autoconfigure.web.server.ManagementContextAutoConfiguration$SameManagementContextConfiguration'
?[0m?[0;34m2023-10-03T20:55:29.230+03:00 DEBUG 20256 --- [    Test worker] o.s.b.f.s.DefaultListableBeanFactory     : Autowiring by type from bean name 'org.springframework.boot.actuate.autoconfigure.web.server.ManagementContextAutoConfiguration$SameManagementContextConfiguration' via constructor to bean named 'environment'
?[0m?[0;34m2023-10-03T20:55:29.231+03:00 DEBUG 20256 --- [    Test worker] o.s.b.f.s.DefaultListableBeanFactory     : Creating shared instance of singleton bean 'org.springframework.boot.actuate.autoconfigure.web.server.ManagementContextAutoConfiguration'
?[0m?[0;34m2023-10-03T20:55:29.231+03:00 DEBUG 20256 --- [    Test worker] o.s.b.f.s.DefaultListableBeanFactory     : Creating shared instance of singleton bean 'management.server-org.springframework.boot.actuate.autoconfigure.web.server.ManagementServerProperties'
?[0m?[0;34m2023-10-03T20:55:29.257+03:00 DEBUG 20256 --- [    Test worker] o.s.c.support.DefaultLifecycleProcessor  : Starting beans in phase -2147483647
?[0m?[0;34m2023-10-03T20:55:29.258+03:00 DEBUG 20256 --- [    Test worker] o.s.c.support.DefaultLifecycleProcessor  : Successfully started bean 'springBootLoggingLifecycle'
?[0m?[0;34m2023-10-03T20:55:29.258+03:00 DEBUG 20256 --- [    Test worker] o.s.c.support.DefaultLifecycleProcessor  : Starting beans in phase 2147481599
?[0m?[0;34m2023-10-03T20:55:29.268+03:00  INFO 20256 --- [    Test worker] o.s.b.w.embedded.tomcat.TomcatWebServer  : Tomcat started on port(s): 28852 (http) with context path ''
?[0;34m2023-10-03T20:55:29.268+03:00 DEBUG 20256 --- [-28852-Acceptor] o.apache.tomcat.util.threads.LimitLatch  : Counting up[http-nio-28852-Acceptor] latch=0
?[0m?[0;34m2023-10-03T20:55:29.270+03:00 DEBUG 20256 --- [    Test worker] o.s.c.support.DefaultLifecycleProcessor  : Successfully started bean 'webServerStartStop'
?[0m?[0;34m2023-10-03T20:55:29.270+03:00 DEBUG 20256 --- [    Test worker] o.s.c.support.DefaultLifecycleProcessor  : Starting beans in phase 2147482623
?[0m?[0;34m2023-10-03T20:55:29.270+03:00 DEBUG 20256 --- [    Test worker] o.s.c.support.DefaultLifecycleProcessor  : Successfully started bean 'webServerGracefulShutdown'
?[0m?[0;34m2023-10-03T20:55:29.287+03:00 DEBUG 20256 --- [    Test worker] .s.b.a.l.ConditionEvaluationReportLogger : 
?[0m?[0;34m
?[0m?[0;34m
?[0m?[0;34m============================
?[0m?[0;34mCONDITIONS EVALUATION REPORT
?[0m?[0;34m============================
?[0m?[0;34m
?[0m?[0;34m
?[0m?[0;34mPositive matches:
?[0m?[0;34m-----------------
?[0m?[0;34m
?[0m?[0;34m   AopAutoConfiguration matched:
?[0m?[0;34m      - @ConditionalOnProperty (spring.aop.auto=true) matched (OnPropertyCondition)
?[0m?[0;34m
?[0m?[0;34m   AopAutoConfiguration.ClassProxyingConfiguration matched:
?[0m?[0;34m      - @ConditionalOnMissingClass did not find unwanted class 'org.aspectj.weaver.Advice' (OnClassCondition)
?[0m?[0;34m      - @ConditionalOnProperty (spring.aop.proxy-target-class=true) matched (OnPropertyCondition)
?[0m?[0;34m
?[0m?[0;34m   AuditEventsEndpointAutoConfiguration matched:
?[0m?[0;34m      - @ConditionalOnAvailableEndpoint marked as exposed by a 'management.endpoints.web.exposure' property (OnAvailableEndpointCondition)
?[0m?[0;34m
?[0m?[0;34m   BeansEndpointAutoConfiguration matched:
?[0m?[0;34m      - @ConditionalOnAvailableEndpoint marked as exposed by a 'management.endpoints.web.exposure' property (OnAvailableEndpointCondition)
?[0m?[0;34m
?[0m?[0;34m   BeansEndpointAutoConfiguration#beansEndpoint matched:
?[0m?[0;34m      - @ConditionalOnMissingBean (types: org.springframework.boot.actuate.beans.BeansEndpoint; SearchStrategy: all) did not find any beans (OnBeanCondition)
?[0m?[0;34m
?[0m?[0;34m   CacheMeterBinderProvidersConfiguration matched:
?[0m?[0;34m      - @ConditionalOnClass found required class 'io.micrometer.core.instrument.binder.MeterBinder' (OnClassCondition)
?[0m?[0;34m
?[0m?[0;34m   CachesEndpointAutoConfiguration matched:
?[0m?[0;34m      - @ConditionalOnClass found required class 'org.springframework.cache.CacheManager' (OnClassCondition)
?[0m?[0;34m      - @ConditionalOnAvailableEndpoint marked as exposed by a 'management.endpoints.web.exposure' property (OnAvailableEndpointCondition)
?[0m?[0;34m
?[0m?[0;34m   CachesEndpointAutoConfiguration#cachesEndpoint matched:
?[0m?[0;34m      - @ConditionalOnMissingBean (types: org.springframework.boot.actuate.cache.CachesEndpoint; SearchStrategy: all) did not find any beans (OnBeanCondition)
?[0m?[0;34m
?[0m?[0;34m   CachesEndpointAutoConfiguration#cachesEndpointWebExtension matched:
?[0m?[0;34m      - @ConditionalOnBean (types: org.springframework.boot.actuate.cache.CachesEndpoint; SearchStrategy: all) found bean 'cachesEndpoint'; @ConditionalOnMissingBean (types: org.springframework.boot.actuate.cache.CachesEndpointWebExtension; SearchStrategy: all) did not find any beans (OnBeanCondition)
?[0m?[0;34m      - @ConditionalOnAvailableEndpoint marked as exposed by a 'management.endpoints.web.exposure' property (OnAvailableEndpointCondition)
?[0m?[0;34m
?[0m?[0;34m   CompositeMeterRegistryAutoConfiguration matched:
?[0m?[0;34m      - @ConditionalOnClass found required class 'io.micrometer.core.instrument.composite.CompositeMeterRegistry' (OnClassCondition)
?[0m?[0;34m
?[0m?[0;34m   ConditionsReportEndpointAutoConfiguration matched:
?[0m?[0;34m      - @ConditionalOnAvailableEndpoint marked as exposed by a 'management.endpoints.web.exposure' property (OnAvailableEndpointCondition)
?[0m?[0;34m
?[0m?[0;34m   ConditionsReportEndpointAutoConfiguration#conditionsReportEndpoint matched:
?[0m?[0;34m      - @ConditionalOnMissingBean (types: org.springframework.boot.actuate.autoconfigure.condition.ConditionsReportEndpoint; SearchStrategy: current) did not find any beans (OnBeanCondition)
?[0m?[0;34m
?[0m?[0;34m   ConfigurationPropertiesReportEndpointAutoConfiguration matched:
?[0m?[0;34m      - @ConditionalOnAvailableEndpoint marked as exposed by a 'management.endpoints.web.exposure' property (OnAvailableEndpointCondition)
?[0m?[0;34m
?[0m?[0;34m   ConfigurationPropertiesReportEndpointAutoConfiguration#configurationPropertiesReportEndpoint matched:
?[0m?[0;34m      - @ConditionalOnMissingBean (types: org.springframework.boot.actuate.context.properties.ConfigurationPropertiesReportEndpoint; SearchStrategy: all) did not find any beans (OnBeanCondition)
?[0m?[0;34m
?[0m?[0;34m   ConfigurationPropertiesReportEndpointAutoConfiguration#configurationPropertiesReportEndpointWebExtension matched:
?[0m?[0;34m      - @ConditionalOnBean (types: org.springframework.boot.actuate.context.properties.ConfigurationPropertiesReportEndpoint; SearchStrategy: all) found bean 'configurationPropertiesReportEndpoint'; @ConditionalOnMissingBean (types: org.springframework.boot.actuate.context.properties.ConfigurationPropertiesReportEndpointWebExtension; SearchStrategy: all) did not find any beans (OnBeanCondition)
?[0m?[0;34m      - @ConditionalOnAvailableEndpoint marked as exposed by a 'management.endpoints.web.exposure' property (OnAvailableEndpointCondition)
?[0m?[0;34m
?[0m?[0;34m   DiskSpaceHealthContributorAutoConfiguration matched:
?[0m?[0;34m      - @ConditionalOnEnabledHealthIndicator management.health.defaults.enabled is considered true (OnEnabledHealthIndicatorCondition)
?[0m?[0;34m
?[0m?[0;34m   DiskSpaceHealthContributorAutoConfiguration#diskSpaceHealthIndicator matched:
?[0m?[0;34m      - @ConditionalOnMissingBean (names: diskSpaceHealthIndicator; SearchStrategy: all) did not find any beans (OnBeanCondition)
?[0m?[0;34m
?[0m?[0;34m   DispatcherServletAutoConfiguration matched:
?[0m?[0;34m      - @ConditionalOnClass found required class 'org.springframework.web.servlet.DispatcherServlet' (OnClassCondition)
?[0m?[0;34m      - found 'session' scope (OnWebApplicationCondition)
?[0m?[0;34m
?[0m?[0;34m   DispatcherServletAutoConfiguration.DispatcherServletConfiguration matched:
?[0m?[0;34m      - @ConditionalOnClass found required class 'jakarta.servlet.ServletRegistration' (OnClassCondition)
?[0m?[0;34m      - Default DispatcherServlet did not find dispatcher servlet beans (DispatcherServletAutoConfiguration.DefaultDispatcherServletCondition)
?[0m?[0;34m
?[0m?[0;34m   DispatcherServletAutoConfiguration.DispatcherServletRegistrationConfiguration matched:
?[0m?[0;34m      - @ConditionalOnClass found required class 'jakarta.servlet.ServletRegistration' (OnClassCondition)
?[0m?[0;34m      - DispatcherServlet Registration did not find servlet registration bean (DispatcherServletAutoConfiguration.DispatcherServletRegistrationCondition)
?[0m?[0;34m
?[0m?[0;34m   DispatcherServletAutoConfiguration.DispatcherServletRegistrationConfiguration#dispatcherServletRegistration matched:
?[0m?[0;34m      - @ConditionalOnBean (names: dispatcherServlet types: org.springframework.web.servlet.DispatcherServlet; SearchStrategy: all) found bean 'dispatcherServlet' (OnBeanCondition)
?[0m?[0;34m
?[0m?[0;34m   EmbeddedWebServerFactoryCustomizerAutoConfiguration matched:
?[0m?[0;34m      - @ConditionalOnWebApplication (required) found 'session' scope (OnWebApplicationCondition)
?[0m?[0;34m
?[0m?[0;34m   EmbeddedWebServerFactoryCustomizerAutoConfiguration.TomcatWebServerFactoryCustomizerConfiguration matched:
?[0m?[0;34m      - @ConditionalOnClass found required classes 'org.apache.catalina.startup.Tomcat', 'org.apache.coyote.UpgradeProtocol' (OnClassCondition)
?[0m?[0;34m
?[0m?[0;34m   EndpointAutoConfiguration#endpointCachingOperationInvokerAdvisor matched:
?[0m?[0;34m      - @ConditionalOnMissingBean (types: org.springframework.boot.actuate.endpoint.invoker.cache.CachingOperationInvokerAdvisor; SearchStrategy: all) did not find any beans (OnBeanCondition)
?[0m?[0;34m
?[0m?[0;34m   EndpointAutoConfiguration#endpointOperationParameterMapper matched:
?[0m?[0;34m      - @ConditionalOnMissingBean (types: org.springframework.boot.actuate.endpoint.invoke.ParameterValueMapper; SearchStrategy: all) did not find any beans (OnBeanCondition)
?[0m?[0;34m
?[0m?[0;34m   EnvironmentEndpointAutoConfiguration matched:
?[0m?[0;34m      - @ConditionalOnAvailableEndpoint marked as exposed by a 'management.endpoints.web.exposure' property (OnAvailableEndpointCondition)
?[0m?[0;34m
?[0m?[0;34m   EnvironmentEndpointAutoConfiguration#environmentEndpoint matched:
?[0m?[0;34m      - @ConditionalOnMissingBean (types: org.springframework.boot.actuate.env.EnvironmentEndpoint; SearchStrategy: all) did not find any beans (OnBeanCondition)
?[0m?[0;34m
?[0m?[0;34m   EnvironmentEndpointAutoConfiguration#environmentEndpointWebExtension matched:
?[0m?[0;34m      - @ConditionalOnBean (types: org.springframework.boot.actuate.env.EnvironmentEndpoint; SearchStrategy: all) found bean 'environmentEndpoint'; @ConditionalOnMissingBean (types: org.springframework.boot.actuate.env.EnvironmentEndpointWebExtension; SearchStrategy: all) did not find any beans (OnBeanCondition)
?[0m?[0;34m      - @ConditionalOnAvailableEndpoint marked as exposed by a 'management.endpoints.web.exposure' property (OnAvailableEndpointCondition)
?[0m?[0;34m
?[0m?[0;34m   ErrorMvcAutoConfiguration matched:
?[0m?[0;34m      - @ConditionalOnClass found required classes 'jakarta.servlet.Servlet', 'org.springframework.web.servlet.DispatcherServlet' (OnClassCondition)
?[0m?[0;34m      - found 'session' scope (OnWebApplicationCondition)
?[0m?[0;34m
?[0m?[0;34m   ErrorMvcAutoConfiguration#basicErrorController matched:
?[0m?[0;34m      - @ConditionalOnMissingBean (types: org.springframework.boot.web.servlet.error.ErrorController; SearchStrategy: current) did not find any beans (OnBeanCondition)
?[0m?[0;34m
?[0m?[0;34m   ErrorMvcAutoConfiguration#errorAttributes matched:
?[0m?[0;34m      - @ConditionalOnMissingBean (types: org.springframework.boot.web.servlet.error.ErrorAttributes; SearchStrategy: current) did not find any beans (OnBeanCondition)
?[0m?[0;34m
?[0m?[0;34m   ErrorMvcAutoConfiguration.DefaultErrorViewResolverConfiguration#conventionErrorViewResolver matched:
?[0m?[0;34m      - @ConditionalOnBean (types: org.springframework.web.servlet.DispatcherServlet; SearchStrategy: all) found bean 'dispatcherServlet'; @ConditionalOnMissingBean (types: org.springframework.boot.autoconfigure.web.servlet.error.ErrorViewResolver; SearchStrategy: all) did not find any beans (OnBeanCondition)
?[0m?[0;34m
?[0m?[0;34m   ErrorMvcAutoConfiguration.WhitelabelErrorViewConfiguration matched:
?[0m?[0;34m      - @ConditionalOnProperty (server.error.whitelabel.enabled) matched (OnPropertyCondition)
?[0m?[0;34m      - ErrorTemplate Missing did not find error template view (ErrorMvcAutoConfiguration.ErrorTemplateMissingCondition)
?[0m?[0;34m
?[0m?[0;34m   ErrorMvcAutoConfiguration.WhitelabelErrorViewConfiguration#beanNameViewResolver matched:
?[0m?[0;34m      - @ConditionalOnMissingBean (types: org.springframework.web.servlet.view.BeanNameViewResolver; SearchStrategy: all) did not find any beans (OnBeanCondition)
?[0m?[0;34m
?[0m?[0;34m   ErrorMvcAutoConfiguration.WhitelabelErrorViewConfiguration#defaultErrorView matched:
?[0m?[0;34m      - @ConditionalOnMissingBean (names: error; SearchStrategy: all) did not find any beans (OnBeanCondition)
?[0m?[0;34m
?[0m?[0;34m   GenericCacheConfiguration matched:
?[0m?[0;34m      - Cache org.springframework.boot.autoconfigure.cache.GenericCacheConfiguration automatic cache type (CacheCondition)
?[0m?[0;34m
?[0m?[0;34m   GsonAutoConfiguration matched:
?[0m?[0;34m      - @ConditionalOnClass found required class 'com.google.gson.Gson' (OnClassCondition)
?[0m?[0;34m
?[0m?[0;34m   GsonAutoConfiguration#gson matched:
?[0m?[0;34m      - @ConditionalOnMissingBean (types: com.google.gson.Gson; SearchStrategy: all) did not find any beans (OnBeanCondition)
?[0m?[0;34m
?[0m?[0;34m   GsonAutoConfiguration#gsonBuilder matched:
?[0m?[0;34m      - @ConditionalOnMissingBean (types: com.google.gson.GsonBuilder; SearchStrategy: all) did not find any beans (OnBeanCondition)
?[0m?[0;34m
?[0m?[0;34m   GsonHttpMessageConvertersConfiguration matched:
?[0m?[0;34m      - @ConditionalOnClass found required class 'com.google.gson.Gson' (OnClassCondition)
?[0m?[0;34m
?[0m?[0;34m   HealthContributorAutoConfiguration#pingHealthContributor matched:
?[0m?[0;34m      - @ConditionalOnEnabledHealthIndicator management.health.defaults.enabled is considered true (OnEnabledHealthIndicatorCondition)
?[0m?[0;34m
?[0m?[0;34m   HealthEndpointAutoConfiguration matched:
?[0m?[0;34m      - @ConditionalOnAvailableEndpoint marked as exposed by a 'management.endpoints.web.exposure' property (OnAvailableEndpointCondition)
?[0m?[0;34m
?[0m?[0;34m   HealthEndpointConfiguration#healthContributorRegistry matched:
?[0m?[0;34m      - @ConditionalOnMissingBean (types: org.springframework.boot.actuate.health.HealthContributorRegistry; SearchStrategy: all) did not find any beans (OnBeanCondition)
?[0m?[0;34m
?[0m?[0;34m   HealthEndpointConfiguration#healthEndpoint matched:
?[0m?[0;34m      - @ConditionalOnMissingBean (types: org.springframework.boot.actuate.health.HealthEndpoint; SearchStrategy: all) did not find any beans (OnBeanCondition)
?[0m?[0;34m
?[0m?[0;34m   HealthEndpointConfiguration#healthEndpointGroups matched:
?[0m?[0;34m      - @ConditionalOnMissingBean (types: org.springframework.boot.actuate.health.HealthEndpointGroups; SearchStrategy: all) did not find any beans (OnBeanCondition)
?[0m?[0;34m
?[0m?[0;34m   HealthEndpointConfiguration#healthHttpCodeStatusMapper matched:
?[0m?[0;34m      - @ConditionalOnMissingBean (types: org.springframework.boot.actuate.health.HttpCodeStatusMapper; SearchStrategy: all) did not find any beans (OnBeanCondition)
?[0m?[0;34m
?[0m?[0;34m   HealthEndpointConfiguration#healthStatusAggregator matched:
?[0m?[0;34m      - @ConditionalOnMissingBean (types: org.springframework.boot.actuate.health.StatusAggregator; SearchStrategy: all) did not find any beans (OnBeanCondition)
?[0m?[0;34m
?[0m?[0;34m   HealthEndpointWebExtensionConfiguration matched:
?[0m?[0;34m      - found 'session' scope (OnWebApplicationCondition)
?[0m?[0;34m      - @ConditionalOnAvailableEndpoint marked as exposed by a 'management.endpoints.web.exposure' property (OnAvailableEndpointCondition)
?[0m?[0;34m      - @ConditionalOnBean (types: org.springframework.boot.actuate.health.HealthEndpoint; SearchStrategy: all) found bean 'healthEndpoint' (OnBeanCondition)
?[0m?[0;34m
?[0m?[0;34m   HealthEndpointWebExtensionConfiguration#healthEndpointWebExtension matched:
?[0m?[0;34m      - @ConditionalOnMissingBean (types: org.springframework.boot.actuate.health.HealthEndpointWebExtension; SearchStrategy: all) did not find any beans (OnBeanCondition)
?[0m?[0;34m
?[0m?[0;34m   HealthEndpointWebExtensionConfiguration.MvcAdditionalHealthEndpointPathsConfiguration matched:
?[0m?[0;34m      - @ConditionalOnAvailableEndpoint marked as exposed by a 'management.endpoints.web.exposure' property (OnAvailableEndpointCondition)
?[0m?[0;34m      - @ConditionalOnBean (types: org.springframework.web.servlet.DispatcherServlet; SearchStrategy: all) found bean 'dispatcherServlet' (OnBeanCondition)
?[0m?[0;34m
?[0m?[0;34m   HeapDumpWebEndpointAutoConfiguration matched:
?[0m?[0;34m      - @ConditionalOnAvailableEndpoint marked as exposed by a 'management.endpoints.web.exposure' property (OnAvailableEndpointCondition)
?[0m?[0;34m
?[0m?[0;34m   HeapDumpWebEndpointAutoConfiguration#heapDumpWebEndpoint matched:
?[0m?[0;34m      - @ConditionalOnMissingBean (types: org.springframework.boot.actuate.management.HeapDumpWebEndpoint; SearchStrategy: all) did not find any beans (OnBeanCondition)
?[0m?[0;34m
?[0m?[0;34m   HttpClientObservationsAutoConfiguration matched:
?[0m?[0;34m      - @ConditionalOnClass found required class 'io.micrometer.observation.Observation' (OnClassCondition)
?[0m?[0;34m      - @ConditionalOnBean (types: io.micrometer.observation.ObservationRegistry; SearchStrategy: all) found bean 'observationRegistry' (OnBeanCondition)
?[0m?[0;34m
?[0m?[0;34m   HttpClientObservationsAutoConfiguration.MeterFilterConfiguration matched:
?[0m?[0;34m      - @ConditionalOnClass found required class 'io.micrometer.core.instrument.MeterRegistry' (OnClassCondition)
?[0m?[0;34m      - @ConditionalOnBean (types: io.micrometer.core.instrument.MeterRegistry; SearchStrategy: all) found bean 'simpleMeterRegistry' (OnBeanCondition)
?[0m?[0;34m
?[0m?[0;34m   HttpEncodingAutoConfiguration matched:
?[0m?[0;34m      - @ConditionalOnClass found required class 'org.springframework.web.filter.CharacterEncodingFilter' (OnClassCondition)
?[0m?[0;34m      - found 'session' scope (OnWebApplicationCondition)
?[0m?[0;34m      - @ConditionalOnProperty (server.servlet.encoding.enabled) matched (OnPropertyCondition)
?[0m?[0;34m
?[0m?[0;34m   HttpEncodingAutoConfiguration#characterEncodingFilter matched:
?[0m?[0;34m      - @ConditionalOnMissingBean (types: org.springframework.web.filter.CharacterEncodingFilter; SearchStrategy: all) did not find any beans (OnBeanCondition)
?[0m?[0;34m
?[0m?[0;34m   HttpExchangesEndpointAutoConfiguration matched:
?[0m?[0;34m      - @ConditionalOnAvailableEndpoint marked as exposed by a 'management.endpoints.web.exposure' property (OnAvailableEndpointCondition)
?[0m?[0;34m
?[0m?[0;34m   HttpMessageConvertersAutoConfiguration matched:
?[0m?[0;34m      - @ConditionalOnClass found required class 'org.springframework.http.converter.HttpMessageConverter' (OnClassCondition)
?[0m?[0;34m      - NoneNestedConditions 0 matched 1 did not; NestedCondition on HttpMessageConvertersAutoConfiguration.NotReactiveWebApplicationCondition.ReactiveWebApplication did not find reactive web application classes (HttpMessageConvertersAutoConfiguration.NotReactiveWebApplicationCondition)
?[0m?[0;34m
?[0m?[0;34m   HttpMessageConvertersAutoConfiguration#messageConverters matched:
?[0m?[0;34m      - @ConditionalOnMissingBean (types: org.springframework.boot.autoconfigure.http.HttpMessageConverters; SearchStrategy: all) did not find any beans (OnBeanCondition)
?[0m?[0;34m
?[0m?[0;34m   HttpMessageConvertersAutoConfiguration.StringHttpMessageConverterConfiguration matched:
?[0m?[0;34m      - @ConditionalOnClass found required class 'org.springframework.http.converter.StringHttpMessageConverter' (OnClassCondition)
?[0m?[0;34m
?[0m?[0;34m   HttpMessageConvertersAutoConfiguration.StringHttpMessageConverterConfiguration#stringHttpMessageConverter matched:
?[0m?[0;34m      - @ConditionalOnMissingBean (types: org.springframework.http.converter.StringHttpMessageConverter; SearchStrategy: all) did not find any beans (OnBeanCondition)
?[0m?[0;34m
?[0m?[0;34m   InfoEndpointAutoConfiguration matched:
?[0m?[0;34m      - @ConditionalOnAvailableEndpoint marked as exposed by a 'management.endpoints.web.exposure' property (OnAvailableEndpointCondition)
?[0m?[0;34m
?[0m?[0;34m   InfoEndpointAutoConfiguration#infoEndpoint matched:
?[0m?[0;34m      - @ConditionalOnMissingBean (types: org.springframework.boot.actuate.info.InfoEndpoint; SearchStrategy: all) did not find any beans (OnBeanCondition)
?[0m?[0;34m
?[0m?[0;34m   JacksonAutoConfiguration matched:
?[0m?[0;34m      - @ConditionalOnClass found required class 'com.fasterxml.jackson.databind.ObjectMapper' (OnClassCondition)
?[0m?[0;34m
?[0m?[0;34m   JacksonAutoConfiguration.Jackson2ObjectMapperBuilderCustomizerConfiguration matched:
?[0m?[0;34m      - @ConditionalOnClass found required class 'org.springframework.http.converter.json.Jackson2ObjectMapperBuilder' (OnClassCondition)
?[0m?[0;34m
?[0m?[0;34m   JacksonAutoConfiguration.JacksonObjectMapperBuilderConfiguration matched:
?[0m?[0;34m      - @ConditionalOnClass found required class 'org.springframework.http.converter.json.Jackson2ObjectMapperBuilder' (OnClassCondition)
?[0m?[0;34m
?[0m?[0;34m   JacksonAutoConfiguration.JacksonObjectMapperBuilderConfiguration#jacksonObjectMapperBuilder matched:
?[0m?[0;34m      - @ConditionalOnMissingBean (types: org.springframework.http.converter.json.Jackson2ObjectMapperBuilder; SearchStrategy: all) did not find any beans (OnBeanCondition)
?[0m?[0;34m
?[0m?[0;34m   JacksonAutoConfiguration.JacksonObjectMapperConfiguration matched:
?[0m?[0;34m      - @ConditionalOnClass found required class 'org.springframework.http.converter.json.Jackson2ObjectMapperBuilder' (OnClassCondition)
?[0m?[0;34m
?[0m?[0;34m   JacksonAutoConfiguration.JacksonObjectMapperConfiguration#jacksonObjectMapper matched:
?[0m?[0;34m      - @ConditionalOnMissingBean (types: com.fasterxml.jackson.databind.ObjectMapper; SearchStrategy: all) did not find any beans (OnBeanCondition)
?[0m?[0;34m
?[0m?[0;34m   JacksonAutoConfiguration.ParameterNamesModuleConfiguration matched:
?[0m?[0;34m      - @ConditionalOnClass found required class 'com.fasterxml.jackson.module.paramnames.ParameterNamesModule' (OnClassCondition)
?[0m?[0;34m
?[0m?[0;34m   JacksonAutoConfiguration.ParameterNamesModuleConfiguration#parameterNamesModule matched:
?[0m?[0;34m      - @ConditionalOnMissingBean (types: com.fasterxml.jackson.module.paramnames.ParameterNamesModule; SearchStrategy: all) did not find any beans (OnBeanCondition)
?[0m?[0;34m
?[0m?[0;34m   JacksonEndpointAutoConfiguration#endpointObjectMapper matched:
?[0m?[0;34m      - @ConditionalOnClass found required classes 'com.fasterxml.jackson.databind.ObjectMapper', 'org.springframework.http.converter.json.Jackson2ObjectMapperBuilder' (OnClassCondition)
?[0m?[0;34m      - @ConditionalOnProperty (management.endpoints.jackson.isolated-object-mapper) matched (OnPropertyCondition)
?[0m?[0;34m
?[0m?[0;34m   JacksonHttpMessageConvertersConfiguration.MappingJackson2HttpMessageConverterConfiguration matched:
?[0m?[0;34m      - @ConditionalOnClass found required class 'com.fasterxml.jackson.databind.ObjectMapper' (OnClassCondition)
?[0m?[0;34m      - @ConditionalOnProperty (spring.mvc.converters.preferred-json-mapper=jackson) matched (OnPropertyCondition)
?[0m?[0;34m      - @ConditionalOnBean (types: com.fasterxml.jackson.databind.ObjectMapper; SearchStrategy: all) found bean 'jacksonObjectMapper' (OnBeanCondition)
?[0m?[0;34m
?[0m?[0;34m   JacksonHttpMessageConvertersConfiguration.MappingJackson2HttpMessageConverterConfiguration#mappingJackson2HttpMessageConverter matched:
?[0m?[0;34m      - @ConditionalOnMissingBean (types: org.springframework.http.converter.json.MappingJackson2HttpMessageConverter ignored: org.springframework.hateoas.server.mvc.TypeConstrainedMappingJackson2HttpMessageConverter,org.springframework.data.rest.webmvc.alps.AlpsJsonHttpMessageConverter; SearchStrategy: all) did not find any beans (OnBeanCondition)
?[0m?[0;34m
?[0m?[0;34m   JvmMetricsAutoConfiguration matched:
?[0m?[0;34m      - @ConditionalOnClass found required class 'io.micrometer.core.instrument.MeterRegistry' (OnClassCondition)
?[0m?[0;34m      - @ConditionalOnBean (types: io.micrometer.core.instrument.MeterRegistry; SearchStrategy: all) found bean 'simpleMeterRegistry' (OnBeanCondition)
?[0m?[0;34m
?[0m?[0;34m   JvmMetricsAutoConfiguration#classLoaderMetrics matched:
?[0m?[0;34m      - @ConditionalOnMissingBean (types: io.micrometer.core.instrument.binder.jvm.ClassLoaderMetrics; SearchStrategy: all) did not find any beans (OnBeanCondition)
?[0m?[0;34m
?[0m?[0;34m   JvmMetricsAutoConfiguration#jvmCompilationMetrics matched:
?[0m?[0;34m      - @ConditionalOnMissingBean (types: io.micrometer.core.instrument.binder.jvm.JvmCompilationMetrics; SearchStrategy: all) did not find any beans (OnBeanCondition)
?[0m?[0;34m
?[0m?[0;34m   JvmMetricsAutoConfiguration#jvmGcMetrics matched:
?[0m?[0;34m      - @ConditionalOnMissingBean (types: io.micrometer.core.instrument.binder.jvm.JvmGcMetrics; SearchStrategy: all) did not find any beans (OnBeanCondition)
?[0m?[0;34m
?[0m?[0;34m   JvmMetricsAutoConfiguration#jvmHeapPressureMetrics matched:
?[0m?[0;34m      - @ConditionalOnMissingBean (types: io.micrometer.core.instrument.binder.jvm.JvmHeapPressureMetrics; SearchStrategy: all) did not find any beans (OnBeanCondition)
?[0m?[0;34m
?[0m?[0;34m   JvmMetricsAutoConfiguration#jvmInfoMetrics matched:
?[0m?[0;34m      - @ConditionalOnMissingBean (types: io.micrometer.core.instrument.binder.jvm.JvmInfoMetrics; SearchStrategy: all) did not find any beans (OnBeanCondition)
?[0m?[0;34m
?[0m?[0;34m   JvmMetricsAutoConfiguration#jvmMemoryMetrics matched:
?[0m?[0;34m      - @ConditionalOnMissingBean (types: io.micrometer.core.instrument.binder.jvm.JvmMemoryMetrics; SearchStrategy: all) did not find any beans (OnBeanCondition)
?[0m?[0;34m
?[0m?[0;34m   JvmMetricsAutoConfiguration#jvmThreadMetrics matched:
?[0m?[0;34m      - @ConditionalOnMissingBean (types: io.micrometer.core.instrument.binder.jvm.JvmThreadMetrics; SearchStrategy: all) did not find any beans (OnBeanCondition)
?[0m?[0;34m
?[0m?[0;34m   LifecycleAutoConfiguration#defaultLifecycleProcessor matched:
?[0m?[0;34m      - @ConditionalOnMissingBean (names: lifecycleProcessor; SearchStrategy: current) did not find any beans (OnBeanCondition)
?[0m?[0;34m
?[0m?[0;34m   LogFileWebEndpointAutoConfiguration matched:
?[0m?[0;34m      - @ConditionalOnAvailableEndpoint marked as exposed by a 'management.endpoints.web.exposure' property (OnAvailableEndpointCondition)
?[0m?[0;34m
?[0m?[0;34m   LogbackMetricsAutoConfiguration matched:
?[0m?[0;34m      - @ConditionalOnClass found required classes 'io.micrometer.core.instrument.MeterRegistry', 'ch.qos.logback.classic.LoggerContext', 'org.slf4j.LoggerFactory' (OnClassCondition)
?[0m?[0;34m      - LogbackLoggingCondition ILoggerFactory is a Logback LoggerContext (LogbackMetricsAutoConfiguration.LogbackLoggingCondition)
?[0m?[0;34m      - @ConditionalOnBean (types: io.micrometer.core.instrument.MeterRegistry; SearchStrategy: all) found bean 'simpleMeterRegistry' (OnBeanCondition)
?[0m?[0;34m
?[0m?[0;34m   LogbackMetricsAutoConfiguration#logbackMetrics matched:
?[0m?[0;34m      - @ConditionalOnMissingBean (types: io.micrometer.core.instrument.binder.logging.LogbackMetrics; SearchStrategy: all) did not find any beans (OnBeanCondition)
?[0m?[0;34m
?[0m?[0;34m   LoggersEndpointAutoConfiguration matched:
?[0m?[0;34m      - @ConditionalOnAvailableEndpoint marked as exposed by a 'management.endpoints.web.exposure' property (OnAvailableEndpointCondition)
?[0m?[0;34m
?[0m?[0;34m   LoggersEndpointAutoConfiguration#loggersEndpoint matched:
?[0m?[0;34m      - Logging System enabled (LoggersEndpointAutoConfiguration.OnEnabledLoggingSystemCondition)
?[0m?[0;34m      - @ConditionalOnBean (types: org.springframework.boot.logging.LoggingSystem; SearchStrategy: all) found bean 'springBootLoggingSystem'; @ConditionalOnMissingBean (types: org.springframework.boot.actuate.logging.LoggersEndpoint; SearchStrategy: all) did not find any beans (OnBeanCondition)
?[0m?[0;34m
?[0m?[0;34m   ManagementContextAutoConfiguration.SameManagementContextConfiguration matched:
?[0m?[0;34m      - Management Port actual port type (SAME) matched required type (OnManagementPortCondition)
?[0m?[0;34m
?[0m?[0;34m   MappingsEndpointAutoConfiguration matched:
?[0m?[0;34m      - @ConditionalOnAvailableEndpoint marked as exposed by a 'management.endpoints.web.exposure' property (OnAvailableEndpointCondition)
?[0m?[0;34m
?[0m?[0;34m   MappingsEndpointAutoConfiguration.ServletWebConfiguration matched:
?[0m?[0;34m      - found 'session' scope (OnWebApplicationCondition)
?[0m?[0;34m
?[0m?[0;34m   MappingsEndpointAutoConfiguration.ServletWebConfiguration.SpringMvcConfiguration matched:
?[0m?[0;34m      - @ConditionalOnClass found required class 'org.springframework.web.servlet.DispatcherServlet' (OnClassCondition)
?[0m?[0;34m      - @ConditionalOnBean (types: org.springframework.web.servlet.DispatcherServlet; SearchStrategy: all) found bean 'dispatcherServlet' (OnBeanCondition)
?[0m?[0;34m
?[0m?[0;34m   MetricsAutoConfiguration matched:
?[0m?[0;34m      - @ConditionalOnClass found required class 'io.micrometer.core.annotation.Timed' (OnClassCondition)
?[0m?[0;34m
?[0m?[0;34m   MetricsAutoConfiguration#micrometerClock matched:
?[0m?[0;34m      - @ConditionalOnMissingBean (types: io.micrometer.core.instrument.Clock; SearchStrategy: all) did not find any beans (OnBeanCondition)
?[0m?[0;34m
?[0m?[0;34m   MetricsEndpointAutoConfiguration matched:
?[0m?[0;34m      - @ConditionalOnClass found required class 'io.micrometer.core.annotation.Timed' (OnClassCondition)
?[0m?[0;34m      - @ConditionalOnAvailableEndpoint marked as exposed by a 'management.endpoints.web.exposure' property (OnAvailableEndpointCondition)
?[0m?[0;34m
?[0m?[0;34m   MetricsEndpointAutoConfiguration#metricsEndpoint matched:
?[0m?[0;34m      - @ConditionalOnBean (types: io.micrometer.core.instrument.MeterRegistry; SearchStrategy: all) found bean 'simpleMeterRegistry'; @ConditionalOnMissingBean (types: org.springframework.boot.actuate.metrics.MetricsEndpoint; SearchStrategy: all) did not find any beans (OnBeanCondition)
?[0m?[0;34m
?[0m?[0;34m   MultipartAutoConfiguration matched:
?[0m?[0;34m      - @ConditionalOnClass found required classes 'jakarta.servlet.Servlet', 'org.springframework.web.multipart.support.StandardServletMultipartResolver', 'jakarta.servlet.MultipartConfigElement' (OnClassCondition)
?[0m?[0;34m      - found 'session' scope (OnWebApplicationCondition)
?[0m?[0;34m      - @ConditionalOnProperty (spring.servlet.multipart.enabled) matched (OnPropertyCondition)
?[0m?[0;34m
?[0m?[0;34m   MultipartAutoConfiguration#multipartConfigElement matched:
?[0m?[0;34m      - @ConditionalOnMissingBean (types: jakarta.servlet.MultipartConfigElement; SearchStrategy: all) did not find any beans (OnBeanCondition)
?[0m?[0;34m
?[0m?[0;34m   MultipartAutoConfiguration#multipartResolver matched:
?[0m?[0;34m      - @ConditionalOnMissingBean (types: org.springframework.web.multipart.MultipartResolver; SearchStrategy: all) did not find any beans (OnBeanCondition)
?[0m?[0;34m
?[0m?[0;34m   NoOpCacheConfiguration matched:
?[0m?[0;34m      - Cache org.springframework.boot.autoconfigure.cache.NoOpCacheConfiguration automatic cache type (CacheCondition)
?[0m?[0;34m
?[0m?[0;34m   ObservationAutoConfiguration matched:
?[0m?[0;34m      - @ConditionalOnClass found required class 'io.micrometer.observation.ObservationRegistry' (OnClassCondition)
?[0m?[0;34m
?[0m?[0;34m   ObservationAutoConfiguration#observationRegistry matched:
?[0m?[0;34m      - @ConditionalOnMissingBean (types: io.micrometer.observation.ObservationRegistry; SearchStrategy: all) did not find any beans (OnBeanCondition)
?[0m?[0;34m
?[0m?[0;34m   ObservationAutoConfiguration.MeterObservationHandlerConfiguration matched:
?[0m?[0;34m      - @ConditionalOnBean (types: io.micrometer.core.instrument.MeterRegistry; SearchStrategy: all) found bean 'simpleMeterRegistry'; @ConditionalOnMissingBean (types: io.micrometer.core.instrument.observation.MeterObservationHandler; SearchStrategy: all) did not find any beans (OnBeanCondition)
?[0m?[0;34m
?[0m?[0;34m   ObservationAutoConfiguration.MeterObservationHandlerConfiguration.OnlyMetricsMeterObservationHandlerConfiguration matched:
?[0m?[0;34m      - @ConditionalOnMissingBean (types: io.micrometer.tracing.Tracer; SearchStrategy: all) did not find any beans (OnBeanCondition)
?[0m?[0;34m
?[0m?[0;34m   ObservationAutoConfiguration.OnlyMetricsConfiguration matched:
?[0m?[0;34m      - @ConditionalOnClass found required class 'io.micrometer.core.instrument.MeterRegistry'; @ConditionalOnMissingClass did not find unwanted class 'io.micrometer.tracing.Tracer' (OnClassCondition)
?[0m?[0;34m
?[0m?[0;34m   PropertyPlaceholderAutoConfiguration#propertySourcesPlaceholderConfigurer matched:
?[0m?[0;34m      - @ConditionalOnMissingBean (types: org.springframework.context.support.PropertySourcesPlaceholderConfigurer; SearchStrategy: current) did not find any beans (OnBeanCondition)
?[0m?[0;34m
?[0m?[0;34m   RestTemplateAutoConfiguration matched:
?[0m?[0;34m      - @ConditionalOnClass found required class 'org.springframework.web.client.RestTemplate' (OnClassCondition)
?[0m?[0;34m      - NoneNestedConditions 0 matched 1 did not; NestedCondition on RestTemplateAutoConfiguration.NotReactiveWebApplicationCondition.ReactiveWebApplication did not find reactive web application classes (RestTemplateAutoConfiguration.NotReactiveWebApplicationCondition)
?[0m?[0;34m
?[0m?[0;34m   RestTemplateAutoConfiguration#restTemplateBuilder matched:
?[0m?[0;34m      - @ConditionalOnMissingBean (types: org.springframework.boot.web.client.RestTemplateBuilder; SearchStrategy: all) did not find any beans (OnBeanCondition)
?[0m?[0;34m
?[0m?[0;34m   RestTemplateAutoConfiguration#restTemplateBuilderConfigurer matched:
?[0m?[0;34m      - @ConditionalOnMissingBean (types: org.springframework.boot.autoconfigure.web.client.RestTemplateBuilderConfigurer; SearchStrategy: all) did not find any beans (OnBeanCondition)
?[0m?[0;34m
?[0m?[0;34m   RestTemplateObservationConfiguration matched:
?[0m?[0;34m      - @ConditionalOnClass found required class 'org.springframework.web.client.RestTemplate' (OnClassCondition)
?[0m?[0;34m      - @ConditionalOnBean (types: org.springframework.boot.web.client.RestTemplateBuilder; SearchStrategy: all) found bean 'restTemplateBuilder' (OnBeanCondition)
?[0m?[0;34m
?[0m?[0;34m   ScheduledTasksEndpointAutoConfiguration matched:
?[0m?[0;34m      - @ConditionalOnAvailableEndpoint marked as exposed by a 'management.endpoints.web.exposure' property (OnAvailableEndpointCondition)
?[0m?[0;34m
?[0m?[0;34m   ScheduledTasksEndpointAutoConfiguration#scheduledTasksEndpoint matched:
?[0m?[0;34m      - @ConditionalOnMissingBean (types: org.springframework.boot.actuate.scheduling.ScheduledTasksEndpoint; SearchStrategy: all) did not find any beans (OnBeanCondition)
?[0m?[0;34m
?[0m?[0;34m   ServletEndpointManagementContextConfiguration matched:
?[0m?[0;34m      - found 'session' scope (OnWebApplicationCondition)
?[0m?[0;34m
?[0m?[0;34m   ServletEndpointManagementContextConfiguration.WebMvcServletEndpointManagementContextConfiguration matched:
?[0m?[0;34m      - @ConditionalOnClass found required class 'org.springframework.web.servlet.DispatcherServlet' (OnClassCondition)
?[0m?[0;34m
?[0m?[0;34m   ServletManagementContextAutoConfiguration matched:
?[0m?[0;34m      - @ConditionalOnClass found required class 'jakarta.servlet.Servlet' (OnClassCondition)
?[0m?[0;34m      - found 'session' scope (OnWebApplicationCondition)
?[0m?[0;34m
?[0m?[0;34m   ServletWebServerFactoryAutoConfiguration matched:
?[0m?[0;34m      - @ConditionalOnClass found required class 'jakarta.servlet.ServletRequest' (OnClassCondition)
?[0m?[0;34m      - found 'session' scope (OnWebApplicationCondition)
?[0m?[0;34m
?[0m?[0;34m   ServletWebServerFactoryAutoConfiguration#tomcatServletWebServerFactoryCustomizer matched:
?[0m?[0;34m      - @ConditionalOnClass found required class 'org.apache.catalina.startup.Tomcat' (OnClassCondition)
?[0m?[0;34m
?[0m?[0;34m   ServletWebServerFactoryConfiguration.EmbeddedTomcat matched:
?[0m?[0;34m      - @ConditionalOnClass found required classes 'jakarta.servlet.Servlet', 'org.apache.catalina.startup.Tomcat', 'org.apache.coyote.UpgradeProtocol' (OnClassCondition)
?[0m?[0;34m      - @ConditionalOnMissingBean (types: org.springframework.boot.web.servlet.server.ServletWebServerFactory; SearchStrategy: current) did not find any beans (OnBeanCondition)
?[0m?[0;34m
?[0m?[0;34m   ShutdownEndpointAutoConfiguration matched:
?[0m?[0;34m      - @ConditionalOnAvailableEndpoint marked as exposed by a 'management.endpoints.web.exposure' property (OnAvailableEndpointCondition)
?[0m?[0;34m
?[0m?[0;34m   ShutdownEndpointAutoConfiguration#shutdownEndpoint matched:
?[0m?[0;34m      - @ConditionalOnMissingBean (types: org.springframework.boot.actuate.context.ShutdownEndpoint; SearchStrategy: all) did not find any beans (OnBeanCondition)
?[0m?[0;34m
?[0m?[0;34m   SimpleCacheConfiguration matched:
?[0m?[0;34m      - Cache org.springframework.boot.autoconfigure.cache.SimpleCacheConfiguration automatic cache type (CacheCondition)
?[0m?[0;34m
?[0m?[0;34m   SimpleMetricsExportAutoConfiguration matched:
?[0m?[0;34m      - @ConditionalOnEnabledMetricsExport management.defaults.metrics.export.enabled is considered true (OnMetricsExportEnabledCondition)
?[0m?[0;34m      - @ConditionalOnBean (types: io.micrometer.core.instrument.Clock; SearchStrategy: all) found bean 'micrometerClock'; @ConditionalOnMissingBean (types: io.micrometer.core.instrument.MeterRegistry; SearchStrategy: all) did not find any beans (OnBeanCondition)
?[0m?[0;34m
?[0m?[0;34m   SimpleMetricsExportAutoConfiguration#simpleConfig matched:
?[0m?[0;34m      - @ConditionalOnMissingBean (types: io.micrometer.core.instrument.simple.SimpleConfig; SearchStrategy: all) did not find any beans (OnBeanCondition)
?[0m?[0;34m
?[0m?[0;34m   SqlInitializationAutoConfiguration matched:
?[0m?[0;34m      - @ConditionalOnProperty (spring.sql.init.enabled) matched (OnPropertyCondition)
?[0m?[0;34m      - NoneNestedConditions 0 matched 1 did not; NestedCondition on SqlInitializationAutoConfiguration.SqlInitializationModeCondition.ModeIsNever @ConditionalOnProperty (spring.sql.init.mode=never) did not find property 'mode' (SqlInitializationAutoConfiguration.SqlInitializationModeCondition)
?[0m?[0;34m
?[0m?[0;34m   StartupTimeMetricsListenerAutoConfiguration matched:
?[0m?[0;34m      - @ConditionalOnClass found required class 'io.micrometer.core.instrument.MeterRegistry' (OnClassCondition)
?[0m?[0;34m      - @ConditionalOnBean (types: io.micrometer.core.instrument.MeterRegistry; SearchStrategy: all) found bean 'simpleMeterRegistry' (OnBeanCondition)
?[0m?[0;34m
?[0m?[0;34m   StartupTimeMetricsListenerAutoConfiguration#startupTimeMetrics matched:
?[0m?[0;34m      - @ConditionalOnMissingBean (types: org.springframework.boot.actuate.metrics.startup.StartupTimeMetricsListener; SearchStrategy: all) did not find any beans (OnBeanCondition)
?[0m?[0;34m
?[0m?[0;34m   SystemMetricsAutoConfiguration matched:
?[0m?[0;34m      - @ConditionalOnClass found required class 'io.micrometer.core.instrument.MeterRegistry' (OnClassCondition)
?[0m?[0;34m      - @ConditionalOnBean (types: io.micrometer.core.instrument.MeterRegistry; SearchStrategy: all) found bean 'simpleMeterRegistry' (OnBeanCondition)
?[0m?[0;34m
?[0m?[0;34m   SystemMetricsAutoConfiguration#diskSpaceMetrics matched:
?[0m?[0;34m      - @ConditionalOnMissingBean (types: org.springframework.boot.actuate.metrics.system.DiskSpaceMetricsBinder; SearchStrategy: all) did not find any beans (OnBeanCondition)
?[0m?[0;34m
?[0m?[0;34m   SystemMetricsAutoConfiguration#fileDescriptorMetrics matched:
?[0m?[0;34m      - @ConditionalOnMissingBean (types: io.micrometer.core.instrument.binder.system.FileDescriptorMetrics; SearchStrategy: all) did not find any beans (OnBeanCondition)
?[0m?[0;34m
?[0m?[0;34m   SystemMetricsAutoConfiguration#processorMetrics matched:
?[0m?[0;34m      - @ConditionalOnMissingBean (types: io.micrometer.core.instrument.binder.system.ProcessorMetrics; SearchStrategy: all) did not find any beans (OnBeanCondition)
?[0m?[0;34m
?[0m?[0;34m   SystemMetricsAutoConfiguration#uptimeMetrics matched:
?[0m?[0;34m      - @ConditionalOnMissingBean (types: io.micrometer.core.instrument.binder.system.UptimeMetrics; SearchStrategy: all) did not find any beans (OnBeanCondition)
?[0m?[0;34m
?[0m?[0;34m   TaskExecutionAutoConfiguration matched:
?[0m?[0;34m      - @ConditionalOnClass found required class 'org.springframework.scheduling.concurrent.ThreadPoolTaskExecutor' (OnClassCondition)
?[0m?[0;34m
?[0m?[0;34m   TaskExecutionAutoConfiguration#applicationTaskExecutor matched:
?[0m?[0;34m      - @ConditionalOnMissingBean (types: java.util.concurrent.Executor; SearchStrategy: all) did not find any beans (OnBeanCondition)
?[0m?[0;34m
?[0m?[0;34m   TaskExecutionAutoConfiguration#taskExecutorBuilder matched:
?[0m?[0;34m      - @ConditionalOnMissingBean (types: org.springframework.boot.task.TaskExecutorBuilder; SearchStrategy: all) did not find any beans (OnBeanCondition)
?[0m?[0;34m
?[0m?[0;34m   TaskExecutorMetricsAutoConfiguration matched:
?[0m?[0;34m      - @ConditionalOnClass found required class 'io.micrometer.core.instrument.binder.jvm.ExecutorServiceMetrics' (OnClassCondition)
?[0m?[0;34m      - @ConditionalOnBean (types: java.util.concurrent.Executor,io.micrometer.core.instrument.MeterRegistry; SearchStrategy: all) found beans 'applicationTaskExecutor', 'simpleMeterRegistry' (OnBeanCondition)
?[0m?[0;34m
?[0m?[0;34m   TaskSchedulingAutoConfiguration matched:
?[0m?[0;34m      - @ConditionalOnClass found required class 'org.springframework.scheduling.concurrent.ThreadPoolTaskScheduler' (OnClassCondition)
?[0m?[0;34m
?[0m?[0;34m   TaskSchedulingAutoConfiguration#taskSchedulerBuilder matched:
?[0m?[0;34m      - @ConditionalOnMissingBean (types: org.springframework.boot.task.TaskSchedulerBuilder; SearchStrategy: all) did not find any beans (OnBeanCondition)
?[0m?[0;34m
?[0m?[0;34m   ThreadDumpEndpointAutoConfiguration matched:
?[0m?[0;34m      - @ConditionalOnAvailableEndpoint marked as exposed by a 'management.endpoints.web.exposure' property (OnAvailableEndpointCondition)
?[0m?[0;34m
?[0m?[0;34m   ThreadDumpEndpointAutoConfiguration#dumpEndpoint matched:
?[0m?[0;34m      - @ConditionalOnMissingBean (types: org.springframework.boot.actuate.management.ThreadDumpEndpoint; SearchStrategy: all) did not find any beans (OnBeanCondition)
?[0m?[0;34m
?[0m?[0;34m   TomcatMetricsAutoConfiguration matched:
?[0m?[0;34m      - @ConditionalOnClass found required classes 'io.micrometer.core.instrument.binder.tomcat.TomcatMetrics', 'org.apache.catalina.Manager' (OnClassCondition)
?[0m?[0;34m      - @ConditionalOnWebApplication (required) found 'session' scope (OnWebApplicationCondition)
?[0m?[0;34m
?[0m?[0;34m   TomcatMetricsAutoConfiguration#tomcatMetricsBinder matched:
?[0m?[0;34m      - @ConditionalOnBean (types: io.micrometer.core.instrument.MeterRegistry; SearchStrategy: all) found bean 'simpleMeterRegistry'; @ConditionalOnMissingBean (types: io.micrometer.core.instrument.binder.tomcat.TomcatMetrics,org.springframework.boot.actuate.metrics.web.tomcat.TomcatMetricsBinder; SearchStrategy: all) did not find any beans (OnBeanCondition)
?[0m?[0;34m
?[0m?[0;34m   WebEndpointAutoConfiguration matched:
?[0m?[0;34m      - @ConditionalOnWebApplication (required) found 'session' scope (OnWebApplicationCondition)
?[0m?[0;34m
?[0m?[0;34m   WebEndpointAutoConfiguration#controllerEndpointDiscoverer matched:
?[0m?[0;34m      - @ConditionalOnMissingBean (types: org.springframework.boot.actuate.endpoint.web.annotation.ControllerEndpointsSupplier; SearchStrategy: all) did not find any beans (OnBeanCondition)
?[0m?[0;34m
?[0m?[0;34m   WebEndpointAutoConfiguration#endpointMediaTypes matched:
?[0m?[0;34m      - @ConditionalOnMissingBean (types: org.springframework.boot.actuate.endpoint.web.EndpointMediaTypes; SearchStrategy: all) did not find any beans (OnBeanCondition)
?[0m?[0;34m
?[0m?[0;34m   WebEndpointAutoConfiguration#pathMappedEndpoints matched:
?[0m?[0;34m      - @ConditionalOnMissingBean (types: org.springframework.boot.actuate.endpoint.web.PathMappedEndpoints; SearchStrategy: all) did not find any beans (OnBeanCondition)
?[0m?[0;34m
?[0m?[0;34m   WebEndpointAutoConfiguration#webEndpointDiscoverer matched:
?[0m?[0;34m      - @ConditionalOnMissingBean (types: org.springframework.boot.actuate.endpoint.web.WebEndpointsSupplier; SearchStrategy: all) did not find any beans (OnBeanCondition)
?[0m?[0;34m
?[0m?[0;34m   WebEndpointAutoConfiguration.WebEndpointServletConfiguration matched:
?[0m?[0;34m      - found 'session' scope (OnWebApplicationCondition)
?[0m?[0;34m
?[0m?[0;34m   WebEndpointAutoConfiguration.WebEndpointServletConfiguration#servletEndpointDiscoverer matched:
?[0m?[0;34m      - @ConditionalOnMissingBean (types: org.springframework.boot.actuate.endpoint.web.annotation.ServletEndpointsSupplier; SearchStrategy: all) did not find any beans (OnBeanCondition)
?[0m?[0;34m
?[0m?[0;34m   WebMvcAutoConfiguration matched:
?[0m?[0;34m      - @ConditionalOnClass found required classes 'jakarta.servlet.Servlet', 'org.springframework.web.servlet.DispatcherServlet', 'org.springframework.web.servlet.config.annotation.WebMvcConfigurer' (OnClassCondition)
?[0m?[0;34m      - found 'session' scope (OnWebApplicationCondition)
?[0m?[0;34m      - @ConditionalOnMissingBean (types: org.springframework.web.servlet.config.annotation.WebMvcConfigurationSupport; SearchStrategy: all) did not find any beans (OnBeanCondition)
?[0m?[0;34m
?[0m?[0;34m   WebMvcAutoConfiguration#formContentFilter matched:
?[0m?[0;34m      - @ConditionalOnProperty (spring.mvc.formcontent.filter.enabled) matched (OnPropertyCondition)
?[0m?[0;34m      - @ConditionalOnMissingBean (types: org.springframework.web.filter.FormContentFilter; SearchStrategy: all) did not find any beans (OnBeanCondition)
?[0m?[0;34m
?[0m?[0;34m   WebMvcAutoConfiguration.EnableWebMvcConfiguration#flashMapManager matched:
?[0m?[0;34m      - @ConditionalOnMissingBean (names: flashMapManager; SearchStrategy: all) did not find any beans (OnBeanCondition)
?[0m?[0;34m
?[0m?[0;34m   WebMvcAutoConfiguration.EnableWebMvcConfiguration#localeResolver matched:
?[0m?[0;34m      - @ConditionalOnMissingBean (names: localeResolver; SearchStrategy: all) did not find any beans (OnBeanCondition)
?[0m?[0;34m
?[0m?[0;34m   WebMvcAutoConfiguration.EnableWebMvcConfiguration#themeResolver matched:
?[0m?[0;34m      - @ConditionalOnMissingBean (names: themeResolver; SearchStrategy: all) did not find any beans (OnBeanCondition)
?[0m?[0;34m
?[0m?[0;34m   WebMvcAutoConfiguration.WebMvcAutoConfigurationAdapter#defaultViewResolver matched:
?[0m?[0;34m      - @ConditionalOnMissingBean (types: org.springframework.web.servlet.view.InternalResourceViewResolver; SearchStrategy: all) did not find any beans (OnBeanCondition)
?[0m?[0;34m
?[0m?[0;34m   WebMvcAutoConfiguration.WebMvcAutoConfigurationAdapter#requestContextFilter matched:
?[0m?[0;34m      - @ConditionalOnMissingBean (types: org.springframework.web.context.request.RequestContextListener,org.springframework.web.filter.RequestContextFilter; SearchStrategy: all) did not find any beans (OnBeanCondition)
?[0m?[0;34m
?[0m?[0;34m   WebMvcAutoConfiguration.WebMvcAutoConfigurationAdapter#viewResolver matched:
?[0m?[0;34m      - @ConditionalOnBean (types: org.springframework.web.servlet.ViewResolver; SearchStrategy: all) found beans 'defaultViewResolver', 'beanNameViewResolver', 'mvcViewResolver'; @ConditionalOnMissingBean (names: viewResolver types: org.springframework.web.servlet.view.ContentNegotiatingViewResolver; SearchStrategy: all) did not find any beans (OnBeanCondition)
?[0m?[0;34m
?[0m?[0;34m   WebMvcEndpointManagementContextConfiguration matched:
?[0m?[0;34m      - @ConditionalOnClass found required class 'org.springframework.web.servlet.DispatcherServlet' (OnClassCondition)
?[0m?[0;34m      - found 'session' scope (OnWebApplicationCondition)
?[0m?[0;34m      - @ConditionalOnBean (types: org.springframework.web.servlet.DispatcherServlet,org.springframework.boot.actuate.endpoint.web.WebEndpointsSupplier; SearchStrategy: all) found beans 'webEndpointDiscoverer', 'dispatcherServlet' (OnBeanCondition)
?[0m?[0;34m
?[0m?[0;34m   WebMvcEndpointManagementContextConfiguration#controllerEndpointHandlerMapping matched:
?[0m?[0;34m      - @ConditionalOnMissingBean (types: org.springframework.boot.actuate.endpoint.web.servlet.ControllerEndpointHandlerMapping; SearchStrategy: all) did not find any beans (OnBeanCondition)
?[0m?[0;34m
?[0m?[0;34m   WebMvcEndpointManagementContextConfiguration#endpointObjectMapperWebMvcConfigurer matched:
?[0m?[0;34m      - @ConditionalOnBean (types: org.springframework.boot.actuate.endpoint.jackson.EndpointObjectMapper; SearchStrategy: all) found bean 'endpointObjectMapper' (OnBeanCondition)
?[0m?[0;34m
?[0m?[0;34m   WebMvcEndpointManagementContextConfiguration#webEndpointServletHandlerMapping matched:
?[0m?[0;34m      - @ConditionalOnMissingBean (types: org.springframework.boot.actuate.endpoint.web.servlet.WebMvcEndpointHandlerMapping; SearchStrategy: all) did not find any beans (OnBeanCondition)
?[0m?[0;34m
?[0m?[0;34m   WebMvcObservationAutoConfiguration matched:
?[0m?[0;34m      - @ConditionalOnClass found required classes 'org.springframework.web.servlet.DispatcherServlet', 'io.micrometer.observation.Observation' (OnClassCondition)
?[0m?[0;34m      - found 'session' scope (OnWebApplicationCondition)
?[0m?[0;34m      - @ConditionalOnBean (types: io.micrometer.observation.ObservationRegistry; SearchStrategy: all) found bean 'observationRegistry' (OnBeanCondition)
?[0m?[0;34m
?[0m?[0;34m   WebMvcObservationAutoConfiguration#webMvcObservationFilter matched:
?[0m?[0;34m      - @ConditionalOnMissingBean (types: org.springframework.web.filter.ServerHttpObservationFilter; SearchStrategy: all) did not find any beans (OnBeanCondition)
?[0m?[0;34m
?[0m?[0;34m   WebMvcObservationAutoConfiguration.MeterFilterConfiguration matched:
?[0m?[0;34m      - @ConditionalOnClass found required class 'io.micrometer.core.instrument.MeterRegistry' (OnClassCondition)
?[0m?[0;34m      - @ConditionalOnBean (types: io.micrometer.core.instrument.MeterRegistry; SearchStrategy: all) found bean 'simpleMeterRegistry' (OnBeanCondition)
?[0m?[0;34m
?[0m?[0;34m   WebSocketServletAutoConfiguration matched:
?[0m?[0;34m      - @ConditionalOnClass found required classes 'jakarta.servlet.Servlet', 'jakarta.websocket.server.ServerContainer' (OnClassCondition)
?[0m?[0;34m      - found 'session' scope (OnWebApplicationCondition)
?[0m?[0;34m
?[0m?[0;34m   WebSocketServletAutoConfiguration.TomcatWebSocketConfiguration matched:
?[0m?[0;34m      - @ConditionalOnClass found required classes 'org.apache.catalina.startup.Tomcat', 'org.apache.tomcat.websocket.server.WsSci' (OnClassCondition)
?[0m?[0;34m
?[0m?[0;34m   WebSocketServletAutoConfiguration.TomcatWebSocketConfiguration#websocketServletWebServerCustomizer matched:
?[0m?[0;34m      - @ConditionalOnMissingBean (names: websocketServletWebServerCustomizer; SearchStrategy: all) did not find any beans (OnBeanCondition)
?[0m?[0;34m
?[0m?[0;34m
?[0m?[0;34mNegative matches:
?[0m?[0;34m-----------------
?[0m?[0;34m
?[0m?[0;34m   AopAutoConfiguration.AspectJAutoProxyingConfiguration:
?[0m?[0;34m      Did not match:
?[0m?[0;34m         - @ConditionalOnClass did not find required class 'org.aspectj.weaver.Advice' (OnClassCondition)
?[0m?[0;34m
?[0m?[0;34m   AppOpticsMetricsExportAutoConfiguration:
?[0m?[0;34m      Did not match:
?[0m?[0;34m         - @ConditionalOnClass did not find required class 'io.micrometer.appoptics.AppOpticsMeterRegistry' (OnClassCondition)
?[0m?[0;34m
?[0m?[0;34m   ArtemisAutoConfiguration:
?[0m?[0;34m      Did not match:
?[0m?[0;34m         - @ConditionalOnClass did not find required class 'jakarta.jms.ConnectionFactory' (OnClassCondition)
?[0m?[0;34m
?[0m?[0;34m   AtlasMetricsExportAutoConfiguration:
?[0m?[0;34m      Did not match:
?[0m?[0;34m         - @ConditionalOnClass did not find required class 'io.micrometer.atlas.AtlasMeterRegistry' (OnClassCondition)
?[0m?[0;34m
?[0m?[0;34m   AuditAutoConfiguration:
?[0m?[0;34m      Did not match:
?[0m?[0;34m         - @ConditionalOnBean (types: org.springframework.boot.actuate.audit.AuditEventRepository; SearchStrategy: all) did not find any beans of type org.springframework.boot.actuate.audit.AuditEventRepository (OnBeanCondition)
?[0m?[0;34m      Matched:
?[0m?[0;34m         - @ConditionalOnProperty (management.auditevents.enabled) matched (OnPropertyCondition)
?[0m?[0;34m
?[0m?[0;34m   AuditEventsEndpointAutoConfiguration#auditEventsEndpoint:
?[0m?[0;34m      Did not match:
?[0m?[0;34m         - @ConditionalOnBean (types: org.springframework.boot.actuate.audit.AuditEventRepository; SearchStrategy: all) did not find any beans of type org.springframework.boot.actuate.audit.AuditEventRepository (OnBeanCondition)
?[0m?[0;34m
?[0m?[0;34m   AvailabilityHealthContributorAutoConfiguration#livenessStateHealthIndicator:
?[0m?[0;34m      Did not match:
?[0m?[0;34m         - @ConditionalOnProperty (management.health.livenessstate.enabled=true) did not find property 'enabled' (OnPropertyCondition)
?[0m?[0;34m
?[0m?[0;34m   AvailabilityHealthContributorAutoConfiguration#readinessStateHealthIndicator:
?[0m?[0;34m      Did not match:
?[0m?[0;34m         - @ConditionalOnProperty (management.health.readinessstate.enabled=true) did not find property 'enabled' (OnPropertyCondition)
?[0m?[0;34m
?[0m?[0;34m   AvailabilityProbesAutoConfiguration:
?[0m?[0;34m      Did not match:
?[0m?[0;34m         - Probes availability not running on a supported cloud platform (AvailabilityProbesAutoConfiguration.ProbesCondition)
?[0m?[0;34m
?[0m?[0;34m   BatchAutoConfiguration:
?[0m?[0;34m      Did not match:
?[0m?[0;34m         - @ConditionalOnClass did not find required class 'org.springframework.batch.core.launch.JobLauncher' (OnClassCondition)
?[0m?[0;34m
?[0m?[0;34m   BraveAutoConfiguration:
?[0m?[0;34m      Did not match:
?[0m?[0;34m         - @ConditionalOnClass did not find required class 'brave.Tracer' (OnClassCondition)
?[0m?[0;34m
?[0m?[0;34m   Cache2kCacheConfiguration:
?[0m?[0;34m      Did not match:
?[0m?[0;34m         - @ConditionalOnClass did not find required class 'org.cache2k.Cache2kBuilder' (OnClassCondition)
?[0m?[0;34m
?[0m?[0;34m   CacheAutoConfiguration:
?[0m?[0;34m      Did not match:
?[0m?[0;34m         - @ConditionalOnBean (types: org.springframework.cache.interceptor.CacheAspectSupport; SearchStrategy: all) did not find any beans of type org.springframework.cache.interceptor.CacheAspectSupport (OnBeanCondition)
?[0m?[0;34m      Matched:
?[0m?[0;34m         - @ConditionalOnClass found required class 'org.springframework.cache.CacheManager' (OnClassCondition)
?[0m?[0;34m
?[0m?[0;34m   CacheAutoConfiguration.CacheManagerEntityManagerFactoryDependsOnPostProcessor:
?[0m?[0;34m      Did not match:
?[0m?[0;34m         - @ConditionalOnClass did not find required class 'org.springframework.orm.jpa.LocalContainerEntityManagerFactoryBean' (OnClassCondition)
?[0m?[0;34m         - Ancestor org.springframework.boot.autoconfigure.cache.CacheAutoConfiguration did not match (ConditionEvaluationReport.AncestorsMatchedCondition)
?[0m?[0;34m
?[0m?[0;34m   CacheMeterBinderProvidersConfiguration.Cache2kCacheMeterBinderProviderConfiguration:
?[0m?[0;34m      Did not match:
?[0m?[0;34m         - @ConditionalOnClass did not find required classes 'org.cache2k.Cache2kBuilder', 'org.cache2k.extra.spring.SpringCache2kCache', 'org.cache2k.extra.micrometer.Cache2kCacheMetrics' (OnClassCondition)
?[0m?[0;34m
?[0m?[0;34m   CacheMeterBinderProvidersConfiguration.CaffeineCacheMeterBinderProviderConfiguration:
?[0m?[0;34m      Did not match:
?[0m?[0;34m         - @ConditionalOnClass did not find required classes 'org.springframework.cache.caffeine.CaffeineCache', 'com.github.benmanes.caffeine.cache.Cache' (OnClassCondition)
?[0m?[0;34m
?[0m?[0;34m   CacheMeterBinderProvidersConfiguration.HazelcastCacheMeterBinderProviderConfiguration:
?[0m?[0;34m      Did not match:
?[0m?[0;34m         - @ConditionalOnClass did not find required classes 'com.hazelcast.spring.cache.HazelcastCache', 'com.hazelcast.core.Hazelcast' (OnClassCondition)
?[0m?[0;34m
?[0m?[0;34m   CacheMeterBinderProvidersConfiguration.JCacheCacheMeterBinderProviderConfiguration:
?[0m?[0;34m      Did not match:
?[0m?[0;34m         - @ConditionalOnClass did not find required classes 'org.springframework.cache.jcache.JCacheCache', 'javax.cache.CacheManager' (OnClassCondition)
?[0m?[0;34m
?[0m?[0;34m   CacheMeterBinderProvidersConfiguration.RedisCacheMeterBinderProviderConfiguration:
?[0m?[0;34m      Did not match:
?[0m?[0;34m         - @ConditionalOnClass did not find required class 'org.springframework.data.redis.cache.RedisCache' (OnClassCondition)
?[0m?[0;34m
?[0m?[0;34m   CacheMetricsAutoConfiguration:
?[0m?[0;34m      Did not match:
?[0m?[0;34m         - @ConditionalOnBean (types: org.springframework.cache.CacheManager; SearchStrategy: all) did not find any beans of type org.springframework.cache.CacheManager (OnBeanCondition)
?[0m?[0;34m
?[0m?[0;34m   CaffeineCacheConfiguration:
?[0m?[0;34m      Did not match:
?[0m?[0;34m         - @ConditionalOnClass did not find required class 'com.github.benmanes.caffeine.cache.Caffeine' (OnClassCondition)
?[0m?[0;34m
?[0m?[0;34m   CassandraAutoConfiguration:
?[0m?[0;34m      Did not match:
?[0m?[0;34m         - @ConditionalOnClass did not find required class 'com.datastax.oss.driver.api.core.CqlSession' (OnClassCondition)
?[0m?[0;34m
?[0m?[0;34m   CassandraDataAutoConfiguration:
?[0m?[0;34m      Did not match:
?[0m?[0;34m         - @ConditionalOnClass did not find required class 'com.datastax.oss.driver.api.core.CqlSession' (OnClassCondition)
?[0m?[0;34m
?[0m?[0;34m   CassandraHealthContributorAutoConfiguration:
?[0m?[0;34m      Did not match:
?[0m?[0;34m         - @ConditionalOnClass did not find required class 'com.datastax.oss.driver.api.core.CqlSession' (OnClassCondition)
?[0m?[0;34m
?[0m?[0;34m   CassandraReactiveDataAutoConfiguration:
?[0m?[0;34m      Did not match:
?[0m?[0;34m         - @ConditionalOnClass did not find required class 'com.datastax.oss.driver.api.core.CqlSession' (OnClassCondition)
?[0m?[0;34m
?[0m?[0;34m   CassandraReactiveHealthContributorAutoConfiguration:
?[0m?[0;34m      Did not match:
?[0m?[0;34m         - @ConditionalOnClass did not find required class 'com.datastax.oss.driver.api.core.CqlSession' (OnClassCondition)
?[0m?[0;34m
?[0m?[0;34m   CassandraReactiveRepositoriesAutoConfiguration:
?[0m?[0;34m      Did not match:
?[0m?[0;34m         - @ConditionalOnClass did not find required class 'org.springframework.data.cassandra.ReactiveSession' (OnClassCondition)
?[0m?[0;34m
?[0m?[0;34m   CassandraRepositoriesAutoConfiguration:
?[0m?[0;34m      Did not match:
?[0m?[0;34m         - @ConditionalOnClass did not find required class 'com.datastax.oss.driver.api.core.CqlSession' (OnClassCondition)
?[0m?[0;34m
?[0m?[0;34m   ClientHttpConnectorAutoConfiguration:
?[0m?[0;34m      Did not match:
?[0m?[0;34m         - @ConditionalOnClass did not find required class 'org.springframework.web.reactive.function.client.WebClient' (OnClassCondition)
?[0m?[0;34m
?[0m?[0;34m   CloudFoundryActuatorAutoConfiguration:
?[0m?[0;34m      Did not match:
?[0m?[0;34m         - @ConditionalOnCloudPlatform did not find CLOUD_FOUNDRY (OnCloudPlatformCondition)
?[0m?[0;34m      Matched:
?[0m?[0;34m         - @ConditionalOnClass found required class 'org.springframework.web.servlet.DispatcherServlet' (OnClassCondition)
?[0m?[0;34m         - found 'session' scope (OnWebApplicationCondition)
?[0m?[0;34m         - @ConditionalOnProperty (management.cloudfoundry.enabled) matched (OnPropertyCondition)
?[0m?[0;34m
?[0m?[0;34m   CodecsAutoConfiguration:
?[0m?[0;34m      Did not match:
?[0m?[0;34m         - @ConditionalOnClass did not find required class 'org.springframework.web.reactive.function.client.WebClient' (OnClassCondition)
?[0m?[0;34m
?[0m?[0;34m   CompositeMeterRegistryConfiguration:
?[0m?[0;34m      Did not match:
?[0m?[0;34m         - NoneNestedConditions 1 matched 1 did not; NestedCondition on CompositeMeterRegistryConfiguration.MultipleNonPrimaryMeterRegistriesCondition.SingleInjectableMeterRegistry @ConditionalOnSingleCandidate (types: io.micrometer.core.instrument.MeterRegistry; SearchStrategy: all) found a single bean 'simpleMeterRegistry'; NestedCondition on CompositeMeterRegistryConfiguration.MultipleNonPrimaryMeterRegistriesCondition.NoMeterRegistryCondition @ConditionalOnMissingBean (types: io.micrometer.core.instrument.MeterRegistry; SearchStrategy: all) found beans of type 'io.micrometer.core.instrument.MeterRegistry' simpleMeterRegistry (CompositeMeterRegistryConfiguration.MultipleNonPrimaryMeterRegistriesCondition)
?[0m?[0;34m
?[0m?[0;34m   ConnectionFactoryHealthContributorAutoConfiguration:
?[0m?[0;34m      Did not match:
?[0m?[0;34m         - @ConditionalOnClass did not find required class 'io.r2dbc.spi.ConnectionFactory' (OnClassCondition)
?[0m?[0;34m
?[0m?[0;34m   ConnectionPoolMetricsAutoConfiguration:
?[0m?[0;34m      Did not match:
?[0m?[0;34m         - @ConditionalOnClass did not find required class 'io.r2dbc.pool.ConnectionPool' (OnClassCondition)
?[0m?[0;34m
?[0m?[0;34m   CouchbaseAutoConfiguration:
?[0m?[0;34m      Did not match:
?[0m?[0;34m         - @ConditionalOnClass did not find required class 'com.couchbase.client.java.Cluster' (OnClassCondition)
?[0m?[0;34m
?[0m?[0;34m   CouchbaseCacheConfiguration:
?[0m?[0;34m      Did not match:
?[0m?[0;34m         - @ConditionalOnClass did not find required class 'com.couchbase.client.java.Cluster' (OnClassCondition)
?[0m?[0;34m
?[0m?[0;34m   CouchbaseDataAutoConfiguration:
?[0m?[0;34m      Did not match:
?[0m?[0;34m         - @ConditionalOnClass did not find required class 'com.couchbase.client.java.Bucket' (OnClassCondition)
?[0m?[0;34m
?[0m?[0;34m   CouchbaseHealthContributorAutoConfiguration:
?[0m?[0;34m      Did not match:
?[0m?[0;34m         - @ConditionalOnClass did not find required class 'com.couchbase.client.java.Cluster' (OnClassCondition)
?[0m?[0;34m
?[0m?[0;34m   CouchbaseReactiveDataAutoConfiguration:
?[0m?[0;34m      Did not match:
?[0m?[0;34m         - @ConditionalOnClass did not find required class 'com.couchbase.client.java.Cluster' (OnClassCondition)
?[0m?[0;34m
?[0m?[0;34m   CouchbaseReactiveHealthContributorAutoConfiguration:
?[0m?[0;34m      Did not match:
?[0m?[0;34m         - @ConditionalOnClass did not find required class 'com.couchbase.client.java.Cluster' (OnClassCondition)
?[0m?[0;34m
?[0m?[0;34m   CouchbaseReactiveRepositoriesAutoConfiguration:
?[0m?[0;34m      Did not match:
?[0m?[0;34m         - @ConditionalOnClass did not find required class 'com.couchbase.client.java.Cluster' (OnClassCondition)
?[0m?[0;34m
?[0m?[0;34m   CouchbaseRepositoriesAutoConfiguration:
?[0m?[0;34m      Did not match:
?[0m?[0;34m         - @ConditionalOnClass did not find required class 'com.couchbase.client.java.Bucket' (OnClassCondition)
?[0m?[0;34m
?[0m?[0;34m   DataSourceAutoConfiguration:
?[0m?[0;34m      Did not match:
?[0m?[0;34m         - @ConditionalOnClass did not find required class 'org.springframework.jdbc.datasource.embedded.EmbeddedDatabaseType' (OnClassCondition)
?[0m?[0;34m
?[0m?[0;34m   DataSourceHealthContributorAutoConfiguration:
?[0m?[0;34m      Did not match:
?[0m?[0;34m         - @ConditionalOnClass did not find required class 'org.springframework.jdbc.core.JdbcTemplate' (OnClassCondition)
?[0m?[0;34m
?[0m?[0;34m   DataSourceInitializationConfiguration:
?[0m?[0;34m      Did not match:
?[0m?[0;34m         - @ConditionalOnClass did not find required class 'org.springframework.jdbc.datasource.init.DatabasePopulator' (OnClassCondition)
?[0m?[0;34m
?[0m?[0;34m   DataSourcePoolMetricsAutoConfiguration:
?[0m?[0;34m      Did not match:
?[0m?[0;34m         - @ConditionalOnBean (types: javax.sql.DataSource,io.micrometer.core.instrument.MeterRegistry; SearchStrategy: all) did not find any beans of type javax.sql.DataSource (OnBeanCondition)
?[0m?[0;34m      Matched:
?[0m?[0;34m         - @ConditionalOnClass found required classes 'javax.sql.DataSource', 'io.micrometer.core.instrument.MeterRegistry' (OnClassCondition)
?[0m?[0;34m
?[0m?[0;34m   DataSourcePoolMetricsAutoConfiguration.HikariDataSourceMetricsConfiguration:
?[0m?[0;34m      Did not match:
?[0m?[0;34m         - @ConditionalOnClass did not find required class 'com.zaxxer.hikari.HikariDataSource' (OnClassCondition)
?[0m?[0;34m         - Ancestor org.springframework.boot.actuate.autoconfigure.metrics.jdbc.DataSourcePoolMetricsAutoConfiguration did not match (ConditionEvaluationReport.AncestorsMatchedCondition)
?[0m?[0;34m
?[0m?[0;34m   DataSourceTransactionManagerAutoConfiguration:
?[0m?[0;34m      Did not match:
?[0m?[0;34m         - @ConditionalOnClass did not find required class 'org.springframework.jdbc.core.JdbcTemplate' (OnClassCondition)
?[0m?[0;34m
?[0m?[0;34m   DatadogMetricsExportAutoConfiguration:
?[0m?[0;34m      Did not match:
?[0m?[0;34m         - @ConditionalOnClass did not find required class 'io.micrometer.datadog.DatadogMeterRegistry' (OnClassCondition)
?[0m?[0;34m
?[0m?[0;34m   DispatcherServletAutoConfiguration.DispatcherServletConfiguration#multipartResolver:
?[0m?[0;34m      Did not match:
?[0m?[0;34m         - @ConditionalOnBean (types: org.springframework.web.multipart.MultipartResolver; SearchStrategy: all) did not find any beans of type org.springframework.web.multipart.MultipartResolver (OnBeanCondition)
?[0m?[0;34m
?[0m?[0;34m   DynatraceMetricsExportAutoConfiguration:
?[0m?[0;34m      Did not match:
?[0m?[0;34m         - @ConditionalOnClass did not find required class 'io.micrometer.dynatrace.DynatraceMeterRegistry' (OnClassCondition)
?[0m?[0;34m
?[0m?[0;34m   ElasticMetricsExportAutoConfiguration:
?[0m?[0;34m      Did not match:
?[0m?[0;34m         - @ConditionalOnClass did not find required class 'io.micrometer.elastic.ElasticMeterRegistry' (OnClassCondition)
?[0m?[0;34m
?[0m?[0;34m   ElasticsearchClientAutoConfiguration:
?[0m?[0;34m      Did not match:
?[0m?[0;34m         - @ConditionalOnClass did not find required class 'co.elastic.clients.elasticsearch.ElasticsearchClient' (OnClassCondition)
?[0m?[0;34m
?[0m?[0;34m   ElasticsearchDataAutoConfiguration:
?[0m?[0;34m      Did not match:
?[0m?[0;34m         - @ConditionalOnClass did not find required class 'org.springframework.data.elasticsearch.client.elc.ElasticsearchTemplate' (OnClassCondition)
?[0m?[0;34m
?[0m?[0;34m   ElasticsearchReactiveHealthContributorAutoConfiguration:
?[0m?[0;34m      Did not match:
?[0m?[0;34m         - @ConditionalOnClass did not find required class 'reactor.core.publisher.Flux' (OnClassCondition)
?[0m?[0;34m
?[0m?[0;34m   ElasticsearchRepositoriesAutoConfiguration:
?[0m?[0;34m      Did not match:
?[0m?[0;34m         - @ConditionalOnClass did not find required class 'org.springframework.data.elasticsearch.repository.ElasticsearchRepository' (OnClassCondition)
?[0m?[0;34m
?[0m?[0;34m   ElasticsearchRestClientAutoConfiguration:
?[0m?[0;34m      Did not match:
?[0m?[0;34m         - @ConditionalOnClass did not find required class 'org.elasticsearch.client.RestClientBuilder' (OnClassCondition)
?[0m?[0;34m
?[0m?[0;34m   ElasticsearchRestHealthContributorAutoConfiguration:
?[0m?[0;34m      Did not match:
?[0m?[0;34m         - @ConditionalOnClass did not find required class 'org.elasticsearch.client.RestClient' (OnClassCondition)
?[0m?[0;34m
?[0m?[0;34m   EmbeddedLdapAutoConfiguration:
?[0m?[0;34m      Did not match:
?[0m?[0;34m         - @ConditionalOnClass did not find required class 'com.unboundid.ldap.listener.InMemoryDirectoryServer' (OnClassCondition)
?[0m?[0;34m
?[0m?[0;34m   EmbeddedWebServerFactoryCustomizerAutoConfiguration.JettyWebServerFactoryCustomizerConfiguration:
?[0m?[0;34m      Did not match:
?[0m?[0;34m         - @ConditionalOnClass did not find required classes 'org.eclipse.jetty.server.Server', 'org.eclipse.jetty.util.Loader', 'org.eclipse.jetty.webapp.WebAppContext' (OnClassCondition)
?[0m?[0;34m
?[0m?[0;34m   EmbeddedWebServerFactoryCustomizerAutoConfiguration.NettyWebServerFactoryCustomizerConfiguration:
?[0m?[0;34m      Did not match:
?[0m?[0;34m         - @ConditionalOnClass did not find required class 'reactor.netty.http.server.HttpServer' (OnClassCondition)
?[0m?[0;34m
?[0m?[0;34m   EmbeddedWebServerFactoryCustomizerAutoConfiguration.UndertowWebServerFactoryCustomizerConfiguration:
?[0m?[0;34m      Did not match:
?[0m?[0;34m         - @ConditionalOnClass did not find required classes 'io.undertow.Undertow', 'org.xnio.SslClientAuthMode' (OnClassCondition)
?[0m?[0;34m
?[0m?[0;34m   ErrorWebFluxAutoConfiguration:
?[0m?[0;34m      Did not match:
?[0m?[0;34m         - @ConditionalOnClass did not find required class 'org.springframework.web.reactive.config.WebFluxConfigurer' (OnClassCondition)
?[0m?[0;34m
?[0m?[0;34m   FlywayAutoConfiguration:
?[0m?[0;34m      Did not match:
?[0m?[0;34m         - @ConditionalOnClass did not find required class 'org.flywaydb.core.Flyway' (OnClassCondition)
?[0m?[0;34m
?[0m?[0;34m   FlywayEndpointAutoConfiguration:
?[0m?[0;34m      Did not match:
?[0m?[0;34m         - @ConditionalOnClass did not find required class 'org.flywaydb.core.Flyway' (OnClassCondition)
?[0m?[0;34m
?[0m?[0;34m   FreeMarkerAutoConfiguration:
?[0m?[0;34m      Did not match:
?[0m?[0;34m         - @ConditionalOnClass did not find required class 'freemarker.template.Configuration' (OnClassCondition)
?[0m?[0;34m
?[0m?[0;34m   GangliaMetricsExportAutoConfiguration:
?[0m?[0;34m      Did not match:
?[0m?[0;34m         - @ConditionalOnClass did not find required class 'io.micrometer.ganglia.GangliaMeterRegistry' (OnClassCondition)
?[0m?[0;34m
?[0m?[0;34m   GraphQlAutoConfiguration:
?[0m?[0;34m      Did not match:
?[0m?[0;34m         - @ConditionalOnClass did not find required class 'graphql.GraphQL' (OnClassCondition)
?[0m?[0;34m
?[0m?[0;34m   GraphQlObservationAutoConfiguration:
?[0m?[0;34m      Did not match:
?[0m?[0;34m         - @ConditionalOnClass did not find required class 'graphql.GraphQL' (OnClassCondition)
?[0m?[0;34m
?[0m?[0;34m   GraphQlQueryByExampleAutoConfiguration:
?[0m?[0;34m      Did not match:
?[0m?[0;34m         - @ConditionalOnClass did not find required class 'graphql.GraphQL' (OnClassCondition)
?[0m?[0;34m
?[0m?[0;34m   GraphQlQuerydslAutoConfiguration:
?[0m?[0;34m      Did not match:
?[0m?[0;34m         - @ConditionalOnClass did not find required class 'graphql.GraphQL' (OnClassCondition)
?[0m?[0;34m
?[0m?[0;34m   GraphQlRSocketAutoConfiguration:
?[0m?[0;34m      Did not match:
?[0m?[0;34m         - @ConditionalOnClass did not find required class 'graphql.GraphQL' (OnClassCondition)
?[0m?[0;34m
?[0m?[0;34m   GraphQlReactiveQueryByExampleAutoConfiguration:
?[0m?[0;34m      Did not match:
?[0m?[0;34m         - @ConditionalOnClass did not find required class 'graphql.GraphQL' (OnClassCondition)
?[0m?[0;34m
?[0m?[0;34m   GraphQlReactiveQuerydslAutoConfiguration:
?[0m?[0;34m      Did not match:
?[0m?[0;34m         - @ConditionalOnClass did not find required class 'graphql.GraphQL' (OnClassCondition)
?[0m?[0;34m
?[0m?[0;34m   GraphQlWebFluxAutoConfiguration:
?[0m?[0;34m      Did not match:
?[0m?[0;34m         - @ConditionalOnClass did not find required class 'graphql.GraphQL' (OnClassCondition)
?[0m?[0;34m
?[0m?[0;34m   GraphQlWebFluxSecurityAutoConfiguration:
?[0m?[0;34m      Did not match:
?[0m?[0;34m         - @ConditionalOnClass did not find required class 'graphql.GraphQL' (OnClassCondition)
?[0m?[0;34m
?[0m?[0;34m   GraphQlWebMvcAutoConfiguration:
?[0m?[0;34m      Did not match:
?[0m?[0;34m         - @ConditionalOnClass did not find required class 'graphql.GraphQL' (OnClassCondition)
?[0m?[0;34m
?[0m?[0;34m   GraphQlWebMvcSecurityAutoConfiguration:
?[0m?[0;34m      Did not match:
?[0m?[0;34m         - @ConditionalOnClass did not find required class 'graphql.GraphQL' (OnClassCondition)
?[0m?[0;34m
?[0m?[0;34m   GraphiteMetricsExportAutoConfiguration:
?[0m?[0;34m      Did not match:
?[0m?[0;34m         - @ConditionalOnClass did not find required class 'io.micrometer.graphite.GraphiteMeterRegistry' (OnClassCondition)
?[0m?[0;34m
?[0m?[0;34m   GroovyTemplateAutoConfiguration:
?[0m?[0;34m      Did not match:
?[0m?[0;34m         - @ConditionalOnClass did not find required class 'groovy.text.markup.MarkupTemplateEngine' (OnClassCondition)
?[0m?[0;34m
?[0m?[0;34m   GsonHttpMessageConvertersConfiguration.GsonHttpMessageConverterConfiguration:
?[0m?[0;34m      Did not match:
?[0m?[0;34m         - AnyNestedCondition 0 matched 2 did not; NestedCondition on GsonHttpMessageConvertersConfiguration.PreferGsonOrJacksonAndJsonbUnavailableCondition.JacksonJsonbUnavailable NoneNestedConditions 1 matched 1 did not; NestedCondition on GsonHttpMessageConvertersConfiguration.JacksonAndJsonbUnavailableCondition.JsonbPreferred @ConditionalOnProperty (spring.mvc.converters.preferred-json-mapper=jsonb) did not find property 'spring.mvc.converters.preferred-json-mapper'; NestedCondition on GsonHttpMessageConvertersConfiguration.JacksonAndJsonbUnavailableCondition.JacksonAvailable @ConditionalOnBean (types: org.springframework.http.converter.json.MappingJackson2HttpMessageConverter; SearchStrategy: all) found bean 'mappingJackson2HttpMessageConverter'; NestedCondition on GsonHttpMessageConvertersConfiguration.PreferGsonOrJacksonAndJsonbUnavailableCondition.GsonPreferred @ConditionalOnProperty (spring.mvc.converters.preferred-json-mapper=gson) did not find property 'spring.mvc.converters.preferred-json-mapper' (GsonHttpMessageConvertersConfiguration.PreferGsonOrJacksonAndJsonbUnavailableCondition)
?[0m?[0;34m
?[0m?[0;34m   H2ConsoleAutoConfiguration:
?[0m?[0;34m      Did not match:
?[0m?[0;34m         - @ConditionalOnClass did not find required class 'org.h2.server.web.JakartaWebServlet' (OnClassCondition)
?[0m?[0;34m
?[0m?[0;34m   HazelcastAutoConfiguration:
?[0m?[0;34m      Did not match:
?[0m?[0;34m         - @ConditionalOnClass did not find required class 'com.hazelcast.core.HazelcastInstance' (OnClassCondition)
?[0m?[0;34m
?[0m?[0;34m   HazelcastCacheConfiguration:
?[0m?[0;34m      Did not match:
?[0m?[0;34m         - @ConditionalOnClass did not find required class 'com.hazelcast.core.HazelcastInstance' (OnClassCondition)
?[0m?[0;34m
?[0m?[0;34m   HazelcastHealthContributorAutoConfiguration:
?[0m?[0;34m      Did not match:
?[0m?[0;34m         - @ConditionalOnClass did not find required class 'com.hazelcast.core.HazelcastInstance' (OnClassCondition)
?[0m?[0;34m
?[0m?[0;34m   HazelcastJpaDependencyAutoConfiguration:
?[0m?[0;34m      Did not match:
?[0m?[0;34m         - @ConditionalOnClass did not find required class 'com.hazelcast.core.HazelcastInstance' (OnClassCondition)
?[0m?[0;34m
?[0m?[0;34m   HealthEndpointReactiveWebExtensionConfiguration:
?[0m?[0;34m      Did not match:
?[0m?[0;34m         - did not find reactive web application classes (OnWebApplicationCondition)
?[0m?[0;34m
?[0m?[0;34m   HealthEndpointWebExtensionConfiguration.JerseyAdditionalHealthEndpointPathsConfiguration:
?[0m?[0;34m      Did not match:
?[0m?[0;34m         - @ConditionalOnClass did not find required class 'org.glassfish.jersey.server.ResourceConfig' (OnClassCondition)
?[0m?[0;34m
?[0m?[0;34m   HibernateJpaAutoConfiguration:
?[0m?[0;34m      Did not match:
?[0m?[0;34m         - @ConditionalOnClass did not find required class 'jakarta.persistence.EntityManager' (OnClassCondition)
?[0m?[0;34m
?[0m?[0;34m   HibernateMetricsAutoConfiguration:
?[0m?[0;34m      Did not match:
?[0m?[0;34m         - @ConditionalOnClass did not find required class 'jakarta.persistence.EntityManagerFactory' (OnClassCondition)
?[0m?[0;34m
?[0m?[0;34m   HttpExchangesAutoConfiguration:
?[0m?[0;34m      Did not match:
?[0m?[0;34m         - @ConditionalOnBean (types: org.springframework.boot.actuate.web.exchanges.HttpExchangeRepository; SearchStrategy: all) did not find any beans of type org.springframework.boot.actuate.web.exchanges.HttpExchangeRepository (OnBeanCondition)
?[0m?[0;34m      Matched:
?[0m?[0;34m         - @ConditionalOnWebApplication (required) found 'session' scope (OnWebApplicationCondition)
?[0m?[0;34m         - @ConditionalOnProperty (management.httpexchanges.recording.enabled) matched (OnPropertyCondition)
?[0m?[0;34m
?[0m?[0;34m   HttpExchangesAutoConfiguration.ReactiveHttpExchangesConfiguration:
?[0m?[0;34m      Did not match:
?[0m?[0;34m         - did not find reactive web application classes (OnWebApplicationCondition)
?[0m?[0;34m         - Ancestor org.springframework.boot.actuate.autoconfigure.web.exchanges.HttpExchangesAutoConfiguration did not match (ConditionEvaluationReport.AncestorsMatchedCondition)
?[0m?[0;34m
?[0m?[0;34m   HttpExchangesAutoConfiguration.ServletHttpExchangesConfiguration:
?[0m?[0;34m      Did not match:
?[0m?[0;34m         - Ancestor org.springframework.boot.actuate.autoconfigure.web.exchanges.HttpExchangesAutoConfiguration did not match (ConditionEvaluationReport.AncestorsMatchedCondition)
?[0m?[0;34m      Matched:
?[0m?[0;34m         - found 'session' scope (OnWebApplicationCondition)
?[0m?[0;34m
?[0m?[0;34m   HttpExchangesEndpointAutoConfiguration#httpExchangesEndpoint:
?[0m?[0;34m      Did not match:
?[0m?[0;34m         - @ConditionalOnBean (types: org.springframework.boot.actuate.web.exchanges.HttpExchangeRepository; SearchStrategy: all) did not find any beans of type org.springframework.boot.actuate.web.exchanges.HttpExchangeRepository (OnBeanCondition)
?[0m?[0;34m
?[0m?[0;34m   HttpHandlerAutoConfiguration:
?[0m?[0;34m      Did not match:
?[0m?[0;34m         - @ConditionalOnClass did not find required class 'org.springframework.web.reactive.DispatcherHandler' (OnClassCondition)
?[0m?[0;34m
?[0m?[0;34m   HumioMetricsExportAutoConfiguration:
?[0m?[0;34m      Did not match:
?[0m?[0;34m         - @ConditionalOnClass did not find required class 'io.micrometer.humio.HumioMeterRegistry' (OnClassCondition)
?[0m?[0;34m
?[0m?[0;34m   HypermediaAutoConfiguration:
?[0m?[0;34m      Did not match:
?[0m?[0;34m         - @ConditionalOnClass did not find required class 'org.springframework.hateoas.EntityModel' (OnClassCondition)
?[0m?[0;34m
?[0m?[0;34m   InfinispanCacheConfiguration:
?[0m?[0;34m      Did not match:
?[0m?[0;34m         - @ConditionalOnClass did not find required class 'org.infinispan.spring.embedded.provider.SpringEmbeddedCacheManager' (OnClassCondition)
?[0m?[0;34m
?[0m?[0;34m   InfluxDbAutoConfiguration:
?[0m?[0;34m      Did not match:
?[0m?[0;34m         - @ConditionalOnClass did not find required class 'org.influxdb.InfluxDB' (OnClassCondition)
?[0m?[0;34m
?[0m?[0;34m   InfluxDbHealthContributorAutoConfiguration:
?[0m?[0;34m      Did not match:
?[0m?[0;34m         - @ConditionalOnClass did not find required class 'org.influxdb.InfluxDB' (OnClassCondition)
?[0m?[0;34m
?[0m?[0;34m   InfluxMetricsExportAutoConfiguration:
?[0m?[0;34m      Did not match:
?[0m?[0;34m         - @ConditionalOnClass did not find required class 'io.micrometer.influx.InfluxMeterRegistry' (OnClassCondition)
?[0m?[0;34m
?[0m?[0;34m   InfoContributorAutoConfiguration#buildInfoContributor:
?[0m?[0;34m      Did not match:
?[0m?[0;34m         - @ConditionalOnSingleCandidate (types: org.springframework.boot.info.BuildProperties; SearchStrategy: all) did not find any beans (OnBeanCondition)
?[0m?[0;34m      Matched:
?[0m?[0;34m         - @ConditionalOnEnabledInfoContributor management.info.defaults.enabled is considered true (OnEnabledInfoContributorCondition)
?[0m?[0;34m
?[0m?[0;34m   InfoContributorAutoConfiguration#envInfoContributor:
?[0m?[0;34m      Did not match:
?[0m?[0;34m         - @ConditionalOnEnabledInfoContributor management.info.env.enabled is not true (OnEnabledInfoContributorCondition)
?[0m?[0;34m
?[0m?[0;34m   InfoContributorAutoConfiguration#gitInfoContributor:
?[0m?[0;34m      Did not match:
?[0m?[0;34m         - @ConditionalOnSingleCandidate (types: org.springframework.boot.info.GitProperties; SearchStrategy: all) did not find any beans (OnBeanCondition)
?[0m?[0;34m      Matched:
?[0m?[0;34m         - @ConditionalOnEnabledInfoContributor management.info.defaults.enabled is considered true (OnEnabledInfoContributorCondition)
?[0m?[0;34m
?[0m?[0;34m   InfoContributorAutoConfiguration#javaInfoContributor:
?[0m?[0;34m      Did not match:
?[0m?[0;34m         - @ConditionalOnEnabledInfoContributor management.info.java.enabled is not true (OnEnabledInfoContributorCondition)
?[0m?[0;34m
?[0m?[0;34m   InfoContributorAutoConfiguration#osInfoContributor:
?[0m?[0;34m      Did not match:
?[0m?[0;34m         - @ConditionalOnEnabledInfoContributor management.info.os.enabled is not true (OnEnabledInfoContributorCondition)
?[0m?[0;34m
?[0m?[0;34m   IntegrationAutoConfiguration:
?[0m?[0;34m      Did not match:
?[0m?[0;34m         - @ConditionalOnClass did not find required class 'org.springframework.integration.config.EnableIntegration' (OnClassCondition)
?[0m?[0;34m
?[0m?[0;34m   IntegrationGraphEndpointAutoConfiguration:
?[0m?[0;34m      Did not match:
?[0m?[0;34m         - @ConditionalOnClass did not find required class 'org.springframework.integration.graph.IntegrationGraphServer' (OnClassCondition)
?[0m?[0;34m
?[0m?[0;34m   JCacheCacheConfiguration:
?[0m?[0;34m      Did not match:
?[0m?[0;34m         - @ConditionalOnClass did not find required class 'javax.cache.Caching' (OnClassCondition)
?[0m?[0;34m
?[0m?[0;34m   JacksonHttpMessageConvertersConfiguration.MappingJackson2XmlHttpMessageConverterConfiguration:
?[0m?[0;34m      Did not match:
?[0m?[0;34m         - @ConditionalOnClass did not find required class 'com.fasterxml.jackson.dataformat.xml.XmlMapper' (OnClassCondition)
?[0m?[0;34m
?[0m?[0;34m   JdbcRepositoriesAutoConfiguration:
?[0m?[0;34m      Did not match:
?[0m?[0;34m         - @ConditionalOnClass did not find required class 'org.springframework.data.jdbc.repository.config.AbstractJdbcConfiguration' (OnClassCondition)
?[0m?[0;34m
?[0m?[0;34m   JdbcTemplateAutoConfiguration:
?[0m?[0;34m      Did not match:
?[0m?[0;34m         - @ConditionalOnClass did not find required class 'org.springframework.jdbc.core.JdbcTemplate' (OnClassCondition)
?[0m?[0;34m
?[0m?[0;34m   JerseyAutoConfiguration:
?[0m?[0;34m      Did not match:
?[0m?[0;34m         - @ConditionalOnClass did not find required class 'org.glassfish.jersey.server.spring.SpringComponentProvider' (OnClassCondition)
?[0m?[0;34m
?[0m?[0;34m   JerseySameManagementContextConfiguration:
?[0m?[0;34m      Did not match:
?[0m?[0;34m         - @ConditionalOnClass did not find required class 'org.glassfish.jersey.server.ResourceConfig' (OnClassCondition)
?[0m?[0;34m
?[0m?[0;34m   JerseyServerMetricsAutoConfiguration:
?[0m?[0;34m      Did not match:
?[0m?[0;34m         - @ConditionalOnClass did not find required class 'io.micrometer.core.instrument.binder.jersey.server.MetricsApplicationEventListener' (OnClassCondition)
?[0m?[0;34m
?[0m?[0;34m   JerseyWebEndpointManagementContextConfiguration:
?[0m?[0;34m      Did not match:
?[0m?[0;34m         - @ConditionalOnClass did not find required class 'org.glassfish.jersey.server.ResourceConfig' (OnClassCondition)
?[0m?[0;34m
?[0m?[0;34m   JettyMetricsAutoConfiguration:
?[0m?[0;34m      Did not match:
?[0m?[0;34m         - @ConditionalOnClass did not find required class 'org.eclipse.jetty.server.Server' (OnClassCondition)
?[0m?[0;34m
?[0m?[0;34m   JmsAutoConfiguration:
?[0m?[0;34m      Did not match:
?[0m?[0;34m         - @ConditionalOnClass did not find required class 'jakarta.jms.Message' (OnClassCondition)
?[0m?[0;34m
?[0m?[0;34m   JmsHealthContributorAutoConfiguration:
?[0m?[0;34m      Did not match:
?[0m?[0;34m         - @ConditionalOnClass did not find required class 'jakarta.jms.ConnectionFactory' (OnClassCondition)
?[0m?[0;34m
?[0m?[0;34m   JmxAutoConfiguration:
?[0m?[0;34m      Did not match:
?[0m?[0;34m         - @ConditionalOnProperty (spring.jmx.enabled=true) did not find property 'enabled' (OnPropertyCondition)
?[0m?[0;34m      Matched:
?[0m?[0;34m         - @ConditionalOnClass found required class 'org.springframework.jmx.export.MBeanExporter' (OnClassCondition)
?[0m?[0;34m
?[0m?[0;34m   JmxEndpointAutoConfiguration:
?[0m?[0;34m      Did not match:
?[0m?[0;34m         - @ConditionalOnProperty (spring.jmx.enabled=true) did not find property 'enabled' (OnPropertyCondition)
?[0m?[0;34m
?[0m?[0;34m   JmxMetricsExportAutoConfiguration:
?[0m?[0;34m      Did not match:
?[0m?[0;34m         - @ConditionalOnClass did not find required class 'io.micrometer.jmx.JmxMeterRegistry' (OnClassCondition)
?[0m?[0;34m
?[0m?[0;34m   JndiConnectionFactoryAutoConfiguration:
?[0m?[0;34m      Did not match:
?[0m?[0;34m         - @ConditionalOnClass did not find required class 'org.springframework.jms.core.JmsTemplate' (OnClassCondition)
?[0m?[0;34m
?[0m?[0;34m   JndiDataSourceAutoConfiguration:
?[0m?[0;34m      Did not match:
?[0m?[0;34m         - @ConditionalOnClass did not find required class 'org.springframework.jdbc.datasource.embedded.EmbeddedDatabaseType' (OnClassCondition)
?[0m?[0;34m
?[0m?[0;34m   JooqAutoConfiguration:
?[0m?[0;34m      Did not match:
?[0m?[0;34m         - @ConditionalOnClass did not find required class 'org.jooq.DSLContext' (OnClassCondition)
?[0m?[0;34m
?[0m?[0;34m   JpaRepositoriesAutoConfiguration:
?[0m?[0;34m      Did not match:
?[0m?[0;34m         - @ConditionalOnClass did not find required class 'org.springframework.data.jpa.repository.JpaRepository' (OnClassCondition)
?[0m?[0;34m
?[0m?[0;34m   JsonbAutoConfiguration:
?[0m?[0;34m      Did not match:
?[0m?[0;34m         - @ConditionalOnClass did not find required class 'jakarta.json.bind.Jsonb' (OnClassCondition)
?[0m?[0;34m
?[0m?[0;34m   JsonbHttpMessageConvertersConfiguration:
?[0m?[0;34m      Did not match:
?[0m?[0;34m         - @ConditionalOnClass did not find required class 'jakarta.json.bind.Jsonb' (OnClassCondition)
?[0m?[0;34m
?[0m?[0;34m   JtaAutoConfiguration:
?[0m?[0;34m      Did not match:
?[0m?[0;34m         - @ConditionalOnClass did not find required class 'jakarta.transaction.Transaction' (OnClassCondition)
?[0m?[0;34m
?[0m?[0;34m   KafkaAutoConfiguration:
?[0m?[0;34m      Did not match:
?[0m?[0;34m         - @ConditionalOnClass did not find required class 'org.springframework.kafka.core.KafkaTemplate' (OnClassCondition)
?[0m?[0;34m
?[0m?[0;34m   KafkaMetricsAutoConfiguration:
?[0m?[0;34m      Did not match:
?[0m?[0;34m         - @ConditionalOnClass did not find required class 'org.springframework.kafka.core.ProducerFactory' (OnClassCondition)
?[0m?[0;34m
?[0m?[0;34m   KairosMetricsExportAutoConfiguration:
?[0m?[0;34m      Did not match:
?[0m?[0;34m         - @ConditionalOnClass did not find required class 'io.micrometer.kairos.KairosMeterRegistry' (OnClassCondition)
?[0m?[0;34m
?[0m?[0;34m   LdapAutoConfiguration:
?[0m?[0;34m      Did not match:
?[0m?[0;34m         - @ConditionalOnClass did not find required class 'org.springframework.ldap.core.ContextSource' (OnClassCondition)
?[0m?[0;34m
?[0m?[0;34m   LdapHealthContributorAutoConfiguration:
?[0m?[0;34m      Did not match:
?[0m?[0;34m         - @ConditionalOnClass did not find required class 'org.springframework.ldap.core.LdapOperations' (OnClassCondition)
?[0m?[0;34m
?[0m?[0;34m   LdapRepositoriesAutoConfiguration:
?[0m?[0;34m      Did not match:
?[0m?[0;34m         - @ConditionalOnClass did not find required class 'org.springframework.data.ldap.repository.LdapRepository' (OnClassCondition)
?[0m?[0;34m
?[0m?[0;34m   LettuceMetricsAutoConfiguration:
?[0m?[0;34m      Did not match:
?[0m?[0;34m         - @ConditionalOnClass did not find required class 'io.lettuce.core.metrics.MicrometerCommandLatencyRecorder' (OnClassCondition)
?[0m?[0;34m
?[0m?[0;34m   LiquibaseAutoConfiguration:
?[0m?[0;34m      Did not match:
?[0m?[0;34m         - @ConditionalOnClass did not find required class 'liquibase.change.DatabaseChange' (OnClassCondition)
?[0m?[0;34m
?[0m?[0;34m   LiquibaseEndpointAutoConfiguration:
?[0m?[0;34m      Did not match:
?[0m?[0;34m         - @ConditionalOnClass did not find required class 'liquibase.integration.spring.SpringLiquibase' (OnClassCondition)
?[0m?[0;34m
?[0m?[0;34m   Log4J2MetricsAutoConfiguration:
?[0m?[0;34m      Did not match:
?[0m?[0;34m         - @ConditionalOnClass did not find required class 'org.apache.logging.log4j.core.LoggerContext' (OnClassCondition)
?[0m?[0;34m
?[0m?[0;34m   LogFileWebEndpointAutoConfiguration#logFileWebEndpoint:
?[0m?[0;34m      Did not match:
?[0m?[0;34m         - Log File did not find logging file (LogFileWebEndpointAutoConfiguration.LogFileCondition)
?[0m?[0;34m
?[0m?[0;34m   MailHealthContributorAutoConfiguration:
?[0m?[0;34m      Did not match:
?[0m?[0;34m         - @ConditionalOnClass did not find required class 'org.springframework.mail.javamail.JavaMailSenderImpl' (OnClassCondition)
?[0m?[0;34m
?[0m?[0;34m   MailSenderAutoConfiguration:
?[0m?[0;34m      Did not match:
?[0m?[0;34m         - @ConditionalOnClass did not find required class 'jakarta.activation.MimeType' (OnClassCondition)
?[0m?[0;34m
?[0m?[0;34m   MailSenderValidatorAutoConfiguration:
?[0m?[0;34m      Did not match:
?[0m?[0;34m         - @ConditionalOnSingleCandidate did not find required type 'org.springframework.mail.javamail.JavaMailSenderImpl' (OnBeanCondition)
?[0m?[0;34m
?[0m?[0;34m   ManagementContextAutoConfiguration.DifferentManagementContextConfiguration:
?[0m?[0;34m      Did not match:
?[0m?[0;34m         - Management Port actual port type (SAME) did not match required type (DIFFERENT) (OnManagementPortCondition)
?[0m?[0;34m
?[0m?[0;34m   ManagementWebSecurityAutoConfiguration:
?[0m?[0;34m      Did not match:
?[0m?[0;34m         - AllNestedConditions 1 matched 1 did not; NestedCondition on DefaultWebSecurityCondition.Beans @ConditionalOnMissingBean (types: org.springframework.security.web.SecurityFilterChain; SearchStrategy: all) did not find any beans; NestedCondition on DefaultWebSecurityCondition.Classes @ConditionalOnClass did not find required classes 'org.springframework.security.web.SecurityFilterChain', 'org.springframework.security.config.annotation.web.builders.HttpSecurity' (DefaultWebSecurityCondition)
?[0m?[0;34m      Matched:
?[0m?[0;34m         - found 'session' scope (OnWebApplicationCondition)
?[0m?[0;34m
?[0m?[0;34m   MappingsEndpointAutoConfiguration.ReactiveWebConfiguration:
?[0m?[0;34m      Did not match:
?[0m?[0;34m         - @ConditionalOnClass did not find required class 'org.springframework.web.reactive.DispatcherHandler' (OnClassCondition)
?[0m?[0;34m
?[0m?[0;34m   MessageSourceAutoConfiguration:
?[0m?[0;34m      Did not match:
?[0m?[0;34m         - ResourceBundle did not find bundle with basename messages (MessageSourceAutoConfiguration.ResourceBundleCondition)
?[0m?[0;34m
?[0m?[0;34m   MicrometerTracingAutoConfiguration:
?[0m?[0;34m      Did not match:
?[0m?[0;34m         - @ConditionalOnClass did not find required class 'io.micrometer.tracing.Tracer' (OnClassCondition)
?[0m?[0;34m
?[0m?[0;34m   MongoAutoConfiguration:
?[0m?[0;34m      Did not match:
?[0m?[0;34m         - @ConditionalOnClass did not find required class 'com.mongodb.client.MongoClient' (OnClassCondition)
?[0m?[0;34m
?[0m?[0;34m   MongoDataAutoConfiguration:
?[0m?[0;34m      Did not match:
?[0m?[0;34m         - @ConditionalOnClass did not find required class 'com.mongodb.client.MongoClient' (OnClassCondition)
?[0m?[0;34m
?[0m?[0;34m   MongoHealthContributorAutoConfiguration:
?[0m?[0;34m      Did not match:
?[0m?[0;34m         - @ConditionalOnClass did not find required class 'org.springframework.data.mongodb.core.MongoTemplate' (OnClassCondition)
?[0m?[0;34m
?[0m?[0;34m   MongoMetricsAutoConfiguration:
?[0m?[0;34m      Did not match:
?[0m?[0;34m         - @ConditionalOnClass did not find required class 'com.mongodb.MongoClientSettings' (OnClassCondition)
?[0m?[0;34m
?[0m?[0;34m   MongoReactiveAutoConfiguration:
?[0m?[0;34m      Did not match:
?[0m?[0;34m         - @ConditionalOnClass did not find required class 'com.mongodb.reactivestreams.client.MongoClient' (OnClassCondition)
?[0m?[0;34m
?[0m?[0;34m   MongoReactiveDataAutoConfiguration:
?[0m?[0;34m      Did not match:
?[0m?[0;34m         - @ConditionalOnClass did not find required class 'com.mongodb.reactivestreams.client.MongoClient' (OnClassCondition)
?[0m?[0;34m
?[0m?[0;34m   MongoReactiveHealthContributorAutoConfiguration:
?[0m?[0;34m      Did not match:
?[0m?[0;34m         - @ConditionalOnClass did not find required class 'reactor.core.publisher.Flux' (OnClassCondition)
?[0m?[0;34m
?[0m?[0;34m   MongoReactiveRepositoriesAutoConfiguration:
?[0m?[0;34m      Did not match:
?[0m?[0;34m         - @ConditionalOnClass did not find required class 'com.mongodb.reactivestreams.client.MongoClient' (OnClassCondition)
?[0m?[0;34m
?[0m?[0;34m   MongoRepositoriesAutoConfiguration:
?[0m?[0;34m      Did not match:
?[0m?[0;34m         - @ConditionalOnClass did not find required class 'com.mongodb.client.MongoClient' (OnClassCondition)
?[0m?[0;34m
?[0m?[0;34m   MustacheAutoConfiguration:
?[0m?[0;34m      Did not match:
?[0m?[0;34m         - @ConditionalOnClass did not find required class 'com.samskivert.mustache.Mustache' (OnClassCondition)
?[0m?[0;34m
?[0m?[0;34m   Neo4jAutoConfiguration:
?[0m?[0;34m      Did not match:
?[0m?[0;34m         - @ConditionalOnClass did not find required class 'org.neo4j.driver.Driver' (OnClassCondition)
?[0m?[0;34m
?[0m?[0;34m   Neo4jDataAutoConfiguration:
?[0m?[0;34m      Did not match:
?[0m?[0;34m         - @ConditionalOnClass did not find required class 'org.neo4j.driver.Driver' (OnClassCondition)
?[0m?[0;34m
?[0m?[0;34m   Neo4jHealthContributorAutoConfiguration:
?[0m?[0;34m      Did not match:
?[0m?[0;34m         - @ConditionalOnClass did not find required class 'org.neo4j.driver.Driver' (OnClassCondition)
?[0m?[0;34m
?[0m?[0;34m   Neo4jReactiveDataAutoConfiguration:
?[0m?[0;34m      Did not match:
?[0m?[0;34m         - @ConditionalOnClass did not find required class 'org.neo4j.driver.Driver' (OnClassCondition)
?[0m?[0;34m
?[0m?[0;34m   Neo4jReactiveRepositoriesAutoConfiguration:
?[0m?[0;34m      Did not match:
?[0m?[0;34m         - @ConditionalOnClass did not find required class 'org.neo4j.driver.Driver' (OnClassCondition)
?[0m?[0;34m
?[0m?[0;34m   Neo4jRepositoriesAutoConfiguration:
?[0m?[0;34m      Did not match:
?[0m?[0;34m         - @ConditionalOnClass did not find required class 'org.neo4j.driver.Driver' (OnClassCondition)
?[0m?[0;34m
?[0m?[0;34m   NettyAutoConfiguration:
?[0m?[0;34m      Did not match:
?[0m?[0;34m         - @ConditionalOnClass did not find required class 'io.netty.util.NettyRuntime' (OnClassCondition)
?[0m?[0;34m
?[0m?[0;34m   NewRelicMetricsExportAutoConfiguration:
?[0m?[0;34m      Did not match:
?[0m?[0;34m         - @ConditionalOnClass did not find required class 'io.micrometer.newrelic.NewRelicMeterRegistry' (OnClassCondition)
?[0m?[0;34m
?[0m?[0;34m   NoOpMeterRegistryConfiguration:
?[0m?[0;34m      Did not match:
?[0m?[0;34m         - @ConditionalOnMissingBean (types: io.micrometer.core.instrument.MeterRegistry; SearchStrategy: all) found beans of type 'io.micrometer.core.instrument.MeterRegistry' simpleMeterRegistry (OnBeanCondition)
?[0m?[0;34m
?[0m?[0;34m   OAuth2ClientAutoConfiguration:
?[0m?[0;34m      Did not match:
?[0m?[0;34m         - @ConditionalOnClass did not find required class 'org.springframework.security.config.annotation.web.configuration.EnableWebSecurity' (OnClassCondition)
?[0m?[0;34m
?[0m?[0;34m   OAuth2ResourceServerAutoConfiguration:
?[0m?[0;34m      Did not match:
?[0m?[0;34m         - @ConditionalOnClass did not find required class 'org.springframework.security.oauth2.server.resource.authentication.BearerTokenAuthenticationToken' (OnClassCondition)
?[0m?[0;34m
?[0m?[0;34m   ObservationAutoConfiguration.MeterObservationHandlerConfiguration.TracingAndMetricsObservationHandlerConfiguration:
?[0m?[0;34m      Did not match:
?[0m?[0;34m         - @ConditionalOnBean did not find required type 'io.micrometer.tracing.Tracer' (OnBeanCondition)
?[0m?[0;34m         - @ConditionalOnBean (types: io.micrometer.tracing.Tracer; SearchStrategy: all) did not find any beans of type io.micrometer.tracing.Tracer (OnBeanCondition)
?[0m?[0;34m
?[0m?[0;34m   ObservationAutoConfiguration.MetricsWithTracingConfiguration:
?[0m?[0;34m      Did not match:
?[0m?[0;34m         - @ConditionalOnClass did not find required class 'io.micrometer.tracing.Tracer' (OnClassCondition)
?[0m?[0;34m
?[0m?[0;34m   ObservationAutoConfiguration.OnlyTracingConfiguration:
?[0m?[0;34m      Did not match:
?[0m?[0;34m         - @ConditionalOnClass did not find required class 'io.micrometer.tracing.Tracer' (OnClassCondition)
?[0m?[0;34m
?[0m?[0;34m   OpenTelemetryAutoConfiguration:
?[0m?[0;34m      Did not match:
?[0m?[0;34m         - @ConditionalOnClass did not find required class 'io.micrometer.tracing.otel.bridge.OtelTracer' (OnClassCondition)
?[0m?[0;34m
?[0m?[0;34m   OtlpMetricsExportAutoConfiguration:
?[0m?[0;34m      Did not match:
?[0m?[0;34m         - @ConditionalOnClass did not find required class 'io.micrometer.registry.otlp.OtlpMeterRegistry' (OnClassCondition)
?[0m?[0;34m
?[0m?[0;34m   PersistenceExceptionTranslationAutoConfiguration:
?[0m?[0;34m      Did not match:
?[0m?[0;34m         - @ConditionalOnClass did not find required class 'org.springframework.dao.annotation.PersistenceExceptionTranslationPostProcessor' (OnClassCondition)
?[0m?[0;34m
?[0m?[0;34m   ProjectInfoAutoConfiguration#buildProperties:
?[0m?[0;34m      Did not match:
?[0m?[0;34m         - @ConditionalOnResource did not find resource '${spring.info.build.location:classpath:META-INF/build-info.properties}' (OnResourceCondition)
?[0m?[0;34m
?[0m?[0;34m   ProjectInfoAutoConfiguration#gitProperties:
?[0m?[0;34m      Did not match:
?[0m?[0;34m         - GitResource did not find git info at classpath:git.properties (ProjectInfoAutoConfiguration.GitResourceAvailableCondition)
?[0m?[0;34m
?[0m?[0;34m   PrometheusExemplarsAutoConfiguration:
?[0m?[0;34m      Did not match:
?[0m?[0;34m         - @ConditionalOnClass did not find required class 'io.micrometer.tracing.Tracer' (OnClassCondition)
?[0m?[0;34m
?[0m?[0;34m   PrometheusMetricsExportAutoConfiguration:
?[0m?[0;34m      Did not match:
?[0m?[0;34m         - @ConditionalOnClass did not find required class 'io.micrometer.prometheus.PrometheusMeterRegistry' (OnClassCondition)
?[0m?[0;34m
?[0m?[0;34m   QuartzAutoConfiguration:
?[0m?[0;34m      Did not match:
?[0m?[0;34m         - @ConditionalOnClass did not find required class 'org.quartz.Scheduler' (OnClassCondition)
?[0m?[0;34m
?[0m?[0;34m   QuartzEndpointAutoConfiguration:
?[0m?[0;34m      Did not match:
?[0m?[0;34m         - @ConditionalOnClass did not find required class 'org.quartz.Scheduler' (OnClassCondition)
?[0m?[0;34m
?[0m?[0;34m   R2dbcAutoConfiguration:
?[0m?[0;34m      Did not match:
?[0m?[0;34m         - @ConditionalOnClass did not find required class 'io.r2dbc.spi.ConnectionFactory' (OnClassCondition)
?[0m?[0;34m
?[0m?[0;34m   R2dbcDataAutoConfiguration:
?[0m?[0;34m      Did not match:
?[0m?[0;34m         - @ConditionalOnClass did not find required class 'org.springframework.data.r2dbc.core.R2dbcEntityTemplate' (OnClassCondition)
?[0m?[0;34m
?[0m?[0;34m   R2dbcInitializationConfiguration:
?[0m?[0;34m      Did not match:
?[0m?[0;34m         - @ConditionalOnClass did not find required classes 'io.r2dbc.spi.ConnectionFactory', 'org.springframework.r2dbc.connection.init.DatabasePopulator' (OnClassCondition)
?[0m?[0;34m
?[0m?[0;34m   R2dbcRepositoriesAutoConfiguration:
?[0m?[0;34m      Did not match:
?[0m?[0;34m         - @ConditionalOnClass did not find required class 'io.r2dbc.spi.ConnectionFactory' (OnClassCondition)
?[0m?[0;34m
?[0m?[0;34m   R2dbcTransactionManagerAutoConfiguration:
?[0m?[0;34m      Did not match:
?[0m?[0;34m         - @ConditionalOnClass did not find required class 'org.springframework.r2dbc.connection.R2dbcTransactionManager' (OnClassCondition)
?[0m?[0;34m
?[0m?[0;34m   RSocketGraphQlClientAutoConfiguration:
?[0m?[0;34m      Did not match:
?[0m?[0;34m         - @ConditionalOnClass did not find required class 'graphql.GraphQL' (OnClassCondition)
?[0m?[0;34m
?[0m?[0;34m   RSocketMessagingAutoConfiguration:
?[0m?[0;34m      Did not match:
?[0m?[0;34m         - @ConditionalOnClass did not find required class 'io.rsocket.RSocket' (OnClassCondition)
?[0m?[0;34m
?[0m?[0;34m   RSocketRequesterAutoConfiguration:
?[0m?[0;34m      Did not match:
?[0m?[0;34m         - @ConditionalOnClass did not find required class 'io.rsocket.RSocket' (OnClassCondition)
?[0m?[0;34m
?[0m?[0;34m   RSocketSecurityAutoConfiguration:
?[0m?[0;34m      Did not match:
?[0m?[0;34m         - @ConditionalOnClass did not find required class 'org.springframework.security.rsocket.core.SecuritySocketAcceptorInterceptor' (OnClassCondition)
?[0m?[0;34m
?[0m?[0;34m   RSocketServerAutoConfiguration:
?[0m?[0;34m      Did not match:
?[0m?[0;34m         - @ConditionalOnClass did not find required class 'io.rsocket.core.RSocketServer' (OnClassCondition)
?[0m?[0;34m
?[0m?[0;34m   RSocketStrategiesAutoConfiguration:
?[0m?[0;34m      Did not match:
?[0m?[0;34m         - @ConditionalOnClass did not find required class 'io.netty.buffer.PooledByteBufAllocator' (OnClassCondition)
?[0m?[0;34m
?[0m?[0;34m   RabbitAutoConfiguration:
?[0m?[0;34m      Did not match:
?[0m?[0;34m         - @ConditionalOnClass did not find required class 'com.rabbitmq.client.Channel' (OnClassCondition)
?[0m?[0;34m
?[0m?[0;34m   RabbitHealthContributorAutoConfiguration:
?[0m?[0;34m      Did not match:
?[0m?[0;34m         - @ConditionalOnClass did not find required class 'org.springframework.amqp.rabbit.core.RabbitTemplate' (OnClassCondition)
?[0m?[0;34m
?[0m?[0;34m   RabbitMetricsAutoConfiguration:
?[0m?[0;34m      Did not match:
?[0m?[0;34m         - @ConditionalOnClass did not find required class 'com.rabbitmq.client.ConnectionFactory' (OnClassCondition)
?[0m?[0;34m
?[0m?[0;34m   ReactiveCloudFoundryActuatorAutoConfiguration:
?[0m?[0;34m      Did not match:
?[0m?[0;34m         - @ConditionalOnWebApplication did not find reactive web application classes (OnWebApplicationCondition)
?[0m?[0;34m
?[0m?[0;34m   ReactiveElasticsearchClientAutoConfiguration:
?[0m?[0;34m      Did not match:
?[0m?[0;34m         - @ConditionalOnClass did not find required class 'co.elastic.clients.transport.ElasticsearchTransport' (OnClassCondition)
?[0m?[0;34m
?[0m?[0;34m   ReactiveElasticsearchRepositoriesAutoConfiguration:
?[0m?[0;34m      Did not match:
?[0m?[0;34m         - @ConditionalOnClass did not find required class 'org.springframework.data.elasticsearch.client.elc.ReactiveElasticsearchClient' (OnClassCondition)
?[0m?[0;34m
?[0m?[0;34m   ReactiveHealthEndpointConfiguration:
?[0m?[0;34m      Did not match:
?[0m?[0;34m         - @ConditionalOnClass did not find required class 'reactor.core.publisher.Flux' (OnClassCondition)
?[0m?[0;34m
?[0m?[0;34m   ReactiveManagementContextAutoConfiguration:
?[0m?[0;34m      Did not match:
?[0m?[0;34m         - @ConditionalOnClass did not find required class 'reactor.core.publisher.Flux' (OnClassCondition)
?[0m?[0;34m
?[0m?[0;34m   ReactiveManagementWebSecurityAutoConfiguration:
?[0m?[0;34m      Did not match:
?[0m?[0;34m         - @ConditionalOnClass did not find required class 'org.springframework.security.config.annotation.web.reactive.EnableWebFluxSecurity' (OnClassCondition)
?[0m?[0;34m
?[0m?[0;34m   ReactiveMultipartAutoConfiguration:
?[0m?[0;34m      Did not match:
?[0m?[0;34m         - @ConditionalOnClass did not find required class 'org.springframework.web.reactive.config.WebFluxConfigurer' (OnClassCondition)
?[0m?[0;34m
?[0m?[0;34m   ReactiveOAuth2ClientAutoConfiguration:
?[0m?[0;34m      Did not match:
?[0m?[0;34m         - @ConditionalOnClass did not find required class 'reactor.core.publisher.Flux' (OnClassCondition)
?[0m?[0;34m
?[0m?[0;34m   ReactiveOAuth2ResourceServerAutoConfiguration:
?[0m?[0;34m      Did not match:
?[0m?[0;34m         - @ConditionalOnClass did not find required class 'org.springframework.security.config.annotation.web.reactive.EnableWebFluxSecurity' (OnClassCondition)
?[0m?[0;34m
?[0m?[0;34m   ReactiveSecurityAutoConfiguration:
?[0m?[0;34m      Did not match:
?[0m?[0;34m         - @ConditionalOnClass did not find required class 'reactor.core.publisher.Flux' (OnClassCondition)
?[0m?[0;34m
?[0m?[0;34m   ReactiveUserDetailsServiceAutoConfiguration:
?[0m?[0;34m      Did not match:
?[0m?[0;34m         - @ConditionalOnClass did not find required class 'org.springframework.security.authentication.ReactiveAuthenticationManager' (OnClassCondition)
?[0m?[0;34m
?[0m?[0;34m   ReactiveWebServerFactoryAutoConfiguration:
?[0m?[0;34m      Did not match:
?[0m?[0;34m         - @ConditionalOnWebApplication did not find reactive web application classes (OnWebApplicationCondition)
?[0m?[0;34m
?[0m?[0;34m   RedisAutoConfiguration:
?[0m?[0;34m      Did not match:
?[0m?[0;34m         - @ConditionalOnClass did not find required class 'org.springframework.data.redis.core.RedisOperations' (OnClassCondition)
?[0m?[0;34m
?[0m?[0;34m   RedisCacheConfiguration:
?[0m?[0;34m      Did not match:
?[0m?[0;34m         - @ConditionalOnClass did not find required class 'org.springframework.data.redis.connection.RedisConnectionFactory' (OnClassCondition)
?[0m?[0;34m
?[0m?[0;34m   RedisHealthContributorAutoConfiguration:
?[0m?[0;34m      Did not match:
?[0m?[0;34m         - @ConditionalOnClass did not find required class 'org.springframework.data.redis.connection.RedisConnectionFactory' (OnClassCondition)
?[0m?[0;34m
?[0m?[0;34m   RedisReactiveAutoConfiguration:
?[0m?[0;34m      Did not match:
?[0m?[0;34m         - @ConditionalOnClass did not find required class 'reactor.core.publisher.Flux' (OnClassCondition)
?[0m?[0;34m
?[0m?[0;34m   RedisReactiveHealthContributorAutoConfiguration:
?[0m?[0;34m      Did not match:
?[0m?[0;34m         - @ConditionalOnClass did not find required class 'reactor.core.publisher.Flux' (OnClassCondition)
?[0m?[0;34m
?[0m?[0;34m   RedisRepositoriesAutoConfiguration:
?[0m?[0;34m      Did not match:
?[0m?[0;34m         - @ConditionalOnClass did not find required class 'org.springframework.data.redis.repository.configuration.EnableRedisRepositories' (OnClassCondition)
?[0m?[0;34m
?[0m?[0;34m   RepositoryMetricsAutoConfiguration:
?[0m?[0;34m      Did not match:
?[0m?[0;34m         - @ConditionalOnClass did not find required class 'org.springframework.data.repository.Repository' (OnClassCondition)
?[0m?[0;34m
?[0m?[0;34m   RepositoryRestMvcAutoConfiguration:
?[0m?[0;34m      Did not match:
?[0m?[0;34m         - @ConditionalOnClass did not find required class 'org.springframework.data.rest.webmvc.config.RepositoryRestMvcConfiguration' (OnClassCondition)
?[0m?[0;34m
?[0m?[0;34m   Saml2RelyingPartyAutoConfiguration:
?[0m?[0;34m      Did not match:
?[0m?[0;34m         - @ConditionalOnClass did not find required class 'org.springframework.security.saml2.provider.service.registration.RelyingPartyRegistrationRepository' (OnClassCondition)
?[0m?[0;34m
?[0m?[0;34m   SecurityAutoConfiguration:
?[0m?[0;34m      Did not match:
?[0m?[0;34m         - @ConditionalOnClass did not find required class 'org.springframework.security.authentication.DefaultAuthenticationEventPublisher' (OnClassCondition)
?[0m?[0;34m
?[0m?[0;34m   SecurityFilterAutoConfiguration:
?[0m?[0;34m      Did not match:
?[0m?[0;34m         - @ConditionalOnClass did not find required class 'org.springframework.security.config.http.SessionCreationPolicy' (OnClassCondition)
?[0m?[0;34m
?[0m?[0;34m   SecurityRequestMatchersManagementContextConfiguration:
?[0m?[0;34m      Did not match:
?[0m?[0;34m         - @ConditionalOnClass did not find required class 'org.springframework.security.web.util.matcher.RequestMatcher' (OnClassCondition)
?[0m?[0;34m
?[0m?[0;34m   SendGridAutoConfiguration:
?[0m?[0;34m      Did not match:
?[0m?[0;34m         - @ConditionalOnClass did not find required class 'com.sendgrid.SendGrid' (OnClassCondition)
?[0m?[0;34m
?[0m?[0;34m   ServletEndpointManagementContextConfiguration.JerseyServletEndpointManagementContextConfiguration:
?[0m?[0;34m      Did not match:
?[0m?[0;34m         - @ConditionalOnClass did not find required class 'org.glassfish.jersey.server.ResourceConfig' (OnClassCondition)
?[0m?[0;34m
?[0m?[0;34m   ServletManagementContextAutoConfiguration.ApplicationContextFilterConfiguration:
?[0m?[0;34m      Did not match:
?[0m?[0;34m         - @ConditionalOnProperty (management.server.add-application-context-header=true) did not find property 'add-application-context-header' (OnPropertyCondition)
?[0m?[0;34m
?[0m?[0;34m   ServletWebServerFactoryAutoConfiguration.ForwardedHeaderFilterConfiguration:
?[0m?[0;34m      Did not match:
?[0m?[0;34m         - @ConditionalOnProperty (server.forward-headers-strategy=framework) did not find property 'server.forward-headers-strategy' (OnPropertyCondition)
?[0m?[0;34m
?[0m?[0;34m   ServletWebServerFactoryConfiguration.EmbeddedJetty:
?[0m?[0;34m      Did not match:
?[0m?[0;34m         - @ConditionalOnClass did not find required classes 'org.eclipse.jetty.server.Server', 'org.eclipse.jetty.util.Loader', 'org.eclipse.jetty.webapp.WebAppContext' (OnClassCondition)
?[0m?[0;34m
?[0m?[0;34m   ServletWebServerFactoryConfiguration.EmbeddedUndertow:
?[0m?[0;34m      Did not match:
?[0m?[0;34m         - @ConditionalOnClass did not find required classes 'io.undertow.Undertow', 'org.xnio.SslClientAuthMode' (OnClassCondition)
?[0m?[0;34m
?[0m?[0;34m   SessionAutoConfiguration:
?[0m?[0;34m      Did not match:
?[0m?[0;34m         - @ConditionalOnClass did not find required class 'org.springframework.session.Session' (OnClassCondition)
?[0m?[0;34m
?[0m?[0;34m   SessionsEndpointAutoConfiguration:
?[0m?[0;34m      Did not match:
?[0m?[0;34m         - @ConditionalOnClass did not find required class 'org.springframework.session.FindByIndexNameSessionRepository' (OnClassCondition)
?[0m?[0;34m
?[0m?[0;34m   SignalFxMetricsExportAutoConfiguration:
?[0m?[0;34m      Did not match:
?[0m?[0;34m         - @ConditionalOnClass did not find required class 'io.micrometer.signalfx.SignalFxMeterRegistry' (OnClassCondition)
?[0m?[0;34m
?[0m?[0;34m   SpringApplicationAdminJmxAutoConfiguration:
?[0m?[0;34m      Did not match:
?[0m?[0;34m         - @ConditionalOnProperty (spring.application.admin.enabled=true) did not find property 'enabled' (OnPropertyCondition)
?[0m?[0;34m
?[0m?[0;34m   SpringDataWebAutoConfiguration:
?[0m?[0;34m      Did not match:
?[0m?[0;34m         - @ConditionalOnClass did not find required class 'org.springframework.data.web.PageableHandlerMethodArgumentResolver' (OnClassCondition)
?[0m?[0;34m
?[0m?[0;34m   StackdriverMetricsExportAutoConfiguration:
?[0m?[0;34m      Did not match:
?[0m?[0;34m         - @ConditionalOnClass did not find required class 'io.micrometer.stackdriver.StackdriverMeterRegistry' (OnClassCondition)
?[0m?[0;34m
?[0m?[0;34m   StartupEndpointAutoConfiguration:
?[0m?[0;34m      Did not match:
?[0m?[0;34m         - ApplicationStartup configured applicationStartup is of type class org.springframework.core.metrics.DefaultApplicationStartup, expected BufferingApplicationStartup. (StartupEndpointAutoConfiguration.ApplicationStartupCondition)
?[0m?[0;34m
?[0m?[0;34m   StatsdMetricsExportAutoConfiguration:
?[0m?[0;34m      Did not match:
?[0m?[0;34m         - @ConditionalOnClass did not find required class 'io.micrometer.statsd.StatsdMeterRegistry' (OnClassCondition)
?[0m?[0;34m
?[0m?[0;34m   TaskSchedulingAutoConfiguration#scheduledBeanLazyInitializationExcludeFilter:
?[0m?[0;34m      Did not match:
?[0m?[0;34m         - @ConditionalOnBean (names: org.springframework.context.annotation.internalScheduledAnnotationProcessor; SearchStrategy: all) did not find any beans named org.springframework.context.annotation.internalScheduledAnnotationProcessor (OnBeanCondition)
?[0m?[0;34m
?[0m?[0;34m   TaskSchedulingAutoConfiguration#taskScheduler:
?[0m?[0;34m      Did not match:
?[0m?[0;34m         - @ConditionalOnBean (names: org.springframework.context.annotation.internalScheduledAnnotationProcessor; SearchStrategy: all) did not find any beans named org.springframework.context.annotation.internalScheduledAnnotationProcessor (OnBeanCondition)
?[0m?[0;34m
?[0m?[0;34m   ThymeleafAutoConfiguration:
?[0m?[0;34m      Did not match:
?[0m?[0;34m         - @ConditionalOnClass did not find required class 'org.thymeleaf.spring6.SpringTemplateEngine' (OnClassCondition)
?[0m?[0;34m
?[0m?[0;34m   TransactionAutoConfiguration:
?[0m?[0;34m      Did not match:
?[0m?[0;34m         - @ConditionalOnClass did not find required class 'org.springframework.transaction.PlatformTransactionManager' (OnClassCondition)
?[0m?[0;34m
?[0m?[0;34m   UserDetailsServiceAutoConfiguration:
?[0m?[0;34m      Did not match:
?[0m?[0;34m         - @ConditionalOnClass did not find required class 'org.springframework.security.authentication.AuthenticationManager' (OnClassCondition)
?[0m?[0;34m
?[0m?[0;34m   ValidationAutoConfiguration:
?[0m?[0;34m      Did not match:
?[0m?[0;34m         - @ConditionalOnClass did not find required class 'jakarta.validation.executable.ExecutableValidator' (OnClassCondition)
?[0m?[0;34m
?[0m?[0;34m   WavefrontAutoConfiguration:
?[0m?[0;34m      Did not match:
?[0m?[0;34m         - @ConditionalOnClass did not find required class 'com.wavefront.sdk.common.application.ApplicationTags' (OnClassCondition)
?[0m?[0;34m
?[0m?[0;34m   WavefrontMetricsExportAutoConfiguration:
?[0m?[0;34m      Did not match:
?[0m?[0;34m         - @ConditionalOnClass did not find required class 'com.wavefront.sdk.common.WavefrontSender' (OnClassCondition)
?[0m?[0;34m
?[0m?[0;34m   WavefrontTracingAutoConfiguration:
?[0m?[0;34m      Did not match:
?[0m?[0;34m         - @ConditionalOnClass did not find required class 'com.wavefront.sdk.common.WavefrontSender' (OnClassCondition)
?[0m?[0;34m
?[0m?[0;34m   WebClientAutoConfiguration:
?[0m?[0;34m      Did not match:
?[0m?[0;34m         - @ConditionalOnClass did not find required class 'org.springframework.web.reactive.function.client.WebClient' (OnClassCondition)
?[0m?[0;34m
?[0m?[0;34m   WebClientObservationConfiguration:
?[0m?[0;34m      Did not match:
?[0m?[0;34m         - @ConditionalOnClass did not find required class 'org.springframework.web.reactive.function.client.WebClient' (OnClassCondition)
?[0m?[0;34m
?[0m?[0;34m   WebFluxAutoConfiguration:
?[0m?[0;34m      Did not match:
?[0m?[0;34m         - @ConditionalOnClass did not find required class 'org.springframework.web.reactive.config.WebFluxConfigurer' (OnClassCondition)
?[0m?[0;34m
?[0m?[0;34m   WebFluxEndpointManagementContextConfiguration:
?[0m?[0;34m      Did not match:
?[0m?[0;34m         - @ConditionalOnClass did not find required class 'org.springframework.web.reactive.DispatcherHandler' (OnClassCondition)
?[0m?[0;34m
?[0m?[0;34m   WebFluxObservationAutoConfiguration:
?[0m?[0;34m      Did not match:
?[0m?[0;34m         - @ConditionalOnWebApplication did not find reactive web application classes (OnWebApplicationCondition)
?[0m?[0;34m
?[0m?[0;34m   WebMvcAutoConfiguration#hiddenHttpMethodFilter:
?[0m?[0;34m      Did not match:
?[0m?[0;34m         - @ConditionalOnProperty (spring.mvc.hiddenmethod.filter.enabled) did not find property 'enabled' (OnPropertyCondition)
?[0m?[0;34m
?[0m?[0;34m   WebMvcAutoConfiguration.ProblemDetailsErrorHandlingConfiguration:
?[0m?[0;34m      Did not match:
?[0m?[0;34m         - @ConditionalOnProperty (spring.mvc.problemdetails.enabled=true) did not find property 'enabled' (OnPropertyCondition)
?[0m?[0;34m
?[0m?[0;34m   WebMvcAutoConfiguration.ResourceChainCustomizerConfiguration:
?[0m?[0;34m      Did not match:
?[0m?[0;34m         - @ConditionalOnEnabledResourceChain did not find class org.webjars.WebJarAssetLocator (OnEnabledResourceChainCondition)
?[0m?[0;34m
?[0m?[0;34m   WebMvcAutoConfiguration.WebMvcAutoConfigurationAdapter#beanNameViewResolver:
?[0m?[0;34m      Did not match:
?[0m?[0;34m         - @ConditionalOnMissingBean (types: org.springframework.web.servlet.view.BeanNameViewResolver; SearchStrategy: all) found beans of type 'org.springframework.web.servlet.view.BeanNameViewResolver' beanNameViewResolver (OnBeanCondition)
?[0m?[0;34m
?[0m?[0;34m   WebMvcEndpointManagementContextConfiguration#managementHealthEndpointWebMvcHandlerMapping:
?[0m?[0;34m      Did not match:
?[0m?[0;34m         - Management Port actual port type (SAME) did not match required type (DIFFERENT) (OnManagementPortCondition)
?[0m?[0;34m
?[0m?[0;34m   WebServiceTemplateAutoConfiguration:
?[0m?[0;34m      Did not match:
?[0m?[0;34m         - @ConditionalOnClass did not find required class 'org.springframework.oxm.Marshaller' (OnClassCondition)
?[0m?[0;34m
?[0m?[0;34m   WebServicesAutoConfiguration:
?[0m?[0;34m      Did not match:
?[0m?[0;34m         - @ConditionalOnClass did not find required class 'org.springframework.ws.transport.http.MessageDispatcherServlet' (OnClassCondition)
?[0m?[0;34m
?[0m?[0;34m   WebSessionIdResolverAutoConfiguration:
?[0m?[0;34m      Did not match:
?[0m?[0;34m         - @ConditionalOnClass did not find required class 'reactor.core.publisher.Mono' (OnClassCondition)
?[0m?[0;34m
?[0m?[0;34m   WebSocketMessagingAutoConfiguration:
?[0m?[0;34m      Did not match:
?[0m?[0;34m         - @ConditionalOnClass did not find required class 'org.springframework.web.socket.config.annotation.WebSocketMessageBrokerConfigurer' (OnClassCondition)
?[0m?[0;34m
?[0m?[0;34m   WebSocketReactiveAutoConfiguration:
?[0m?[0;34m      Did not match:
?[0m?[0;34m         - @ConditionalOnWebApplication did not find reactive web application classes (OnWebApplicationCondition)
?[0m?[0;34m
?[0m?[0;34m   WebSocketServletAutoConfiguration.JettyWebSocketConfiguration:
?[0m?[0;34m      Did not match:
?[0m?[0;34m         - @ConditionalOnClass did not find required class 'org.eclipse.jetty.websocket.jakarta.server.config.JakartaWebSocketServletContainerInitializer' (OnClassCondition)
?[0m?[0;34m
?[0m?[0;34m   WebSocketServletAutoConfiguration.UndertowWebSocketConfiguration:
?[0m?[0;34m      Did not match:
?[0m?[0;34m         - @ConditionalOnClass did not find required class 'io.undertow.websockets.jsr.Bootstrap' (OnClassCondition)
?[0m?[0;34m
?[0m?[0;34m   XADataSourceAutoConfiguration:
?[0m?[0;34m      Did not match:
?[0m?[0;34m         - @ConditionalOnClass did not find required class 'jakarta.transaction.TransactionManager' (OnClassCondition)
?[0m?[0;34m
?[0m?[0;34m   ZipkinAutoConfiguration:
?[0m?[0;34m      Did not match:
?[0m?[0;34m         - @ConditionalOnClass did not find required class 'zipkin2.reporter.Sender' (OnClassCondition)
?[0m?[0;34m
?[0m?[0;34m
?[0m?[0;34mExclusions:
?[0m?[0;34m-----------
?[0m?[0;34m
?[0m?[0;34m    None
?[0m?[0;34m
?[0m?[0;34m
?[0m?[0;34mUnconditional classes:
?[0m?[0;34m----------------------
?[0m?[0;34m
?[0m?[0;34m    org.springframework.boot.autoconfigure.context.ConfigurationPropertiesAutoConfiguration
?[0m?[0;34m
?[0m?[0;34m    org.springframework.boot.actuate.autoconfigure.availability.AvailabilityHealthContributorAutoConfiguration
?[0m?[0;34m
?[0m?[0;34m    org.springframework.boot.actuate.autoconfigure.info.InfoContributorAutoConfiguration
?[0m?[0;34m
?[0m?[0;34m    org.springframework.boot.autoconfigure.context.PropertyPlaceholderAutoConfiguration
?[0m?[0;34m
?[0m?[0;34m    org.springframework.boot.autoconfigure.context.LifecycleAutoConfiguration
?[0m?[0;34m
?[0m?[0;34m    org.springframework.boot.actuate.autoconfigure.metrics.integration.IntegrationMetricsAutoConfiguration
?[0m?[0;34m
?[0m?[0;34m    org.springframework.boot.actuate.autoconfigure.endpoint.EndpointAutoConfiguration
?[0m?[0;34m
?[0m?[0;34m    org.springframework.boot.actuate.autoconfigure.web.server.ManagementContextAutoConfiguration
?[0m?[0;34m
?[0m?[0;34m    org.springframework.boot.actuate.autoconfigure.health.HealthContributorAutoConfiguration
?[0m?[0;34m
?[0m?[0;34m    org.springframework.boot.actuate.autoconfigure.endpoint.jackson.JacksonEndpointAutoConfiguration
?[0m?[0;34m
?[0m?[0;34m    org.springframework.boot.autoconfigure.availability.ApplicationAvailabilityAutoConfiguration
?[0m?[0;34m
?[0m?[0;34m    org.springframework.boot.autoconfigure.info.ProjectInfoAutoConfiguration
?[0m?[0;34m
?[0m?[0;34m
?[0m?[0;34m
?[0m?[0;34m2023-10-03T20:55:29.315+03:00  INFO 20256 --- [    Test worker] cinema.Main                              : Started Main in 1.793 seconds (process running for 2.36)
?[0m?[0;34m2023-10-03T20:55:29.349+03:00 DEBUG 20256 --- [    Test worker] o.s.b.a.ApplicationAvailabilityBean      : Application availability state LivenessState changed to CORRECT
?[0m?[0;34m2023-10-03T20:55:29.351+03:00 DEBUG 20256 --- [    Test worker] o.s.b.a.ApplicationAvailabilityBean      : Application availability state ReadinessState changed to ACCEPTING_TRAFFIC
?[0m?[0;34m2023-10-03T20:55:29.428+03:00 DEBUG 20256 --- [    Test worker] jdk.event.security                       : X509Certificate: Alg:SHA256withRSA, Serial:570a119742c4e3cc, Subject:CN=Actalis Authentication Root CA, O=Actalis S.p.A./03358520967, L=Milan, C=IT, Issuer:CN=Actalis Authentication Root CA, O=Actalis S.p.A./03358520967, L=Milan, C=IT, Key type:RSA, Length:4096, Cert Id:1729119956, Valid from:9/22/11, 3:22 PM, Valid until:9/22/30, 2:22 PM
?[0m?[0;34m2023-10-03T20:55:29.430+03:00 DEBUG 20256 --- [    Test worker] jdk.event.security                       : X509Certificate: Alg:SHA1withRSA, Serial:1, Subject:CN=AddTrust External CA Root, OU=AddTrust External TTP Network, O=AddTrust AB, C=SE, Issuer:CN=AddTrust External CA Root, OU=AddTrust External TTP Network, O=AddTrust AB, C=SE, Key type:RSA, Length:2048, Cert Id:-326352672, Valid from:5/30/00, 2:48 PM, Valid until:5/30/20, 1:48 PM
?[0m?[0;34m2023-10-03T20:55:29.430+03:00 DEBUG 20256 --- [    Test worker] jdk.event.security                       : X509Certificate: Alg:SHA1withRSA, Serial:1, Subject:CN=AddTrust Qualified CA Root, OU=AddTrust TTP Network, O=AddTrust AB, C=SE, Issuer:CN=AddTrust Qualified CA Root, OU=AddTrust TTP Network, O=AddTrust AB, C=SE, Key type:RSA, Length:2048, Cert Id:607365522, Valid from:5/30/00, 2:44 PM, Valid until:5/30/20, 1:44 PM
?[0m?[0;34m2023-10-03T20:55:29.431+03:00 DEBUG 20256 --- [    Test worker] jdk.event.security                       : X509Certificate: Alg:SHA256withRSA, Serial:7777062726a9b17c, Subject:CN=AffirmTrust Commercial, O=AffirmTrust, C=US, Issuer:CN=AffirmTrust Commercial, O=AffirmTrust, C=US, Key type:RSA, Length:2048, Cert Id:630485644, Valid from:1/29/10, 5:06 PM, Valid until:12/31/30, 5:06 PM
?[0m?[0;34m2023-10-03T20:55:29.432+03:00 DEBUG 20256 --- [    Test worker] jdk.event.security                       : X509Certificate: Alg:SHA1withRSA, Serial:7c4f04391cd4992d, Subject:CN=AffirmTrust Networking, O=AffirmTrust, C=US, Issuer:CN=AffirmTrust Networking, O=AffirmTrust, C=US, Key type:RSA, Length:2048, Cert Id:651670175, Valid from:1/29/10, 5:08 PM, Valid until:12/31/30, 5:08 PM
?[0m?[0;34m2023-10-03T20:55:29.433+03:00 DEBUG 20256 --- [    Test worker] jdk.event.security                       : X509Certificate: Alg:SHA384withRSA, Serial:6d8c1446b1a60aee, Subject:CN=AffirmTrust Premium, O=AffirmTrust, C=US, Issuer:CN=AffirmTrust Premium, O=AffirmTrust, C=US, Key type:RSA, Length:4096, Cert Id:-2130283955, Valid from:1/29/10, 5:10 PM, Valid until:12/31/40, 5:10 PM
?[0m?[0;34m2023-10-03T20:55:29.434+03:00 DEBUG 20256 --- [    Test worker] jdk.event.security                       : X509Certificate: Alg:SHA384withECDSA, Serial:7497258ac73f7a54, Subject:CN=AffirmTrust Premium ECC, O=AffirmTrust, C=US, Issuer:CN=AffirmTrust Premium ECC, O=AffirmTrust, C=US, Key type:EC, Length:384, Cert Id:-2080363786, Valid from:1/29/10, 5:20 PM, Valid until:12/31/40, 5:20 PM
?[0m?[0;34m2023-10-03T20:55:29.435+03:00 DEBUG 20256 --- [    Test worker] jdk.event.security                       : X509Certificate: Alg:SHA256withRSA, Serial:66c9fcf99bf8c0a39e2f0788a43e696365bca, Subject:CN=Amazon Root CA 1, O=Amazon, C=US, Issuer:CN=Amazon Root CA 1, O=Amazon, C=US, Key type:RSA, Length:2048, Cert Id:-1472444962, Valid from:5/26/15, 3:00 AM, Valid until:1/17/38, 3:00 AM
?[0m?[0;34m2023-10-03T20:55:29.436+03:00 DEBUG 20256 --- [    Test worker] jdk.event.security                       : X509Certificate: Alg:SHA384withRSA, Serial:66c9fd29635869f0a0fe58678f85b26bb8a37, Subject:CN=Amazon Root CA 2, O=Amazon, C=US, Issuer:CN=Amazon Root CA 2, O=Amazon, C=US, Key type:RSA, Length:4096, Cert Id:-1766132388, Valid from:5/26/15, 3:00 AM, Valid until:5/26/40, 3:00 AM
?[0m?[0;34m2023-10-03T20:55:29.437+03:00 DEBUG 20256 --- [    Test worker] jdk.event.security                       : X509Certificate: Alg:SHA256withECDSA, Serial:66c9fd5749736663f3b0b9ad9e89e7603f24a, Subject:CN=Amazon Root CA 3, O=Amazon, C=US, Issuer:CN=Amazon Root CA 3, O=Amazon, C=US, Key type:EC, Length:256, Cert Id:-1562287523, Valid from:5/26/15, 3:00 AM, Valid until:5/26/40, 3:00 AM
?[0m?[0;34m2023-10-03T20:55:29.437+03:00 DEBUG 20256 --- [    Test worker] jdk.event.security                       : X509Certificate: Alg:SHA384withECDSA, Serial:66c9fd7c1bb104c2943e5717b7b2cc81ac10e, Subject:CN=Amazon Root CA 4, O=Amazon, C=US, Issuer:CN=Amazon Root CA 4, O=Amazon, C=US, Key type:EC, Length:384, Cert Id:-1654272513, Valid from:5/26/15, 3:00 AM, Valid until:5/26/40, 3:00 AM
?[0m?[0;34m2023-10-03T20:55:29.438+03:00 DEBUG 20256 --- [    Test worker] jdk.event.security                       : X509Certificate: Alg:SHA1withRSA, Serial:20000b9, Subject:CN=Baltimore CyberTrust Root, OU=CyberTrust, O=Baltimore, C=IE, Issuer:CN=Baltimore CyberTrust Root, OU=CyberTrust, O=Baltimore, C=IE, Key type:RSA, Length:2048, Cert Id:1425294543, Valid from:5/12/00, 10:46 PM, Valid until:5/13/25, 2:59 AM
?[0m?[0;34m2023-10-03T20:55:29.439+03:00 DEBUG 20256 --- [    Test worker] jdk.event.security                       : X509Certificate: Alg:SHA256withRSA, Serial:2, Subject:CN=Buypass Class 2 Root CA, O=Buypass AS-983163327, C=NO, Issuer:CN=Buypass Class 2 Root CA, O=Buypass AS-983163327, C=NO, Key type:RSA, Length:4096, Cert Id:969960563, Valid from:10/26/10, 12:38 PM, Valid until:10/26/40, 11:38 AM
?[0m?[0;34m2023-10-03T20:55:29.440+03:00 DEBUG 20256 --- [    Test worker] jdk.event.security                       : X509Certificate: Alg:SHA256withRSA, Serial:2, Subject:CN=Buypass Class 3 Root CA, O=Buypass AS-983163327, C=NO, Issuer:CN=Buypass Class 3 Root CA, O=Buypass AS-983163327, C=NO, Key type:RSA, Length:4096, Cert Id:1264269967, Valid from:10/26/10, 12:28 PM, Valid until:10/26/40, 11:28 AM
?[0m?[0;34m2023-10-03T20:55:29.442+03:00 DEBUG 20256 --- [    Test worker] jdk.event.security                       : X509Certificate: Alg:SHA1withRSA, Serial:a3da427ea4b1aeda, Subject:CN=Chambers of Commerce Root - 2008, O=AC Camerfirma S.A., SERIALNUMBER=A82743287, L=Madrid (see current address at www.camerfirma.com/address), C=EU, Issuer:CN=Chambers of Commerce Root - 2008, O=AC Camerfirma S.A., SERIALNUMBER=A82743287, L=Madrid (see current address at www.camerfirma.com/address), C=EU, Key type:RSA, Length:4096, Cert Id:-28263924, Valid from:8/1/08, 4:29 PM, Valid until:7/31/38, 3:29 PM
?[0m?[0;34m2023-10-03T20:55:29.444+03:00 DEBUG 20256 --- [    Test worker] jdk.event.security                       : X509Certificate: Alg:SHA1withRSA, Serial:0, Subject:CN=Chambers of Commerce Root, OU=http://www.chambersign.org, O=AC Camerfirma SA CIF A82743287, C=EU, Issuer:CN=Chambers of Commerce Root, OU=http://www.chambersign.org, O=AC Camerfirma SA CIF A82743287, C=EU, Key type:RSA, Length:2048, Cert Id:1827306452, Valid from:9/30/03, 8:13 PM, Valid until:9/30/37, 7:13 PM
?[0m?[0;34m2023-10-03T20:55:29.445+03:00 DEBUG 20256 --- [    Test worker] jdk.event.security                       : X509Certificate: Alg:SHA1withRSA, Serial:c9cdd3e9d57d23ce, Subject:CN=Global Chambersign Root - 2008, O=AC Camerfirma S.A., SERIALNUMBER=A82743287, L=Madrid (see current address at www.camerfirma.com/address), C=EU, Issuer:CN=Global Chambersign Root - 2008, O=AC Camerfirma S.A., SERIALNUMBER=A82743287, L=Madrid (see current address at www.camerfirma.com/address), C=EU, Key type:RSA, Length:4096, Cert Id:1271252776, Valid from:8/1/08, 4:31 PM, Valid until:7/31/38, 3:31 PM
?[0m?[0;34m2023-10-03T20:55:29.446+03:00 DEBUG 20256 --- [    Test worker] jdk.event.security                       : X509Certificate: Alg:SHA1withRSA, Serial:fedce3010fc948ff, Subject:CN=Certigna, O=Dhimyotis, C=FR, Issuer:CN=Certigna, O=Dhimyotis, C=FR, Key type:RSA, Length:2048, Cert Id:-788091456, Valid from:6/29/07, 7:13 PM, Valid until:6/29/27, 6:13 PM
?[0m?[0;34m2023-10-03T20:55:29.447+03:00 DEBUG 20256 --- [    Test worker] jdk.event.security                       : X509Certificate: Alg:SHA1withRSA, Serial:10020, Subject:CN=Certum CA, O=Unizeto Sp. z o.o., C=PL, Issuer:CN=Certum CA, O=Unizeto Sp. z o.o., C=PL, Key type:RSA, Length:2048, Cert Id:-744451266, Valid from:6/11/02, 2:46 PM, Valid until:6/11/27, 1:46 PM
?[0m?[0;34m2023-10-03T20:55:29.448+03:00 DEBUG 20256 --- [    Test worker] jdk.event.security                       : X509Certificate: Alg:SHA1withRSA, Serial:444c0, Subject:CN=Certum Trusted Network CA, OU=Certum Certification Authority, O=Unizeto Technologies S.A., C=PL, Issuer:CN=Certum Trusted Network CA, OU=Certum Certification Authority, O=Unizeto Technologies S.A., C=PL, Key type:RSA, Length:2048, Cert Id:2014002193, Valid from:10/22/08, 4:07 PM, Valid until:12/31/29, 3:07 PM
?[0m?[0;34m2023-10-03T20:55:29.449+03:00 DEBUG 20256 --- [    Test worker] jdk.event.security                       : X509Certificate: Alg:SHA1withRSA, Serial:15c8bd65475cafb897005ee406d2bc9d, Subject:OU=ePKI Root Certification Authority, O="Chunghwa Telecom Co., Ltd.", C=TW, Issuer:OU=ePKI Root Certification Authority, O="Chunghwa Telecom Co., Ltd.", C=TW, Key type:RSA, Length:4096, Cert Id:-662636137, Valid from:12/20/04, 5:31 AM, Valid until:12/20/34, 5:31 AM
?[0m?[0;34m2023-10-03T20:55:29.451+03:00 DEBUG 20256 --- [    Test worker] jdk.event.security                       : X509Certificate: Alg:SHA1withRSA, Serial:1, Subject:CN=AAA Certificate Services, O=Comodo CA Limited, L=Salford, ST=Greater Manchester, C=GB, Issuer:CN=AAA Certificate Services, O=Comodo CA Limited, L=Salford, ST=Greater Manchester, C=GB, Key type:RSA, Length:2048, Cert Id:-1197580894, Valid from:1/1/04, 3:00 AM, Valid until:1/1/29, 2:59 AM
?[0m?[0;34m2023-10-03T20:55:29.452+03:00 DEBUG 20256 --- [    Test worker] jdk.event.security                       : X509Certificate: Alg:SHA384withECDSA, Serial:1f47afaa62007050544c019e9b63992a, Subject:CN=COMODO ECC Certification Authority, O=COMODO CA Limited, L=Salford, ST=Greater Manchester, C=GB, Issuer:CN=COMODO ECC Certification Authority, O=COMODO CA Limited, L=Salford, ST=Greater Manchester, C=GB, Key type:EC, Length:384, Cert Id:1146488932, Valid from:3/6/08, 3:00 AM, Valid until:1/19/38, 2:59 AM
?[0m?[0;34m2023-10-03T20:55:29.453+03:00 DEBUG 20256 --- [    Test worker] jdk.event.security                       : X509Certificate: Alg:SHA384withRSA, Serial:4caaf9cadb636fe01ff74ed85b03869d, Subject:CN=COMODO RSA Certification Authority, O=COMODO CA Limited, L=Salford, ST=Greater Manchester, C=GB, Issuer:CN=COMODO RSA Certification Authority, O=COMODO CA Limited, L=Salford, ST=Greater Manchester, C=GB, Key type:RSA, Length:4096, Cert Id:1769425049, Valid from:1/19/10, 3:00 AM, Valid until:1/19/38, 2:59 AM
?[0m?[0;34m2023-10-03T20:55:29.455+03:00 DEBUG 20256 --- [    Test worker] jdk.event.security                       : X509Certificate: Alg:SHA256withRSA, Serial:b931c3ad63967ea6723bfc3af9af44b, Subject:CN=DigiCert Assured ID Root G2, OU=www.digicert.com, O=DigiCert Inc, C=US, Issuer:CN=DigiCert Assured ID Root G2, OU=www.digicert.com, O=DigiCert Inc, C=US, Key type:RSA, Length:2048, Cert Id:-385398383, Valid from:8/1/13, 4:00 PM, Valid until:1/15/38, 3:00 PM
?[0m?[0;34m2023-10-03T20:55:29.456+03:00 DEBUG 20256 --- [    Test worker] jdk.event.security                       : X509Certificate: Alg:SHA384withECDSA, Serial:ba15afa1ddfa0b54944afcd24a06cec, Subject:CN=DigiCert Assured ID Root G3, OU=www.digicert.com, O=DigiCert Inc, C=US, Issuer:CN=DigiCert Assured ID Root G3, OU=www.digicert.com, O=DigiCert Inc, C=US, Key type:EC, Length:384, Cert Id:-645537245, Valid from:8/1/13, 4:00 PM, Valid until:1/15/38, 3:00 PM
?[0m?[0;34m2023-10-03T20:55:29.457+03:00 DEBUG 20256 --- [    Test worker] jdk.event.security                       : X509Certificate: Alg:SHA1withRSA, Serial:ce7e0e517d846fe8fe560fc1bf03039, Subject:CN=DigiCert Assured ID Root CA, OU=www.digicert.com, O=DigiCert Inc, C=US, Issuer:CN=DigiCert Assured ID Root CA, OU=www.digicert.com, O=DigiCert Inc, C=US, Key type:RSA, Length:2048, Cert Id:-860404528, Valid from:11/10/06, 3:00 AM, Valid until:11/10/31, 3:00 AM
?[0m?[0;34m2023-10-03T20:55:29.458+03:00 DEBUG 20256 --- [    Test worker] jdk.event.security                       : X509Certificate: Alg:SHA1withRSA, Serial:83be056904246b1a1756ac95991c74a, Subject:CN=DigiCert Global Root CA, OU=www.digicert.com, O=DigiCert Inc, C=US, Issuer:CN=DigiCert Global Root CA, OU=www.digicert.com, O=DigiCert Inc, C=US, Key type:RSA, Length:2048, Cert Id:1341898239, Valid from:11/10/06, 3:00 AM, Valid until:11/10/31, 3:00 AM
?[0m?[0;34m2023-10-03T20:55:29.459+03:00 DEBUG 20256 --- [    Test worker] jdk.event.security                       : X509Certificate: Alg:SHA256withRSA, Serial:33af1e6a711a9a0bb2864b11d09fae5, Subject:CN=DigiCert Global Root G2, OU=www.digicert.com, O=DigiCert Inc, C=US, Issuer:CN=DigiCert Global Root G2, OU=www.digicert.com, O=DigiCert Inc, C=US, Key type:RSA, Length:2048, Cert Id:1136084297, Valid from:8/1/13, 4:00 PM, Valid until:1/15/38, 3:00 PM
?[0m?[0;34m2023-10-03T20:55:29.460+03:00 DEBUG 20256 --- [    Test worker] jdk.event.security                       : X509Certificate: Alg:SHA384withECDSA, Serial:55556bcf25ea43535c3a40fd5ab4572, Subject:CN=DigiCert Global Root G3, OU=www.digicert.com, O=DigiCert Inc, C=US, Issuer:CN=DigiCert Global Root G3, OU=www.digicert.com, O=DigiCert Inc, C=US, Key type:EC, Length:384, Cert Id:-795968543, Valid from:8/1/13, 4:00 PM, Valid until:1/15/38, 3:00 PM
?[0m?[0;34m2023-10-03T20:55:29.461+03:00 DEBUG 20256 --- [    Test worker] jdk.event.security                       : X509Certificate: Alg:SHA1withRSA, Serial:2ac5c266a0b409b8f0b79f2ae462577, Subject:CN=DigiCert High Assurance EV Root CA, OU=www.digicert.com, O=DigiCert Inc, C=US, Issuer:CN=DigiCert High Assurance EV Root CA, OU=www.digicert.com, O=DigiCert Inc, C=US, Key type:RSA, Length:2048, Cert Id:-1410680354, Valid from:11/10/06, 3:00 AM, Valid until:11/10/31, 3:00 AM
?[0m?[0;34m2023-10-03T20:55:29.462+03:00 DEBUG 20256 --- [    Test worker] jdk.event.security                       : X509Certificate: Alg:SHA384withRSA, Serial:59b1b579e8e2132e23907bda777755c, Subject:CN=DigiCert Trusted Root G4, OU=www.digicert.com, O=DigiCert Inc, C=US, Issuer:CN=DigiCert Trusted Root G4, OU=www.digicert.com, O=DigiCert Inc, C=US, Key type:RSA, Length:4096, Cert Id:1057369358, Valid from:8/1/13, 4:00 PM, Valid until:1/15/38, 3:00 PM
?[0m?[0;34m2023-10-03T20:55:29.463+03:00 DEBUG 20256 --- [    Test worker] jdk.event.security                       : X509Certificate: Alg:SHA256withRSA, Serial:983f3, Subject:CN=D-TRUST Root Class 3 CA 2 2009, O=D-Trust GmbH, C=DE, Issuer:CN=D-TRUST Root Class 3 CA 2 2009, O=D-Trust GmbH, C=DE, Key type:RSA, Length:2048, Cert Id:1430153102, Valid from:11/5/09, 11:35 AM, Valid until:11/5/29, 11:35 AM
?[0m?[0;34m2023-10-03T20:55:29.464+03:00 DEBUG 20256 --- [    Test worker] jdk.event.security                       : X509Certificate: Alg:SHA256withRSA, Serial:983f4, Subject:CN=D-TRUST Root Class 3 CA 2 EV 2009, O=D-Trust GmbH, C=DE, Issuer:CN=D-TRUST Root Class 3 CA 2 EV 2009, O=D-Trust GmbH, C=DE, Key type:RSA, Length:2048, Cert Id:971313728, Valid from:11/5/09, 11:50 AM, Valid until:11/5/29, 11:50 AM
?[0m?[0;34m2023-10-03T20:55:29.465+03:00 DEBUG 20256 --- [    Test worker] jdk.event.security                       : X509Certificate: Alg:SHA1withRSA, Serial:3863def8, Subject:CN=Entrust.net Certification Authority (2048), OU=(c) 1999 Entrust.net Limited, OU=www.entrust.net/CPS_2048 incorp. by ref. (limits liab.), O=Entrust.net, Issuer:CN=Entrust.net Certification Authority (2048), OU=(c) 1999 Entrust.net Limited, OU=www.entrust.net/CPS_2048 incorp. by ref. (limits liab.), O=Entrust.net, Key type:RSA, Length:2048, Cert Id:-328536082, Valid from:12/24/99, 8:50 PM, Valid until:7/24/29, 5:15 PM
?[0m?[0;34m2023-10-03T20:55:29.467+03:00 DEBUG 20256 --- [    Test worker] jdk.event.security                       : X509Certificate: Alg:SHA1withRSA, Serial:456b5054, Subject:CN=Entrust Root Certification Authority, OU="(c) 2006 Entrust, Inc.", OU=www.entrust.net/CPS is incorporated by reference, O="Entrust, Inc.", C=US, Issuer:CN=Entrust Root Certification Authority, OU="(c) 2006 Entrust, Inc.", OU=www.entrust.net/CPS is incorporated by reference, O="Entrust, Inc.", C=US, Key type:RSA, Length:2048, Cert Id:-1261404096, Valid from:11/27/06, 11:23 PM, Valid until:11/27/26, 11:53 PM
?[0m?[0;34m2023-10-03T20:55:29.468+03:00 DEBUG 20256 --- [    Test worker] jdk.event.security                       : X509Certificate: Alg:SHA384withECDSA, Serial:a68b79290000000050d091f9, Subject:CN=Entrust Root Certification Authority - EC1, OU="(c) 2012 Entrust, Inc. - for authorized use only", OU=See www.entrust.net/legal-terms, O="Entrust, Inc.", C=US, Issuer:CN=Entrust Root Certification Authority - EC1, OU="(c) 2012 Entrust, Inc. - for authorized use only", OU=See www.entrust.net/legal-terms, O="Entrust, Inc.", C=US, Key type:EC, Length:384, Cert Id:924514073, Valid from:12/18/12, 7:25 PM, Valid until:12/18/37, 6:55 PM
?[0m?[0;34m2023-10-03T20:55:29.469+03:00 DEBUG 20256 --- [    Test worker] jdk.event.security                       : X509Certificate: Alg:SHA256withRSA, Serial:4a538c28, Subject:CN=Entrust Root Certification Authority - G2, OU="(c) 2009 Entrust, Inc. - for authorized use only", OU=See www.entrust.net/legal-terms, O="Entrust, Inc.", C=US, Issuer:CN=Entrust Root Certification Authority - G2, OU="(c) 2009 Entrust, Inc. - for authorized use only", OU=See www.entrust.net/legal-terms, O="Entrust, Inc.", C=US, Key type:RSA, Length:2048, Cert Id:1936920337, Valid from:7/7/09, 9:25 PM, Valid until:12/7/30, 8:55 PM
?[0m?[0;34m2023-10-03T20:55:29.469+03:00 DEBUG 20256 --- [    Test worker] jdk.event.security                       : X509Certificate: Alg:SHA256withRSA, Serial:d9b5437fafa9390f000000005565ad58, Subject:CN=Entrust Root Certification Authority - G4, OU="(c) 2015 Entrust, Inc. - for authorized use only", OU=See www.entrust.net/legal-terms, O="Entrust, Inc.", C=US, Issuer:CN=Entrust Root Certification Authority - G4, OU="(c) 2015 Entrust, Inc. - for authorized use only", OU=See www.entrust.net/legal-terms, O="Entrust, Inc.", C=US, Key type:RSA, Length:4096, Cert Id:1368037548, Valid from:5/27/15, 2:11 PM, Valid until:12/27/37, 2:41 PM
?[0m?[0;34m2023-10-03T20:55:29.470+03:00 DEBUG 20256 --- [    Test worker] jdk.event.security                       : X509Certificate: Alg:SHA1withRSA, Serial:23456, Subject:CN=GeoTrust Global CA, O=GeoTrust Inc., C=US, Issuer:CN=GeoTrust Global CA, O=GeoTrust Inc., C=US, Key type:RSA, Length:2048, Cert Id:-2028617374, Valid from:5/21/02, 8:00 AM, Valid until:5/21/22, 7:00 AM
?[0m?[0;34m2023-10-03T20:55:29.470+03:00 DEBUG 20256 --- [    Test worker] jdk.event.security                       : X509Certificate: Alg:SHA1withRSA, Serial:18acb56afd69b6153a636cafdafac4a1, Subject:CN=GeoTrust Primary Certification Authority, O=GeoTrust Inc., C=US, Issuer:CN=GeoTrust Primary Certification Authority, O=GeoTrust Inc., C=US, Key type:RSA, Length:2048, Cert Id:-965345157, Valid from:11/27/06, 3:00 AM, Valid until:7/17/36, 2:59 AM
?[0m?[0;34m2023-10-03T20:55:29.471+03:00 DEBUG 20256 --- [    Test worker] jdk.event.security                       : X509Certificate: Alg:SHA384withECDSA, Serial:3cb2f4480a00e2feeb243b5e603ec36b, Subject:CN=GeoTrust Primary Certification Authority - G2, OU=(c) 2007 GeoTrust Inc. - For authorized use only, O=GeoTrust Inc., C=US, Issuer:CN=GeoTrust Primary Certification Authority - G2, OU=(c) 2007 GeoTrust Inc. - For authorized use only, O=GeoTrust Inc., C=US, Key type:EC, Length:384, Cert Id:-1114303822, Valid from:11/5/07, 3:00 AM, Valid until:1/19/38, 2:59 AM
?[0m?[0;34m2023-10-03T20:55:29.472+03:00 DEBUG 20256 --- [    Test worker] jdk.event.security                       : X509Certificate: Alg:SHA256withRSA, Serial:15ac6e9419b2794b41f627a9c3180f1f, Subject:CN=GeoTrust Primary Certification Authority - G3, OU=(c) 2008 GeoTrust Inc. - For authorized use only, O=GeoTrust Inc., C=US, Issuer:CN=GeoTrust Primary Certification Authority - G3, OU=(c) 2008 GeoTrust Inc. - For authorized use only, O=GeoTrust Inc., C=US, Key type:RSA, Length:2048, Cert Id:-1330153758, Valid from:4/2/08, 4:00 AM, Valid until:12/2/37, 2:59 AM
?[0m?[0;34m2023-10-03T20:55:29.473+03:00 DEBUG 20256 --- [    Test worker] jdk.event.security                       : X509Certificate: Alg:SHA1withRSA, Serial:1, Subject:CN=GeoTrust Universal CA, O=GeoTrust Inc., C=US, Issuer:CN=GeoTrust Universal CA, O=GeoTrust Inc., C=US, Key type:RSA, Length:4096, Cert Id:313566089, Valid from:3/4/04, 8:00 AM, Valid until:3/4/29, 8:00 AM
?[0m?[0;34m2023-10-03T20:55:29.473+03:00 DEBUG 20256 --- [    Test worker] jdk.event.security                       : X509Certificate: Alg:SHA1withRSA, Serial:40000000001154b5ac394, Subject:CN=GlobalSign Root CA, OU=Root CA, O=GlobalSign nv-sa, C=BE, Issuer:CN=GlobalSign Root CA, OU=Root CA, O=GlobalSign nv-sa, C=BE, Key type:RSA, Length:2048, Cert Id:536948034, Valid from:9/1/98, 4:00 PM, Valid until:1/28/28, 3:00 PM
?[0m?[0;34m2023-10-03T20:55:29.474+03:00 DEBUG 20256 --- [    Test worker] jdk.event.security                       : X509Certificate: Alg:SHA256withECDSA, Serial:2a38a41c960a04de42b228a50be8349802, Subject:CN=GlobalSign, O=GlobalSign, OU=GlobalSign ECC Root CA - R4, Issuer:CN=GlobalSign, O=GlobalSign, OU=GlobalSign ECC Root CA - R4, Key type:EC, Length:256, Cert Id:-1923273545, Valid from:11/13/12, 4:00 AM, Valid until:1/19/38, 6:14 AM
?[0m?[0;34m2023-10-03T20:55:29.474+03:00 DEBUG 20256 --- [    Test worker] jdk.event.security                       : X509Certificate: Alg:SHA384withECDSA, Serial:605949e0262ebb55f90a778a71f94ad86c, Subject:CN=GlobalSign, O=GlobalSign, OU=GlobalSign ECC Root CA - R5, Issuer:CN=GlobalSign, O=GlobalSign, OU=GlobalSign ECC Root CA - R5, Key type:EC, Length:384, Cert Id:1997048439, Valid from:11/13/12, 4:00 AM, Valid until:1/19/38, 6:14 AM
?[0m?[0;34m2023-10-03T20:55:29.475+03:00 DEBUG 20256 --- [    Test worker] jdk.event.security                       : X509Certificate: Alg:SHA256withRSA, Serial:4000000000121585308a2, Subject:CN=GlobalSign, O=GlobalSign, OU=GlobalSign Root CA - R3, Issuer:CN=GlobalSign, O=GlobalSign, OU=GlobalSign Root CA - R3, Key type:RSA, Length:2048, Cert Id:733875591, Valid from:3/18/09, 1:00 PM, Valid until:3/18/29, 1:00 PM
?[0m?[0;34m2023-10-03T20:55:29.476+03:00 DEBUG 20256 --- [    Test worker] jdk.event.security                       : X509Certificate: Alg:SHA384withRSA, Serial:45e6bb038333c3856548e6ff4551, Subject:CN=GlobalSign, O=GlobalSign, OU=GlobalSign Root CA - R6, Issuer:CN=GlobalSign, O=GlobalSign, OU=GlobalSign Root CA - R6, Key type:RSA, Length:4096, Cert Id:-506627753, Valid from:12/10/14, 3:00 AM, Valid until:12/10/34, 3:00 AM
?[0m?[0;34m2023-10-03T20:55:29.476+03:00 DEBUG 20256 --- [    Test worker] jdk.event.security                       : X509Certificate: Alg:SHA1withRSA, Serial:0, Subject:OU=Go Daddy Class 2 Certification Authority, O="The Go Daddy Group, Inc.", C=US, Issuer:OU=Go Daddy Class 2 Certification Authority, O="The Go Daddy Group, Inc.", C=US, Key type:RSA, Length:2048, Cert Id:-271444299, Valid from:6/29/04, 9:06 PM, Valid until:6/29/34, 8:06 PM
?[0m?[0;34m2023-10-03T20:55:29.476+03:00 DEBUG 20256 --- [    Test worker] jdk.event.security                       : X509Certificate: Alg:SHA256withRSA, Serial:0, Subject:CN=Go Daddy Root Certificate Authority - G2, O="GoDaddy.com, Inc.", L=Scottsdale, ST=Arizona, C=US, Issuer:CN=Go Daddy Root Certificate Authority - G2, O="GoDaddy.com, Inc.", L=Scottsdale, ST=Arizona, C=US, Key type:RSA, Length:2048, Cert Id:439600313, Valid from:9/1/09, 4:00 AM, Valid until:1/1/38, 2:59 AM
?[0m?[0;34m2023-10-03T20:55:29.477+03:00 DEBUG 20256 --- [    Test worker] jdk.event.security                       : X509Certificate: Alg:SHA256withECDSA, Serial:0, Subject:CN=Hellenic Academic and Research Institutions ECC RootCA 2015, O=Hellenic Academic and Research Institutions Cert. Authority, L=Athens, C=GR, Issuer:CN=Hellenic Academic and Research Institutions ECC RootCA 2015, O=Hellenic Academic and Research Institutions Cert. Authority, L=Athens, C=GR, Key type:EC, Length:384, Cert Id:513613456, Valid from:7/7/15, 1:37 PM, Valid until:6/30/40, 1:37 PM
?[0m?[0;34m2023-10-03T20:55:29.477+03:00 DEBUG 20256 --- [    Test worker] jdk.event.security                       : X509Certificate: Alg:SHA256withRSA, Serial:0, Subject:CN=Hellenic Academic and Research Institutions RootCA 2015, O=Hellenic Academic and Research Institutions Cert. Authority, L=Athens, C=GR, Issuer:CN=Hellenic Academic and Research Institutions RootCA 2015, O=Hellenic Academic and Research Institutions Cert. Authority, L=Athens, C=GR, Key type:RSA, Length:4096, Cert Id:-802976731, Valid from:7/7/15, 1:11 PM, Valid until:6/30/40, 1:11 PM
?[0m?[0;34m2023-10-03T20:55:29.478+03:00 DEBUG 20256 --- [    Test worker] jdk.event.security                       : X509Certificate: Alg:SHA256withRSA, Serial:a0142800000014523c844b500000002, Subject:CN=IdenTrust Commercial Root CA 1, O=IdenTrust, C=US, Issuer:CN=IdenTrust Commercial Root CA 1, O=IdenTrust, C=US, Key type:RSA, Length:4096, Cert Id:1232565210, Valid from:1/16/14, 10:12 PM, Valid until:1/16/34, 9:12 PM
?[0m?[0;34m2023-10-03T20:55:29.478+03:00 DEBUG 20256 --- [    Test worker] jdk.event.security                       : X509Certificate: Alg:SHA256withRSA, Serial:a0142800000014523cf467c00000002, Subject:CN=IdenTrust Public Sector Root CA 1, O=IdenTrust, C=US, Issuer:CN=IdenTrust Public Sector Root CA 1, O=IdenTrust, C=US, Key type:RSA, Length:4096, Cert Id:2123370772, Valid from:1/16/14, 9:53 PM, Valid until:1/16/34, 8:53 PM
?[0m?[0;34m2023-10-03T20:55:29.479+03:00 DEBUG 20256 --- [    Test worker] jdk.event.security                       : X509Certificate: Alg:SHA256withRSA, Serial:8210cfb0d240e3594463e0bb63828b00, Subject:CN=ISRG Root X1, O=Internet Security Research Group, C=US, Issuer:CN=ISRG Root X1, O=Internet Security Research Group, C=US, Key type:RSA, Length:4096, Cert Id:1521974916, Valid from:6/4/15, 2:04 PM, Valid until:6/4/35, 2:04 PM
?[0m?[0;34m2023-10-03T20:55:29.480+03:00 DEBUG 20256 --- [    Test worker] jdk.event.security                       : X509Certificate: Alg:SHA256withRSA, Serial:a7ea6df4b449eda6a24859ee6b815d3167fbbb1, Subject:CN=LuxTrust Global Root 2, O=LuxTrust S.A., C=LU, Issuer:CN=LuxTrust Global Root 2, O=LuxTrust S.A., C=LU, Key type:RSA, Length:4096, Cert Id:-1239330694, Valid from:3/5/15, 4:21 PM, Valid until:3/5/35, 4:21 PM
?[0m?[0;34m2023-10-03T20:55:29.480+03:00 DEBUG 20256 --- [    Test worker] jdk.event.security                       : X509Certificate: Alg:SHA256withRSA, Serial:bb8, Subject:CN=LuxTrust Global Root, O=LuxTrust s.a., C=LU, Issuer:CN=LuxTrust Global Root, O=LuxTrust s.a., C=LU, Key type:RSA, Length:2048, Cert Id:1714819687, Valid from:3/17/11, 12:51 PM, Valid until:3/17/21, 12:51 PM
?[0m?[0;34m2023-10-03T20:55:29.481+03:00 DEBUG 20256 --- [    Test worker] jdk.event.security                       : X509Certificate: Alg:SHA1withRSA, Serial:3ab6508b, Subject:CN=QuoVadis Root Certification Authority, OU=Root Certification Authority, O=QuoVadis Limited, C=BM, Issuer:CN=QuoVadis Root Certification Authority, OU=Root Certification Authority, O=QuoVadis Limited, C=BM, Key type:RSA, Length:2048, Cert Id:-1882405602, Valid from:3/19/01, 9:33 PM, Valid until:3/17/21, 9:33 PM
?[0m?[0;34m2023-10-03T20:55:29.482+03:00 DEBUG 20256 --- [    Test worker] jdk.event.security                       : X509Certificate: Alg:SHA256withRSA, Serial:78585f2ead2c194be3370735341328b596d46593, Subject:CN=QuoVadis Root CA 1 G3, O=QuoVadis Limited, C=BM, Issuer:CN=QuoVadis Root CA 1 G3, O=QuoVadis Limited, C=BM, Key type:RSA, Length:4096, Cert Id:-762436034, Valid from:1/12/12, 9:27 PM, Valid until:1/12/42, 8:27 PM
?[0m?[0;34m2023-10-03T20:55:29.482+03:00 DEBUG 20256 --- [    Test worker] jdk.event.security                       : X509Certificate: Alg:SHA1withRSA, Serial:509, Subject:CN=QuoVadis Root CA 2, O=QuoVadis Limited, C=BM, Issuer:CN=QuoVadis Root CA 2, O=QuoVadis Limited, C=BM, Key type:RSA, Length:4096, Cert Id:338250116, Valid from:11/24/06, 9:27 PM, Valid until:11/24/31, 9:23 PM
?[0m?[0;34m2023-10-03T20:55:29.483+03:00 DEBUG 20256 --- [    Test worker] jdk.event.security                       : X509Certificate: Alg:SHA256withRSA, Serial:445734245b81899b35f2ceb82b3b5ba726f07528, Subject:CN=QuoVadis Root CA 2 G3, O=QuoVadis Limited, C=BM, Issuer:CN=QuoVadis Root CA 2 G3, O=QuoVadis Limited, C=BM, Key type:RSA, Length:4096, Cert Id:696763521, Valid from:1/12/12, 10:59 PM, Valid until:1/12/42, 9:59 PM
?[0m?[0;34m2023-10-03T20:55:29.484+03:00 DEBUG 20256 --- [    Test worker] jdk.event.security                       : X509Certificate: Alg:SHA1withRSA, Serial:5c6, Subject:CN=QuoVadis Root CA 3, O=QuoVadis Limited, C=BM, Issuer:CN=QuoVadis Root CA 3, O=QuoVadis Limited, C=BM, Key type:RSA, Length:4096, Cert Id:1470392860, Valid from:11/24/06, 10:11 PM, Valid until:11/24/31, 10:06 PM
?[0m?[0;34m2023-10-03T20:55:29.484+03:00 DEBUG 20256 --- [    Test worker] jdk.event.security                       : X509Certificate: Alg:SHA256withRSA, Serial:2ef59b0228a7db7affd5a3a9eebd03a0cf126a1d, Subject:CN=QuoVadis Root CA 3 G3, O=QuoVadis Limited, C=BM, Issuer:CN=QuoVadis Root CA 3 G3, O=QuoVadis Limited, C=BM, Key type:RSA, Length:4096, Cert Id:-705622991, Valid from:1/13/12, 12:26 AM, Valid until:1/12/42, 11:26 PM
?[0m?[0;34m2023-10-03T20:55:29.484+03:00 DEBUG 20256 --- [    Test worker] jdk.event.security                       : X509Certificate: Alg:SHA1withRSA, Serial:0, Subject:OU=Security Communication RootCA1, O=SECOM Trust.net, C=JP, Issuer:OU=Security Communication RootCA1, O=SECOM Trust.net, C=JP, Key type:RSA, Length:2048, Cert Id:1802358121, Valid from:9/30/03, 8:20 AM, Valid until:9/30/23, 7:20 AM
?[0m?[0;34m2023-10-03T20:55:29.485+03:00 DEBUG 20256 --- [    Test worker] jdk.event.security                       : X509Certificate: Alg:SHA256withRSA, Serial:0, Subject:OU=Security Communication RootCA2, O="SECOM Trust Systems CO.,LTD.", C=JP, Issuer:OU=Security Communication RootCA2, O="SECOM Trust Systems CO.,LTD.", C=JP, Key type:RSA, Length:2048, Cert Id:1521072570, Valid from:5/29/09, 9:00 AM, Valid until:5/29/29, 8:00 AM
?[0m?[0;34m2023-10-03T20:55:29.486+03:00 DEBUG 20256 --- [    Test worker] jdk.event.security                       : X509Certificate: Alg:SHA1withRSA, Serial:cf08e5c0816a5ad427ff0eb271859d0, Subject:CN=SecureTrust CA, O=SecureTrust Corporation, C=US, Issuer:CN=SecureTrust CA, O=SecureTrust Corporation, C=US, Key type:RSA, Length:2048, Cert Id:2034155325, Valid from:11/7/06, 10:31 PM, Valid until:12/31/29, 10:40 PM
?[0m?[0;34m2023-10-03T20:55:29.486+03:00 DEBUG 20256 --- [    Test worker] jdk.event.security                       : X509Certificate: Alg:SHA256withECDSA, Serial:75e6dfcbc1685ba8, Subject:CN=SSL.com Root Certification Authority ECC, O=SSL Corporation, L=Houston, ST=Texas, C=US, Issuer:CN=SSL.com Root Certification Authority ECC, O=SSL Corporation, L=Houston, ST=Texas, C=US, Key type:EC, Length:384, Cert Id:-1368293613, Valid from:2/12/16, 9:14 PM, Valid until:2/12/41, 9:14 PM
?[0m?[0;34m2023-10-03T20:55:29.487+03:00 DEBUG 20256 --- [    Test worker] jdk.event.security                       : X509Certificate: Alg:SHA256withRSA, Serial:56b629cd34bc78f6, Subject:CN=SSL.com EV Root Certification Authority RSA R2, O=SSL Corporation, L=Houston, ST=Texas, C=US, Issuer:CN=SSL.com EV Root Certification Authority RSA R2, O=SSL Corporation, L=Houston, ST=Texas, C=US, Key type:RSA, Length:4096, Cert Id:1381862403, Valid from:5/31/17, 9:14 PM, Valid until:5/30/42, 9:14 PM
?[0m?[0;34m2023-10-03T20:55:29.487+03:00 DEBUG 20256 --- [    Test worker] jdk.event.security                       : X509Certificate: Alg:SHA256withRSA, Serial:7b2c9bd316803299, Subject:CN=SSL.com Root Certification Authority RSA, O=SSL Corporation, L=Houston, ST=Texas, C=US, Issuer:CN=SSL.com Root Certification Authority RSA, O=SSL Corporation, L=Houston, ST=Texas, C=US, Key type:RSA, Length:4096, Cert Id:156725711, Valid from:2/12/16, 8:39 PM, Valid until:2/12/41, 8:39 PM
?[0m?[0;34m2023-10-03T20:55:29.488+03:00 DEBUG 20256 --- [    Test worker] jdk.event.security                       : X509Certificate: Alg:SHA1withRSA, Serial:0, Subject:OU=Starfield Class 2 Certification Authority, O="Starfield Technologies, Inc.", C=US, Issuer:OU=Starfield Class 2 Certification Authority, O="Starfield Technologies, Inc.", C=US, Key type:RSA, Length:2048, Cert Id:1825617644, Valid from:6/29/04, 9:39 PM, Valid until:6/29/34, 8:39 PM
?[0m?[0;34m2023-10-03T20:55:29.488+03:00 DEBUG 20256 --- [    Test worker] jdk.event.security                       : X509Certificate: Alg:SHA256withRSA, Serial:0, Subject:CN=Starfield Root Certificate Authority - G2, O="Starfield Technologies, Inc.", L=Scottsdale, ST=Arizona, C=US, Issuer:CN=Starfield Root Certificate Authority - G2, O="Starfield Technologies, Inc.", L=Scottsdale, ST=Arizona, C=US, Key type:RSA, Length:2048, Cert Id:-1026641587, Valid from:9/1/09, 4:00 AM, Valid until:1/1/38, 2:59 AM
?[0m?[0;34m2023-10-03T20:55:29.489+03:00 DEBUG 20256 --- [    Test worker] jdk.event.security                       : X509Certificate: Alg:SHA256withRSA, Serial:0, Subject:CN=Starfield Services Root Certificate Authority - G2, O="Starfield Technologies, Inc.", L=Scottsdale, ST=Arizona, C=US, Issuer:CN=Starfield Services Root Certificate Authority - G2, O="Starfield Technologies, Inc.", L=Scottsdale, ST=Arizona, C=US, Key type:RSA, Length:2048, Cert Id:1964785574, Valid from:9/1/09, 4:00 AM, Valid until:1/1/38, 2:59 AM
?[0m?[0;34m2023-10-03T20:55:29.489+03:00 DEBUG 20256 --- [    Test worker] jdk.event.security                       : X509Certificate: Alg:SHA1withRSA, Serial:bb401c43f55e4fb0, Subject:CN=SwissSign Gold CA - G2, O=SwissSign AG, C=CH, Issuer:CN=SwissSign Gold CA - G2, O=SwissSign AG, C=CH, Key type:RSA, Length:4096, Cert Id:1516221943, Valid from:10/25/06, 12:30 PM, Valid until:10/25/36, 11:30 AM
?[0m?[0;34m2023-10-03T20:55:29.489+03:00 DEBUG 20256 --- [    Test worker] jdk.event.security                       : X509Certificate: Alg:SHA1withRSA, Serial:4eb200670c035d4f, Subject:CN=SwissSign Platinum CA - G2, O=SwissSign AG, C=CH, Issuer:CN=SwissSign Platinum CA - G2, O=SwissSign AG, C=CH, Key type:RSA, Length:4096, Cert Id:771312514, Valid from:10/25/06, 12:36 PM, Valid until:10/25/36, 11:36 AM
?[0m?[0;34m2023-10-03T20:55:29.490+03:00 DEBUG 20256 --- [    Test worker] jdk.event.security                       : X509Certificate: Alg:SHA1withRSA, Serial:4f1bd42f54bb2f4b, Subject:CN=SwissSign Silver CA - G2, O=SwissSign AG, C=CH, Issuer:CN=SwissSign Silver CA - G2, O=SwissSign AG, C=CH, Key type:RSA, Length:4096, Cert Id:126726124, Valid from:10/25/06, 12:32 PM, Valid until:10/25/36, 11:32 AM
?[0m?[0;34m2023-10-03T20:55:29.491+03:00 DEBUG 20256 --- [    Test worker] jdk.event.security                       : X509Certificate: Alg:SHA1withRSA, Serial:95be16a0f72e46f17b398272fa8bcd96, Subject:CN=TeliaSonera Root CA v1, O=TeliaSonera, Issuer:CN=TeliaSonera Root CA v1, O=TeliaSonera, Key type:RSA, Length:4096, Cert Id:1495358374, Valid from:10/18/07, 4:00 PM, Valid until:10/18/32, 3:00 PM
?[0m?[0;34m2023-10-03T20:55:29.491+03:00 DEBUG 20256 --- [    Test worker] jdk.event.security                       : X509Certificate: Alg:SHA1withRSA, Serial:344ed55720d5edec49f42fce37db2b6d, Subject:CN=thawte Primary Root CA, OU="(c) 2006 thawte, Inc. - For authorized use only", OU=Certification Services Division, O="thawte, Inc.", C=US, Issuer:CN=thawte Primary Root CA, OU="(c) 2006 thawte, Inc. - For authorized use only", OU=Certification Services Division, O="thawte, Inc.", C=US, Key type:RSA, Length:2048, Cert Id:643000026, Valid from:11/17/06, 3:00 AM, Valid until:7/17/36, 2:59 AM
?[0m?[0;34m2023-10-03T20:55:29.492+03:00 DEBUG 20256 --- [    Test worker] jdk.event.security                       : X509Certificate: Alg:SHA384withECDSA, Serial:35fc265cd9844fc93d263d579baed756, Subject:CN=thawte Primary Root CA - G2, OU="(c) 2007 thawte, Inc. - For authorized use only", O="thawte, Inc.", C=US, Issuer:CN=thawte Primary Root CA - G2, OU="(c) 2007 thawte, Inc. - For authorized use only", O="thawte, Inc.", C=US, Key type:EC, Length:384, Cert Id:2068083090, Valid from:11/5/07, 3:00 AM, Valid until:1/19/38, 2:59 AM
?[0m?[0;34m2023-10-03T20:55:29.492+03:00 DEBUG 20256 --- [    Test worker] jdk.event.security                       : X509Certificate: Alg:SHA256withRSA, Serial:600197b746a7eab4b49ad64b2ff790fb, Subject:CN=thawte Primary Root CA - G3, OU="(c) 2008 thawte, Inc. - For authorized use only", OU=Certification Services Division, O="thawte, Inc.", C=US, Issuer:CN=thawte Primary Root CA - G3, OU="(c) 2008 thawte, Inc. - For authorized use only", OU=Certification Services Division, O="thawte, Inc.", C=US, Key type:RSA, Length:2048, Cert Id:1032730720, Valid from:4/2/08, 4:00 AM, Valid until:12/2/37, 2:59 AM
?[0m?[0;34m2023-10-03T20:55:29.492+03:00 DEBUG 20256 --- [    Test worker] jdk.event.security                       : X509Certificate: Alg:SHA256withRSA, Serial:1, Subject:CN=T-TeleSec GlobalRoot Class 2, OU=T-Systems Trust Center, O=T-Systems Enterprise Services GmbH, C=DE, Issuer:CN=T-TeleSec GlobalRoot Class 2, OU=T-Systems Trust Center, O=T-Systems Enterprise Services GmbH, C=DE, Key type:RSA, Length:2048, Cert Id:-1238464039, Valid from:10/1/08, 2:40 PM, Valid until:10/2/33, 2:59 AM
?[0m?[0;34m2023-10-03T20:55:29.493+03:00 DEBUG 20256 --- [    Test worker] jdk.event.security                       : X509Certificate: Alg:SHA256withRSA, Serial:1, Subject:CN=T-TeleSec GlobalRoot Class 3, OU=T-Systems Trust Center, O=T-Systems Enterprise Services GmbH, C=DE, Issuer:CN=T-TeleSec GlobalRoot Class 3, OU=T-Systems Trust Center, O=T-Systems Enterprise Services GmbH, C=DE, Key type:RSA, Length:2048, Cert Id:1894096264, Valid from:10/1/08, 2:29 PM, Valid until:10/2/33, 2:59 AM
?[0m?[0;34m2023-10-03T20:55:29.494+03:00 DEBUG 20256 --- [    Test worker] jdk.event.security                       : X509Certificate: Alg:SHA384withECDSA, Serial:5c8b99c55a94c5d27156decd8980cc26, Subject:CN=USERTrust ECC Certification Authority, O=The USERTRUST Network, L=Jersey City, ST=New Jersey, C=US, Issuer:CN=USERTrust ECC Certification Authority, O=The USERTRUST Network, L=Jersey City, ST=New Jersey, C=US, Key type:EC, Length:384, Cert Id:-965679910, Valid from:2/1/10, 3:00 AM, Valid until:1/19/38, 2:59 AM
?[0m?[0;34m2023-10-03T20:55:29.495+03:00 DEBUG 20256 --- [    Test worker] jdk.event.security                       : X509Certificate: Alg:SHA384withRSA, Serial:1fd6d30fca3ca51a81bbc640e35032d, Subject:CN=USERTrust RSA Certification Authority, O=The USERTRUST Network, L=Jersey City, ST=New Jersey, C=US, Issuer:CN=USERTrust RSA Certification Authority, O=The USERTRUST Network, L=Jersey City, ST=New Jersey, C=US, Key type:RSA, Length:4096, Cert Id:-347365895, Valid from:2/1/10, 3:00 AM, Valid until:1/19/38, 2:59 AM
?[0m?[0;34m2023-10-03T20:55:29.496+03:00 DEBUG 20256 --- [    Test worker] jdk.event.security                       : X509Certificate: Alg:SHA1withRSA, Serial:44be0c8b500024b411d3362de0b35f1b, Subject:CN=UTN-USERFirst-Object, OU=http://www.usertrust.com, O=The USERTRUST Network, L=Salt Lake City, ST=UT, C=US, Issuer:CN=UTN-USERFirst-Object, OU=http://www.usertrust.com, O=The USERTRUST Network, L=Salt Lake City, ST=UT, C=US, Key type:RSA, Length:2048, Cert Id:-297053428, Valid from:7/9/99, 10:31 PM, Valid until:7/9/19, 9:40 PM
?[0m?[0;34m2023-10-03T20:55:29.497+03:00 DEBUG 20256 --- [    Test worker] jdk.event.security                       : X509Certificate: Alg:SHA1withRSA, Serial:9b7e0649a33e62b9d5ee90487129ef57, Subject:CN=VeriSign Class 3 Public Primary Certification Authority - G3, OU="(c) 1999 VeriSign, Inc. - For authorized use only", OU=VeriSign Trust Network, O="VeriSign, Inc.", C=US, Issuer:CN=VeriSign Class 3 Public Primary Certification Authority - G3, OU="(c) 1999 VeriSign, Inc. - For authorized use only", OU=VeriSign Trust Network, O="VeriSign, Inc.", C=US, Key type:RSA, Length:2048, Cert Id:2057300190, Valid from:10/1/99, 4:00 AM, Valid until:7/17/36, 2:59 AM
?[0m?[0;34m2023-10-03T20:55:29.497+03:00 DEBUG 20256 --- [    Test worker] jdk.event.security                       : X509Certificate: Alg:SHA384withECDSA, Serial:2f80fe238c0e220f486712289187acb3, Subject:CN=VeriSign Class 3 Public Primary Certification Authority - G4, OU="(c) 2007 VeriSign, Inc. - For authorized use only", OU=VeriSign Trust Network, O="VeriSign, Inc.", C=US, Issuer:CN=VeriSign Class 3 Public Primary Certification Authority - G4, OU="(c) 2007 VeriSign, Inc. - For authorized use only", OU=VeriSign Trust Network, O="VeriSign, Inc.", C=US, Key type:EC, Length:384, Cert Id:-131493977, Valid from:11/5/07, 3:00 AM, Valid until:1/19/38, 2:59 AM
?[0m?[0;34m2023-10-03T20:55:29.498+03:00 DEBUG 20256 --- [    Test worker] jdk.event.security                       : X509Certificate: Alg:SHA1withRSA, Serial:18dad19e267de8bb4a2158cdcc6b3b4a, Subject:CN=VeriSign Class 3 Public Primary Certification Authority - G5, OU="(c) 2006 VeriSign, Inc. - For authorized use only", OU=VeriSign Trust Network, O="VeriSign, Inc.", C=US, Issuer:CN=VeriSign Class 3 Public Primary Certification Authority - G5, OU="(c) 2006 VeriSign, Inc. - For authorized use only", OU=VeriSign Trust Network, O="VeriSign, Inc.", C=US, Key type:RSA, Length:2048, Cert Id:303010488, Valid from:11/8/06, 3:00 AM, Valid until:7/17/36, 2:59 AM
?[0m?[0;34m2023-10-03T20:55:29.498+03:00 DEBUG 20256 --- [    Test worker] jdk.event.security                       : X509Certificate: Alg:SHA256withRSA, Serial:401ac46421b31321030ebbe4121ac51d, Subject:CN=VeriSign Universal Root Certification Authority, OU="(c) 2008 VeriSign, Inc. - For authorized use only", OU=VeriSign Trust Network, O="VeriSign, Inc.", C=US, Issuer:CN=VeriSign Universal Root Certification Authority, OU="(c) 2008 VeriSign, Inc. - For authorized use only", OU=VeriSign Trust Network, O="VeriSign, Inc.", C=US, Key type:RSA, Length:2048, Cert Id:-1976681486, Valid from:4/2/08, 4:00 AM, Valid until:12/2/37, 2:59 AM
?[0m?[0;34m2023-10-03T20:55:29.498+03:00 DEBUG 20256 --- [    Test worker] jdk.event.security                       : X509Certificate: Alg:SHA1withRSA, Serial:50946cec18ead59c4dd597ef758fa0ad, Subject:CN=XRamp Global Certification Authority, O=XRamp Security Services Inc, OU=www.xrampsecurity.com, C=US, Issuer:CN=XRamp Global Certification Authority, O=XRamp Security Services Inc, OU=www.xrampsecurity.com, C=US, Key type:RSA, Length:2048, Cert Id:-952474086, Valid from:11/1/04, 8:14 PM, Valid until:1/1/35, 8:37 AM
?[0m?[0;34m2023-10-03T20:55:29.536+03:00 DEBUG 20256 --- [    Test worker] o.a.h.client.protocol.RequestAddCookies  : CookieSpec selected: default
?[0m?[0;34m2023-10-03T20:55:29.541+03:00 DEBUG 20256 --- [    Test worker] o.a.h.client.protocol.RequestAuthCache   : Auth cache not set in the context
?[0m?[0;34m2023-10-03T20:55:29.542+03:00 DEBUG 20256 --- [    Test worker] h.i.c.PoolingHttpClientConnectionManager : Connection request: [route: {}->http://localhost:28852][total available: 0; route allocated: 0 of 2; total allocated: 0 of 20]
?[0m?[0;34m2023-10-03T20:55:29.550+03:00 DEBUG 20256 --- [    Test worker] h.i.c.PoolingHttpClientConnectionManager : Connection leased: [id: 0][route: {}->http://localhost:28852][total available: 0; route allocated: 1 of 2; total allocated: 1 of 20]
?[0m?[0;34m2023-10-03T20:55:29.551+03:00 DEBUG 20256 --- [    Test worker] o.a.http.impl.execchain.MainClientExec   : Opening connection {}->http://localhost:28852
?[0m?[0;34m2023-10-03T20:55:29.556+03:00 DEBUG 20256 --- [    Test worker] .i.c.DefaultHttpClientConnectionOperator : Connecting to localhost/127.0.0.1:28852
?[0m?[0;34m2023-10-03T20:55:29.557+03:00 DEBUG 20256 --- [    Test worker] .i.c.DefaultHttpClientConnectionOperator : Connection established 127.0.0.1:60450<->127.0.0.1:28852
?[0m?[0;34m2023-10-03T20:55:29.557+03:00 DEBUG 20256 --- [    Test worker] o.a.http.impl.execchain.MainClientExec   : Executing request GET /seats HTTP/1.1
?[0m?[0;34m2023-10-03T20:55:29.557+03:00 DEBUG 20256 --- [    Test worker] o.a.http.impl.execchain.MainClientExec   : Target auth state: UNCHALLENGED
?[0m?[0;34m2023-10-03T20:55:29.558+03:00 DEBUG 20256 --- [    Test worker] o.a.http.impl.execchain.MainClientExec   : Proxy auth state: UNCHALLENGED
?[0m?[0;34m2023-10-03T20:55:29.559+03:00 DEBUG 20256 --- [    Test worker] org.apache.http.headers                  : http-outgoing-0 >> GET /seats HTTP/1.1
?[0m?[0;34m2023-10-03T20:55:29.559+03:00 DEBUG 20256 --- [    Test worker] org.apache.http.headers                  : http-outgoing-0 >> Host: localhost:28852
?[0m?[0;34m2023-10-03T20:55:29.559+03:00 DEBUG 20256 --- [    Test worker] org.apache.http.headers                  : http-outgoing-0 >> Connection: Keep-Alive
?[0m?[0;34m2023-10-03T20:55:29.559+03:00 DEBUG 20256 --- [    Test worker] org.apache.http.headers                  : http-outgoing-0 >> User-Agent: Apache-HttpClient/4.5.14 (Java/17.0.7)
?[0m?[0;34m2023-10-03T20:55:29.559+03:00 DEBUG 20256 --- [    Test worker] org.apache.http.headers                  : http-outgoing-0 >> Accept-Encoding: gzip,deflate
?[0m?[0;34m2023-10-03T20:55:29.559+03:00 DEBUG 20256 --- [    Test worker] org.apache.http.wire                     : http-outgoing-0 >> "GET /seats HTTP/1.1[\r][\n]"
?[0m?[0;34m2023-10-03T20:55:29.559+03:00 DEBUG 20256 --- [    Test worker] org.apache.http.wire                     : http-outgoing-0 >> "Host: localhost:28852[\r][\n]"
?[0m?[0;34m2023-10-03T20:55:29.559+03:00 DEBUG 20256 --- [    Test worker] org.apache.http.wire                     : http-outgoing-0 >> "Connection: Keep-Alive[\r][\n]"
?[0m?[0;34m2023-10-03T20:55:29.559+03:00 DEBUG 20256 --- [    Test worker] org.apache.http.wire                     : http-outgoing-0 >> "User-Agent: Apache-HttpClient/4.5.14 (Java/17.0.7)[\r][\n]"
?[0m?[0;34m2023-10-03T20:55:29.559+03:00 DEBUG 20256 --- [    Test worker] org.apache.http.wire                     : http-outgoing-0 >> "Accept-Encoding: gzip,deflate[\r][\n]"
?[0m?[0;34m2023-10-03T20:55:29.559+03:00 DEBUG 20256 --- [    Test worker] org.apache.http.wire                     : http-outgoing-0 >> "[\r][\n]"
?[0m?[0;34m2023-10-03T20:55:29.562+03:00 DEBUG 20256 --- [-28852-Acceptor] o.apache.tomcat.util.threads.LimitLatch  : Counting up[http-nio-28852-Acceptor] latch=1
?[0;34m2023-10-03T20:55:29.582+03:00 DEBUG 20256 --- [io-28852-exec-1] o.a.coyote.http11.Http11InputBuffer      : Before fill(): parsingHeader: [true], parsingRequestLine: [true], parsingRequestLinePhase: [0], parsingRequestLineStart: [0], byteBuffer.position(): [0], byteBuffer.limit(): [0], end: [0]
?[0m?[0;34m2023-10-03T20:55:29.587+03:00 DEBUG 20256 --- [io-28852-exec-1] o.a.tomcat.util.net.SocketWrapperBase    : Socket: [org.apache.tomcat.util.net.NioEndpoint$NioSocketWrapper@5d3f8660:org.apache.tomcat.util.net.NioChannel@4dd29341:java.nio.channels.SocketChannel[connected local=localhost/127.0.0.1:28852 remote=/127.0.0.1:60450]], Read from buffer: [0]
?[0m?[0;34m2023-10-03T20:55:29.587+03:00 DEBUG 20256 --- [io-28852-exec-1] org.apache.tomcat.util.net.NioEndpoint   : Socket: [org.apache.tomcat.util.net.NioEndpoint$NioSocketWrapper@5d3f8660:org.apache.tomcat.util.net.NioChannel@4dd29341:java.nio.channels.SocketChannel[connected local=localhost/127.0.0.1:28852 remote=/127.0.0.1:60450]], Read direct from socket: [153]
?[0m?[0;34m2023-10-03T20:55:29.588+03:00 DEBUG 20256 --- [io-28852-exec-1] o.a.coyote.http11.Http11InputBuffer      : Received [GET /seats HTTP/1.1
?[0m?[0;34mHost: localhost:28852
?[0m?[0;34mConnection: Keep-Alive
?[0m?[0;34mUser-Agent: Apache-HttpClient/4.5.14 (Java/17.0.7)
?[0m?[0;34mAccept-Encoding: gzip,deflate
?[0m?[0;34m
?[0m?[0;34m]
?[0m?[0;34m2023-10-03T20:55:29.602+03:00 DEBUG 20256 --- [io-28852-exec-1] org.apache.tomcat.util.http.Parameters   : Set query string encoding to UTF-8
?[0m?[0;34m2023-10-03T20:55:29.603+03:00 DEBUG 20256 --- [io-28852-exec-1] o.a.c.authenticator.AuthenticatorBase    : Security checking request GET /seats
?[0m?[0;34m2023-10-03T20:55:29.603+03:00 DEBUG 20256 --- [io-28852-exec-1] org.apache.catalina.realm.RealmBase      :   No applicable constraints defined
?[0m?[0;34m2023-10-03T20:55:29.607+03:00 DEBUG 20256 --- [io-28852-exec-1] o.a.c.a.jaspic.AuthConfigFactoryImpl     : Loading persistent provider registrations from [C:\Users\vukro\AppData\Local\Temp\tomcat.28852.18446411000519028346\conf\jaspic-providers.xml]
?[0m?[0;34m2023-10-03T20:55:29.608+03:00 DEBUG 20256 --- [io-28852-exec-1] o.a.c.authenticator.AuthenticatorBase    : Not subject to any constraint
?[0m?[0;34m2023-10-03T20:55:29.614+03:00  INFO 20256 --- [io-28852-exec-1] o.a.c.c.C.[Tomcat].[localhost].[/]       : Initializing Spring DispatcherServlet 'dispatcherServlet'
?[0m?[0;34m2023-10-03T20:55:29.614+03:00  INFO 20256 --- [io-28852-exec-1] o.s.web.servlet.DispatcherServlet        : Initializing Servlet 'dispatcherServlet'
?[0m?[0;34m2023-10-03T20:55:29.615+03:00 DEBUG 20256 --- [io-28852-exec-1] o.s.web.servlet.DispatcherServlet        : Detected StandardServletMultipartResolver
?[0m?[0;34m2023-10-03T20:55:29.615+03:00 DEBUG 20256 --- [io-28852-exec-1] o.s.web.servlet.DispatcherServlet        : Detected AcceptHeaderLocaleResolver
?[0m?[0;34m2023-10-03T20:55:29.615+03:00 DEBUG 20256 --- [io-28852-exec-1] o.s.web.servlet.DispatcherServlet        : Detected FixedThemeResolver
?[0m?[0;34m2023-10-03T20:55:29.615+03:00 DEBUG 20256 --- [io-28852-exec-1] o.s.web.servlet.DispatcherServlet        : Detected org.springframework.web.servlet.view.DefaultRequestToViewNameTranslator@7f8d12d7
?[0m?[0;34m2023-10-03T20:55:29.616+03:00 DEBUG 20256 --- [io-28852-exec-1] o.s.web.servlet.DispatcherServlet        : Detected org.springframework.web.servlet.support.SessionFlashMapManager@d3413f1
?[0m?[0;34m2023-10-03T20:55:29.616+03:00 DEBUG 20256 --- [io-28852-exec-1] o.s.web.servlet.DispatcherServlet        : enableLoggingRequestDetails='false': request parameters and headers will be masked to prevent unsafe logging of potentially sensitive data
?[0m?[0;34m2023-10-03T20:55:29.616+03:00  INFO 20256 --- [io-28852-exec-1] o.s.web.servlet.DispatcherServlet        : Completed initialization in 1 ms
?[0m?[0;34m2023-10-03T20:55:29.644+03:00 DEBUG 20256 --- [io-28852-exec-1] org.apache.tomcat.util.http.Parameters   : Set encoding to UTF-8
?[0m?[0;34m2023-10-03T20:55:29.644+03:00 DEBUG 20256 --- [io-28852-exec-1] o.s.web.servlet.DispatcherServlet        : GET "/seats", parameters={}
?[0m?[0;34m2023-10-03T20:55:29.656+03:00 DEBUG 20256 --- [io-28852-exec-1] s.w.s.m.m.a.RequestMappingHandlerMapping : Mapped to cinema.controllers.CinemaController#printAllSeats()
?[0m?[0;34m2023-10-03T20:55:29.697+03:00 DEBUG 20256 --- [io-28852-exec-1] o.s.w.s.m.m.a.HttpEntityMethodProcessor  : Using 'application/json', given [*/*] and supported [application/json, application/*+json]
?[0m?[0;34m2023-10-03T20:55:29.698+03:00 DEBUG 20256 --- [io-28852-exec-1] o.s.w.s.m.m.a.HttpEntityMethodProcessor  : Writing [cinema.services.CinemaHall@6d01acf0]
?[0m?[0;34m2023-10-03T20:55:29.713+03:00 DEBUG 20256 --- [    Test worker] org.apache.http.wire                     : http-outgoing-0 << "HTTP/1.1 200 [\r][\n]"
?[0m?[0;34m2023-10-03T20:55:29.713+03:00 DEBUG 20256 --- [    Test worker] org.apache.http.wire                     : http-outgoing-0 << "Content-Type: application/json[\r][\n]"
?[0m?[0;34m2023-10-03T20:55:29.713+03:00 DEBUG 20256 --- [    Test worker] org.apache.http.wire                     : http-outgoing-0 << "Transfer-Encoding: chunked[\r][\n]"
?[0m?[0;34m2023-10-03T20:55:29.713+03:00 DEBUG 20256 --- [    Test worker] org.apache.http.wire                     : http-outgoing-0 << "Date: Tue, 03 Oct 2023 17:55:29 GMT[\r][\n]"
?[0m?[0;34m2023-10-03T20:55:29.713+03:00 DEBUG 20256 --- [    Test worker] org.apache.http.wire                     : http-outgoing-0 << "Keep-Alive: timeout=60[\r][\n]"
?[0m?[0;34m2023-10-03T20:55:29.713+03:00 DEBUG 20256 --- [    Test worker] org.apache.http.wire                     : http-outgoing-0 << "Connection: keep-alive[\r][\n]"
?[0m?[0;34m2023-10-03T20:55:29.713+03:00 DEBUG 20256 --- [    Test worker] org.apache.http.wire                     : http-outgoing-0 << "[\r][\n]"
?[0m?[0;34m2023-10-03T20:55:29.713+03:00 DEBUG 20256 --- [    Test worker] org.apache.http.wire                     : http-outgoing-0 << "a13[\r][\n]"
?[0m?[0;34m2023-10-03T20:55:29.713+03:00 DEBUG 20256 --- [    Test worker] org.apache.http.wire                     : http-outgoing-0 << "{"rows":9,"columns":9,"seats":[{"row":1,"column":1,"price":10},{"row":1,"column":2,"price":10},{"row":1,"column":3,"price":10},{"row":1,"column":4,"price":10},{"row":1,"column":5,"price":10},{"row":1,"column":6,"price":10},{"row":1,"column":7,"price":10},{"row":1,"column":8,"price":10},{"row":1,"column":9,"price":10},{"row":2,"column":1,"price":10},{"row":2,"column":2,"price":10},{"row":2,"column":3,"price":10},{"row":2,"column":4,"price":10},{"row":2,"column":5,"price":10},{"row":2,"column":6,"price":10},{"row":2,"column":7,"price":10},{"row":2,"column":8,"price":10},{"row":2,"column":9,"price":10},{"row":3,"column":1,"price":10},{"row":3,"column":2,"price":10},{"row":3,"column":3,"price":10},{"row":3,"column":4,"price":10},{"row":3,"column":5,"price":10},{"row":3,"column":6,"price":10},{"row":3,"column":7,"price":10},{"row":3,"column":8,"price":10},{"row":3,"column":9,"price":10},{"row":4,"column":1,"price":10},{"row":4,"column":2,"price":10},{"row":4,"column":3,"price":10},{"row":4,"column":4,"price":10},{"row":4,"column":5,"price":10},{"row":4,"column":6,"price":10},{"row":4,"column":7,"price":10},{"row":4,"column":8,"price":10},{"row":4,"column":9,"price":10},{"row":5,"column":1,"price":8},{"row":5,"column":2,"price":8},{"row":5,"column":3,"price":8},{"row":5,"column":4,"price":8},{"row":5,"column":5,"price":8},{"row":5,"column":6,"price":8},{"row":5,"column":7,"price":8},{"row":5,"column":8,"price":8},{"row":5,"column":9,"price":8},{"row":6,"column":1,"price":8},{"row":6,"column":2,"price":8},{"row":6,"column":3,"price":8},{"row":6,"column":4,"price":8},{"row":6,"column":5,"price":8},{"row":6,"column":6,"price":8},{"row":6,"column":7,"price":8},{"row":6,"column":8,"price":8},{"row":6,"column":9,"price":8},{"row":7,"column":1,"price":8},{"row":7,"column":2,"price":8},{"row":7,"column":3,"price":8},{"row":7,"column":4,"price":8},{"row":7,"column":5,"price":8},{"row":7,"column":6,"price":8},{"row":7,"column":7,"price":8},{"row":7,"column":8,"price":8},{"row":7,"column":9,"price":8},{"row":8,"column":1,"price":8},{"row":8,"column":2,"price":8},{"row":8,"column":3,"price":8},{"row":8,"column":4,"price":8},{"row":8,"column":5,"price":8},{"row":8,"column":6,"price":8},{"row":8,"column":7,"price":8},{"row":8,"column":8,"price":8},{"row":8,"column":9,"price":8},{"row":9,"column":1,"price":8},{"row":9,"column":2,"price":8},{"row":9,"column":3,"price":8},{"row":9,"column":4,"price":8},{"row":9,"column":5,"price":8},{"row":9,"column":6,"price":8},{"row":9,"column":7,"price":8},{"row":9,"column":8,"price":8},{"row":9,"column":9,"price":8}]}[\r][\n]"
?[0m?[0;34m2023-10-03T20:55:29.713+03:00 DEBUG 20256 --- [io-28852-exec-1] o.s.web.servlet.DispatcherServlet        : Completed 200 OK
?[0m?[0;34m2023-10-03T20:55:29.715+03:00 DEBUG 20256 --- [    Test worker] org.apache.http.headers                  : http-outgoing-0 << HTTP/1.1 200 
?[0m?[0;34m2023-10-03T20:55:29.715+03:00 DEBUG 20256 --- [    Test worker] org.apache.http.headers                  : http-outgoing-0 << Content-Type: application/json
?[0m?[0;34m2023-10-03T20:55:29.715+03:00 DEBUG 20256 --- [    Test worker] org.apache.http.headers                  : http-outgoing-0 << Transfer-Encoding: chunked
?[0m?[0;34m2023-10-03T20:55:29.715+03:00 DEBUG 20256 --- [    Test worker] org.apache.http.headers                  : http-outgoing-0 << Date: Tue, 03 Oct 2023 17:55:29 GMT
?[0m?[0;34m2023-10-03T20:55:29.715+03:00 DEBUG 20256 --- [    Test worker] org.apache.http.headers                  : http-outgoing-0 << Keep-Alive: timeout=60
?[0m?[0;34m2023-10-03T20:55:29.715+03:00 DEBUG 20256 --- [    Test worker] org.apache.http.headers                  : http-outgoing-0 << Connection: keep-alive
?[0m?[0;34m2023-10-03T20:55:29.719+03:00 DEBUG 20256 --- [    Test worker] o.a.http.impl.execchain.MainClientExec   : Connection can be kept alive for 60000 MILLISECONDS
?[0m?[0;34m2023-10-03T20:55:29.719+03:00 DEBUG 20256 --- [io-28852-exec-1] o.a.coyote.http11.Http11InputBuffer      : Before fill(): parsingHeader: [true], parsingRequestLine: [true], parsingRequestLinePhase: [0], parsingRequestLineStart: [0], byteBuffer.position(): [0], byteBuffer.limit(): [0], end: [153]
?[0m?[0;34m2023-10-03T20:55:29.719+03:00 DEBUG 20256 --- [io-28852-exec-1] o.a.tomcat.util.net.SocketWrapperBase    : Socket: [org.apache.tomcat.util.net.NioEndpoint$NioSocketWrapper@5d3f8660:org.apache.tomcat.util.net.NioChannel@4dd29341:java.nio.channels.SocketChannel[connected local=localhost/127.0.0.1:28852 remote=/127.0.0.1:60450]], Read from buffer: [0]
?[0m?[0;34m2023-10-03T20:55:29.719+03:00 DEBUG 20256 --- [io-28852-exec-1] org.apache.tomcat.util.net.NioEndpoint   : Socket: [org.apache.tomcat.util.net.NioEndpoint$NioSocketWrapper@5d3f8660:org.apache.tomcat.util.net.NioChannel@4dd29341:java.nio.channels.SocketChannel[connected local=localhost/127.0.0.1:28852 remote=/127.0.0.1:60450]], Read direct from socket: [0]
?[0m?[0;34m2023-10-03T20:55:29.719+03:00 DEBUG 20256 --- [io-28852-exec-1] o.a.coyote.http11.Http11InputBuffer      : Received []
?[0m?[0;34m2023-10-03T20:55:29.719+03:00 DEBUG 20256 --- [io-28852-exec-1] o.apache.coyote.http11.Http11Processor   : Socket: [org.apache.tomcat.util.net.NioEndpoint$NioSocketWrapper@5d3f8660:org.apache.tomcat.util.net.NioChannel@4dd29341:java.nio.channels.SocketChannel[connected local=localhost/127.0.0.1:28852 remote=/127.0.0.1:60450]], Status in: [OPEN_READ], State out: [OPEN]
?[0m?[0;34m2023-10-03T20:55:29.720+03:00 DEBUG 20256 --- [io-28852-exec-1] org.apache.tomcat.util.net.NioEndpoint   : Registered read interest for [org.apache.tomcat.util.net.NioEndpoint$NioSocketWrapper@5d3f8660:org.apache.tomcat.util.net.NioChannel@4dd29341:java.nio.channels.SocketChannel[connected local=localhost/127.0.0.1:28852 remote=/127.0.0.1:60450]]
?[0m?[0;34m2023-10-03T20:55:29.720+03:00 DEBUG 20256 --- [    Test worker] org.apache.http.wire                     : http-outgoing-0 << "0[\r][\n]"
?[0m?[0;34m2023-10-03T20:55:29.720+03:00 DEBUG 20256 --- [    Test worker] org.apache.http.wire                     : http-outgoing-0 << "[\r][\n]"
?[0m?[0;34m2023-10-03T20:55:29.721+03:00 DEBUG 20256 --- [    Test worker] h.i.c.PoolingHttpClientConnectionManager : Connection [id: 0][route: {}->http://localhost:28852] can be kept alive for 60.0 seconds
?[0m?[0;34m2023-10-03T20:55:29.721+03:00 DEBUG 20256 --- [    Test worker] h.i.c.DefaultManagedHttpClientConnection : http-outgoing-0: set socket timeout to 0
?[0m?[0;34m2023-10-03T20:55:29.721+03:00 DEBUG 20256 --- [    Test worker] h.i.c.PoolingHttpClientConnectionManager : Connection released: [id: 0][route: {}->http://localhost:28852][total available: 1; route allocated: 1 of 2; total allocated: 1 of 20]
?[0m?[0;34m2023-10-03T20:55:29.721+03:00 DEBUG 20256 --- [    Test worker] o.a.http.impl.execchain.MainClientExec   : Cancelling request execution
?[0m?[1;31m
Start test 2?[0m
?[0;34m2023-10-03T20:55:29.724+03:00 DEBUG 20256 --- [    Test worker] o.a.h.client.protocol.RequestAddCookies  : CookieSpec selected: default
?[0m?[0;34m2023-10-03T20:55:29.724+03:00 DEBUG 20256 --- [    Test worker] o.a.h.client.protocol.RequestAuthCache   : Auth cache not set in the context
?[0m?[0;34m2023-10-03T20:55:29.724+03:00 DEBUG 20256 --- [    Test worker] h.i.c.PoolingHttpClientConnectionManager : Connection request: [route: {}->http://localhost:28852][total available: 0; route allocated: 0 of 2; total allocated: 0 of 20]
?[0m?[0;34m2023-10-03T20:55:29.724+03:00 DEBUG 20256 --- [    Test worker] h.i.c.PoolingHttpClientConnectionManager : Connection leased: [id: 1][route: {}->http://localhost:28852][total available: 0; route allocated: 1 of 2; total allocated: 1 of 20]
?[0m?[0;34m2023-10-03T20:55:29.724+03:00 DEBUG 20256 --- [    Test worker] o.a.http.impl.execchain.MainClientExec   : Opening connection {}->http://localhost:28852
?[0m?[0;34m2023-10-03T20:55:29.724+03:00 DEBUG 20256 --- [    Test worker] .i.c.DefaultHttpClientConnectionOperator : Connecting to localhost/127.0.0.1:28852
?[0m?[0;34m2023-10-03T20:55:29.724+03:00 DEBUG 20256 --- [    Test worker] .i.c.DefaultHttpClientConnectionOperator : Connection established 127.0.0.1:60451<->127.0.0.1:28852
?[0m?[0;34m2023-10-03T20:55:29.724+03:00 DEBUG 20256 --- [    Test worker] o.a.http.impl.execchain.MainClientExec   : Executing request GET /seats HTTP/1.1
?[0m?[0;34m2023-10-03T20:55:29.724+03:00 DEBUG 20256 --- [    Test worker] o.a.http.impl.execchain.MainClientExec   : Target auth state: UNCHALLENGED
?[0m?[0;34m2023-10-03T20:55:29.724+03:00 DEBUG 20256 --- [    Test worker] o.a.http.impl.execchain.MainClientExec   : Proxy auth state: UNCHALLENGED
?[0m?[0;34m2023-10-03T20:55:29.724+03:00 DEBUG 20256 --- [    Test worker] org.apache.http.headers                  : http-outgoing-1 >> GET /seats HTTP/1.1
?[0m?[0;34m2023-10-03T20:55:29.724+03:00 DEBUG 20256 --- [-28852-Acceptor] o.apache.tomcat.util.threads.LimitLatch  : Counting up[http-nio-28852-Acceptor] latch=2
?[0m?[0;34m2023-10-03T20:55:29.724+03:00 DEBUG 20256 --- [    Test worker] org.apache.http.headers                  : http-outgoing-1 >> Host: localhost:28852
?[0m?[0;34m2023-10-03T20:55:29.724+03:00 DEBUG 20256 --- [    Test worker] org.apache.http.headers                  : http-outgoing-1 >> Connection: Keep-Alive
?[0m?[0;34m2023-10-03T20:55:29.725+03:00 DEBUG 20256 --- [    Test worker] org.apache.http.headers                  : http-outgoing-1 >> User-Agent: Apache-HttpClient/4.5.14 (Java/17.0.7)
?[0m?[0;34m2023-10-03T20:55:29.725+03:00 DEBUG 20256 --- [    Test worker] org.apache.http.headers                  : http-outgoing-1 >> Accept-Encoding: gzip,deflate
?[0m?[0;34m2023-10-03T20:55:29.725+03:00 DEBUG 20256 --- [    Test worker] org.apache.http.wire                     : http-outgoing-1 >> "GET /seats HTTP/1.1[\r][\n]"
?[0m?[0;34m2023-10-03T20:55:29.725+03:00 DEBUG 20256 --- [    Test worker] org.apache.http.wire                     : http-outgoing-1 >> "Host: localhost:28852[\r][\n]"
?[0m?[0;34m2023-10-03T20:55:29.725+03:00 DEBUG 20256 --- [    Test worker] org.apache.http.wire                     : http-outgoing-1 >> "Connection: Keep-Alive[\r][\n]"
?[0m?[0;34m2023-10-03T20:55:29.725+03:00 DEBUG 20256 --- [    Test worker] org.apache.http.wire                     : http-outgoing-1 >> "User-Agent: Apache-HttpClient/4.5.14 (Java/17.0.7)[\r][\n]"
?[0m?[0;34m2023-10-03T20:55:29.725+03:00 DEBUG 20256 --- [    Test worker] org.apache.http.wire                     : http-outgoing-1 >> "Accept-Encoding: gzip,deflate[\r][\n]"
?[0m?[0;34m2023-10-03T20:55:29.725+03:00 DEBUG 20256 --- [    Test worker] org.apache.http.wire                     : http-outgoing-1 >> "[\r][\n]"
?[0;34m2023-10-03T20:55:29.725+03:00 DEBUG 20256 --- [io-28852-exec-2] o.a.coyote.http11.Http11InputBuffer      : Before fill(): parsingHeader: [true], parsingRequestLine: [true], parsingRequestLinePhase: [0], parsingRequestLineStart: [0], byteBuffer.position(): [0], byteBuffer.limit(): [0], end: [153]
?[0m?[0;34m2023-10-03T20:55:29.725+03:00 DEBUG 20256 --- [io-28852-exec-2] o.a.tomcat.util.net.SocketWrapperBase    : Socket: [org.apache.tomcat.util.net.NioEndpoint$NioSocketWrapper@1439a1a3:org.apache.tomcat.util.net.NioChannel@1afe4d54:java.nio.channels.SocketChannel[connected local=localhost/127.0.0.1:28852 remote=/127.0.0.1:60451]], Read from buffer: [0]
?[0m?[0;34m2023-10-03T20:55:29.725+03:00 DEBUG 20256 --- [io-28852-exec-2] org.apache.tomcat.util.net.NioEndpoint   : Socket: [org.apache.tomcat.util.net.NioEndpoint$NioSocketWrapper@1439a1a3:org.apache.tomcat.util.net.NioChannel@1afe4d54:java.nio.channels.SocketChannel[connected local=localhost/127.0.0.1:28852 remote=/127.0.0.1:60451]], Read direct from socket: [153]
?[0m?[0;34m2023-10-03T20:55:29.725+03:00 DEBUG 20256 --- [io-28852-exec-2] o.a.coyote.http11.Http11InputBuffer      : Received [GET /seats HTTP/1.1
?[0m?[0;34mHost: localhost:28852
?[0m?[0;34mConnection: Keep-Alive
?[0m?[0;34mUser-Agent: Apache-HttpClient/4.5.14 (Java/17.0.7)
?[0m?[0;34mAccept-Encoding: gzip,deflate
?[0m?[0;34m
?[0m?[0;34m]
?[0m?[0;34m2023-10-03T20:55:29.726+03:00 DEBUG 20256 --- [io-28852-exec-2] o.a.c.authenticator.AuthenticatorBase    : Security checking request GET /seats
?[0m?[0;34m2023-10-03T20:55:29.726+03:00 DEBUG 20256 --- [io-28852-exec-2] org.apache.catalina.realm.RealmBase      :   No applicable constraints defined
?[0m?[0;34m2023-10-03T20:55:29.726+03:00 DEBUG 20256 --- [io-28852-exec-2] o.a.c.authenticator.AuthenticatorBase    : Not subject to any constraint
?[0m?[0;34m2023-10-03T20:55:29.727+03:00 DEBUG 20256 --- [io-28852-exec-2] org.apache.tomcat.util.http.Parameters   : Set encoding to UTF-8
?[0m?[0;34m2023-10-03T20:55:29.727+03:00 DEBUG 20256 --- [io-28852-exec-2] o.s.web.servlet.DispatcherServlet        : GET "/seats", parameters={}
?[0m?[0;34m2023-10-03T20:55:29.728+03:00 DEBUG 20256 --- [io-28852-exec-2] s.w.s.m.m.a.RequestMappingHandlerMapping : Mapped to cinema.controllers.CinemaController#printAllSeats()
?[0m?[0;34m2023-10-03T20:55:29.729+03:00 DEBUG 20256 --- [io-28852-exec-2] o.s.w.s.m.m.a.HttpEntityMethodProcessor  : Using 'application/json', given [*/*] and supported [application/json, application/*+json]
?[0m?[0;34m2023-10-03T20:55:29.729+03:00 DEBUG 20256 --- [io-28852-exec-2] o.s.w.s.m.m.a.HttpEntityMethodProcessor  : Writing [cinema.services.CinemaHall@6d01acf0]
?[0m?[0;34m2023-10-03T20:55:29.729+03:00 DEBUG 20256 --- [    Test worker] org.apache.http.wire                     : http-outgoing-1 << "HTTP/1.1 200 [\r][\n]"
?[0m?[0;34m2023-10-03T20:55:29.729+03:00 DEBUG 20256 --- [    Test worker] org.apache.http.wire                     : http-outgoing-1 << "Content-Type: application/json[\r][\n]"
?[0m?[0;34m2023-10-03T20:55:29.729+03:00 DEBUG 20256 --- [io-28852-exec-2] o.s.web.servlet.DispatcherServlet        : Completed 200 OK
?[0m?[0;34m2023-10-03T20:55:29.729+03:00 DEBUG 20256 --- [    Test worker] org.apache.http.wire                     : http-outgoing-1 << "Transfer-Encoding: chunked[\r][\n]"
?[0m?[0;34m2023-10-03T20:55:29.730+03:00 DEBUG 20256 --- [    Test worker] org.apache.http.wire                     : http-outgoing-1 << "Date: Tue, 03 Oct 2023 17:55:29 GMT[\r][\n]"
?[0m?[0;34m2023-10-03T20:55:29.730+03:00 DEBUG 20256 --- [    Test worker] org.apache.http.wire                     : http-outgoing-1 << "Keep-Alive: timeout=60[\r][\n]"
?[0m?[0;34m2023-10-03T20:55:29.730+03:00 DEBUG 20256 --- [    Test worker] org.apache.http.wire                     : http-outgoing-1 << "Connection: keep-alive[\r][\n]"
?[0m?[0;34m2023-10-03T20:55:29.730+03:00 DEBUG 20256 --- [    Test worker] org.apache.http.wire                     : http-outgoing-1 << "[\r][\n]"
?[0m?[0;34m2023-10-03T20:55:29.730+03:00 DEBUG 20256 --- [    Test worker] org.apache.http.wire                     : http-outgoing-1 << "a13[\r][\n]"
?[0m?[0;34m2023-10-03T20:55:29.730+03:00 DEBUG 20256 --- [    Test worker] org.apache.http.wire                     : http-outgoing-1 << "{"rows":9,"columns":9,"seats":[{"row":1,"column":1,"price":10},{"row":1,"column":2,"price":10},{"row":1,"column":3,"price":10},{"row":1,"column":4,"price":10},{"row":1,"column":5,"price":10},{"row":1,"column":6,"price":10},{"row":1,"column":7,"price":10},{"row":1,"column":8,"price":10},{"row":1,"column":9,"price":10},{"row":2,"column":1,"price":10},{"row":2,"column":2,"price":10},{"row":2,"column":3,"price":10},{"row":2,"column":4,"price":10},{"row":2,"column":5,"price":10},{"row":2,"column":6,"price":10},{"row":2,"column":7,"price":10},{"row":2,"column":8,"price":10},{"row":2,"column":9,"price":10},{"row":3,"column":1,"price":10},{"row":3,"column":2,"price":10},{"row":3,"column":3,"price":10},{"row":3,"column":4,"price":10},{"row":3,"column":5,"price":10},{"row":3,"column":6,"price":10},{"row":3,"column":7,"price":10},{"row":3,"column":8,"price":10},{"row":3,"column":9,"price":10},{"row":4,"column":1,"price":10},{"row":4,"column":2,"price":10},{"row":4,"column":3,"price":10},{"row":4,"column":4,"price":10},{"row":4,"column":5,"price":10},{"row":4,"column":6,"price":10},{"row":4,"column":7,"price":10},{"row":4,"column":8,"price":10},{"row":4,"column":9,"price":10},{"row":5,"column":1,"price":8},{"row":5,"column":2,"price":8},{"row":5,"column":3,"price":8},{"row":5,"column":4,"price":8},{"row":5,"column":5,"price":8},{"row":5,"column":6,"price":8},{"row":5,"column":7,"price":8},{"row":5,"column":8,"price":8},{"row":5,"column":9,"price":8},{"row":6,"column":1,"price":8},{"row":6,"column":2,"price":8},{"row":6,"column":3,"price":8},{"row":6,"column":4,"price":8},{"row":6,"column":5,"price":8},{"row":6,"column":6,"price":8},{"row":6,"column":7,"price":8},{"row":6,"column":8,"price":8},{"row":6,"column":9,"price":8},{"row":7,"column":1,"price":8},{"row":7,"column":2,"price":8},{"row":7,"column":3,"price":8},{"row":7,"column":4,"price":8},{"row":7,"column":5,"price":8},{"row":7,"column":6,"price":8},{"row":7,"column":7,"price":8},{"row":7,"column":8,"price":8},{"row":7,"column":9,"price":8},{"row":8,"column":1,"price":8},{"row":8,"column":2,"price":8},{"row":8,"column":3,"price":8},{"row":8,"column":4,"price":8},{"row":8,"column":5,"price":8},{"row":8,"column":6,"price":8},{"row":8,"column":7,"price":8},{"row":8,"column":8,"price":8},{"row":8,"column":9,"price":8},{"row":9,"column":1,"price":8},{"row":9,"column":2,"price":8},{"row":9,"column":3,"price":8},{"row":9,"column":4,"price":8},{"row":9,"column":5,"price":8},{"row":9,"column":6,"price":8},{"row":9,"column":7,"price":8},{"row":9,"column":8,"price":8},{"row":9,"column":9,"price":8}]}[\r][\n]"
?[0m?[0;34m2023-10-03T20:55:29.730+03:00 DEBUG 20256 --- [io-28852-exec-2] o.a.coyote.http11.Http11InputBuffer      : Before fill(): parsingHeader: [true], parsingRequestLine: [true], parsingRequestLinePhase: [0], parsingRequestLineStart: [0], byteBuffer.position(): [0], byteBuffer.limit(): [0], end: [153]
?[0m?[0;34m2023-10-03T20:55:29.730+03:00 DEBUG 20256 --- [    Test worker] org.apache.http.headers                  : http-outgoing-1 << HTTP/1.1 200 
?[0m?[0;34m2023-10-03T20:55:29.730+03:00 DEBUG 20256 --- [    Test worker] org.apache.http.headers                  : http-outgoing-1 << Content-Type: application/json
?[0m?[0;34m2023-10-03T20:55:29.730+03:00 DEBUG 20256 --- [    Test worker] org.apache.http.headers                  : http-outgoing-1 << Transfer-Encoding: chunked
?[0m?[0;34m2023-10-03T20:55:29.730+03:00 DEBUG 20256 --- [    Test worker] org.apache.http.headers                  : http-outgoing-1 << Date: Tue, 03 Oct 2023 17:55:29 GMT
?[0m?[0;34m2023-10-03T20:55:29.730+03:00 DEBUG 20256 --- [io-28852-exec-2] o.a.tomcat.util.net.SocketWrapperBase    : Socket: [org.apache.tomcat.util.net.NioEndpoint$NioSocketWrapper@1439a1a3:org.apache.tomcat.util.net.NioChannel@1afe4d54:java.nio.channels.SocketChannel[connected local=localhost/127.0.0.1:28852 remote=/127.0.0.1:60451]], Read from buffer: [0]
?[0m?[0;34m2023-10-03T20:55:29.730+03:00 DEBUG 20256 --- [    Test worker] org.apache.http.headers                  : http-outgoing-1 << Keep-Alive: timeout=60
?[0m?[0;34m2023-10-03T20:55:29.730+03:00 DEBUG 20256 --- [    Test worker] org.apache.http.headers                  : http-outgoing-1 << Connection: keep-alive
?[0m?[0;34m2023-10-03T20:55:29.730+03:00 DEBUG 20256 --- [io-28852-exec-2] org.apache.tomcat.util.net.NioEndpoint   : Socket: [org.apache.tomcat.util.net.NioEndpoint$NioSocketWrapper@1439a1a3:org.apache.tomcat.util.net.NioChannel@1afe4d54:java.nio.channels.SocketChannel[connected local=localhost/127.0.0.1:28852 remote=/127.0.0.1:60451]], Read direct from socket: [0]
?[0m?[0;34m2023-10-03T20:55:29.730+03:00 DEBUG 20256 --- [    Test worker] o.a.http.impl.execchain.MainClientExec   : Connection can be kept alive for 60000 MILLISECONDS
?[0m?[0;34m2023-10-03T20:55:29.730+03:00 DEBUG 20256 --- [io-28852-exec-2] o.a.coyote.http11.Http11InputBuffer      : Received []
?[0m?[0;34m2023-10-03T20:55:29.731+03:00 DEBUG 20256 --- [io-28852-exec-2] o.apache.coyote.http11.Http11Processor   : Socket: [org.apache.tomcat.util.net.NioEndpoint$NioSocketWrapper@1439a1a3:org.apache.tomcat.util.net.NioChannel@1afe4d54:java.nio.channels.SocketChannel[connected local=localhost/127.0.0.1:28852 remote=/127.0.0.1:60451]], Status in: [OPEN_READ], State out: [OPEN]
?[0m?[0;34m2023-10-03T20:55:29.731+03:00 DEBUG 20256 --- [io-28852-exec-2] org.apache.tomcat.util.net.NioEndpoint   : Registered read interest for [org.apache.tomcat.util.net.NioEndpoint$NioSocketWrapper@1439a1a3:org.apache.tomcat.util.net.NioChannel@1afe4d54:java.nio.channels.SocketChannel[connected local=localhost/127.0.0.1:28852 remote=/127.0.0.1:60451]]
?[0m?[0;34m2023-10-03T20:55:29.731+03:00 DEBUG 20256 --- [    Test worker] org.apache.http.wire                     : http-outgoing-1 << "0[\r][\n]"
?[0m?[0;34m2023-10-03T20:55:29.731+03:00 DEBUG 20256 --- [    Test worker] org.apache.http.wire                     : http-outgoing-1 << "[\r][\n]"
?[0m?[0;34m2023-10-03T20:55:29.731+03:00 DEBUG 20256 --- [    Test worker] h.i.c.PoolingHttpClientConnectionManager : Connection [id: 1][route: {}->http://localhost:28852] can be kept alive for 60.0 seconds
?[0m?[0;34m2023-10-03T20:55:29.731+03:00 DEBUG 20256 --- [    Test worker] h.i.c.DefaultManagedHttpClientConnection : http-outgoing-1: set socket timeout to 0
?[0m?[0;34m2023-10-03T20:55:29.731+03:00 DEBUG 20256 --- [    Test worker] h.i.c.PoolingHttpClientConnectionManager : Connection released: [id: 1][route: {}->http://localhost:28852][total available: 1; route allocated: 1 of 2; total allocated: 1 of 20]
?[0m?[0;34m2023-10-03T20:55:29.731+03:00 DEBUG 20256 --- [    Test worker] o.a.http.impl.execchain.MainClientExec   : Cancelling request execution
?[0m?[1;31m
Start test 3?[0m
?[0;34m2023-10-03T20:55:29.748+03:00 DEBUG 20256 --- [    Test worker] o.a.h.client.protocol.RequestAddCookies  : CookieSpec selected: default
?[0m?[0;34m2023-10-03T20:55:29.748+03:00 DEBUG 20256 --- [    Test worker] o.a.h.client.protocol.RequestAuthCache   : Auth cache not set in the context
?[0m?[0;34m2023-10-03T20:55:29.748+03:00 DEBUG 20256 --- [    Test worker] h.i.c.PoolingHttpClientConnectionManager : Connection request: [route: {}->http://localhost:28852][total available: 0; route allocated: 0 of 2; total allocated: 0 of 20]
?[0m?[0;34m2023-10-03T20:55:29.748+03:00 DEBUG 20256 --- [    Test worker] h.i.c.PoolingHttpClientConnectionManager : Connection leased: [id: 2][route: {}->http://localhost:28852][total available: 0; route allocated: 1 of 2; total allocated: 1 of 20]
?[0m?[0;34m2023-10-03T20:55:29.748+03:00 DEBUG 20256 --- [    Test worker] o.a.http.impl.execchain.MainClientExec   : Opening connection {}->http://localhost:28852
?[0m?[0;34m2023-10-03T20:55:29.748+03:00 DEBUG 20256 --- [    Test worker] .i.c.DefaultHttpClientConnectionOperator : Connecting to localhost/127.0.0.1:28852
?[0m?[0;34m2023-10-03T20:55:29.749+03:00 DEBUG 20256 --- [    Test worker] .i.c.DefaultHttpClientConnectionOperator : Connection established 127.0.0.1:60452<->127.0.0.1:28852
?[0m?[0;34m2023-10-03T20:55:29.749+03:00 DEBUG 20256 --- [    Test worker] o.a.http.impl.execchain.MainClientExec   : Executing request POST /purchase HTTP/1.1
?[0m?[0;34m2023-10-03T20:55:29.749+03:00 DEBUG 20256 --- [    Test worker] o.a.http.impl.execchain.MainClientExec   : Target auth state: UNCHALLENGED
?[0m?[0;34m2023-10-03T20:55:29.749+03:00 DEBUG 20256 --- [    Test worker] o.a.http.impl.execchain.MainClientExec   : Proxy auth state: UNCHALLENGED
?[0m?[0;34m2023-10-03T20:55:29.749+03:00 DEBUG 20256 --- [    Test worker] org.apache.http.headers                  : http-outgoing-2 >> POST /purchase HTTP/1.1
?[0m?[0;34m2023-10-03T20:55:29.749+03:00 DEBUG 20256 --- [-28852-Acceptor] o.apache.tomcat.util.threads.LimitLatch  : Counting up[http-nio-28852-Acceptor] latch=3
?[0m?[0;34m2023-10-03T20:55:29.749+03:00 DEBUG 20256 --- [    Test worker] org.apache.http.headers                  : http-outgoing-2 >> Content-Type: application/json
?[0m?[0;34m2023-10-03T20:55:29.749+03:00 DEBUG 20256 --- [    Test worker] org.apache.http.headers                  : http-outgoing-2 >> Content-Length: 24
?[0m?[0;34m2023-10-03T20:55:29.749+03:00 DEBUG 20256 --- [    Test worker] org.apache.http.headers                  : http-outgoing-2 >> Host: localhost:28852
?[0m?[0;34m2023-10-03T20:55:29.749+03:00 DEBUG 20256 --- [    Test worker] org.apache.http.headers                  : http-outgoing-2 >> Connection: Keep-Alive
?[0m?[0;34m2023-10-03T20:55:29.749+03:00 DEBUG 20256 --- [    Test worker] org.apache.http.headers                  : http-outgoing-2 >> User-Agent: Apache-HttpClient/4.5.14 (Java/17.0.7)
?[0m?[0;34m2023-10-03T20:55:29.749+03:00 DEBUG 20256 --- [    Test worker] org.apache.http.headers                  : http-outgoing-2 >> Accept-Encoding: gzip,deflate
?[0m?[0;34m2023-10-03T20:55:29.749+03:00 DEBUG 20256 --- [    Test worker] org.apache.http.wire                     : http-outgoing-2 >> "POST /purchase HTTP/1.1[\r][\n]"
?[0m?[0;34m2023-10-03T20:55:29.749+03:00 DEBUG 20256 --- [    Test worker] org.apache.http.wire                     : http-outgoing-2 >> "Content-Type: application/json[\r][\n]"
?[0m?[0;34m2023-10-03T20:55:29.749+03:00 DEBUG 20256 --- [    Test worker] org.apache.http.wire                     : http-outgoing-2 >> "Content-Length: 24[\r][\n]"
?[0m?[0;34m2023-10-03T20:55:29.749+03:00 DEBUG 20256 --- [    Test worker] org.apache.http.wire                     : http-outgoing-2 >> "Host: localhost:28852[\r][\n]"
?[0m?[0;34m2023-10-03T20:55:29.749+03:00 DEBUG 20256 --- [    Test worker] org.apache.http.wire                     : http-outgoing-2 >> "Connection: Keep-Alive[\r][\n]"
?[0m?[0;34m2023-10-03T20:55:29.749+03:00 DEBUG 20256 --- [    Test worker] org.apache.http.wire                     : http-outgoing-2 >> "User-Agent: Apache-HttpClient/4.5.14 (Java/17.0.7)[\r][\n]"
?[0m?[0;34m2023-10-03T20:55:29.749+03:00 DEBUG 20256 --- [    Test worker] org.apache.http.wire                     : http-outgoing-2 >> "Accept-Encoding: gzip,deflate[\r][\n]"
?[0m?[0;34m2023-10-03T20:55:29.749+03:00 DEBUG 20256 --- [    Test worker] org.apache.http.wire                     : http-outgoing-2 >> "[\r][\n]"
?[0m?[0;34m2023-10-03T20:55:29.749+03:00 DEBUG 20256 --- [    Test worker] org.apache.http.wire                     : http-outgoing-2 >> "{"column":"1","row":"1"}"
?[0;34m2023-10-03T20:55:29.750+03:00 DEBUG 20256 --- [io-28852-exec-4] o.a.coyote.http11.Http11InputBuffer      : Before fill(): parsingHeader: [true], parsingRequestLine: [true], parsingRequestLinePhase: [0], parsingRequestLineStart: [0], byteBuffer.position(): [0], byteBuffer.limit(): [0], end: [153]
?[0m?[0;34m2023-10-03T20:55:29.750+03:00 DEBUG 20256 --- [io-28852-exec-4] o.a.tomcat.util.net.SocketWrapperBase    : Socket: [org.apache.tomcat.util.net.NioEndpoint$NioSocketWrapper@1b92684c:org.apache.tomcat.util.net.NioChannel@1555854e:java.nio.channels.SocketChannel[connected local=localhost/127.0.0.1:28852 remote=/127.0.0.1:60452]], Read from buffer: [0]
?[0m?[0;34m2023-10-03T20:55:29.750+03:00 DEBUG 20256 --- [io-28852-exec-4] org.apache.tomcat.util.net.NioEndpoint   : Socket: [org.apache.tomcat.util.net.NioEndpoint$NioSocketWrapper@1b92684c:org.apache.tomcat.util.net.NioChannel@1555854e:java.nio.channels.SocketChannel[connected local=localhost/127.0.0.1:28852 remote=/127.0.0.1:60452]], Read direct from socket: [233]
?[0m?[0;34m2023-10-03T20:55:29.750+03:00 DEBUG 20256 --- [io-28852-exec-4] o.a.coyote.http11.Http11InputBuffer      : Received [POST /purchase HTTP/1.1
?[0m?[0;34mContent-Type: application/json
?[0m?[0;34mContent-Length: 24
?[0m?[0;34mHost: localhost:28852
?[0m?[0;34mConnection: Keep-Alive
?[0m?[0;34mUser-Agent: Apache-HttpClient/4.5.14 (Java/17.0.7)
?[0m?[0;34mAccept-Encoding: gzip,deflate
?[0m?[0;34m
?[0m?[0;34m{"column":"1","row":"1"}]
?[0m?[0;34m2023-10-03T20:55:29.750+03:00 DEBUG 20256 --- [io-28852-exec-4] o.a.c.authenticator.AuthenticatorBase    : Security checking request POST /purchase
?[0m?[0;34m2023-10-03T20:55:29.750+03:00 DEBUG 20256 --- [io-28852-exec-4] org.apache.catalina.realm.RealmBase      :   No applicable constraints defined
?[0m?[0;34m2023-10-03T20:55:29.751+03:00 DEBUG 20256 --- [io-28852-exec-4] o.a.c.authenticator.AuthenticatorBase    : Not subject to any constraint
?[0m?[0;34m2023-10-03T20:55:29.751+03:00 DEBUG 20256 --- [io-28852-exec-4] org.apache.tomcat.util.http.Parameters   : Set encoding to UTF-8
?[0m?[0;34m2023-10-03T20:55:29.751+03:00 DEBUG 20256 --- [io-28852-exec-4] o.s.web.servlet.DispatcherServlet        : POST "/purchase", parameters={}
?[0m?[0;34m2023-10-03T20:55:29.752+03:00 DEBUG 20256 --- [io-28852-exec-4] s.w.s.m.m.a.RequestMappingHandlerMapping : Mapped to cinema.controllers.CinemaController#purchaseSeat(SeatPurchaseRequest)
?[0;34m2023-10-03T20:55:29.756+03:00 DEBUG 20256 --- [      Finalizer] h.i.c.PoolingHttpClientConnectionManager : Connection manager is shutting down
?[0m?[0;34m2023-10-03T20:55:29.757+03:00 DEBUG 20256 --- [      Finalizer] h.i.c.DefaultManagedHttpClientConnection : http-outgoing-0: Close connection
?[0m?[0;34m2023-10-03T20:55:29.757+03:00 DEBUG 20256 --- [      Finalizer] h.i.c.PoolingHttpClientConnectionManager : Connection manager shut down
?[0m?[0;34m2023-10-03T20:55:29.757+03:00 DEBUG 20256 --- [      Finalizer] h.i.c.PoolingHttpClientConnectionManager : Connection manager is shutting down
?[0m?[0;34m2023-10-03T20:55:29.757+03:00 DEBUG 20256 --- [      Finalizer] h.i.c.DefaultManagedHttpClientConnection : http-outgoing-1: Close connection
?[0m?[0;34m2023-10-03T20:55:29.757+03:00 DEBUG 20256 --- [      Finalizer] h.i.c.PoolingHttpClientConnectionManager : Connection manager shut down
?[0;34m2023-10-03T20:55:29.757+03:00 DEBUG 20256 --- [io-28852-exec-3] o.a.coyote.http11.Http11InputBuffer      : Before fill(): parsingHeader: [true], parsingRequestLine: [true], parsingRequestLinePhase: [0], parsingRequestLineStart: [0], byteBuffer.position(): [0], byteBuffer.limit(): [0], end: [0]
?[0;34m2023-10-03T20:55:29.758+03:00 DEBUG 20256 --- [io-28852-exec-5] o.a.coyote.http11.Http11InputBuffer      : Before fill(): parsingHeader: [true], parsingRequestLine: [true], parsingRequestLinePhase: [0], parsingRequestLineStart: [0], byteBuffer.position(): [0], byteBuffer.limit(): [0], end: [0]
?[0m?[0;34m2023-10-03T20:55:29.758+03:00 DEBUG 20256 --- [io-28852-exec-3] o.a.tomcat.util.net.SocketWrapperBase    : Socket: [org.apache.tomcat.util.net.NioEndpoint$NioSocketWrapper@5d3f8660:org.apache.tomcat.util.net.NioChannel@4dd29341:java.nio.channels.SocketChannel[connected local=localhost/127.0.0.1:28852 remote=/127.0.0.1:60450]], Read from buffer: [0]
?[0m?[0;34m2023-10-03T20:55:29.758+03:00 DEBUG 20256 --- [io-28852-exec-5] o.a.tomcat.util.net.SocketWrapperBase    : Socket: [org.apache.tomcat.util.net.NioEndpoint$NioSocketWrapper@1439a1a3:org.apache.tomcat.util.net.NioChannel@1afe4d54:java.nio.channels.SocketChannel[connected local=localhost/127.0.0.1:28852 remote=/127.0.0.1:60451]], Read from buffer: [0]
?[0m?[0;34m2023-10-03T20:55:29.758+03:00 DEBUG 20256 --- [io-28852-exec-3] o.apache.coyote.http11.Http11Processor   : Error parsing HTTP request header
?[0m?[0;34m
?[0m?[0;34mjava.io.EOFException: null
?[0m?[0;34m	at org.apache.tomcat.util.net.NioEndpoint$NioSocketWrapper.fillReadBuffer(NioEndpoint.java:1290) ~[tomcat-embed-core-10.1.5.jar:10.1.5]
?[0m?[0;34m	at org.apache.tomcat.util.net.NioEndpoint$NioSocketWrapper.read(NioEndpoint.java:1177) ~[tomcat-embed-core-10.1.5.jar:10.1.5]
?[0m?[0;34m	at org.apache.coyote.http11.Http11InputBuffer.fill(Http11InputBuffer.java:805) ~[tomcat-embed-core-10.1.5.jar:10.1.5]
?[0m?[0;34m	at org.apache.coyote.http11.Http11InputBuffer.parseRequestLine(Http11InputBuffer.java:360) ~[tomcat-embed-core-10.1.5.jar:10.1.5]
?[0m?[0;34m	at org.apache.coyote.http11.Http11Processor.service(Http11Processor.java:272) ~[tomcat-embed-core-10.1.5.jar:10.1.5]
?[0m?[0;34m	at org.apache.coyote.AbstractProcessorLight.process(AbstractProcessorLight.java:65) ~[tomcat-embed-core-10.1.5.jar:10.1.5]
?[0m?[0;34m	at org.apache.coyote.AbstractProtocol$ConnectionHandler.process(AbstractProtocol.java:859) ~[tomcat-embed-core-10.1.5.jar:10.1.5]
?[0m?[0;34m	at org.apache.tomcat.util.net.NioEndpoint$SocketProcessor.doRun(NioEndpoint.java:1734) ~[tomcat-embed-core-10.1.5.jar:10.1.5]
?[0m?[0;34m	at org.apache.tomcat.util.net.SocketProcessorBase.run(SocketProcessorBase.java:52) ~[tomcat-embed-core-10.1.5.jar:10.1.5]
?[0m?[0;34m	at org.apache.tomcat.util.threads.ThreadPoolExecutor.runWorker(ThreadPoolExecutor.java:1191) ~[tomcat-embed-core-10.1.5.jar:10.1.5]
?[0m?[0;34m	at org.apache.tomcat.util.threads.ThreadPoolExecutor$Worker.run(ThreadPoolExecutor.java:659) ~[tomcat-embed-core-10.1.5.jar:10.1.5]
?[0m?[0;34m	at org.apache.tomcat.util.threads.TaskThread$WrappingRunnable.run(TaskThread.java:61) ~[tomcat-embed-core-10.1.5.jar:10.1.5]
?[0m?[0;34m	at java.base/java.lang.Thread.run(Thread.java:833) ~[na:na]
?[0m?[0;34m
?[0m?[0;34m2023-10-03T20:55:29.758+03:00 DEBUG 20256 --- [io-28852-exec-5] o.apache.coyote.http11.Http11Processor   : Error parsing HTTP request header
?[0m?[0;34m
?[0m?[0;34mjava.io.EOFException: null
?[0m?[0;34m	at org.apache.tomcat.util.net.NioEndpoint$NioSocketWrapper.fillReadBuffer(NioEndpoint.java:1290) ~[tomcat-embed-core-10.1.5.jar:10.1.5]
?[0m?[0;34m	at org.apache.tomcat.util.net.NioEndpoint$NioSocketWrapper.read(NioEndpoint.java:1177) ~[tomcat-embed-core-10.1.5.jar:10.1.5]
?[0m?[0;34m	at org.apache.coyote.http11.Http11InputBuffer.fill(Http11InputBuffer.java:805) ~[tomcat-embed-core-10.1.5.jar:10.1.5]
?[0m?[0;34m	at org.apache.coyote.http11.Http11InputBuffer.parseRequestLine(Http11InputBuffer.java:360) ~[tomcat-embed-core-10.1.5.jar:10.1.5]
?[0m?[0;34m	at org.apache.coyote.http11.Http11Processor.service(Http11Processor.java:272) ~[tomcat-embed-core-10.1.5.jar:10.1.5]
?[0m?[0;34m	at org.apache.coyote.AbstractProcessorLight.process(AbstractProcessorLight.java:65) ~[tomcat-embed-core-10.1.5.jar:10.1.5]
?[0m?[0;34m	at org.apache.coyote.AbstractProtocol$ConnectionHandler.process(AbstractProtocol.java:859) ~[tomcat-embed-core-10.1.5.jar:10.1.5]
?[0m?[0;34m	at org.apache.tomcat.util.net.NioEndpoint$SocketProcessor.doRun(NioEndpoint.java:1734) ~[tomcat-embed-core-10.1.5.jar:10.1.5]
?[0m?[0;34m	at org.apache.tomcat.util.net.SocketProcessorBase.run(SocketProcessorBase.java:52) ~[tomcat-embed-core-10.1.5.jar:10.1.5]
?[0m?[0;34m	at org.apache.tomcat.util.threads.ThreadPoolExecutor.runWorker(ThreadPoolExecutor.java:1191) ~[tomcat-embed-core-10.1.5.jar:10.1.5]
?[0m?[0;34m	at org.apache.tomcat.util.threads.ThreadPoolExecutor$Worker.run(ThreadPoolExecutor.java:659) ~[tomcat-embed-core-10.1.5.jar:10.1.5]
?[0m?[0;34m	at org.apache.tomcat.util.threads.TaskThread$WrappingRunnable.run(TaskThread.java:61) ~[tomcat-embed-core-10.1.5.jar:10.1.5]
?[0m?[0;34m	at java.base/java.lang.Thread.run(Thread.java:833) ~[na:na]
?[0m?[0;34m
?[0m?[0;34m2023-10-03T20:55:29.759+03:00 DEBUG 20256 --- [io-28852-exec-3] o.apache.coyote.http11.Http11Processor   : Error state [CLOSE_CONNECTION_NOW] reported while processing request
?[0m?[0;34m
?[0m?[0;34mjava.io.EOFException: null
?[0m?[0;34m	at org.apache.tomcat.util.net.NioEndpoint$NioSocketWrapper.fillReadBuffer(NioEndpoint.java:1290) ~[tomcat-embed-core-10.1.5.jar:10.1.5]
?[0m?[0;34m	at org.apache.tomcat.util.net.NioEndpoint$NioSocketWrapper.read(NioEndpoint.java:1177) ~[tomcat-embed-core-10.1.5.jar:10.1.5]
?[0m?[0;34m	at org.apache.coyote.http11.Http11InputBuffer.fill(Http11InputBuffer.java:805) ~[tomcat-embed-core-10.1.5.jar:10.1.5]
?[0m?[0;34m	at org.apache.coyote.http11.Http11InputBuffer.parseRequestLine(Http11InputBuffer.java:360) ~[tomcat-embed-core-10.1.5.jar:10.1.5]
?[0m?[0;34m	at org.apache.coyote.http11.Http11Processor.service(Http11Processor.java:272) ~[tomcat-embed-core-10.1.5.jar:10.1.5]
?[0m?[0;34m	at org.apache.coyote.AbstractProcessorLight.process(AbstractProcessorLight.java:65) ~[tomcat-embed-core-10.1.5.jar:10.1.5]
?[0m?[0;34m	at org.apache.coyote.AbstractProtocol$ConnectionHandler.process(AbstractProtocol.java:859) ~[tomcat-embed-core-10.1.5.jar:10.1.5]
?[0m?[0;34m	at org.apache.tomcat.util.net.NioEndpoint$SocketProcessor.doRun(NioEndpoint.java:1734) ~[tomcat-embed-core-10.1.5.jar:10.1.5]
?[0m?[0;34m	at org.apache.tomcat.util.net.SocketProcessorBase.run(SocketProcessorBase.java:52) ~[tomcat-embed-core-10.1.5.jar:10.1.5]
?[0m?[0;34m	at org.apache.tomcat.util.threads.ThreadPoolExecutor.runWorker(ThreadPoolExecutor.java:1191) ~[tomcat-embed-core-10.1.5.jar:10.1.5]
?[0m?[0;34m	at org.apache.tomcat.util.threads.ThreadPoolExecutor$Worker.run(ThreadPoolExecutor.java:659) ~[tomcat-embed-core-10.1.5.jar:10.1.5]
?[0m?[0;34m	at org.apache.tomcat.util.threads.TaskThread$WrappingRunnable.run(TaskThread.java:61) ~[tomcat-embed-core-10.1.5.jar:10.1.5]
?[0m?[0;34m	at java.base/java.lang.Thread.run(Thread.java:833) ~[na:na]
?[0m?[0;34m
?[0m?[0;34m2023-10-03T20:55:29.760+03:00 DEBUG 20256 --- [io-28852-exec-5] o.apache.coyote.http11.Http11Processor   : Error state [CLOSE_CONNECTION_NOW] reported while processing request
?[0m?[0;34m
?[0m?[0;34mjava.io.EOFException: null
?[0m?[0;34m	at org.apache.tomcat.util.net.NioEndpoint$NioSocketWrapper.fillReadBuffer(NioEndpoint.java:1290) ~[tomcat-embed-core-10.1.5.jar:10.1.5]
?[0m?[0;34m	at org.apache.tomcat.util.net.NioEndpoint$NioSocketWrapper.read(NioEndpoint.java:1177) ~[tomcat-embed-core-10.1.5.jar:10.1.5]
?[0m?[0;34m	at org.apache.coyote.http11.Http11InputBuffer.fill(Http11InputBuffer.java:805) ~[tomcat-embed-core-10.1.5.jar:10.1.5]
?[0m?[0;34m	at org.apache.coyote.http11.Http11InputBuffer.parseRequestLine(Http11InputBuffer.java:360) ~[tomcat-embed-core-10.1.5.jar:10.1.5]
?[0m?[0;34m	at org.apache.coyote.http11.Http11Processor.service(Http11Processor.java:272) ~[tomcat-embed-core-10.1.5.jar:10.1.5]
?[0m?[0;34m	at org.apache.coyote.AbstractProcessorLight.process(AbstractProcessorLight.java:65) ~[tomcat-embed-core-10.1.5.jar:10.1.5]
?[0m?[0;34m	at org.apache.coyote.AbstractProtocol$ConnectionHandler.process(AbstractProtocol.java:859) ~[tomcat-embed-core-10.1.5.jar:10.1.5]
?[0m?[0;34m	at org.apache.tomcat.util.net.NioEndpoint$SocketProcessor.doRun(NioEndpoint.java:1734) ~[tomcat-embed-core-10.1.5.jar:10.1.5]
?[0m?[0;34m	at org.apache.tomcat.util.net.SocketProcessorBase.run(SocketProcessorBase.java:52) ~[tomcat-embed-core-10.1.5.jar:10.1.5]
?[0m?[0;34m	at org.apache.tomcat.util.threads.ThreadPoolExecutor.runWorker(ThreadPoolExecutor.java:1191) ~[tomcat-embed-core-10.1.5.jar:10.1.5]
?[0m?[0;34m	at org.apache.tomcat.util.threads.ThreadPoolExecutor$Worker.run(ThreadPoolExecutor.java:659) ~[tomcat-embed-core-10.1.5.jar:10.1.5]
?[0m?[0;34m	at org.apache.tomcat.util.threads.TaskThread$WrappingRunnable.run(TaskThread.java:61) ~[tomcat-embed-core-10.1.5.jar:10.1.5]
?[0m?[0;34m	at java.base/java.lang.Thread.run(Thread.java:833) ~[na:na]
?[0m?[0;34m
?[0m?[0;34m2023-10-03T20:55:29.760+03:00 DEBUG 20256 --- [io-28852-exec-3] o.apache.coyote.http11.Http11Processor   : Socket: [org.apache.tomcat.util.net.NioEndpoint$NioSocketWrapper@5d3f8660:org.apache.tomcat.util.net.NioChannel@4dd29341:java.nio.channels.SocketChannel[connected local=localhost/127.0.0.1:28852 remote=/127.0.0.1:60450]], Status in: [OPEN_READ], State out: [CLOSED]
?[0m?[0;34m2023-10-03T20:55:29.761+03:00 DEBUG 20256 --- [io-28852-exec-5] o.apache.coyote.http11.Http11Processor   : Socket: [org.apache.tomcat.util.net.NioEndpoint$NioSocketWrapper@1439a1a3:org.apache.tomcat.util.net.NioChannel@1afe4d54:java.nio.channels.SocketChannel[connected local=localhost/127.0.0.1:28852 remote=/127.0.0.1:60451]], Status in: [OPEN_READ], State out: [CLOSED]
?[0m?[0;34m2023-10-03T20:55:29.761+03:00 DEBUG 20256 --- [io-28852-exec-5] o.apache.tomcat.util.threads.LimitLatch  : Counting down[http-nio-28852-exec-5] latch=2
?[0m?[0;34m2023-10-03T20:55:29.761+03:00 DEBUG 20256 --- [io-28852-exec-3] o.apache.tomcat.util.threads.LimitLatch  : Counting down[http-nio-28852-exec-3] latch=2
?[0m?[0;34m2023-10-03T20:55:29.761+03:00 DEBUG 20256 --- [io-28852-exec-5] org.apache.tomcat.util.net.NioEndpoint   : Calling [org.apache.tomcat.util.net.NioEndpoint@1c0cdae5].closeSocket([org.apache.tomcat.util.net.NioEndpoint$NioSocketWrapper@1439a1a3:org.apache.tomcat.util.net.NioChannel@1afe4d54:java.nio.channels.SocketChannel[connected local=localhost/127.0.0.1:28852 remote=/127.0.0.1:60451]])
?[0m?[0;34m2023-10-03T20:55:29.762+03:00 DEBUG 20256 --- [io-28852-exec-3] org.apache.tomcat.util.net.NioEndpoint   : Calling [org.apache.tomcat.util.net.NioEndpoint@1c0cdae5].closeSocket([org.apache.tomcat.util.net.NioEndpoint$NioSocketWrapper@5d3f8660:org.apache.tomcat.util.net.NioChannel@4dd29341:java.nio.channels.SocketChannel[connected local=localhost/127.0.0.1:28852 remote=/127.0.0.1:60450]])
?[0m?[0;34m2023-10-03T20:55:29.787+03:00 DEBUG 20256 --- [io-28852-exec-4] m.m.a.RequestResponseBodyMethodProcessor : Read "application/json;charset=UTF-8" to [cinema.controllers.requests.SeatPurchaseRequest@373bda0]
?[0m?[0;34m2023-10-03T20:55:29.794+03:00 DEBUG 20256 --- [io-28852-exec-4] o.s.w.s.m.m.a.HttpEntityMethodProcessor  : Using 'application/json', given [*/*] and supported [application/json, application/*+json]
?[0m?[0;34m2023-10-03T20:55:29.794+03:00 DEBUG 20256 --- [io-28852-exec-4] o.s.w.s.m.m.a.HttpEntityMethodProcessor  : Writing [cinema.controllers.responses.PurchaseResponse@5cdc15ca]
?[0m?[0;34m2023-10-03T20:55:29.794+03:00 DEBUG 20256 --- [    Test worker] org.apache.http.wire                     : http-outgoing-2 << "HTTP/1.1 200 [\r][\n]"
?[0m?[0;34m2023-10-03T20:55:29.794+03:00 DEBUG 20256 --- [    Test worker] org.apache.http.wire                     : http-outgoing-2 << "Content-Type: application/json[\r][\n]"
?[0m?[0;34m2023-10-03T20:55:29.794+03:00 DEBUG 20256 --- [    Test worker] org.apache.http.wire                     : http-outgoing-2 << "Transfer-Encoding: chunked[\r][\n]"
?[0m?[0;34m2023-10-03T20:55:29.794+03:00 DEBUG 20256 --- [io-28852-exec-4] o.s.web.servlet.DispatcherServlet        : Completed 200 OK
?[0m?[0;34m2023-10-03T20:55:29.794+03:00 DEBUG 20256 --- [    Test worker] org.apache.http.wire                     : http-outgoing-2 << "Date: Tue, 03 Oct 2023 17:55:29 GMT[\r][\n]"
?[0m?[0;34m2023-10-03T20:55:29.794+03:00 DEBUG 20256 --- [    Test worker] org.apache.http.wire                     : http-outgoing-2 << "Keep-Alive: timeout=60[\r][\n]"
?[0m?[0;34m2023-10-03T20:55:29.794+03:00 DEBUG 20256 --- [    Test worker] org.apache.http.wire                     : http-outgoing-2 << "Connection: keep-alive[\r][\n]"
?[0m?[0;34m2023-10-03T20:55:29.795+03:00 DEBUG 20256 --- [    Test worker] org.apache.http.wire                     : http-outgoing-2 << "[\r][\n]"
?[0m?[0;34m2023-10-03T20:55:29.795+03:00 DEBUG 20256 --- [    Test worker] org.apache.http.wire                     : http-outgoing-2 << "59[\r][\n]"
?[0m?[0;34m2023-10-03T20:55:29.795+03:00 DEBUG 20256 --- [    Test worker] org.apache.http.wire                     : http-outgoing-2 << "{"token":"7c87c5d0-e2ab-412a-a730-d7ab2d5cf454","ticket":{"row":1,"column":1,"price":10}}[\r][\n]"
?[0m?[0;34m2023-10-03T20:55:29.795+03:00 DEBUG 20256 --- [    Test worker] org.apache.http.headers                  : http-outgoing-2 << HTTP/1.1 200 
?[0m?[0;34m2023-10-03T20:55:29.795+03:00 DEBUG 20256 --- [    Test worker] org.apache.http.headers                  : http-outgoing-2 << Content-Type: application/json
?[0m?[0;34m2023-10-03T20:55:29.795+03:00 DEBUG 20256 --- [    Test worker] org.apache.http.headers                  : http-outgoing-2 << Transfer-Encoding: chunked
?[0m?[0;34m2023-10-03T20:55:29.795+03:00 DEBUG 20256 --- [    Test worker] org.apache.http.headers                  : http-outgoing-2 << Date: Tue, 03 Oct 2023 17:55:29 GMT
?[0m?[0;34m2023-10-03T20:55:29.795+03:00 DEBUG 20256 --- [    Test worker] org.apache.http.headers                  : http-outgoing-2 << Keep-Alive: timeout=60
?[0m?[0;34m2023-10-03T20:55:29.795+03:00 DEBUG 20256 --- [    Test worker] org.apache.http.headers                  : http-outgoing-2 << Connection: keep-alive
?[0m?[0;34m2023-10-03T20:55:29.795+03:00 DEBUG 20256 --- [    Test worker] o.a.http.impl.execchain.MainClientExec   : Connection can be kept alive for 60000 MILLISECONDS
?[0m?[0;34m2023-10-03T20:55:29.795+03:00 DEBUG 20256 --- [    Test worker] org.apache.http.wire                     : http-outgoing-2 << "0[\r][\n]"
?[0m?[0;34m2023-10-03T20:55:29.795+03:00 DEBUG 20256 --- [    Test worker] org.apache.http.wire                     : http-outgoing-2 << "[\r][\n]"
?[0m?[0;34m2023-10-03T20:55:29.795+03:00 DEBUG 20256 --- [io-28852-exec-4] o.a.coyote.http11.Http11InputBuffer      : Before fill(): parsingHeader: [true], parsingRequestLine: [true], parsingRequestLinePhase: [0], parsingRequestLineStart: [0], byteBuffer.position(): [0], byteBuffer.limit(): [0], end: [209]
?[0m?[0;34m2023-10-03T20:55:29.795+03:00 DEBUG 20256 --- [    Test worker] h.i.c.PoolingHttpClientConnectionManager : Connection [id: 2][route: {}->http://localhost:28852] can be kept alive for 60.0 seconds
?[0m?[0;34m2023-10-03T20:55:29.795+03:00 DEBUG 20256 --- [    Test worker] h.i.c.DefaultManagedHttpClientConnection : http-outgoing-2: set socket timeout to 0
?[0m?[0;34m2023-10-03T20:55:29.795+03:00 DEBUG 20256 --- [io-28852-exec-4] o.a.tomcat.util.net.SocketWrapperBase    : Socket: [org.apache.tomcat.util.net.NioEndpoint$NioSocketWrapper@1b92684c:org.apache.tomcat.util.net.NioChannel@1555854e:java.nio.channels.SocketChannel[connected local=localhost/127.0.0.1:28852 remote=/127.0.0.1:60452]], Read from buffer: [0]
?[0m?[0;34m2023-10-03T20:55:29.795+03:00 DEBUG 20256 --- [    Test worker] h.i.c.PoolingHttpClientConnectionManager : Connection released: [id: 2][route: {}->http://localhost:28852][total available: 1; route allocated: 1 of 2; total allocated: 1 of 20]
?[0m?[0;34m2023-10-03T20:55:29.795+03:00 DEBUG 20256 --- [    Test worker] o.a.http.impl.execchain.MainClientExec   : Cancelling request execution
?[0m?[0;34m2023-10-03T20:55:29.795+03:00 DEBUG 20256 --- [io-28852-exec-4] org.apache.tomcat.util.net.NioEndpoint   : Socket: [org.apache.tomcat.util.net.NioEndpoint$NioSocketWrapper@1b92684c:org.apache.tomcat.util.net.NioChannel@1555854e:java.nio.channels.SocketChannel[connected local=localhost/127.0.0.1:28852 remote=/127.0.0.1:60452]], Read direct from socket: [0]
?[0m?[0;34m2023-10-03T20:55:29.795+03:00 DEBUG 20256 --- [io-28852-exec-4] o.a.coyote.http11.Http11InputBuffer      : Received []
?[0m?[0;34m2023-10-03T20:55:29.795+03:00 DEBUG 20256 --- [io-28852-exec-4] o.apache.coyote.http11.Http11Processor   : Socket: [org.apache.tomcat.util.net.NioEndpoint$NioSocketWrapper@1b92684c:org.apache.tomcat.util.net.NioChannel@1555854e:java.nio.channels.SocketChannel[connected local=localhost/127.0.0.1:28852 remote=/127.0.0.1:60452]], Status in: [OPEN_READ], State out: [OPEN]
?[0m?[0;34m2023-10-03T20:55:29.795+03:00 DEBUG 20256 --- [io-28852-exec-4] org.apache.tomcat.util.net.NioEndpoint   : Registered read interest for [org.apache.tomcat.util.net.NioEndpoint$NioSocketWrapper@1b92684c:org.apache.tomcat.util.net.NioChannel@1555854e:java.nio.channels.SocketChannel[connected local=localhost/127.0.0.1:28852 remote=/127.0.0.1:60452]]
?[0m?[1;31m
Start test 4?[0m
?[0;34m2023-10-03T20:55:29.798+03:00 DEBUG 20256 --- [    Test worker] o.a.h.client.protocol.RequestAddCookies  : CookieSpec selected: default
?[0m?[0;34m2023-10-03T20:55:29.798+03:00 DEBUG 20256 --- [    Test worker] o.a.h.client.protocol.RequestAuthCache   : Auth cache not set in the context
?[0m?[0;34m2023-10-03T20:55:29.798+03:00 DEBUG 20256 --- [    Test worker] h.i.c.PoolingHttpClientConnectionManager : Connection request: [route: {}->http://localhost:28852][total available: 0; route allocated: 0 of 2; total allocated: 0 of 20]
?[0m?[0;34m2023-10-03T20:55:29.798+03:00 DEBUG 20256 --- [    Test worker] h.i.c.PoolingHttpClientConnectionManager : Connection leased: [id: 3][route: {}->http://localhost:28852][total available: 0; route allocated: 1 of 2; total allocated: 1 of 20]
?[0m?[0;34m2023-10-03T20:55:29.798+03:00 DEBUG 20256 --- [    Test worker] o.a.http.impl.execchain.MainClientExec   : Opening connection {}->http://localhost:28852
?[0m?[0;34m2023-10-03T20:55:29.799+03:00 DEBUG 20256 --- [    Test worker] .i.c.DefaultHttpClientConnectionOperator : Connecting to localhost/127.0.0.1:28852
?[0m?[0;34m2023-10-03T20:55:29.799+03:00 DEBUG 20256 --- [    Test worker] .i.c.DefaultHttpClientConnectionOperator : Connection established 127.0.0.1:60453<->127.0.0.1:28852
?[0m?[0;34m2023-10-03T20:55:29.799+03:00 DEBUG 20256 --- [    Test worker] o.a.http.impl.execchain.MainClientExec   : Executing request POST /purchase HTTP/1.1
?[0m?[0;34m2023-10-03T20:55:29.799+03:00 DEBUG 20256 --- [    Test worker] o.a.http.impl.execchain.MainClientExec   : Target auth state: UNCHALLENGED
?[0m?[0;34m2023-10-03T20:55:29.799+03:00 DEBUG 20256 --- [    Test worker] o.a.http.impl.execchain.MainClientExec   : Proxy auth state: UNCHALLENGED
?[0m?[0;34m2023-10-03T20:55:29.799+03:00 DEBUG 20256 --- [-28852-Acceptor] o.apache.tomcat.util.threads.LimitLatch  : Counting up[http-nio-28852-Acceptor] latch=2
?[0m?[0;34m2023-10-03T20:55:29.799+03:00 DEBUG 20256 --- [    Test worker] org.apache.http.headers                  : http-outgoing-3 >> POST /purchase HTTP/1.1
?[0m?[0;34m2023-10-03T20:55:29.799+03:00 DEBUG 20256 --- [    Test worker] org.apache.http.headers                  : http-outgoing-3 >> Content-Type: application/json
?[0m?[0;34m2023-10-03T20:55:29.799+03:00 DEBUG 20256 --- [    Test worker] org.apache.http.headers                  : http-outgoing-3 >> Content-Length: 24
?[0m?[0;34m2023-10-03T20:55:29.799+03:00 DEBUG 20256 --- [    Test worker] org.apache.http.headers                  : http-outgoing-3 >> Host: localhost:28852
?[0m?[0;34m2023-10-03T20:55:29.799+03:00 DEBUG 20256 --- [    Test worker] org.apache.http.headers                  : http-outgoing-3 >> Connection: Keep-Alive
?[0m?[0;34m2023-10-03T20:55:29.799+03:00 DEBUG 20256 --- [    Test worker] org.apache.http.headers                  : http-outgoing-3 >> User-Agent: Apache-HttpClient/4.5.14 (Java/17.0.7)
?[0m?[0;34m2023-10-03T20:55:29.799+03:00 DEBUG 20256 --- [    Test worker] org.apache.http.headers                  : http-outgoing-3 >> Accept-Encoding: gzip,deflate
?[0m?[0;34m2023-10-03T20:55:29.799+03:00 DEBUG 20256 --- [    Test worker] org.apache.http.wire                     : http-outgoing-3 >> "POST /purchase HTTP/1.1[\r][\n]"
?[0m?[0;34m2023-10-03T20:55:29.799+03:00 DEBUG 20256 --- [    Test worker] org.apache.http.wire                     : http-outgoing-3 >> "Content-Type: application/json[\r][\n]"
?[0m?[0;34m2023-10-03T20:55:29.799+03:00 DEBUG 20256 --- [    Test worker] org.apache.http.wire                     : http-outgoing-3 >> "Content-Length: 24[\r][\n]"
?[0m?[0;34m2023-10-03T20:55:29.799+03:00 DEBUG 20256 --- [    Test worker] org.apache.http.wire                     : http-outgoing-3 >> "Host: localhost:28852[\r][\n]"
?[0m?[0;34m2023-10-03T20:55:29.799+03:00 DEBUG 20256 --- [    Test worker] org.apache.http.wire                     : http-outgoing-3 >> "Connection: Keep-Alive[\r][\n]"
?[0m?[0;34m2023-10-03T20:55:29.799+03:00 DEBUG 20256 --- [    Test worker] org.apache.http.wire                     : http-outgoing-3 >> "User-Agent: Apache-HttpClient/4.5.14 (Java/17.0.7)[\r][\n]"
?[0m?[0;34m2023-10-03T20:55:29.799+03:00 DEBUG 20256 --- [    Test worker] org.apache.http.wire                     : http-outgoing-3 >> "Accept-Encoding: gzip,deflate[\r][\n]"
?[0m?[0;34m2023-10-03T20:55:29.799+03:00 DEBUG 20256 --- [    Test worker] org.apache.http.wire                     : http-outgoing-3 >> "[\r][\n]"
?[0m?[0;34m2023-10-03T20:55:29.799+03:00 DEBUG 20256 --- [    Test worker] org.apache.http.wire                     : http-outgoing-3 >> "{"column":"1","row":"1"}"
?[0;34m2023-10-03T20:55:29.800+03:00 DEBUG 20256 --- [io-28852-exec-6] o.a.coyote.http11.Http11InputBuffer      : Before fill(): parsingHeader: [true], parsingRequestLine: [true], parsingRequestLinePhase: [0], parsingRequestLineStart: [0], byteBuffer.position(): [0], byteBuffer.limit(): [0], end: [209]
?[0m?[0;34m2023-10-03T20:55:29.800+03:00 DEBUG 20256 --- [io-28852-exec-6] o.a.tomcat.util.net.SocketWrapperBase    : Socket: [org.apache.tomcat.util.net.NioEndpoint$NioSocketWrapper@4a30756b:org.apache.tomcat.util.net.NioChannel@44f7925d:java.nio.channels.SocketChannel[connected local=localhost/127.0.0.1:28852 remote=/127.0.0.1:60453]], Read from buffer: [0]
?[0m?[0;34m2023-10-03T20:55:29.800+03:00 DEBUG 20256 --- [io-28852-exec-6] org.apache.tomcat.util.net.NioEndpoint   : Socket: [org.apache.tomcat.util.net.NioEndpoint$NioSocketWrapper@4a30756b:org.apache.tomcat.util.net.NioChannel@44f7925d:java.nio.channels.SocketChannel[connected local=localhost/127.0.0.1:28852 remote=/127.0.0.1:60453]], Read direct from socket: [233]
?[0m?[0;34m2023-10-03T20:55:29.800+03:00 DEBUG 20256 --- [io-28852-exec-6] o.a.coyote.http11.Http11InputBuffer      : Received [POST /purchase HTTP/1.1
?[0m?[0;34mContent-Type: application/json
?[0m?[0;34mContent-Length: 24
?[0m?[0;34mHost: localhost:28852
?[0m?[0;34mConnection: Keep-Alive
?[0m?[0;34mUser-Agent: Apache-HttpClient/4.5.14 (Java/17.0.7)
?[0m?[0;34mAccept-Encoding: gzip,deflate
?[0m?[0;34m
?[0m?[0;34m{"column":"1","row":"1"}]
?[0m?[0;34m2023-10-03T20:55:29.800+03:00 DEBUG 20256 --- [io-28852-exec-6] o.a.c.authenticator.AuthenticatorBase    : Security checking request POST /purchase
?[0m?[0;34m2023-10-03T20:55:29.800+03:00 DEBUG 20256 --- [io-28852-exec-6] org.apache.catalina.realm.RealmBase      :   No applicable constraints defined
?[0m?[0;34m2023-10-03T20:55:29.801+03:00 DEBUG 20256 --- [io-28852-exec-6] o.a.c.authenticator.AuthenticatorBase    : Not subject to any constraint
?[0m?[0;34m2023-10-03T20:55:29.801+03:00 DEBUG 20256 --- [io-28852-exec-6] org.apache.tomcat.util.http.Parameters   : Set encoding to UTF-8
?[0m?[0;34m2023-10-03T20:55:29.801+03:00 DEBUG 20256 --- [io-28852-exec-6] o.s.web.servlet.DispatcherServlet        : POST "/purchase", parameters={}
?[0m?[0;34m2023-10-03T20:55:29.802+03:00 DEBUG 20256 --- [io-28852-exec-6] s.w.s.m.m.a.RequestMappingHandlerMapping : Mapped to cinema.controllers.CinemaController#purchaseSeat(SeatPurchaseRequest)
?[0m?[0;34m2023-10-03T20:55:29.802+03:00 DEBUG 20256 --- [io-28852-exec-6] m.m.a.RequestResponseBodyMethodProcessor : Read "application/json;charset=UTF-8" to [cinema.controllers.requests.SeatPurchaseRequest@4c182e99]
?[0m?[0;34m2023-10-03T20:55:29.804+03:00 DEBUG 20256 --- [io-28852-exec-6] .m.m.a.ExceptionHandlerExceptionResolver : Using @ExceptionHandler cinema.controllers.exceptions.handlers.CustomExceptionHandler#handleSeatPurchasedExceptions(SeatPurchasedException)
?[0m?[0;34m2023-10-03T20:55:29.805+03:00 DEBUG 20256 --- [io-28852-exec-6] o.s.w.s.m.m.a.HttpEntityMethodProcessor  : Using 'application/json', given [*/*] and supported [application/json, application/*+json]
?[0m?[0;34m2023-10-03T20:55:29.805+03:00 DEBUG 20256 --- [io-28852-exec-6] o.s.w.s.m.m.a.HttpEntityMethodProcessor  : Writing [cinema.controllers.exceptions.handlers.CustomExceptionHandler$ErrorResponse@611934f0]
?[0m?[0;34m2023-10-03T20:55:29.806+03:00 DEBUG 20256 --- [    Test worker] org.apache.http.wire                     : http-outgoing-3 << "HTTP/1.1 400 [\r][\n]"
?[0m?[0;34m2023-10-03T20:55:29.806+03:00 DEBUG 20256 --- [    Test worker] org.apache.http.wire                     : http-outgoing-3 << "Content-Type: application/json[\r][\n]"
?[0m?[0;34m2023-10-03T20:55:29.806+03:00 DEBUG 20256 --- [    Test worker] org.apache.http.wire                     : http-outgoing-3 << "Transfer-Encoding: chunked[\r][\n]"
?[0m?[0;34m2023-10-03T20:55:29.806+03:00 DEBUG 20256 --- [    Test worker] org.apache.http.wire                     : http-outgoing-3 << "Date: Tue, 03 Oct 2023 17:55:29 GMT[\r][\n]"
?[0m?[0;34m2023-10-03T20:55:29.806+03:00 DEBUG 20256 --- [    Test worker] org.apache.http.wire                     : http-outgoing-3 << "Connection: close[\r][\n]"
?[0m?[0;34m2023-10-03T20:55:29.806+03:00 DEBUG 20256 --- [    Test worker] org.apache.http.wire                     : http-outgoing-3 << "[\r][\n]"
?[0m?[0;34m2023-10-03T20:55:29.806+03:00 DEBUG 20256 --- [    Test worker] org.apache.http.wire                     : http-outgoing-3 << "7f[\r][\n]"
?[0m?[0;34m2023-10-03T20:55:29.806+03:00 DEBUG 20256 --- [    Test worker] org.apache.http.wire                     : http-outgoing-3 << "{"timestamp":"2023-10-03T17:55:29.804454300Z","status":400,"error":"The ticket has been already purchased!","path":"/purchase"}[\r][\n]"
?[0m?[0;34m2023-10-03T20:55:29.806+03:00 DEBUG 20256 --- [    Test worker] org.apache.http.headers                  : http-outgoing-3 << HTTP/1.1 400 
?[0m?[0;34m2023-10-03T20:55:29.806+03:00 DEBUG 20256 --- [    Test worker] org.apache.http.headers                  : http-outgoing-3 << Content-Type: application/json
?[0m?[0;34m2023-10-03T20:55:29.806+03:00 DEBUG 20256 --- [    Test worker] org.apache.http.headers                  : http-outgoing-3 << Transfer-Encoding: chunked
?[0m?[0;34m2023-10-03T20:55:29.806+03:00 DEBUG 20256 --- [    Test worker] org.apache.http.headers                  : http-outgoing-3 << Date: Tue, 03 Oct 2023 17:55:29 GMT
?[0m?[0;34m2023-10-03T20:55:29.806+03:00 DEBUG 20256 --- [    Test worker] org.apache.http.headers                  : http-outgoing-3 << Connection: close
?[0m?[0;34m2023-10-03T20:55:29.806+03:00 DEBUG 20256 --- [io-28852-exec-6] .m.m.a.ExceptionHandlerExceptionResolver : Resolved [cinema.controllers.exceptions.SeatPurchasedException]
?[0m?[0;34m2023-10-03T20:55:29.806+03:00 DEBUG 20256 --- [io-28852-exec-6] o.s.web.servlet.DispatcherServlet        : Completed 400 BAD_REQUEST
?[0m?[0;34m2023-10-03T20:55:29.807+03:00 DEBUG 20256 --- [    Test worker] org.apache.http.wire                     : http-outgoing-3 << "0[\r][\n]"
?[0m?[0;34m2023-10-03T20:55:29.807+03:00 DEBUG 20256 --- [    Test worker] org.apache.http.wire                     : http-outgoing-3 << "[\r][\n]"
?[0m?[0;34m2023-10-03T20:55:29.807+03:00 DEBUG 20256 --- [    Test worker] h.i.c.DefaultManagedHttpClientConnection : http-outgoing-3: Close connection
?[0m?[0;34m2023-10-03T20:55:29.807+03:00 DEBUG 20256 --- [    Test worker] o.a.http.impl.execchain.MainClientExec   : Connection discarded
?[0m?[0;34m2023-10-03T20:55:29.807+03:00 DEBUG 20256 --- [io-28852-exec-6] o.apache.coyote.http11.Http11Processor   : Socket: [org.apache.tomcat.util.net.NioEndpoint$NioSocketWrapper@4a30756b:org.apache.tomcat.util.net.NioChannel@44f7925d:java.nio.channels.SocketChannel[connected local=localhost/127.0.0.1:28852 remote=/127.0.0.1:60453]], Status in: [OPEN_READ], State out: [CLOSED]
?[0m?[0;34m2023-10-03T20:55:29.807+03:00 DEBUG 20256 --- [    Test worker] h.i.c.PoolingHttpClientConnectionManager : Connection released: [id: 3][route: {}->http://localhost:28852][total available: 0; route allocated: 0 of 2; total allocated: 0 of 20]
?[0m?[0;34m2023-10-03T20:55:29.807+03:00 DEBUG 20256 --- [    Test worker] o.a.http.impl.execchain.MainClientExec   : Cancelling request execution
?[0m?[0;34m2023-10-03T20:55:29.807+03:00 DEBUG 20256 --- [io-28852-exec-6] o.apache.tomcat.util.threads.LimitLatch  : Counting down[http-nio-28852-exec-6] latch=2
?[0m?[0;34m2023-10-03T20:55:29.807+03:00 DEBUG 20256 --- [io-28852-exec-6] org.apache.tomcat.util.net.NioEndpoint   : Calling [org.apache.tomcat.util.net.NioEndpoint@1c0cdae5].closeSocket([org.apache.tomcat.util.net.NioEndpoint$NioSocketWrapper@4a30756b:org.apache.tomcat.util.net.NioChannel@44f7925d:java.nio.channels.SocketChannel[connected local=localhost/127.0.0.1:28852 remote=/127.0.0.1:60453]])
?[0m?[1;31m
Start test 5?[0m
?[0;34m2023-10-03T20:55:29.811+03:00 DEBUG 20256 --- [    Test worker] o.a.h.client.protocol.RequestAddCookies  : CookieSpec selected: default
?[0m?[0;34m2023-10-03T20:55:29.811+03:00 DEBUG 20256 --- [    Test worker] o.a.h.client.protocol.RequestAuthCache   : Auth cache not set in the context
?[0m?[0;34m2023-10-03T20:55:29.811+03:00 DEBUG 20256 --- [    Test worker] h.i.c.PoolingHttpClientConnectionManager : Connection request: [route: {}->http://localhost:28852][total available: 0; route allocated: 0 of 2; total allocated: 0 of 20]
?[0m?[0;34m2023-10-03T20:55:29.811+03:00 DEBUG 20256 --- [    Test worker] h.i.c.PoolingHttpClientConnectionManager : Connection leased: [id: 4][route: {}->http://localhost:28852][total available: 0; route allocated: 1 of 2; total allocated: 1 of 20]
?[0m?[0;34m2023-10-03T20:55:29.811+03:00 DEBUG 20256 --- [    Test worker] o.a.http.impl.execchain.MainClientExec   : Opening connection {}->http://localhost:28852
?[0m?[0;34m2023-10-03T20:55:29.811+03:00 DEBUG 20256 --- [    Test worker] .i.c.DefaultHttpClientConnectionOperator : Connecting to localhost/127.0.0.1:28852
?[0m?[0;34m2023-10-03T20:55:29.812+03:00 DEBUG 20256 --- [    Test worker] .i.c.DefaultHttpClientConnectionOperator : Connection established 127.0.0.1:60454<->127.0.0.1:28852
?[0m?[0;34m2023-10-03T20:55:29.812+03:00 DEBUG 20256 --- [    Test worker] o.a.http.impl.execchain.MainClientExec   : Executing request POST /purchase HTTP/1.1
?[0m?[0;34m2023-10-03T20:55:29.812+03:00 DEBUG 20256 --- [    Test worker] o.a.http.impl.execchain.MainClientExec   : Target auth state: UNCHALLENGED
?[0m?[0;34m2023-10-03T20:55:29.812+03:00 DEBUG 20256 --- [    Test worker] o.a.http.impl.execchain.MainClientExec   : Proxy auth state: UNCHALLENGED
?[0m?[0;34m2023-10-03T20:55:29.812+03:00 DEBUG 20256 --- [-28852-Acceptor] o.apache.tomcat.util.threads.LimitLatch  : Counting up[http-nio-28852-Acceptor] latch=2
?[0m?[0;34m2023-10-03T20:55:29.812+03:00 DEBUG 20256 --- [    Test worker] org.apache.http.headers                  : http-outgoing-4 >> POST /purchase HTTP/1.1
?[0m?[0;34m2023-10-03T20:55:29.812+03:00 DEBUG 20256 --- [    Test worker] org.apache.http.headers                  : http-outgoing-4 >> Content-Type: application/json
?[0m?[0;34m2023-10-03T20:55:29.812+03:00 DEBUG 20256 --- [    Test worker] org.apache.http.headers                  : http-outgoing-4 >> Content-Length: 25
?[0m?[0;34m2023-10-03T20:55:29.812+03:00 DEBUG 20256 --- [    Test worker] org.apache.http.headers                  : http-outgoing-4 >> Host: localhost:28852
?[0m?[0;34m2023-10-03T20:55:29.812+03:00 DEBUG 20256 --- [    Test worker] org.apache.http.headers                  : http-outgoing-4 >> Connection: Keep-Alive
?[0m?[0;34m2023-10-03T20:55:29.812+03:00 DEBUG 20256 --- [    Test worker] org.apache.http.headers                  : http-outgoing-4 >> User-Agent: Apache-HttpClient/4.5.14 (Java/17.0.7)
?[0m?[0;34m2023-10-03T20:55:29.812+03:00 DEBUG 20256 --- [    Test worker] org.apache.http.headers                  : http-outgoing-4 >> Accept-Encoding: gzip,deflate
?[0m?[0;34m2023-10-03T20:55:29.812+03:00 DEBUG 20256 --- [    Test worker] org.apache.http.wire                     : http-outgoing-4 >> "POST /purchase HTTP/1.1[\r][\n]"
?[0m?[0;34m2023-10-03T20:55:29.812+03:00 DEBUG 20256 --- [    Test worker] org.apache.http.wire                     : http-outgoing-4 >> "Content-Type: application/json[\r][\n]"
?[0m?[0;34m2023-10-03T20:55:29.812+03:00 DEBUG 20256 --- [    Test worker] org.apache.http.wire                     : http-outgoing-4 >> "Content-Length: 25[\r][\n]"
?[0m?[0;34m2023-10-03T20:55:29.812+03:00 DEBUG 20256 --- [    Test worker] org.apache.http.wire                     : http-outgoing-4 >> "Host: localhost:28852[\r][\n]"
?[0m?[0;34m2023-10-03T20:55:29.812+03:00 DEBUG 20256 --- [    Test worker] org.apache.http.wire                     : http-outgoing-4 >> "Connection: Keep-Alive[\r][\n]"
?[0m?[0;34m2023-10-03T20:55:29.812+03:00 DEBUG 20256 --- [    Test worker] org.apache.http.wire                     : http-outgoing-4 >> "User-Agent: Apache-HttpClient/4.5.14 (Java/17.0.7)[\r][\n]"
?[0m?[0;34m2023-10-03T20:55:29.812+03:00 DEBUG 20256 --- [    Test worker] org.apache.http.wire                     : http-outgoing-4 >> "Accept-Encoding: gzip,deflate[\r][\n]"
?[0m?[0;34m2023-10-03T20:55:29.812+03:00 DEBUG 20256 --- [    Test worker] org.apache.http.wire                     : http-outgoing-4 >> "[\r][\n]"
?[0m?[0;34m2023-10-03T20:55:29.812+03:00 DEBUG 20256 --- [    Test worker] org.apache.http.wire                     : http-outgoing-4 >> "{"column":"1","row":"10"}"
?[0;34m2023-10-03T20:55:29.812+03:00 DEBUG 20256 --- [io-28852-exec-7] o.a.coyote.http11.Http11InputBuffer      : Before fill(): parsingHeader: [true], parsingRequestLine: [true], parsingRequestLinePhase: [0], parsingRequestLineStart: [0], byteBuffer.position(): [0], byteBuffer.limit(): [0], end: [209]
?[0m?[0;34m2023-10-03T20:55:29.813+03:00 DEBUG 20256 --- [io-28852-exec-7] o.a.tomcat.util.net.SocketWrapperBase    : Socket: [org.apache.tomcat.util.net.NioEndpoint$NioSocketWrapper@6bea78c0:org.apache.tomcat.util.net.NioChannel@652d9bcd:java.nio.channels.SocketChannel[connected local=localhost/127.0.0.1:28852 remote=/127.0.0.1:60454]], Read from buffer: [0]
?[0m?[0;34m2023-10-03T20:55:29.813+03:00 DEBUG 20256 --- [io-28852-exec-7] org.apache.tomcat.util.net.NioEndpoint   : Socket: [org.apache.tomcat.util.net.NioEndpoint$NioSocketWrapper@6bea78c0:org.apache.tomcat.util.net.NioChannel@652d9bcd:java.nio.channels.SocketChannel[connected local=localhost/127.0.0.1:28852 remote=/127.0.0.1:60454]], Read direct from socket: [234]
?[0m?[0;34m2023-10-03T20:55:29.813+03:00 DEBUG 20256 --- [io-28852-exec-7] o.a.coyote.http11.Http11InputBuffer      : Received [POST /purchase HTTP/1.1
?[0m?[0;34mContent-Type: application/json
?[0m?[0;34mContent-Length: 25
?[0m?[0;34mHost: localhost:28852
?[0m?[0;34mConnection: Keep-Alive
?[0m?[0;34mUser-Agent: Apache-HttpClient/4.5.14 (Java/17.0.7)
?[0m?[0;34mAccept-Encoding: gzip,deflate
?[0m?[0;34m
?[0m?[0;34m{"column":"1","row":"10"}]
?[0m?[0;34m2023-10-03T20:55:29.813+03:00 DEBUG 20256 --- [io-28852-exec-7] o.a.c.authenticator.AuthenticatorBase    : Security checking request POST /purchase
?[0m?[0;34m2023-10-03T20:55:29.813+03:00 DEBUG 20256 --- [io-28852-exec-7] org.apache.catalina.realm.RealmBase      :   No applicable constraints defined
?[0m?[0;34m2023-10-03T20:55:29.813+03:00 DEBUG 20256 --- [io-28852-exec-7] o.a.c.authenticator.AuthenticatorBase    : Not subject to any constraint
?[0m?[0;34m2023-10-03T20:55:29.814+03:00 DEBUG 20256 --- [io-28852-exec-7] org.apache.tomcat.util.http.Parameters   : Set encoding to UTF-8
?[0m?[0;34m2023-10-03T20:55:29.814+03:00 DEBUG 20256 --- [io-28852-exec-7] o.s.web.servlet.DispatcherServlet        : POST "/purchase", parameters={}
?[0m?[0;34m2023-10-03T20:55:29.814+03:00 DEBUG 20256 --- [io-28852-exec-7] s.w.s.m.m.a.RequestMappingHandlerMapping : Mapped to cinema.controllers.CinemaController#purchaseSeat(SeatPurchaseRequest)
?[0m?[0;34m2023-10-03T20:55:29.814+03:00 DEBUG 20256 --- [io-28852-exec-7] m.m.a.RequestResponseBodyMethodProcessor : Read "application/json;charset=UTF-8" to [cinema.controllers.requests.SeatPurchaseRequest@611213b0]
?[0m?[0;34m2023-10-03T20:55:29.815+03:00 DEBUG 20256 --- [io-28852-exec-7] .m.m.a.ExceptionHandlerExceptionResolver : Using @ExceptionHandler cinema.controllers.exceptions.handlers.CustomExceptionHandler#handleSeatNotExistsException(SeatNotExistsException)
?[0m?[0;34m2023-10-03T20:55:29.815+03:00 DEBUG 20256 --- [io-28852-exec-7] o.s.w.s.m.m.a.HttpEntityMethodProcessor  : Using 'application/json', given [*/*] and supported [application/json, application/*+json]
?[0m?[0;34m2023-10-03T20:55:29.815+03:00 DEBUG 20256 --- [io-28852-exec-7] o.s.w.s.m.m.a.HttpEntityMethodProcessor  : Writing [cinema.controllers.exceptions.handlers.CustomExceptionHandler$ErrorResponse@241091f6]
?[0m?[0;34m2023-10-03T20:55:29.815+03:00 DEBUG 20256 --- [    Test worker] org.apache.http.wire                     : http-outgoing-4 << "HTTP/1.1 400 [\r][\n]"
?[0m?[0;34m2023-10-03T20:55:29.815+03:00 DEBUG 20256 --- [    Test worker] org.apache.http.wire                     : http-outgoing-4 << "Content-Type: application/json[\r][\n]"
?[0m?[0;34m2023-10-03T20:55:29.815+03:00 DEBUG 20256 --- [io-28852-exec-7] .m.m.a.ExceptionHandlerExceptionResolver : Resolved [cinema.controllers.exceptions.SeatNotExistsException]
?[0m?[0;34m2023-10-03T20:55:29.816+03:00 DEBUG 20256 --- [    Test worker] org.apache.http.wire                     : http-outgoing-4 << "Transfer-Encoding: chunked[\r][\n]"
?[0m?[0;34m2023-10-03T20:55:29.816+03:00 DEBUG 20256 --- [    Test worker] org.apache.http.wire                     : http-outgoing-4 << "Date: Tue, 03 Oct 2023 17:55:29 GMT[\r][\n]"
?[0m?[0;34m2023-10-03T20:55:29.816+03:00 DEBUG 20256 --- [io-28852-exec-7] o.s.web.servlet.DispatcherServlet        : Completed 400 BAD_REQUEST
?[0m?[0;34m2023-10-03T20:55:29.816+03:00 DEBUG 20256 --- [    Test worker] org.apache.http.wire                     : http-outgoing-4 << "Connection: close[\r][\n]"
?[0m?[0;34m2023-10-03T20:55:29.816+03:00 DEBUG 20256 --- [    Test worker] org.apache.http.wire                     : http-outgoing-4 << "[\r][\n]"
?[0m?[0;34m2023-10-03T20:55:29.816+03:00 DEBUG 20256 --- [    Test worker] org.apache.http.wire                     : http-outgoing-4 << "8a[\r][\n]"
?[0m?[0;34m2023-10-03T20:55:29.816+03:00 DEBUG 20256 --- [    Test worker] org.apache.http.wire                     : http-outgoing-4 << "{"timestamp":"2023-10-03T17:55:29.815463100Z","status":400,"error":"The number of a row or a column is out of bounds!","path":"/purchase"}[\r][\n]"
?[0m?[0;34m2023-10-03T20:55:29.816+03:00 DEBUG 20256 --- [    Test worker] org.apache.http.headers                  : http-outgoing-4 << HTTP/1.1 400 
?[0m?[0;34m2023-10-03T20:55:29.816+03:00 DEBUG 20256 --- [    Test worker] org.apache.http.headers                  : http-outgoing-4 << Content-Type: application/json
?[0m?[0;34m2023-10-03T20:55:29.816+03:00 DEBUG 20256 --- [    Test worker] org.apache.http.headers                  : http-outgoing-4 << Transfer-Encoding: chunked
?[0m?[0;34m2023-10-03T20:55:29.816+03:00 DEBUG 20256 --- [    Test worker] org.apache.http.headers                  : http-outgoing-4 << Date: Tue, 03 Oct 2023 17:55:29 GMT
?[0m?[0;34m2023-10-03T20:55:29.816+03:00 DEBUG 20256 --- [    Test worker] org.apache.http.headers                  : http-outgoing-4 << Connection: close
?[0m?[0;34m2023-10-03T20:55:29.816+03:00 DEBUG 20256 --- [    Test worker] org.apache.http.wire                     : http-outgoing-4 << "0[\r][\n]"
?[0m?[0;34m2023-10-03T20:55:29.816+03:00 DEBUG 20256 --- [    Test worker] org.apache.http.wire                     : http-outgoing-4 << "[\r][\n]"
?[0m?[0;34m2023-10-03T20:55:29.816+03:00 DEBUG 20256 --- [    Test worker] h.i.c.DefaultManagedHttpClientConnection : http-outgoing-4: Close connection
?[0m?[0;34m2023-10-03T20:55:29.816+03:00 DEBUG 20256 --- [io-28852-exec-7] o.apache.coyote.http11.Http11Processor   : Socket: [org.apache.tomcat.util.net.NioEndpoint$NioSocketWrapper@6bea78c0:org.apache.tomcat.util.net.NioChannel@652d9bcd:java.nio.channels.SocketChannel[connected local=localhost/127.0.0.1:28852 remote=/127.0.0.1:60454]], Status in: [OPEN_READ], State out: [CLOSED]
?[0m?[0;34m2023-10-03T20:55:29.816+03:00 DEBUG 20256 --- [    Test worker] o.a.http.impl.execchain.MainClientExec   : Connection discarded
?[0m?[0;34m2023-10-03T20:55:29.816+03:00 DEBUG 20256 --- [io-28852-exec-7] o.apache.tomcat.util.threads.LimitLatch  : Counting down[http-nio-28852-exec-7] latch=2
?[0m?[0;34m2023-10-03T20:55:29.816+03:00 DEBUG 20256 --- [    Test worker] h.i.c.PoolingHttpClientConnectionManager : Connection released: [id: 4][route: {}->http://localhost:28852][total available: 0; route allocated: 0 of 2; total allocated: 0 of 20]
?[0m?[0;34m2023-10-03T20:55:29.816+03:00 DEBUG 20256 --- [io-28852-exec-7] org.apache.tomcat.util.net.NioEndpoint   : Calling [org.apache.tomcat.util.net.NioEndpoint@1c0cdae5].closeSocket([org.apache.tomcat.util.net.NioEndpoint$NioSocketWrapper@6bea78c0:org.apache.tomcat.util.net.NioChannel@652d9bcd:java.nio.channels.SocketChannel[connected local=localhost/127.0.0.1:28852 remote=/127.0.0.1:60454]])
?[0m?[0;34m2023-10-03T20:55:29.816+03:00 DEBUG 20256 --- [    Test worker] o.a.http.impl.execchain.MainClientExec   : Cancelling request execution
?[0m?[0;34m2023-10-03T20:55:29.818+03:00 DEBUG 20256 --- [    Test worker] o.a.h.client.protocol.RequestAddCookies  : CookieSpec selected: default
?[0m?[0;34m2023-10-03T20:55:29.819+03:00 DEBUG 20256 --- [    Test worker] o.a.h.client.protocol.RequestAuthCache   : Auth cache not set in the context
?[0m?[0;34m2023-10-03T20:55:29.819+03:00 DEBUG 20256 --- [    Test worker] h.i.c.PoolingHttpClientConnectionManager : Connection request: [route: {}->http://localhost:28852][total available: 0; route allocated: 0 of 2; total allocated: 0 of 20]
?[0m?[0;34m2023-10-03T20:55:29.819+03:00 DEBUG 20256 --- [    Test worker] h.i.c.PoolingHttpClientConnectionManager : Connection leased: [id: 5][route: {}->http://localhost:28852][total available: 0; route allocated: 1 of 2; total allocated: 1 of 20]
?[0m?[0;34m2023-10-03T20:55:29.819+03:00 DEBUG 20256 --- [    Test worker] o.a.http.impl.execchain.MainClientExec   : Opening connection {}->http://localhost:28852
?[0m?[0;34m2023-10-03T20:55:29.819+03:00 DEBUG 20256 --- [    Test worker] .i.c.DefaultHttpClientConnectionOperator : Connecting to localhost/127.0.0.1:28852
?[0m?[0;34m2023-10-03T20:55:29.819+03:00 DEBUG 20256 --- [    Test worker] .i.c.DefaultHttpClientConnectionOperator : Connection established 127.0.0.1:60455<->127.0.0.1:28852
?[0m?[0;34m2023-10-03T20:55:29.819+03:00 DEBUG 20256 --- [    Test worker] o.a.http.impl.execchain.MainClientExec   : Executing request POST /purchase HTTP/1.1
?[0m?[0;34m2023-10-03T20:55:29.819+03:00 DEBUG 20256 --- [    Test worker] o.a.http.impl.execchain.MainClientExec   : Target auth state: UNCHALLENGED
?[0m?[0;34m2023-10-03T20:55:29.819+03:00 DEBUG 20256 --- [    Test worker] o.a.http.impl.execchain.MainClientExec   : Proxy auth state: UNCHALLENGED
?[0m?[0;34m2023-10-03T20:55:29.819+03:00 DEBUG 20256 --- [-28852-Acceptor] o.apache.tomcat.util.threads.LimitLatch  : Counting up[http-nio-28852-Acceptor] latch=2
?[0m?[0;34m2023-10-03T20:55:29.819+03:00 DEBUG 20256 --- [    Test worker] org.apache.http.headers                  : http-outgoing-5 >> POST /purchase HTTP/1.1
?[0m?[0;34m2023-10-03T20:55:29.819+03:00 DEBUG 20256 --- [    Test worker] org.apache.http.headers                  : http-outgoing-5 >> Content-Type: application/json
?[0m?[0;34m2023-10-03T20:55:29.819+03:00 DEBUG 20256 --- [    Test worker] org.apache.http.headers                  : http-outgoing-5 >> Content-Length: 25
?[0m?[0;34m2023-10-03T20:55:29.819+03:00 DEBUG 20256 --- [    Test worker] org.apache.http.headers                  : http-outgoing-5 >> Host: localhost:28852
?[0m?[0;34m2023-10-03T20:55:29.819+03:00 DEBUG 20256 --- [    Test worker] org.apache.http.headers                  : http-outgoing-5 >> Connection: Keep-Alive
?[0m?[0;34m2023-10-03T20:55:29.819+03:00 DEBUG 20256 --- [    Test worker] org.apache.http.headers                  : http-outgoing-5 >> User-Agent: Apache-HttpClient/4.5.14 (Java/17.0.7)
?[0m?[0;34m2023-10-03T20:55:29.819+03:00 DEBUG 20256 --- [    Test worker] org.apache.http.headers                  : http-outgoing-5 >> Accept-Encoding: gzip,deflate
?[0m?[0;34m2023-10-03T20:55:29.819+03:00 DEBUG 20256 --- [    Test worker] org.apache.http.wire                     : http-outgoing-5 >> "POST /purchase HTTP/1.1[\r][\n]"
?[0m?[0;34m2023-10-03T20:55:29.820+03:00 DEBUG 20256 --- [    Test worker] org.apache.http.wire                     : http-outgoing-5 >> "Content-Type: application/json[\r][\n]"
?[0m?[0;34m2023-10-03T20:55:29.820+03:00 DEBUG 20256 --- [    Test worker] org.apache.http.wire                     : http-outgoing-5 >> "Content-Length: 25[\r][\n]"
?[0m?[0;34m2023-10-03T20:55:29.820+03:00 DEBUG 20256 --- [    Test worker] org.apache.http.wire                     : http-outgoing-5 >> "Host: localhost:28852[\r][\n]"
?[0m?[0;34m2023-10-03T20:55:29.820+03:00 DEBUG 20256 --- [    Test worker] org.apache.http.wire                     : http-outgoing-5 >> "Connection: Keep-Alive[\r][\n]"
?[0m?[0;34m2023-10-03T20:55:29.820+03:00 DEBUG 20256 --- [    Test worker] org.apache.http.wire                     : http-outgoing-5 >> "User-Agent: Apache-HttpClient/4.5.14 (Java/17.0.7)[\r][\n]"
?[0m?[0;34m2023-10-03T20:55:29.820+03:00 DEBUG 20256 --- [    Test worker] org.apache.http.wire                     : http-outgoing-5 >> "Accept-Encoding: gzip,deflate[\r][\n]"
?[0m?[0;34m2023-10-03T20:55:29.820+03:00 DEBUG 20256 --- [    Test worker] org.apache.http.wire                     : http-outgoing-5 >> "[\r][\n]"
?[0m?[0;34m2023-10-03T20:55:29.820+03:00 DEBUG 20256 --- [    Test worker] org.apache.http.wire                     : http-outgoing-5 >> "{"column":"10","row":"1"}"
?[0;34m2023-10-03T20:55:29.820+03:00 DEBUG 20256 --- [io-28852-exec-8] o.a.coyote.http11.Http11InputBuffer      : Before fill(): parsingHeader: [true], parsingRequestLine: [true], parsingRequestLinePhase: [0], parsingRequestLineStart: [0], byteBuffer.position(): [0], byteBuffer.limit(): [0], end: [209]
?[0m?[0;34m2023-10-03T20:55:29.820+03:00 DEBUG 20256 --- [io-28852-exec-8] o.a.tomcat.util.net.SocketWrapperBase    : Socket: [org.apache.tomcat.util.net.NioEndpoint$NioSocketWrapper@742a3f72:org.apache.tomcat.util.net.NioChannel@7aedcf87:java.nio.channels.SocketChannel[connected local=localhost/127.0.0.1:28852 remote=/127.0.0.1:60455]], Read from buffer: [0]
?[0m?[0;34m2023-10-03T20:55:29.820+03:00 DEBUG 20256 --- [io-28852-exec-8] org.apache.tomcat.util.net.NioEndpoint   : Socket: [org.apache.tomcat.util.net.NioEndpoint$NioSocketWrapper@742a3f72:org.apache.tomcat.util.net.NioChannel@7aedcf87:java.nio.channels.SocketChannel[connected local=localhost/127.0.0.1:28852 remote=/127.0.0.1:60455]], Read direct from socket: [234]
?[0m?[0;34m2023-10-03T20:55:29.820+03:00 DEBUG 20256 --- [io-28852-exec-8] o.a.coyote.http11.Http11InputBuffer      : Received [POST /purchase HTTP/1.1
?[0m?[0;34mContent-Type: application/json
?[0m?[0;34mContent-Length: 25
?[0m?[0;34mHost: localhost:28852
?[0m?[0;34mConnection: Keep-Alive
?[0m?[0;34mUser-Agent: Apache-HttpClient/4.5.14 (Java/17.0.7)
?[0m?[0;34mAccept-Encoding: gzip,deflate
?[0m?[0;34m
?[0m?[0;34m{"column":"10","row":"1"}]
?[0m?[0;34m2023-10-03T20:55:29.820+03:00 DEBUG 20256 --- [io-28852-exec-8] o.a.c.authenticator.AuthenticatorBase    : Security checking request POST /purchase
?[0m?[0;34m2023-10-03T20:55:29.821+03:00 DEBUG 20256 --- [io-28852-exec-8] org.apache.catalina.realm.RealmBase      :   No applicable constraints defined
?[0m?[0;34m2023-10-03T20:55:29.821+03:00 DEBUG 20256 --- [io-28852-exec-8] o.a.c.authenticator.AuthenticatorBase    : Not subject to any constraint
?[0m?[0;34m2023-10-03T20:55:29.821+03:00 DEBUG 20256 --- [io-28852-exec-8] org.apache.tomcat.util.http.Parameters   : Set encoding to UTF-8
?[0m?[0;34m2023-10-03T20:55:29.821+03:00 DEBUG 20256 --- [io-28852-exec-8] o.s.web.servlet.DispatcherServlet        : POST "/purchase", parameters={}
?[0m?[0;34m2023-10-03T20:55:29.821+03:00 DEBUG 20256 --- [io-28852-exec-8] s.w.s.m.m.a.RequestMappingHandlerMapping : Mapped to cinema.controllers.CinemaController#purchaseSeat(SeatPurchaseRequest)
?[0m?[0;34m2023-10-03T20:55:29.822+03:00 DEBUG 20256 --- [io-28852-exec-8] m.m.a.RequestResponseBodyMethodProcessor : Read "application/json;charset=UTF-8" to [cinema.controllers.requests.SeatPurchaseRequest@7ed25402]
?[0m?[0;34m2023-10-03T20:55:29.822+03:00 DEBUG 20256 --- [io-28852-exec-8] .m.m.a.ExceptionHandlerExceptionResolver : Using @ExceptionHandler cinema.controllers.exceptions.handlers.CustomExceptionHandler#handleSeatNotExistsException(SeatNotExistsException)
?[0m?[0;34m2023-10-03T20:55:29.822+03:00 DEBUG 20256 --- [io-28852-exec-8] o.s.w.s.m.m.a.HttpEntityMethodProcessor  : Using 'application/json', given [*/*] and supported [application/json, application/*+json]
?[0m?[0;34m2023-10-03T20:55:29.822+03:00 DEBUG 20256 --- [io-28852-exec-8] o.s.w.s.m.m.a.HttpEntityMethodProcessor  : Writing [cinema.controllers.exceptions.handlers.CustomExceptionHandler$ErrorResponse@3bd0c5bc]
?[0m?[0;34m2023-10-03T20:55:29.823+03:00 DEBUG 20256 --- [    Test worker] org.apache.http.wire                     : http-outgoing-5 << "HTTP/1.1 400 [\r][\n]"
?[0m?[0;34m2023-10-03T20:55:29.823+03:00 DEBUG 20256 --- [    Test worker] org.apache.http.wire                     : http-outgoing-5 << "Content-Type: application/json[\r][\n]"
?[0m?[0;34m2023-10-03T20:55:29.823+03:00 DEBUG 20256 --- [io-28852-exec-8] .m.m.a.ExceptionHandlerExceptionResolver : Resolved [cinema.controllers.exceptions.SeatNotExistsException]
?[0m?[0;34m2023-10-03T20:55:29.823+03:00 DEBUG 20256 --- [    Test worker] org.apache.http.wire                     : http-outgoing-5 << "Transfer-Encoding: chunked[\r][\n]"
?[0m?[0;34m2023-10-03T20:55:29.823+03:00 DEBUG 20256 --- [    Test worker] org.apache.http.wire                     : http-outgoing-5 << "Date: Tue, 03 Oct 2023 17:55:29 GMT[\r][\n]"
?[0m?[0;34m2023-10-03T20:55:29.823+03:00 DEBUG 20256 --- [    Test worker] org.apache.http.wire                     : http-outgoing-5 << "Connection: close[\r][\n]"
?[0m?[0;34m2023-10-03T20:55:29.823+03:00 DEBUG 20256 --- [io-28852-exec-8] o.s.web.servlet.DispatcherServlet        : Completed 400 BAD_REQUEST
?[0m?[0;34m2023-10-03T20:55:29.823+03:00 DEBUG 20256 --- [    Test worker] org.apache.http.wire                     : http-outgoing-5 << "[\r][\n]"
?[0m?[0;34m2023-10-03T20:55:29.823+03:00 DEBUG 20256 --- [    Test worker] org.apache.http.wire                     : http-outgoing-5 << "8a[\r][\n]"
?[0m?[0;34m2023-10-03T20:55:29.823+03:00 DEBUG 20256 --- [    Test worker] org.apache.http.wire                     : http-outgoing-5 << "{"timestamp":"2023-10-03T17:55:29.822457600Z","status":400,"error":"The number of a row or a column is out of bounds!","path":"/purchase"}[\r][\n]"
?[0m?[0;34m2023-10-03T20:55:29.823+03:00 DEBUG 20256 --- [    Test worker] org.apache.http.headers                  : http-outgoing-5 << HTTP/1.1 400 
?[0m?[0;34m2023-10-03T20:55:29.823+03:00 DEBUG 20256 --- [    Test worker] org.apache.http.headers                  : http-outgoing-5 << Content-Type: application/json
?[0m?[0;34m2023-10-03T20:55:29.823+03:00 DEBUG 20256 --- [    Test worker] org.apache.http.headers                  : http-outgoing-5 << Transfer-Encoding: chunked
?[0m?[0;34m2023-10-03T20:55:29.823+03:00 DEBUG 20256 --- [    Test worker] org.apache.http.headers                  : http-outgoing-5 << Date: Tue, 03 Oct 2023 17:55:29 GMT
?[0m?[0;34m2023-10-03T20:55:29.823+03:00 DEBUG 20256 --- [    Test worker] org.apache.http.headers                  : http-outgoing-5 << Connection: close
?[0m?[0;34m2023-10-03T20:55:29.823+03:00 DEBUG 20256 --- [    Test worker] org.apache.http.wire                     : http-outgoing-5 << "0[\r][\n]"
?[0m?[0;34m2023-10-03T20:55:29.823+03:00 DEBUG 20256 --- [    Test worker] org.apache.http.wire                     : http-outgoing-5 << "[\r][\n]"
?[0m?[0;34m2023-10-03T20:55:29.823+03:00 DEBUG 20256 --- [io-28852-exec-8] o.apache.coyote.http11.Http11Processor   : Socket: [org.apache.tomcat.util.net.NioEndpoint$NioSocketWrapper@742a3f72:org.apache.tomcat.util.net.NioChannel@7aedcf87:java.nio.channels.SocketChannel[connected local=localhost/127.0.0.1:28852 remote=/127.0.0.1:60455]], Status in: [OPEN_READ], State out: [CLOSED]
?[0m?[0;34m2023-10-03T20:55:29.823+03:00 DEBUG 20256 --- [    Test worker] h.i.c.DefaultManagedHttpClientConnection : http-outgoing-5: Close connection
?[0m?[0;34m2023-10-03T20:55:29.824+03:00 DEBUG 20256 --- [io-28852-exec-8] o.apache.tomcat.util.threads.LimitLatch  : Counting down[http-nio-28852-exec-8] latch=2
?[0m?[0;34m2023-10-03T20:55:29.824+03:00 DEBUG 20256 --- [    Test worker] o.a.http.impl.execchain.MainClientExec   : Connection discarded
?[0m?[0;34m2023-10-03T20:55:29.824+03:00 DEBUG 20256 --- [    Test worker] h.i.c.PoolingHttpClientConnectionManager : Connection released: [id: 5][route: {}->http://localhost:28852][total available: 0; route allocated: 0 of 2; total allocated: 0 of 20]
?[0m?[0;34m2023-10-03T20:55:29.824+03:00 DEBUG 20256 --- [io-28852-exec-8] org.apache.tomcat.util.net.NioEndpoint   : Calling [org.apache.tomcat.util.net.NioEndpoint@1c0cdae5].closeSocket([org.apache.tomcat.util.net.NioEndpoint$NioSocketWrapper@742a3f72:org.apache.tomcat.util.net.NioChannel@7aedcf87:java.nio.channels.SocketChannel[connected local=localhost/127.0.0.1:28852 remote=/127.0.0.1:60455]])
?[0m?[0;34m2023-10-03T20:55:29.824+03:00 DEBUG 20256 --- [    Test worker] o.a.http.impl.execchain.MainClientExec   : Cancelling request execution
?[0m?[0;34m2023-10-03T20:55:29.827+03:00 DEBUG 20256 --- [    Test worker] o.a.h.client.protocol.RequestAddCookies  : CookieSpec selected: default
?[0m?[0;34m2023-10-03T20:55:29.827+03:00 DEBUG 20256 --- [    Test worker] o.a.h.client.protocol.RequestAuthCache   : Auth cache not set in the context
?[0m?[0;34m2023-10-03T20:55:29.827+03:00 DEBUG 20256 --- [    Test worker] h.i.c.PoolingHttpClientConnectionManager : Connection request: [route: {}->http://localhost:28852][total available: 0; route allocated: 0 of 2; total allocated: 0 of 20]
?[0m?[0;34m2023-10-03T20:55:29.827+03:00 DEBUG 20256 --- [    Test worker] h.i.c.PoolingHttpClientConnectionManager : Connection leased: [id: 6][route: {}->http://localhost:28852][total available: 0; route allocated: 1 of 2; total allocated: 1 of 20]
?[0m?[0;34m2023-10-03T20:55:29.827+03:00 DEBUG 20256 --- [    Test worker] o.a.http.impl.execchain.MainClientExec   : Opening connection {}->http://localhost:28852
?[0m?[0;34m2023-10-03T20:55:29.827+03:00 DEBUG 20256 --- [    Test worker] .i.c.DefaultHttpClientConnectionOperator : Connecting to localhost/127.0.0.1:28852
?[0m?[0;34m2023-10-03T20:55:29.828+03:00 DEBUG 20256 --- [    Test worker] .i.c.DefaultHttpClientConnectionOperator : Connection established 127.0.0.1:60456<->127.0.0.1:28852
?[0m?[0;34m2023-10-03T20:55:29.829+03:00 DEBUG 20256 --- [    Test worker] o.a.http.impl.execchain.MainClientExec   : Executing request POST /purchase HTTP/1.1
?[0m?[0;34m2023-10-03T20:55:29.829+03:00 DEBUG 20256 --- [    Test worker] o.a.http.impl.execchain.MainClientExec   : Target auth state: UNCHALLENGED
?[0m?[0;34m2023-10-03T20:55:29.829+03:00 DEBUG 20256 --- [-28852-Acceptor] o.apache.tomcat.util.threads.LimitLatch  : Counting up[http-nio-28852-Acceptor] latch=2
?[0m?[0;34m2023-10-03T20:55:29.829+03:00 DEBUG 20256 --- [    Test worker] o.a.http.impl.execchain.MainClientExec   : Proxy auth state: UNCHALLENGED
?[0m?[0;34m2023-10-03T20:55:29.829+03:00 DEBUG 20256 --- [    Test worker] org.apache.http.headers                  : http-outgoing-6 >> POST /purchase HTTP/1.1
?[0m?[0;34m2023-10-03T20:55:29.829+03:00 DEBUG 20256 --- [    Test worker] org.apache.http.headers                  : http-outgoing-6 >> Content-Type: application/json
?[0m?[0;34m2023-10-03T20:55:29.829+03:00 DEBUG 20256 --- [    Test worker] org.apache.http.headers                  : http-outgoing-6 >> Content-Length: 26
?[0m?[0;34m2023-10-03T20:55:29.829+03:00 DEBUG 20256 --- [    Test worker] org.apache.http.headers                  : http-outgoing-6 >> Host: localhost:28852
?[0m?[0;34m2023-10-03T20:55:29.829+03:00 DEBUG 20256 --- [    Test worker] org.apache.http.headers                  : http-outgoing-6 >> Connection: Keep-Alive
?[0m?[0;34m2023-10-03T20:55:29.829+03:00 DEBUG 20256 --- [    Test worker] org.apache.http.headers                  : http-outgoing-6 >> User-Agent: Apache-HttpClient/4.5.14 (Java/17.0.7)
?[0m?[0;34m2023-10-03T20:55:29.829+03:00 DEBUG 20256 --- [    Test worker] org.apache.http.headers                  : http-outgoing-6 >> Accept-Encoding: gzip,deflate
?[0m?[0;34m2023-10-03T20:55:29.830+03:00 DEBUG 20256 --- [    Test worker] org.apache.http.wire                     : http-outgoing-6 >> "POST /purchase HTTP/1.1[\r][\n]"
?[0m?[0;34m2023-10-03T20:55:29.830+03:00 DEBUG 20256 --- [    Test worker] org.apache.http.wire                     : http-outgoing-6 >> "Content-Type: application/json[\r][\n]"
?[0m?[0;34m2023-10-03T20:55:29.830+03:00 DEBUG 20256 --- [    Test worker] org.apache.http.wire                     : http-outgoing-6 >> "Content-Length: 26[\r][\n]"
?[0m?[0;34m2023-10-03T20:55:29.830+03:00 DEBUG 20256 --- [    Test worker] org.apache.http.wire                     : http-outgoing-6 >> "Host: localhost:28852[\r][\n]"
?[0m?[0;34m2023-10-03T20:55:29.830+03:00 DEBUG 20256 --- [    Test worker] org.apache.http.wire                     : http-outgoing-6 >> "Connection: Keep-Alive[\r][\n]"
?[0m?[0;34m2023-10-03T20:55:29.830+03:00 DEBUG 20256 --- [    Test worker] org.apache.http.wire                     : http-outgoing-6 >> "User-Agent: Apache-HttpClient/4.5.14 (Java/17.0.7)[\r][\n]"
?[0m?[0;34m2023-10-03T20:55:29.830+03:00 DEBUG 20256 --- [    Test worker] org.apache.http.wire                     : http-outgoing-6 >> "Accept-Encoding: gzip,deflate[\r][\n]"
?[0m?[0;34m2023-10-03T20:55:29.830+03:00 DEBUG 20256 --- [    Test worker] org.apache.http.wire                     : http-outgoing-6 >> "[\r][\n]"
?[0m?[0;34m2023-10-03T20:55:29.830+03:00 DEBUG 20256 --- [    Test worker] org.apache.http.wire                     : http-outgoing-6 >> "{"column":"-1","row":"-1"}"
?[0;34m2023-10-03T20:55:29.836+03:00 DEBUG 20256 --- [io-28852-exec-9] o.a.coyote.http11.Http11InputBuffer      : Before fill(): parsingHeader: [true], parsingRequestLine: [true], parsingRequestLinePhase: [0], parsingRequestLineStart: [0], byteBuffer.position(): [0], byteBuffer.limit(): [0], end: [209]
?[0m?[0;34m2023-10-03T20:55:29.836+03:00 DEBUG 20256 --- [io-28852-exec-9] o.a.tomcat.util.net.SocketWrapperBase    : Socket: [org.apache.tomcat.util.net.NioEndpoint$NioSocketWrapper@28d3c17f:org.apache.tomcat.util.net.NioChannel@26142a15:java.nio.channels.SocketChannel[connected local=localhost/127.0.0.1:28852 remote=/127.0.0.1:60456]], Read from buffer: [0]
?[0m?[0;34m2023-10-03T20:55:29.836+03:00 DEBUG 20256 --- [io-28852-exec-9] org.apache.tomcat.util.net.NioEndpoint   : Socket: [org.apache.tomcat.util.net.NioEndpoint$NioSocketWrapper@28d3c17f:org.apache.tomcat.util.net.NioChannel@26142a15:java.nio.channels.SocketChannel[connected local=localhost/127.0.0.1:28852 remote=/127.0.0.1:60456]], Read direct from socket: [235]
?[0m?[0;34m2023-10-03T20:55:29.836+03:00 DEBUG 20256 --- [io-28852-exec-9] o.a.coyote.http11.Http11InputBuffer      : Received [POST /purchase HTTP/1.1
?[0m?[0;34mContent-Type: application/json
?[0m?[0;34mContent-Length: 26
?[0m?[0;34mHost: localhost:28852
?[0m?[0;34mConnection: Keep-Alive
?[0m?[0;34mUser-Agent: Apache-HttpClient/4.5.14 (Java/17.0.7)
?[0m?[0;34mAccept-Encoding: gzip,deflate
?[0m?[0;34m
?[0m?[0;34m{"column":"-1","row":"-1"}]
?[0m?[0;34m2023-10-03T20:55:29.837+03:00 DEBUG 20256 --- [io-28852-exec-9] o.a.c.authenticator.AuthenticatorBase    : Security checking request POST /purchase
?[0m?[0;34m2023-10-03T20:55:29.837+03:00 DEBUG 20256 --- [io-28852-exec-9] org.apache.catalina.realm.RealmBase      :   No applicable constraints defined
?[0m?[0;34m2023-10-03T20:55:29.837+03:00 DEBUG 20256 --- [io-28852-exec-9] o.a.c.authenticator.AuthenticatorBase    : Not subject to any constraint
?[0m?[0;34m2023-10-03T20:55:29.839+03:00 DEBUG 20256 --- [io-28852-exec-9] org.apache.tomcat.util.http.Parameters   : Set encoding to UTF-8
?[0m?[0;34m2023-10-03T20:55:29.839+03:00 DEBUG 20256 --- [io-28852-exec-9] o.s.web.servlet.DispatcherServlet        : POST "/purchase", parameters={}
?[0m?[0;34m2023-10-03T20:55:29.839+03:00 DEBUG 20256 --- [io-28852-exec-9] s.w.s.m.m.a.RequestMappingHandlerMapping : Mapped to cinema.controllers.CinemaController#purchaseSeat(SeatPurchaseRequest)
?[0m?[0;34m2023-10-03T20:55:29.840+03:00 DEBUG 20256 --- [io-28852-exec-9] m.m.a.RequestResponseBodyMethodProcessor : Read "application/json;charset=UTF-8" to [cinema.controllers.requests.SeatPurchaseRequest@222baa0f]
?[0m?[0;34m2023-10-03T20:55:29.842+03:00 DEBUG 20256 --- [io-28852-exec-9] .m.m.a.ExceptionHandlerExceptionResolver : Using @ExceptionHandler cinema.controllers.exceptions.handlers.CustomExceptionHandler#handleSeatNotExistsException(SeatNotExistsException)
?[0m?[0;34m2023-10-03T20:55:29.842+03:00 DEBUG 20256 --- [io-28852-exec-9] o.s.w.s.m.m.a.HttpEntityMethodProcessor  : Using 'application/json', given [*/*] and supported [application/json, application/*+json]
?[0m?[0;34m2023-10-03T20:55:29.843+03:00 DEBUG 20256 --- [io-28852-exec-9] o.s.w.s.m.m.a.HttpEntityMethodProcessor  : Writing [cinema.controllers.exceptions.handlers.CustomExceptionHandler$ErrorResponse@6729202e]
?[0m?[0;34m2023-10-03T20:55:29.843+03:00 DEBUG 20256 --- [    Test worker] org.apache.http.wire                     : http-outgoing-6 << "HTTP/1.1 400 [\r][\n]"
?[0m?[0;34m2023-10-03T20:55:29.843+03:00 DEBUG 20256 --- [io-28852-exec-9] .m.m.a.ExceptionHandlerExceptionResolver : Resolved [cinema.controllers.exceptions.SeatNotExistsException]
?[0m?[0;34m2023-10-03T20:55:29.843+03:00 DEBUG 20256 --- [    Test worker] org.apache.http.wire                     : http-outgoing-6 << "Content-Type: application/json[\r][\n]"
?[0m?[0;34m2023-10-03T20:55:29.843+03:00 DEBUG 20256 --- [    Test worker] org.apache.http.wire                     : http-outgoing-6 << "Transfer-Encoding: chunked[\r][\n]"
?[0m?[0;34m2023-10-03T20:55:29.843+03:00 DEBUG 20256 --- [io-28852-exec-9] o.s.web.servlet.DispatcherServlet        : Completed 400 BAD_REQUEST
?[0m?[0;34m2023-10-03T20:55:29.843+03:00 DEBUG 20256 --- [    Test worker] org.apache.http.wire                     : http-outgoing-6 << "Date: Tue, 03 Oct 2023 17:55:29 GMT[\r][\n]"
?[0m?[0;34m2023-10-03T20:55:29.843+03:00 DEBUG 20256 --- [    Test worker] org.apache.http.wire                     : http-outgoing-6 << "Connection: close[\r][\n]"
?[0m?[0;34m2023-10-03T20:55:29.844+03:00 DEBUG 20256 --- [    Test worker] org.apache.http.wire                     : http-outgoing-6 << "[\r][\n]"
?[0m?[0;34m2023-10-03T20:55:29.844+03:00 DEBUG 20256 --- [    Test worker] org.apache.http.wire                     : http-outgoing-6 << "8a[\r][\n]"
?[0m?[0;34m2023-10-03T20:55:29.844+03:00 DEBUG 20256 --- [    Test worker] org.apache.http.wire                     : http-outgoing-6 << "{"timestamp":"2023-10-03T17:55:29.842468600Z","status":400,"error":"The number of a row or a column is out of bounds!","path":"/purchase"}[\r][\n]"
?[0m?[0;34m2023-10-03T20:55:29.844+03:00 DEBUG 20256 --- [    Test worker] org.apache.http.headers                  : http-outgoing-6 << HTTP/1.1 400 
?[0m?[0;34m2023-10-03T20:55:29.844+03:00 DEBUG 20256 --- [    Test worker] org.apache.http.headers                  : http-outgoing-6 << Content-Type: application/json
?[0m?[0;34m2023-10-03T20:55:29.844+03:00 DEBUG 20256 --- [    Test worker] org.apache.http.headers                  : http-outgoing-6 << Transfer-Encoding: chunked
?[0m?[0;34m2023-10-03T20:55:29.844+03:00 DEBUG 20256 --- [    Test worker] org.apache.http.headers                  : http-outgoing-6 << Date: Tue, 03 Oct 2023 17:55:29 GMT
?[0m?[0;34m2023-10-03T20:55:29.844+03:00 DEBUG 20256 --- [    Test worker] org.apache.http.headers                  : http-outgoing-6 << Connection: close
?[0m?[0;34m2023-10-03T20:55:29.844+03:00 DEBUG 20256 --- [io-28852-exec-9] o.apache.coyote.http11.Http11Processor   : Socket: [org.apache.tomcat.util.net.NioEndpoint$NioSocketWrapper@28d3c17f:org.apache.tomcat.util.net.NioChannel@26142a15:java.nio.channels.SocketChannel[connected local=localhost/127.0.0.1:28852 remote=/127.0.0.1:60456]], Status in: [OPEN_READ], State out: [CLOSED]
?[0m?[0;34m2023-10-03T20:55:29.845+03:00 DEBUG 20256 --- [    Test worker] org.apache.http.wire                     : http-outgoing-6 << "0[\r][\n]"
?[0m?[0;34m2023-10-03T20:55:29.845+03:00 DEBUG 20256 --- [    Test worker] org.apache.http.wire                     : http-outgoing-6 << "[\r][\n]"
?[0m?[0;34m2023-10-03T20:55:29.845+03:00 DEBUG 20256 --- [io-28852-exec-9] o.apache.tomcat.util.threads.LimitLatch  : Counting down[http-nio-28852-exec-9] latch=2
?[0m?[0;34m2023-10-03T20:55:29.845+03:00 DEBUG 20256 --- [    Test worker] h.i.c.DefaultManagedHttpClientConnection : http-outgoing-6: Close connection
?[0m?[0;34m2023-10-03T20:55:29.845+03:00 DEBUG 20256 --- [io-28852-exec-9] org.apache.tomcat.util.net.NioEndpoint   : Calling [org.apache.tomcat.util.net.NioEndpoint@1c0cdae5].closeSocket([org.apache.tomcat.util.net.NioEndpoint$NioSocketWrapper@28d3c17f:org.apache.tomcat.util.net.NioChannel@26142a15:java.nio.channels.SocketChannel[connected local=localhost/127.0.0.1:28852 remote=/127.0.0.1:60456]])
?[0m?[0;34m2023-10-03T20:55:29.845+03:00 DEBUG 20256 --- [    Test worker] o.a.http.impl.execchain.MainClientExec   : Connection discarded
?[0m?[0;34m2023-10-03T20:55:29.845+03:00 DEBUG 20256 --- [    Test worker] h.i.c.PoolingHttpClientConnectionManager : Connection released: [id: 6][route: {}->http://localhost:28852][total available: 0; route allocated: 0 of 2; total allocated: 0 of 20]
?[0m?[0;34m2023-10-03T20:55:29.845+03:00 DEBUG 20256 --- [    Test worker] o.a.http.impl.execchain.MainClientExec   : Cancelling request execution
?[0m?[1;31m
Start test 6?[0m
?[0;34m2023-10-03T20:55:29.849+03:00 DEBUG 20256 --- [    Test worker] o.a.h.client.protocol.RequestAddCookies  : CookieSpec selected: default
?[0m?[0;34m2023-10-03T20:55:29.849+03:00 DEBUG 20256 --- [    Test worker] o.a.h.client.protocol.RequestAuthCache   : Auth cache not set in the context
?[0m?[0;34m2023-10-03T20:55:29.849+03:00 DEBUG 20256 --- [    Test worker] h.i.c.PoolingHttpClientConnectionManager : Connection request: [route: {}->http://localhost:28852][total available: 0; route allocated: 0 of 2; total allocated: 0 of 20]
?[0m?[0;34m2023-10-03T20:55:29.849+03:00 DEBUG 20256 --- [    Test worker] h.i.c.PoolingHttpClientConnectionManager : Connection leased: [id: 7][route: {}->http://localhost:28852][total available: 0; route allocated: 1 of 2; total allocated: 1 of 20]
?[0m?[0;34m2023-10-03T20:55:29.849+03:00 DEBUG 20256 --- [    Test worker] o.a.http.impl.execchain.MainClientExec   : Opening connection {}->http://localhost:28852
?[0m?[0;34m2023-10-03T20:55:29.849+03:00 DEBUG 20256 --- [    Test worker] .i.c.DefaultHttpClientConnectionOperator : Connecting to localhost/127.0.0.1:28852
?[0m?[0;34m2023-10-03T20:55:29.850+03:00 DEBUG 20256 --- [    Test worker] .i.c.DefaultHttpClientConnectionOperator : Connection established 127.0.0.1:60457<->127.0.0.1:28852
?[0m?[0;34m2023-10-03T20:55:29.850+03:00 DEBUG 20256 --- [    Test worker] o.a.http.impl.execchain.MainClientExec   : Executing request POST /purchase HTTP/1.1
?[0m?[0;34m2023-10-03T20:55:29.850+03:00 DEBUG 20256 --- [    Test worker] o.a.http.impl.execchain.MainClientExec   : Target auth state: UNCHALLENGED
?[0m?[0;34m2023-10-03T20:55:29.850+03:00 DEBUG 20256 --- [    Test worker] o.a.http.impl.execchain.MainClientExec   : Proxy auth state: UNCHALLENGED
?[0m?[0;34m2023-10-03T20:55:29.850+03:00 DEBUG 20256 --- [-28852-Acceptor] o.apache.tomcat.util.threads.LimitLatch  : Counting up[http-nio-28852-Acceptor] latch=2
?[0m?[0;34m2023-10-03T20:55:29.851+03:00 DEBUG 20256 --- [    Test worker] org.apache.http.headers                  : http-outgoing-7 >> POST /purchase HTTP/1.1
?[0m?[0;34m2023-10-03T20:55:29.851+03:00 DEBUG 20256 --- [    Test worker] org.apache.http.headers                  : http-outgoing-7 >> Content-Type: application/json
?[0m?[0;34m2023-10-03T20:55:29.851+03:00 DEBUG 20256 --- [    Test worker] org.apache.http.headers                  : http-outgoing-7 >> Content-Length: 20
?[0m?[0;34m2023-10-03T20:55:29.851+03:00 DEBUG 20256 --- [    Test worker] org.apache.http.headers                  : http-outgoing-7 >> Host: localhost:28852
?[0m?[0;34m2023-10-03T20:55:29.851+03:00 DEBUG 20256 --- [    Test worker] org.apache.http.headers                  : http-outgoing-7 >> Connection: Keep-Alive
?[0m?[0;34m2023-10-03T20:55:29.851+03:00 DEBUG 20256 --- [    Test worker] org.apache.http.headers                  : http-outgoing-7 >> User-Agent: Apache-HttpClient/4.5.14 (Java/17.0.7)
?[0m?[0;34m2023-10-03T20:55:29.851+03:00 DEBUG 20256 --- [    Test worker] org.apache.http.headers                  : http-outgoing-7 >> Accept-Encoding: gzip,deflate
?[0m?[0;34m2023-10-03T20:55:29.851+03:00 DEBUG 20256 --- [    Test worker] org.apache.http.wire                     : http-outgoing-7 >> "POST /purchase HTTP/1.1[\r][\n]"
?[0m?[0;34m2023-10-03T20:55:29.851+03:00 DEBUG 20256 --- [    Test worker] org.apache.http.wire                     : http-outgoing-7 >> "Content-Type: application/json[\r][\n]"
?[0m?[0;34m2023-10-03T20:55:29.851+03:00 DEBUG 20256 --- [    Test worker] org.apache.http.wire                     : http-outgoing-7 >> "Content-Length: 20[\r][\n]"
?[0m?[0;34m2023-10-03T20:55:29.851+03:00 DEBUG 20256 --- [    Test worker] org.apache.http.wire                     : http-outgoing-7 >> "Host: localhost:28852[\r][\n]"
?[0m?[0;34m2023-10-03T20:55:29.851+03:00 DEBUG 20256 --- [    Test worker] org.apache.http.wire                     : http-outgoing-7 >> "Connection: Keep-Alive[\r][\n]"
?[0m?[0;34m2023-10-03T20:55:29.851+03:00 DEBUG 20256 --- [    Test worker] org.apache.http.wire                     : http-outgoing-7 >> "User-Agent: Apache-HttpClient/4.5.14 (Java/17.0.7)[\r][\n]"
?[0m?[0;34m2023-10-03T20:55:29.851+03:00 DEBUG 20256 --- [    Test worker] org.apache.http.wire                     : http-outgoing-7 >> "Accept-Encoding: gzip,deflate[\r][\n]"
?[0m?[0;34m2023-10-03T20:55:29.851+03:00 DEBUG 20256 --- [    Test worker] org.apache.http.wire                     : http-outgoing-7 >> "[\r][\n]"
?[0m?[0;34m2023-10-03T20:55:29.851+03:00 DEBUG 20256 --- [    Test worker] org.apache.http.wire                     : http-outgoing-7 >> "{"column":5,"row":2}"
?[0;34m2023-10-03T20:55:29.852+03:00 DEBUG 20256 --- [o-28852-exec-10] o.a.coyote.http11.Http11InputBuffer      : Before fill(): parsingHeader: [true], parsingRequestLine: [true], parsingRequestLinePhase: [0], parsingRequestLineStart: [0], byteBuffer.position(): [0], byteBuffer.limit(): [0], end: [209]
?[0m?[0;34m2023-10-03T20:55:29.852+03:00 DEBUG 20256 --- [o-28852-exec-10] o.a.tomcat.util.net.SocketWrapperBase    : Socket: [org.apache.tomcat.util.net.NioEndpoint$NioSocketWrapper@565c808a:org.apache.tomcat.util.net.NioChannel@589b7431:java.nio.channels.SocketChannel[connected local=localhost/127.0.0.1:28852 remote=/127.0.0.1:60457]], Read from buffer: [0]
?[0m?[0;34m2023-10-03T20:55:29.853+03:00 DEBUG 20256 --- [o-28852-exec-10] org.apache.tomcat.util.net.NioEndpoint   : Socket: [org.apache.tomcat.util.net.NioEndpoint$NioSocketWrapper@565c808a:org.apache.tomcat.util.net.NioChannel@589b7431:java.nio.channels.SocketChannel[connected local=localhost/127.0.0.1:28852 remote=/127.0.0.1:60457]], Read direct from socket: [229]
?[0m?[0;34m2023-10-03T20:55:29.853+03:00 DEBUG 20256 --- [o-28852-exec-10] o.a.coyote.http11.Http11InputBuffer      : Received [POST /purchase HTTP/1.1
?[0m?[0;34mContent-Type: application/json
?[0m?[0;34mContent-Length: 20
?[0m?[0;34mHost: localhost:28852
?[0m?[0;34mConnection: Keep-Alive
?[0m?[0;34mUser-Agent: Apache-HttpClient/4.5.14 (Java/17.0.7)
?[0m?[0;34mAccept-Encoding: gzip,deflate
?[0m?[0;34m
?[0m?[0;34m{"column":5,"row":2}]
?[0m?[0;34m2023-10-03T20:55:29.853+03:00 DEBUG 20256 --- [o-28852-exec-10] o.a.c.authenticator.AuthenticatorBase    : Security checking request POST /purchase
?[0m?[0;34m2023-10-03T20:55:29.854+03:00 DEBUG 20256 --- [o-28852-exec-10] org.apache.catalina.realm.RealmBase      :   No applicable constraints defined
?[0m?[0;34m2023-10-03T20:55:29.854+03:00 DEBUG 20256 --- [o-28852-exec-10] o.a.c.authenticator.AuthenticatorBase    : Not subject to any constraint
?[0m?[0;34m2023-10-03T20:55:29.855+03:00 DEBUG 20256 --- [o-28852-exec-10] org.apache.tomcat.util.http.Parameters   : Set encoding to UTF-8
?[0m?[0;34m2023-10-03T20:55:29.855+03:00 DEBUG 20256 --- [o-28852-exec-10] o.s.web.servlet.DispatcherServlet        : POST "/purchase", parameters={}
?[0m?[0;34m2023-10-03T20:55:29.855+03:00 DEBUG 20256 --- [o-28852-exec-10] s.w.s.m.m.a.RequestMappingHandlerMapping : Mapped to cinema.controllers.CinemaController#purchaseSeat(SeatPurchaseRequest)
?[0m?[0;34m2023-10-03T20:55:29.856+03:00 DEBUG 20256 --- [o-28852-exec-10] m.m.a.RequestResponseBodyMethodProcessor : Read "application/json;charset=UTF-8" to [cinema.controllers.requests.SeatPurchaseRequest@5ca4ebfa]
?[0m?[0;34m2023-10-03T20:55:29.857+03:00 DEBUG 20256 --- [o-28852-exec-10] o.s.w.s.m.m.a.HttpEntityMethodProcessor  : Using 'application/json', given [*/*] and supported [application/json, application/*+json]
?[0m?[0;34m2023-10-03T20:55:29.857+03:00 DEBUG 20256 --- [o-28852-exec-10] o.s.w.s.m.m.a.HttpEntityMethodProcessor  : Writing [cinema.controllers.responses.PurchaseResponse@19a67e0a]
?[0m?[0;34m2023-10-03T20:55:29.858+03:00 DEBUG 20256 --- [    Test worker] org.apache.http.wire                     : http-outgoing-7 << "HTTP/1.1 200 [\r][\n]"
?[0m?[0;34m2023-10-03T20:55:29.858+03:00 DEBUG 20256 --- [    Test worker] org.apache.http.wire                     : http-outgoing-7 << "Content-Type: application/json[\r][\n]"
?[0m?[0;34m2023-10-03T20:55:29.858+03:00 DEBUG 20256 --- [o-28852-exec-10] o.s.web.servlet.DispatcherServlet        : Completed 200 OK
?[0m?[0;34m2023-10-03T20:55:29.858+03:00 DEBUG 20256 --- [    Test worker] org.apache.http.wire                     : http-outgoing-7 << "Transfer-Encoding: chunked[\r][\n]"
?[0m?[0;34m2023-10-03T20:55:29.858+03:00 DEBUG 20256 --- [    Test worker] org.apache.http.wire                     : http-outgoing-7 << "Date: Tue, 03 Oct 2023 17:55:29 GMT[\r][\n]"
?[0m?[0;34m2023-10-03T20:55:29.858+03:00 DEBUG 20256 --- [    Test worker] org.apache.http.wire                     : http-outgoing-7 << "Keep-Alive: timeout=60[\r][\n]"
?[0m?[0;34m2023-10-03T20:55:29.858+03:00 DEBUG 20256 --- [    Test worker] org.apache.http.wire                     : http-outgoing-7 << "Connection: keep-alive[\r][\n]"
?[0m?[0;34m2023-10-03T20:55:29.858+03:00 DEBUG 20256 --- [    Test worker] org.apache.http.wire                     : http-outgoing-7 << "[\r][\n]"
?[0m?[0;34m2023-10-03T20:55:29.858+03:00 DEBUG 20256 --- [    Test worker] org.apache.http.wire                     : http-outgoing-7 << "59[\r][\n]"
?[0m?[0;34m2023-10-03T20:55:29.858+03:00 DEBUG 20256 --- [    Test worker] org.apache.http.wire                     : http-outgoing-7 << "{"token":"05baa59d-e00c-4586-8837-ec8e7ef920fc","ticket":{"row":2,"column":5,"price":10}}[\r][\n]"
?[0m?[0;34m2023-10-03T20:55:29.858+03:00 DEBUG 20256 --- [    Test worker] org.apache.http.headers                  : http-outgoing-7 << HTTP/1.1 200 
?[0m?[0;34m2023-10-03T20:55:29.858+03:00 DEBUG 20256 --- [    Test worker] org.apache.http.headers                  : http-outgoing-7 << Content-Type: application/json
?[0m?[0;34m2023-10-03T20:55:29.858+03:00 DEBUG 20256 --- [    Test worker] org.apache.http.headers                  : http-outgoing-7 << Transfer-Encoding: chunked
?[0m?[0;34m2023-10-03T20:55:29.858+03:00 DEBUG 20256 --- [    Test worker] org.apache.http.headers                  : http-outgoing-7 << Date: Tue, 03 Oct 2023 17:55:29 GMT
?[0m?[0;34m2023-10-03T20:55:29.858+03:00 DEBUG 20256 --- [    Test worker] org.apache.http.headers                  : http-outgoing-7 << Keep-Alive: timeout=60
?[0m?[0;34m2023-10-03T20:55:29.858+03:00 DEBUG 20256 --- [    Test worker] org.apache.http.headers                  : http-outgoing-7 << Connection: keep-alive
?[0m?[0;34m2023-10-03T20:55:29.858+03:00 DEBUG 20256 --- [    Test worker] o.a.http.impl.execchain.MainClientExec   : Connection can be kept alive for 60000 MILLISECONDS
?[0m?[0;34m2023-10-03T20:55:29.859+03:00 DEBUG 20256 --- [o-28852-exec-10] o.a.coyote.http11.Http11InputBuffer      : Before fill(): parsingHeader: [true], parsingRequestLine: [true], parsingRequestLinePhase: [0], parsingRequestLineStart: [0], byteBuffer.position(): [0], byteBuffer.limit(): [0], end: [209]
?[0m?[0;34m2023-10-03T20:55:29.859+03:00 DEBUG 20256 --- [    Test worker] org.apache.http.wire                     : http-outgoing-7 << "0[\r][\n]"
?[0m?[0;34m2023-10-03T20:55:29.859+03:00 DEBUG 20256 --- [    Test worker] org.apache.http.wire                     : http-outgoing-7 << "[\r][\n]"
?[0m?[0;34m2023-10-03T20:55:29.859+03:00 DEBUG 20256 --- [o-28852-exec-10] o.a.tomcat.util.net.SocketWrapperBase    : Socket: [org.apache.tomcat.util.net.NioEndpoint$NioSocketWrapper@565c808a:org.apache.tomcat.util.net.NioChannel@589b7431:java.nio.channels.SocketChannel[connected local=localhost/127.0.0.1:28852 remote=/127.0.0.1:60457]], Read from buffer: [0]
?[0m?[0;34m2023-10-03T20:55:29.859+03:00 DEBUG 20256 --- [    Test worker] h.i.c.PoolingHttpClientConnectionManager : Connection [id: 7][route: {}->http://localhost:28852] can be kept alive for 60.0 seconds
?[0m?[0;34m2023-10-03T20:55:29.859+03:00 DEBUG 20256 --- [    Test worker] h.i.c.DefaultManagedHttpClientConnection : http-outgoing-7: set socket timeout to 0
?[0m?[0;34m2023-10-03T20:55:29.859+03:00 DEBUG 20256 --- [    Test worker] h.i.c.PoolingHttpClientConnectionManager : Connection released: [id: 7][route: {}->http://localhost:28852][total available: 1; route allocated: 1 of 2; total allocated: 1 of 20]
?[0m?[0;34m2023-10-03T20:55:29.859+03:00 DEBUG 20256 --- [o-28852-exec-10] org.apache.tomcat.util.net.NioEndpoint   : Socket: [org.apache.tomcat.util.net.NioEndpoint$NioSocketWrapper@565c808a:org.apache.tomcat.util.net.NioChannel@589b7431:java.nio.channels.SocketChannel[connected local=localhost/127.0.0.1:28852 remote=/127.0.0.1:60457]], Read direct from socket: [0]
?[0m?[0;34m2023-10-03T20:55:29.859+03:00 DEBUG 20256 --- [    Test worker] o.a.http.impl.execchain.MainClientExec   : Cancelling request execution
?[0m?[0;34m2023-10-03T20:55:29.859+03:00 DEBUG 20256 --- [o-28852-exec-10] o.a.coyote.http11.Http11InputBuffer      : Received []
?[0m?[0;34m2023-10-03T20:55:29.859+03:00 DEBUG 20256 --- [o-28852-exec-10] o.apache.coyote.http11.Http11Processor   : Socket: [org.apache.tomcat.util.net.NioEndpoint$NioSocketWrapper@565c808a:org.apache.tomcat.util.net.NioChannel@589b7431:java.nio.channels.SocketChannel[connected local=localhost/127.0.0.1:28852 remote=/127.0.0.1:60457]], Status in: [OPEN_READ], State out: [OPEN]
?[0m?[0;34m2023-10-03T20:55:29.860+03:00 DEBUG 20256 --- [o-28852-exec-10] org.apache.tomcat.util.net.NioEndpoint   : Registered read interest for [org.apache.tomcat.util.net.NioEndpoint$NioSocketWrapper@565c808a:org.apache.tomcat.util.net.NioChannel@589b7431:java.nio.channels.SocketChannel[connected local=localhost/127.0.0.1:28852 remote=/127.0.0.1:60457]]
?[0m?[0;34m2023-10-03T20:55:29.864+03:00 DEBUG 20256 --- [    Test worker] o.a.h.client.protocol.RequestAddCookies  : CookieSpec selected: default
?[0m?[0;34m2023-10-03T20:55:29.864+03:00 DEBUG 20256 --- [    Test worker] o.a.h.client.protocol.RequestAuthCache   : Auth cache not set in the context
?[0m?[0;34m2023-10-03T20:55:29.864+03:00 DEBUG 20256 --- [    Test worker] h.i.c.PoolingHttpClientConnectionManager : Connection request: [route: {}->http://localhost:28852][total available: 0; route allocated: 0 of 2; total allocated: 0 of 20]
?[0m?[0;34m2023-10-03T20:55:29.864+03:00 DEBUG 20256 --- [    Test worker] h.i.c.PoolingHttpClientConnectionManager : Connection leased: [id: 8][route: {}->http://localhost:28852][total available: 0; route allocated: 1 of 2; total allocated: 1 of 20]
?[0m?[0;34m2023-10-03T20:55:29.864+03:00 DEBUG 20256 --- [    Test worker] o.a.http.impl.execchain.MainClientExec   : Opening connection {}->http://localhost:28852
?[0m?[0;34m2023-10-03T20:55:29.864+03:00 DEBUG 20256 --- [    Test worker] .i.c.DefaultHttpClientConnectionOperator : Connecting to localhost/127.0.0.1:28852
?[0m?[0;34m2023-10-03T20:55:29.865+03:00 DEBUG 20256 --- [    Test worker] .i.c.DefaultHttpClientConnectionOperator : Connection established 127.0.0.1:60458<->127.0.0.1:28852
?[0m?[0;34m2023-10-03T20:55:29.865+03:00 DEBUG 20256 --- [    Test worker] o.a.http.impl.execchain.MainClientExec   : Executing request POST /return HTTP/1.1
?[0m?[0;34m2023-10-03T20:55:29.865+03:00 DEBUG 20256 --- [    Test worker] o.a.http.impl.execchain.MainClientExec   : Target auth state: UNCHALLENGED
?[0m?[0;34m2023-10-03T20:55:29.865+03:00 DEBUG 20256 --- [    Test worker] o.a.http.impl.execchain.MainClientExec   : Proxy auth state: UNCHALLENGED
?[0m?[0;34m2023-10-03T20:55:29.865+03:00 DEBUG 20256 --- [-28852-Acceptor] o.apache.tomcat.util.threads.LimitLatch  : Counting up[http-nio-28852-Acceptor] latch=3
?[0m?[0;34m2023-10-03T20:55:29.865+03:00 DEBUG 20256 --- [    Test worker] org.apache.http.headers                  : http-outgoing-8 >> POST /return HTTP/1.1
?[0m?[0;34m2023-10-03T20:55:29.865+03:00 DEBUG 20256 --- [    Test worker] org.apache.http.headers                  : http-outgoing-8 >> Content-Type: application/json
?[0m?[0;34m2023-10-03T20:55:29.865+03:00 DEBUG 20256 --- [    Test worker] org.apache.http.headers                  : http-outgoing-8 >> Content-Length: 48
?[0m?[0;34m2023-10-03T20:55:29.865+03:00 DEBUG 20256 --- [    Test worker] org.apache.http.headers                  : http-outgoing-8 >> Host: localhost:28852
?[0m?[0;34m2023-10-03T20:55:29.865+03:00 DEBUG 20256 --- [    Test worker] org.apache.http.headers                  : http-outgoing-8 >> Connection: Keep-Alive
?[0m?[0;34m2023-10-03T20:55:29.865+03:00 DEBUG 20256 --- [    Test worker] org.apache.http.headers                  : http-outgoing-8 >> User-Agent: Apache-HttpClient/4.5.14 (Java/17.0.7)
?[0m?[0;34m2023-10-03T20:55:29.865+03:00 DEBUG 20256 --- [    Test worker] org.apache.http.headers                  : http-outgoing-8 >> Accept-Encoding: gzip,deflate
?[0m?[0;34m2023-10-03T20:55:29.865+03:00 DEBUG 20256 --- [    Test worker] org.apache.http.wire                     : http-outgoing-8 >> "POST /return HTTP/1.1[\r][\n]"
?[0m?[0;34m2023-10-03T20:55:29.865+03:00 DEBUG 20256 --- [    Test worker] org.apache.http.wire                     : http-outgoing-8 >> "Content-Type: application/json[\r][\n]"
?[0m?[0;34m2023-10-03T20:55:29.865+03:00 DEBUG 20256 --- [    Test worker] org.apache.http.wire                     : http-outgoing-8 >> "Content-Length: 48[\r][\n]"
?[0m?[0;34m2023-10-03T20:55:29.865+03:00 DEBUG 20256 --- [    Test worker] org.apache.http.wire                     : http-outgoing-8 >> "Host: localhost:28852[\r][\n]"
?[0m?[0;34m2023-10-03T20:55:29.865+03:00 DEBUG 20256 --- [    Test worker] org.apache.http.wire                     : http-outgoing-8 >> "Connection: Keep-Alive[\r][\n]"
?[0m?[0;34m2023-10-03T20:55:29.865+03:00 DEBUG 20256 --- [    Test worker] org.apache.http.wire                     : http-outgoing-8 >> "User-Agent: Apache-HttpClient/4.5.14 (Java/17.0.7)[\r][\n]"
?[0m?[0;34m2023-10-03T20:55:29.865+03:00 DEBUG 20256 --- [    Test worker] org.apache.http.wire                     : http-outgoing-8 >> "Accept-Encoding: gzip,deflate[\r][\n]"
?[0m?[0;34m2023-10-03T20:55:29.865+03:00 DEBUG 20256 --- [    Test worker] org.apache.http.wire                     : http-outgoing-8 >> "[\r][\n]"
?[0m?[0;34m2023-10-03T20:55:29.865+03:00 DEBUG 20256 --- [    Test worker] org.apache.http.wire                     : http-outgoing-8 >> "{"token":"f12250fa-4fe6-4092-898f-7724df18ef1e"}"
?[0m?[0;34m2023-10-03T20:55:29.865+03:00 DEBUG 20256 --- [io-28852-exec-1] o.a.coyote.http11.Http11InputBuffer      : Before fill(): parsingHeader: [true], parsingRequestLine: [true], parsingRequestLinePhase: [0], parsingRequestLineStart: [0], byteBuffer.position(): [0], byteBuffer.limit(): [0], end: [209]
?[0m?[0;34m2023-10-03T20:55:29.866+03:00 DEBUG 20256 --- [io-28852-exec-1] o.a.tomcat.util.net.SocketWrapperBase    : Socket: [org.apache.tomcat.util.net.NioEndpoint$NioSocketWrapper@5a066bab:org.apache.tomcat.util.net.NioChannel@438ea9b5:java.nio.channels.SocketChannel[connected local=localhost/127.0.0.1:28852 remote=/127.0.0.1:60458]], Read from buffer: [0]
?[0m?[0;34m2023-10-03T20:55:29.866+03:00 DEBUG 20256 --- [io-28852-exec-1] org.apache.tomcat.util.net.NioEndpoint   : Socket: [org.apache.tomcat.util.net.NioEndpoint$NioSocketWrapper@5a066bab:org.apache.tomcat.util.net.NioChannel@438ea9b5:java.nio.channels.SocketChannel[connected local=localhost/127.0.0.1:28852 remote=/127.0.0.1:60458]], Read direct from socket: [255]
?[0m?[0;34m2023-10-03T20:55:29.866+03:00 DEBUG 20256 --- [io-28852-exec-1] o.a.coyote.http11.Http11InputBuffer      : Received [POST /return HTTP/1.1
?[0m?[0;34mContent-Type: application/json
?[0m?[0;34mContent-Length: 48
?[0m?[0;34mHost: localhost:28852
?[0m?[0;34mConnection: Keep-Alive
?[0m?[0;34mUser-Agent: Apache-HttpClient/4.5.14 (Java/17.0.7)
?[0m?[0;34mAccept-Encoding: gzip,deflate
?[0m?[0;34m
?[0m?[0;34m{"token":"f12250fa-4fe6-4092-898f-7724df18ef1e"}]
?[0m?[0;34m2023-10-03T20:55:29.867+03:00 DEBUG 20256 --- [io-28852-exec-1] o.a.c.authenticator.AuthenticatorBase    : Security checking request POST /return
?[0m?[0;34m2023-10-03T20:55:29.867+03:00 DEBUG 20256 --- [io-28852-exec-1] org.apache.catalina.realm.RealmBase      :   No applicable constraints defined
?[0m?[0;34m2023-10-03T20:55:29.867+03:00 DEBUG 20256 --- [io-28852-exec-1] o.a.c.authenticator.AuthenticatorBase    : Not subject to any constraint
?[0m?[0;34m2023-10-03T20:55:29.868+03:00 DEBUG 20256 --- [io-28852-exec-1] org.apache.tomcat.util.http.Parameters   : Set encoding to UTF-8
?[0m?[0;34m2023-10-03T20:55:29.868+03:00 DEBUG 20256 --- [io-28852-exec-1] o.s.web.servlet.DispatcherServlet        : POST "/return", parameters={}
?[0m?[0;34m2023-10-03T20:55:29.869+03:00 DEBUG 20256 --- [io-28852-exec-1] s.w.s.m.m.a.RequestMappingHandlerMapping : Mapped to cinema.controllers.CinemaController#returnSeat(String)
?[0m?[0;34m2023-10-03T20:55:29.870+03:00 DEBUG 20256 --- [io-28852-exec-1] m.m.a.RequestResponseBodyMethodProcessor : Read "application/json;charset=UTF-8" to ["{"token":"f12250fa-4fe6-4092-898f-7724df18ef1e"}"]
?[0m?[0;34m2023-10-03T20:55:29.874+03:00 DEBUG 20256 --- [io-28852-exec-1] .m.m.a.ExceptionHandlerExceptionResolver : Using @ExceptionHandler cinema.controllers.exceptions.handlers.CustomExceptionHandler#tokenNotFoundException(WrongTokenException)
?[0m?[0;34m2023-10-03T20:55:29.876+03:00 DEBUG 20256 --- [io-28852-exec-1] m.m.a.RequestResponseBodyMethodProcessor : Using 'application/json', given [*/*] and supported [application/json, application/*+json]
?[0m?[0;34m2023-10-03T20:55:29.876+03:00 DEBUG 20256 --- [io-28852-exec-1] m.m.a.RequestResponseBodyMethodProcessor : Writing [cinema.controllers.exceptions.handlers.CustomExceptionHandler$ShortErrorResponse@5b0f062b]
?[0m?[0;34m2023-10-03T20:55:29.876+03:00 DEBUG 20256 --- [    Test worker] org.apache.http.wire                     : http-outgoing-8 << "HTTP/1.1 400 [\r][\n]"
?[0m?[0;34m2023-10-03T20:55:29.876+03:00 DEBUG 20256 --- [    Test worker] org.apache.http.wire                     : http-outgoing-8 << "Content-Type: application/json[\r][\n]"
?[0m?[0;34m2023-10-03T20:55:29.876+03:00 DEBUG 20256 --- [io-28852-exec-1] .m.m.a.ExceptionHandlerExceptionResolver : Resolved [cinema.controllers.exceptions.WrongTokenException]
?[0m?[0;34m2023-10-03T20:55:29.876+03:00 DEBUG 20256 --- [    Test worker] org.apache.http.wire                     : http-outgoing-8 << "Transfer-Encoding: chunked[\r][\n]"
?[0m?[0;34m2023-10-03T20:55:29.876+03:00 DEBUG 20256 --- [    Test worker] org.apache.http.wire                     : http-outgoing-8 << "Date: Tue, 03 Oct 2023 17:55:29 GMT[\r][\n]"
?[0m?[0;34m2023-10-03T20:55:29.876+03:00 DEBUG 20256 --- [    Test worker] org.apache.http.wire                     : http-outgoing-8 << "Connection: close[\r][\n]"
?[0m?[0;34m2023-10-03T20:55:29.876+03:00 DEBUG 20256 --- [io-28852-exec-1] o.s.web.servlet.DispatcherServlet        : Completed 400 BAD_REQUEST
?[0m?[0;34m2023-10-03T20:55:29.876+03:00 DEBUG 20256 --- [    Test worker] org.apache.http.wire                     : http-outgoing-8 << "[\r][\n]"
?[0m?[0;34m2023-10-03T20:55:29.876+03:00 DEBUG 20256 --- [    Test worker] org.apache.http.wire                     : http-outgoing-8 << "18[\r][\n]"
?[0m?[0;34m2023-10-03T20:55:29.877+03:00 DEBUG 20256 --- [    Test worker] org.apache.http.wire                     : http-outgoing-8 << "{"error":"Wrong token!"}[\r][\n]"
?[0m?[0;34m2023-10-03T20:55:29.877+03:00 DEBUG 20256 --- [    Test worker] org.apache.http.headers                  : http-outgoing-8 << HTTP/1.1 400 
?[0m?[0;34m2023-10-03T20:55:29.877+03:00 DEBUG 20256 --- [    Test worker] org.apache.http.headers                  : http-outgoing-8 << Content-Type: application/json
?[0m?[0;34m2023-10-03T20:55:29.877+03:00 DEBUG 20256 --- [    Test worker] org.apache.http.headers                  : http-outgoing-8 << Transfer-Encoding: chunked
?[0m?[0;34m2023-10-03T20:55:29.877+03:00 DEBUG 20256 --- [    Test worker] org.apache.http.headers                  : http-outgoing-8 << Date: Tue, 03 Oct 2023 17:55:29 GMT
?[0m?[0;34m2023-10-03T20:55:29.877+03:00 DEBUG 20256 --- [    Test worker] org.apache.http.headers                  : http-outgoing-8 << Connection: close
?[0m?[0;34m2023-10-03T20:55:29.877+03:00 DEBUG 20256 --- [    Test worker] org.apache.http.wire                     : http-outgoing-8 << "0[\r][\n]"
?[0m?[0;34m2023-10-03T20:55:29.877+03:00 DEBUG 20256 --- [    Test worker] org.apache.http.wire                     : http-outgoing-8 << "[\r][\n]"
?[0m?[0;34m2023-10-03T20:55:29.877+03:00 DEBUG 20256 --- [    Test worker] h.i.c.DefaultManagedHttpClientConnection : http-outgoing-8: Close connection
?[0m?[0;34m2023-10-03T20:55:29.877+03:00 DEBUG 20256 --- [    Test worker] o.a.http.impl.execchain.MainClientExec   : Connection discarded
?[0m?[0;34m2023-10-03T20:55:29.877+03:00 DEBUG 20256 --- [io-28852-exec-1] o.apache.coyote.http11.Http11Processor   : Socket: [org.apache.tomcat.util.net.NioEndpoint$NioSocketWrapper@5a066bab:org.apache.tomcat.util.net.NioChannel@438ea9b5:java.nio.channels.SocketChannel[connected local=localhost/127.0.0.1:28852 remote=/127.0.0.1:60458]], Status in: [OPEN_READ], State out: [CLOSED]
?[0m?[0;34m2023-10-03T20:55:29.877+03:00 DEBUG 20256 --- [    Test worker] h.i.c.PoolingHttpClientConnectionManager : Connection released: [id: 8][route: {}->http://localhost:28852][total available: 0; route allocated: 0 of 2; total allocated: 0 of 20]
?[0m?[0;34m2023-10-03T20:55:29.877+03:00 DEBUG 20256 --- [    Test worker] o.a.http.impl.execchain.MainClientExec   : Cancelling request execution
?[0m?[0;34m2023-10-03T20:55:29.877+03:00 DEBUG 20256 --- [io-28852-exec-1] o.apache.tomcat.util.threads.LimitLatch  : Counting down[http-nio-28852-exec-1] latch=3
?[0m?[0;34m2023-10-03T20:55:29.878+03:00 DEBUG 20256 --- [io-28852-exec-1] org.apache.tomcat.util.net.NioEndpoint   : Calling [org.apache.tomcat.util.net.NioEndpoint@1c0cdae5].closeSocket([org.apache.tomcat.util.net.NioEndpoint$NioSocketWrapper@5a066bab:org.apache.tomcat.util.net.NioChannel@438ea9b5:java.nio.channels.SocketChannel[connected local=localhost/127.0.0.1:28852 remote=/127.0.0.1:60458]])
?[0m?[0;34m2023-10-03T20:55:29.881+03:00 DEBUG 20256 --- [    Test worker] o.a.h.client.protocol.RequestAddCookies  : CookieSpec selected: default
?[0m?[0;34m2023-10-03T20:55:29.881+03:00 DEBUG 20256 --- [    Test worker] o.a.h.client.protocol.RequestAuthCache   : Auth cache not set in the context
?[0m?[0;34m2023-10-03T20:55:29.881+03:00 DEBUG 20256 --- [    Test worker] h.i.c.PoolingHttpClientConnectionManager : Connection request: [route: {}->http://localhost:28852][total available: 0; route allocated: 0 of 2; total allocated: 0 of 20]
?[0m?[0;34m2023-10-03T20:55:29.881+03:00 DEBUG 20256 --- [    Test worker] h.i.c.PoolingHttpClientConnectionManager : Connection leased: [id: 9][route: {}->http://localhost:28852][total available: 0; route allocated: 1 of 2; total allocated: 1 of 20]
?[0m?[0;34m2023-10-03T20:55:29.881+03:00 DEBUG 20256 --- [    Test worker] o.a.http.impl.execchain.MainClientExec   : Opening connection {}->http://localhost:28852
?[0m?[0;34m2023-10-03T20:55:29.881+03:00 DEBUG 20256 --- [    Test worker] .i.c.DefaultHttpClientConnectionOperator : Connecting to localhost/127.0.0.1:28852
?[0m?[0;34m2023-10-03T20:55:29.882+03:00 DEBUG 20256 --- [    Test worker] .i.c.DefaultHttpClientConnectionOperator : Connection established 127.0.0.1:60459<->127.0.0.1:28852
?[0m?[0;34m2023-10-03T20:55:29.882+03:00 DEBUG 20256 --- [    Test worker] o.a.http.impl.execchain.MainClientExec   : Executing request POST /return HTTP/1.1
?[0m?[0;34m2023-10-03T20:55:29.882+03:00 DEBUG 20256 --- [    Test worker] o.a.http.impl.execchain.MainClientExec   : Target auth state: UNCHALLENGED
?[0m?[0;34m2023-10-03T20:55:29.882+03:00 DEBUG 20256 --- [    Test worker] o.a.http.impl.execchain.MainClientExec   : Proxy auth state: UNCHALLENGED
?[0m?[0;34m2023-10-03T20:55:29.882+03:00 DEBUG 20256 --- [-28852-Acceptor] o.apache.tomcat.util.threads.LimitLatch  : Counting up[http-nio-28852-Acceptor] latch=3
?[0m?[0;34m2023-10-03T20:55:29.882+03:00 DEBUG 20256 --- [    Test worker] org.apache.http.headers                  : http-outgoing-9 >> POST /return HTTP/1.1
?[0m?[0;34m2023-10-03T20:55:29.882+03:00 DEBUG 20256 --- [    Test worker] org.apache.http.headers                  : http-outgoing-9 >> Content-Type: application/json
?[0m?[0;34m2023-10-03T20:55:29.882+03:00 DEBUG 20256 --- [    Test worker] org.apache.http.headers                  : http-outgoing-9 >> Content-Length: 48
?[0m?[0;34m2023-10-03T20:55:29.882+03:00 DEBUG 20256 --- [    Test worker] org.apache.http.headers                  : http-outgoing-9 >> Host: localhost:28852
?[0m?[0;34m2023-10-03T20:55:29.882+03:00 DEBUG 20256 --- [    Test worker] org.apache.http.headers                  : http-outgoing-9 >> Connection: Keep-Alive
?[0m?[0;34m2023-10-03T20:55:29.882+03:00 DEBUG 20256 --- [    Test worker] org.apache.http.headers                  : http-outgoing-9 >> User-Agent: Apache-HttpClient/4.5.14 (Java/17.0.7)
?[0m?[0;34m2023-10-03T20:55:29.882+03:00 DEBUG 20256 --- [    Test worker] org.apache.http.headers                  : http-outgoing-9 >> Accept-Encoding: gzip,deflate
?[0m?[0;34m2023-10-03T20:55:29.882+03:00 DEBUG 20256 --- [    Test worker] org.apache.http.wire                     : http-outgoing-9 >> "POST /return HTTP/1.1[\r][\n]"
?[0m?[0;34m2023-10-03T20:55:29.882+03:00 DEBUG 20256 --- [    Test worker] org.apache.http.wire                     : http-outgoing-9 >> "Content-Type: application/json[\r][\n]"
?[0m?[0;34m2023-10-03T20:55:29.882+03:00 DEBUG 20256 --- [    Test worker] org.apache.http.wire                     : http-outgoing-9 >> "Content-Length: 48[\r][\n]"
?[0m?[0;34m2023-10-03T20:55:29.882+03:00 DEBUG 20256 --- [    Test worker] org.apache.http.wire                     : http-outgoing-9 >> "Host: localhost:28852[\r][\n]"
?[0m?[0;34m2023-10-03T20:55:29.882+03:00 DEBUG 20256 --- [    Test worker] org.apache.http.wire                     : http-outgoing-9 >> "Connection: Keep-Alive[\r][\n]"
?[0m?[0;34m2023-10-03T20:55:29.882+03:00 DEBUG 20256 --- [    Test worker] org.apache.http.wire                     : http-outgoing-9 >> "User-Agent: Apache-HttpClient/4.5.14 (Java/17.0.7)[\r][\n]"
?[0m?[0;34m2023-10-03T20:55:29.882+03:00 DEBUG 20256 --- [    Test worker] org.apache.http.wire                     : http-outgoing-9 >> "Accept-Encoding: gzip,deflate[\r][\n]"
?[0m?[0;34m2023-10-03T20:55:29.882+03:00 DEBUG 20256 --- [    Test worker] org.apache.http.wire                     : http-outgoing-9 >> "[\r][\n]"
?[0m?[0;34m2023-10-03T20:55:29.882+03:00 DEBUG 20256 --- [    Test worker] org.apache.http.wire                     : http-outgoing-9 >> "{"token":"05baa59d-e00c-4586-8837-ec8e7ef920fc"}"
?[0m?[0;34m2023-10-03T20:55:29.882+03:00 DEBUG 20256 --- [io-28852-exec-2] o.a.coyote.http11.Http11InputBuffer      : Before fill(): parsingHeader: [true], parsingRequestLine: [true], parsingRequestLinePhase: [0], parsingRequestLineStart: [0], byteBuffer.position(): [0], byteBuffer.limit(): [0], end: [207]
?[0m?[0;34m2023-10-03T20:55:29.882+03:00 DEBUG 20256 --- [io-28852-exec-2] o.a.tomcat.util.net.SocketWrapperBase    : Socket: [org.apache.tomcat.util.net.NioEndpoint$NioSocketWrapper@1ec1cad3:org.apache.tomcat.util.net.NioChannel@5bc3476f:java.nio.channels.SocketChannel[connected local=localhost/127.0.0.1:28852 remote=/127.0.0.1:60459]], Read from buffer: [0]
?[0m?[0;34m2023-10-03T20:55:29.883+03:00 DEBUG 20256 --- [io-28852-exec-2] org.apache.tomcat.util.net.NioEndpoint   : Socket: [org.apache.tomcat.util.net.NioEndpoint$NioSocketWrapper@1ec1cad3:org.apache.tomcat.util.net.NioChannel@5bc3476f:java.nio.channels.SocketChannel[connected local=localhost/127.0.0.1:28852 remote=/127.0.0.1:60459]], Read direct from socket: [255]
?[0m?[0;34m2023-10-03T20:55:29.883+03:00 DEBUG 20256 --- [io-28852-exec-2] o.a.coyote.http11.Http11InputBuffer      : Received [POST /return HTTP/1.1
?[0m?[0;34mContent-Type: application/json
?[0m?[0;34mContent-Length: 48
?[0m?[0;34mHost: localhost:28852
?[0m?[0;34mConnection: Keep-Alive
?[0m?[0;34mUser-Agent: Apache-HttpClient/4.5.14 (Java/17.0.7)
?[0m?[0;34mAccept-Encoding: gzip,deflate
?[0m?[0;34m
?[0m?[0;34m{"token":"05baa59d-e00c-4586-8837-ec8e7ef920fc"}]
?[0m?[0;34m2023-10-03T20:55:29.883+03:00 DEBUG 20256 --- [io-28852-exec-2] o.a.c.authenticator.AuthenticatorBase    : Security checking request POST /return
?[0m?[0;34m2023-10-03T20:55:29.883+03:00 DEBUG 20256 --- [io-28852-exec-2] org.apache.catalina.realm.RealmBase      :   No applicable constraints defined
?[0m?[0;34m2023-10-03T20:55:29.883+03:00 DEBUG 20256 --- [io-28852-exec-2] o.a.c.authenticator.AuthenticatorBase    : Not subject to any constraint
?[0m?[0;34m2023-10-03T20:55:29.885+03:00 DEBUG 20256 --- [io-28852-exec-2] org.apache.tomcat.util.http.Parameters   : Set encoding to UTF-8
?[0m?[0;34m2023-10-03T20:55:29.885+03:00 DEBUG 20256 --- [io-28852-exec-2] o.s.web.servlet.DispatcherServlet        : POST "/return", parameters={}
?[0m?[0;34m2023-10-03T20:55:29.885+03:00 DEBUG 20256 --- [io-28852-exec-2] s.w.s.m.m.a.RequestMappingHandlerMapping : Mapped to cinema.controllers.CinemaController#returnSeat(String)
?[0m?[0;34m2023-10-03T20:55:29.886+03:00 DEBUG 20256 --- [io-28852-exec-2] m.m.a.RequestResponseBodyMethodProcessor : Read "application/json;charset=UTF-8" to ["{"token":"05baa59d-e00c-4586-8837-ec8e7ef920fc"}"]
?[0m?[0;34m2023-10-03T20:55:29.888+03:00 DEBUG 20256 --- [io-28852-exec-2] o.s.w.s.m.m.a.HttpEntityMethodProcessor  : Using 'application/json', given [*/*] and supported [application/json, application/*+json]
?[0m?[0;34m2023-10-03T20:55:29.888+03:00 DEBUG 20256 --- [io-28852-exec-2] o.s.w.s.m.m.a.HttpEntityMethodProcessor  : Writing [cinema.model.ReturnedTicket@6ad2b8e1]
?[0m?[0;34m2023-10-03T20:55:29.888+03:00 DEBUG 20256 --- [    Test worker] org.apache.http.wire                     : http-outgoing-9 << "HTTP/1.1 200 [\r][\n]"
?[0m?[0;34m2023-10-03T20:55:29.888+03:00 DEBUG 20256 --- [    Test worker] org.apache.http.wire                     : http-outgoing-9 << "Content-Type: application/json[\r][\n]"
?[0m?[0;34m2023-10-03T20:55:29.888+03:00 DEBUG 20256 --- [    Test worker] org.apache.http.wire                     : http-outgoing-9 << "Transfer-Encoding: chunked[\r][\n]"
?[0m?[0;34m2023-10-03T20:55:29.888+03:00 DEBUG 20256 --- [    Test worker] org.apache.http.wire                     : http-outgoing-9 << "Date: Tue, 03 Oct 2023 17:55:29 GMT[\r][\n]"
?[0m?[0;34m2023-10-03T20:55:29.888+03:00 DEBUG 20256 --- [    Test worker] org.apache.http.wire                     : http-outgoing-9 << "Keep-Alive: timeout=60[\r][\n]"
?[0m?[0;34m2023-10-03T20:55:29.888+03:00 DEBUG 20256 --- [io-28852-exec-2] o.s.web.servlet.DispatcherServlet        : Completed 200 OK
?[0m?[0;34m2023-10-03T20:55:29.889+03:00 DEBUG 20256 --- [    Test worker] org.apache.http.wire                     : http-outgoing-9 << "Connection: keep-alive[\r][\n]"
?[0m?[0;34m2023-10-03T20:55:29.889+03:00 DEBUG 20256 --- [    Test worker] org.apache.http.wire                     : http-outgoing-9 << "[\r][\n]"
?[0m?[0;34m2023-10-03T20:55:29.889+03:00 DEBUG 20256 --- [    Test worker] org.apache.http.wire                     : http-outgoing-9 << "2a[\r][\n]"
?[0m?[0;34m2023-10-03T20:55:29.889+03:00 DEBUG 20256 --- [    Test worker] org.apache.http.wire                     : http-outgoing-9 << "{"ticket":{"row":2,"column":5,"price":10}}[\r][\n]"
?[0m?[0;34m2023-10-03T20:55:29.889+03:00 DEBUG 20256 --- [    Test worker] org.apache.http.headers                  : http-outgoing-9 << HTTP/1.1 200 
?[0m?[0;34m2023-10-03T20:55:29.889+03:00 DEBUG 20256 --- [    Test worker] org.apache.http.headers                  : http-outgoing-9 << Content-Type: application/json
?[0m?[0;34m2023-10-03T20:55:29.889+03:00 DEBUG 20256 --- [    Test worker] org.apache.http.headers                  : http-outgoing-9 << Transfer-Encoding: chunked
?[0m?[0;34m2023-10-03T20:55:29.889+03:00 DEBUG 20256 --- [    Test worker] org.apache.http.headers                  : http-outgoing-9 << Date: Tue, 03 Oct 2023 17:55:29 GMT
?[0m?[0;34m2023-10-03T20:55:29.889+03:00 DEBUG 20256 --- [    Test worker] org.apache.http.headers                  : http-outgoing-9 << Keep-Alive: timeout=60
?[0m?[0;34m2023-10-03T20:55:29.889+03:00 DEBUG 20256 --- [    Test worker] org.apache.http.headers                  : http-outgoing-9 << Connection: keep-alive
?[0m?[0;34m2023-10-03T20:55:29.889+03:00 DEBUG 20256 --- [    Test worker] o.a.http.impl.execchain.MainClientExec   : Connection can be kept alive for 60000 MILLISECONDS
?[0m?[0;34m2023-10-03T20:55:29.889+03:00 DEBUG 20256 --- [io-28852-exec-2] o.a.coyote.http11.Http11InputBuffer      : Before fill(): parsingHeader: [true], parsingRequestLine: [true], parsingRequestLinePhase: [0], parsingRequestLineStart: [0], byteBuffer.position(): [0], byteBuffer.limit(): [0], end: [207]
?[0m?[0;34m2023-10-03T20:55:29.889+03:00 DEBUG 20256 --- [io-28852-exec-2] o.a.tomcat.util.net.SocketWrapperBase    : Socket: [org.apache.tomcat.util.net.NioEndpoint$NioSocketWrapper@1ec1cad3:org.apache.tomcat.util.net.NioChannel@5bc3476f:java.nio.channels.SocketChannel[connected local=localhost/127.0.0.1:28852 remote=/127.0.0.1:60459]], Read from buffer: [0]
?[0m?[0;34m2023-10-03T20:55:29.889+03:00 DEBUG 20256 --- [    Test worker] org.apache.http.wire                     : http-outgoing-9 << "0[\r][\n]"
?[0m?[0;34m2023-10-03T20:55:29.889+03:00 DEBUG 20256 --- [    Test worker] org.apache.http.wire                     : http-outgoing-9 << "[\r][\n]"
?[0m?[0;34m2023-10-03T20:55:29.889+03:00 DEBUG 20256 --- [io-28852-exec-2] org.apache.tomcat.util.net.NioEndpoint   : Socket: [org.apache.tomcat.util.net.NioEndpoint$NioSocketWrapper@1ec1cad3:org.apache.tomcat.util.net.NioChannel@5bc3476f:java.nio.channels.SocketChannel[connected local=localhost/127.0.0.1:28852 remote=/127.0.0.1:60459]], Read direct from socket: [0]
?[0m?[0;34m2023-10-03T20:55:29.889+03:00 DEBUG 20256 --- [    Test worker] h.i.c.PoolingHttpClientConnectionManager : Connection [id: 9][route: {}->http://localhost:28852] can be kept alive for 60.0 seconds
?[0m?[0;34m2023-10-03T20:55:29.889+03:00 DEBUG 20256 --- [io-28852-exec-2] o.a.coyote.http11.Http11InputBuffer      : Received []
?[0m?[0;34m2023-10-03T20:55:29.889+03:00 DEBUG 20256 --- [    Test worker] h.i.c.DefaultManagedHttpClientConnection : http-outgoing-9: set socket timeout to 0
?[0m?[0;34m2023-10-03T20:55:29.889+03:00 DEBUG 20256 --- [    Test worker] h.i.c.PoolingHttpClientConnectionManager : Connection released: [id: 9][route: {}->http://localhost:28852][total available: 1; route allocated: 1 of 2; total allocated: 1 of 20]
?[0m?[0;34m2023-10-03T20:55:29.889+03:00 DEBUG 20256 --- [io-28852-exec-2] o.apache.coyote.http11.Http11Processor   : Socket: [org.apache.tomcat.util.net.NioEndpoint$NioSocketWrapper@1ec1cad3:org.apache.tomcat.util.net.NioChannel@5bc3476f:java.nio.channels.SocketChannel[connected local=localhost/127.0.0.1:28852 remote=/127.0.0.1:60459]], Status in: [OPEN_READ], State out: [OPEN]
?[0m?[0;34m2023-10-03T20:55:29.890+03:00 DEBUG 20256 --- [    Test worker] o.a.http.impl.execchain.MainClientExec   : Cancelling request execution
?[0m?[0;34m2023-10-03T20:55:29.890+03:00 DEBUG 20256 --- [io-28852-exec-2] org.apache.tomcat.util.net.NioEndpoint   : Registered read interest for [org.apache.tomcat.util.net.NioEndpoint$NioSocketWrapper@1ec1cad3:org.apache.tomcat.util.net.NioChannel@5bc3476f:java.nio.channels.SocketChannel[connected local=localhost/127.0.0.1:28852 remote=/127.0.0.1:60459]]
?[0m?[1;31m
Start test 7?[0m
?[0;34m2023-10-03T20:55:29.893+03:00 DEBUG 20256 --- [    Test worker] o.a.h.client.protocol.RequestAddCookies  : CookieSpec selected: default
?[0m?[0;34m2023-10-03T20:55:29.893+03:00 DEBUG 20256 --- [    Test worker] o.a.h.client.protocol.RequestAuthCache   : Auth cache not set in the context
?[0m?[0;34m2023-10-03T20:55:29.893+03:00 DEBUG 20256 --- [    Test worker] h.i.c.PoolingHttpClientConnectionManager : Connection request: [route: {}->http://localhost:28852][total available: 0; route allocated: 0 of 2; total allocated: 0 of 20]
?[0m?[0;34m2023-10-03T20:55:29.893+03:00 DEBUG 20256 --- [    Test worker] h.i.c.PoolingHttpClientConnectionManager : Connection leased: [id: 10][route: {}->http://localhost:28852][total available: 0; route allocated: 1 of 2; total allocated: 1 of 20]
?[0m?[0;34m2023-10-03T20:55:29.893+03:00 DEBUG 20256 --- [    Test worker] o.a.http.impl.execchain.MainClientExec   : Opening connection {}->http://localhost:28852
?[0m?[0;34m2023-10-03T20:55:29.893+03:00 DEBUG 20256 --- [    Test worker] .i.c.DefaultHttpClientConnectionOperator : Connecting to localhost/127.0.0.1:28852
?[0m?[0;34m2023-10-03T20:55:29.893+03:00 DEBUG 20256 --- [    Test worker] .i.c.DefaultHttpClientConnectionOperator : Connection established 127.0.0.1:60460<->127.0.0.1:28852
?[0m?[0;34m2023-10-03T20:55:29.893+03:00 DEBUG 20256 --- [    Test worker] o.a.http.impl.execchain.MainClientExec   : Executing request GET /stats HTTP/1.1
?[0m?[0;34m2023-10-03T20:55:29.893+03:00 DEBUG 20256 --- [    Test worker] o.a.http.impl.execchain.MainClientExec   : Target auth state: UNCHALLENGED
?[0m?[0;34m2023-10-03T20:55:29.893+03:00 DEBUG 20256 --- [    Test worker] o.a.http.impl.execchain.MainClientExec   : Proxy auth state: UNCHALLENGED
?[0m?[0;34m2023-10-03T20:55:29.893+03:00 DEBUG 20256 --- [-28852-Acceptor] o.apache.tomcat.util.threads.LimitLatch  : Counting up[http-nio-28852-Acceptor] latch=4
?[0m?[0;34m2023-10-03T20:55:29.893+03:00 DEBUG 20256 --- [    Test worker] org.apache.http.headers                  : http-outgoing-10 >> GET /stats HTTP/1.1
?[0m?[0;34m2023-10-03T20:55:29.894+03:00 DEBUG 20256 --- [    Test worker] org.apache.http.headers                  : http-outgoing-10 >> Host: localhost:28852
?[0m?[0;34m2023-10-03T20:55:29.894+03:00 DEBUG 20256 --- [    Test worker] org.apache.http.headers                  : http-outgoing-10 >> Connection: Keep-Alive
?[0m?[0;34m2023-10-03T20:55:29.894+03:00 DEBUG 20256 --- [    Test worker] org.apache.http.headers                  : http-outgoing-10 >> User-Agent: Apache-HttpClient/4.5.14 (Java/17.0.7)
?[0m?[0;34m2023-10-03T20:55:29.894+03:00 DEBUG 20256 --- [    Test worker] org.apache.http.headers                  : http-outgoing-10 >> Accept-Encoding: gzip,deflate
?[0m?[0;34m2023-10-03T20:55:29.894+03:00 DEBUG 20256 --- [    Test worker] org.apache.http.wire                     : http-outgoing-10 >> "GET /stats HTTP/1.1[\r][\n]"
?[0m?[0;34m2023-10-03T20:55:29.894+03:00 DEBUG 20256 --- [    Test worker] org.apache.http.wire                     : http-outgoing-10 >> "Host: localhost:28852[\r][\n]"
?[0m?[0;34m2023-10-03T20:55:29.894+03:00 DEBUG 20256 --- [    Test worker] org.apache.http.wire                     : http-outgoing-10 >> "Connection: Keep-Alive[\r][\n]"
?[0m?[0;34m2023-10-03T20:55:29.894+03:00 DEBUG 20256 --- [    Test worker] org.apache.http.wire                     : http-outgoing-10 >> "User-Agent: Apache-HttpClient/4.5.14 (Java/17.0.7)[\r][\n]"
?[0m?[0;34m2023-10-03T20:55:29.894+03:00 DEBUG 20256 --- [    Test worker] org.apache.http.wire                     : http-outgoing-10 >> "Accept-Encoding: gzip,deflate[\r][\n]"
?[0m?[0;34m2023-10-03T20:55:29.894+03:00 DEBUG 20256 --- [    Test worker] org.apache.http.wire                     : http-outgoing-10 >> "[\r][\n]"
?[0m?[0;34m2023-10-03T20:55:29.894+03:00 DEBUG 20256 --- [io-28852-exec-3] o.a.coyote.http11.Http11InputBuffer      : Before fill(): parsingHeader: [true], parsingRequestLine: [true], parsingRequestLinePhase: [0], parsingRequestLineStart: [0], byteBuffer.position(): [0], byteBuffer.limit(): [0], end: [207]
?[0m?[0;34m2023-10-03T20:55:29.894+03:00 DEBUG 20256 --- [io-28852-exec-3] o.a.tomcat.util.net.SocketWrapperBase    : Socket: [org.apache.tomcat.util.net.NioEndpoint$NioSocketWrapper@223ad7cc:org.apache.tomcat.util.net.NioChannel@67384def:java.nio.channels.SocketChannel[connected local=localhost/127.0.0.1:28852 remote=/127.0.0.1:60460]], Read from buffer: [0]
?[0m?[0;34m2023-10-03T20:55:29.894+03:00 DEBUG 20256 --- [io-28852-exec-3] org.apache.tomcat.util.net.NioEndpoint   : Socket: [org.apache.tomcat.util.net.NioEndpoint$NioSocketWrapper@223ad7cc:org.apache.tomcat.util.net.NioChannel@67384def:java.nio.channels.SocketChannel[connected local=localhost/127.0.0.1:28852 remote=/127.0.0.1:60460]], Read direct from socket: [153]
?[0m?[0;34m2023-10-03T20:55:29.894+03:00 DEBUG 20256 --- [io-28852-exec-3] o.a.coyote.http11.Http11InputBuffer      : Received [GET /stats HTTP/1.1
?[0m?[0;34mHost: localhost:28852
?[0m?[0;34mConnection: Keep-Alive
?[0m?[0;34mUser-Agent: Apache-HttpClient/4.5.14 (Java/17.0.7)
?[0m?[0;34mAccept-Encoding: gzip,deflate
?[0m?[0;34m
?[0m?[0;34m]
?[0m?[0;34m2023-10-03T20:55:29.895+03:00 DEBUG 20256 --- [io-28852-exec-3] o.a.c.authenticator.AuthenticatorBase    : Security checking request GET /stats
?[0m?[0;34m2023-10-03T20:55:29.895+03:00 DEBUG 20256 --- [io-28852-exec-3] org.apache.catalina.realm.RealmBase      :   No applicable constraints defined
?[0m?[0;34m2023-10-03T20:55:29.895+03:00 DEBUG 20256 --- [io-28852-exec-3] o.a.c.authenticator.AuthenticatorBase    : Not subject to any constraint
?[0m?[0;34m2023-10-03T20:55:29.896+03:00 DEBUG 20256 --- [io-28852-exec-3] org.apache.tomcat.util.http.Parameters   : Set encoding to UTF-8
?[0m?[0;34m2023-10-03T20:55:29.896+03:00 DEBUG 20256 --- [io-28852-exec-3] o.s.web.servlet.DispatcherServlet        : GET "/stats", parameters={}
?[0m?[0;34m2023-10-03T20:55:29.896+03:00 DEBUG 20256 --- [io-28852-exec-3] s.w.s.m.m.a.RequestMappingHandlerMapping : Mapped to cinema.controllers.CinemaController#adminStatistics(String)
?[0m?[0;34m2023-10-03T20:55:29.898+03:00 DEBUG 20256 --- [io-28852-exec-3] .m.m.a.ExceptionHandlerExceptionResolver : Using @ExceptionHandler cinema.controllers.exceptions.handlers.CustomExceptionHandler#handleAuthenticationException(AuthenticationException)
?[0m?[0;34m2023-10-03T20:55:29.899+03:00 DEBUG 20256 --- [io-28852-exec-3] o.s.w.s.m.m.a.HttpEntityMethodProcessor  : Using 'application/json', given [*/*] and supported [application/json, application/*+json]
?[0m?[0;34m2023-10-03T20:55:29.899+03:00 DEBUG 20256 --- [io-28852-exec-3] o.s.w.s.m.m.a.HttpEntityMethodProcessor  : Writing [cinema.controllers.exceptions.handlers.CustomExceptionHandler$ErrorResponse@21fb300]
?[0m?[0;34m2023-10-03T20:55:29.899+03:00 DEBUG 20256 --- [    Test worker] org.apache.http.wire                     : http-outgoing-10 << "HTTP/1.1 401 [\r][\n]"
?[0m?[0;34m2023-10-03T20:55:29.899+03:00 DEBUG 20256 --- [    Test worker] org.apache.http.wire                     : http-outgoing-10 << "Content-Type: application/json[\r][\n]"
?[0m?[0;34m2023-10-03T20:55:29.899+03:00 DEBUG 20256 --- [io-28852-exec-3] .m.m.a.ExceptionHandlerExceptionResolver : Resolved [cinema.controllers.exceptions.AuthenticationException]
?[0m?[0;34m2023-10-03T20:55:29.899+03:00 DEBUG 20256 --- [    Test worker] org.apache.http.wire                     : http-outgoing-10 << "Transfer-Encoding: chunked[\r][\n]"
?[0m?[0;34m2023-10-03T20:55:29.900+03:00 DEBUG 20256 --- [    Test worker] org.apache.http.wire                     : http-outgoing-10 << "Date: Tue, 03 Oct 2023 17:55:29 GMT[\r][\n]"
?[0m?[0;34m2023-10-03T20:55:29.900+03:00 DEBUG 20256 --- [io-28852-exec-3] o.s.web.servlet.DispatcherServlet        : Completed 401 UNAUTHORIZED
?[0m?[0;34m2023-10-03T20:55:29.900+03:00 DEBUG 20256 --- [    Test worker] org.apache.http.wire                     : http-outgoing-10 << "Keep-Alive: timeout=60[\r][\n]"
?[0m?[0;34m2023-10-03T20:55:29.900+03:00 DEBUG 20256 --- [    Test worker] org.apache.http.wire                     : http-outgoing-10 << "Connection: keep-alive[\r][\n]"
?[0m?[0;34m2023-10-03T20:55:29.900+03:00 DEBUG 20256 --- [    Test worker] org.apache.http.wire                     : http-outgoing-10 << "[\r][\n]"
?[0m?[0;34m2023-10-03T20:55:29.900+03:00 DEBUG 20256 --- [    Test worker] org.apache.http.wire                     : http-outgoing-10 << "6c[\r][\n]"
?[0m?[0;34m2023-10-03T20:55:29.900+03:00 DEBUG 20256 --- [    Test worker] org.apache.http.wire                     : http-outgoing-10 << "{"timestamp":"2023-10-03T17:55:29.899457200Z","status":401,"error":"The password is wrong!","path":"/stats"}[\r][\n]"
?[0m?[0;34m2023-10-03T20:55:29.900+03:00 DEBUG 20256 --- [    Test worker] org.apache.http.headers                  : http-outgoing-10 << HTTP/1.1 401 
?[0m?[0;34m2023-10-03T20:55:29.900+03:00 DEBUG 20256 --- [    Test worker] org.apache.http.headers                  : http-outgoing-10 << Content-Type: application/json
?[0m?[0;34m2023-10-03T20:55:29.900+03:00 DEBUG 20256 --- [    Test worker] org.apache.http.headers                  : http-outgoing-10 << Transfer-Encoding: chunked
?[0m?[0;34m2023-10-03T20:55:29.900+03:00 DEBUG 20256 --- [    Test worker] org.apache.http.headers                  : http-outgoing-10 << Date: Tue, 03 Oct 2023 17:55:29 GMT
?[0m?[0;34m2023-10-03T20:55:29.900+03:00 DEBUG 20256 --- [    Test worker] org.apache.http.headers                  : http-outgoing-10 << Keep-Alive: timeout=60
?[0m?[0;34m2023-10-03T20:55:29.900+03:00 DEBUG 20256 --- [    Test worker] org.apache.http.headers                  : http-outgoing-10 << Connection: keep-alive
?[0m?[0;34m2023-10-03T20:55:29.900+03:00 DEBUG 20256 --- [    Test worker] o.a.http.impl.execchain.MainClientExec   : Connection can be kept alive for 60000 MILLISECONDS
?[0m?[0;34m2023-10-03T20:55:29.900+03:00 DEBUG 20256 --- [    Test worker] o.a.http.impl.auth.HttpAuthenticator     : Authentication required
?[0m?[0;34m2023-10-03T20:55:29.900+03:00 DEBUG 20256 --- [    Test worker] o.a.http.impl.auth.HttpAuthenticator     : localhost:28852 requested authentication
?[0m?[0;34m2023-10-03T20:55:29.900+03:00 DEBUG 20256 --- [io-28852-exec-3] o.a.coyote.http11.Http11InputBuffer      : Before fill(): parsingHeader: [true], parsingRequestLine: [true], parsingRequestLinePhase: [0], parsingRequestLineStart: [0], byteBuffer.position(): [0], byteBuffer.limit(): [0], end: [153]
?[0m?[0;34m2023-10-03T20:55:29.900+03:00 DEBUG 20256 --- [    Test worker] o.a.http.impl.auth.HttpAuthenticator     : Response contains no authentication challenges
?[0m?[0;34m2023-10-03T20:55:29.901+03:00 DEBUG 20256 --- [io-28852-exec-3] o.a.tomcat.util.net.SocketWrapperBase    : Socket: [org.apache.tomcat.util.net.NioEndpoint$NioSocketWrapper@223ad7cc:org.apache.tomcat.util.net.NioChannel@67384def:java.nio.channels.SocketChannel[connected local=localhost/127.0.0.1:28852 remote=/127.0.0.1:60460]], Read from buffer: [0]
?[0m?[0;34m2023-10-03T20:55:29.901+03:00 DEBUG 20256 --- [    Test worker] org.apache.http.wire                     : http-outgoing-10 << "0[\r][\n]"
?[0m?[0;34m2023-10-03T20:55:29.901+03:00 DEBUG 20256 --- [    Test worker] org.apache.http.wire                     : http-outgoing-10 << "[\r][\n]"
?[0m?[0;34m2023-10-03T20:55:29.901+03:00 DEBUG 20256 --- [io-28852-exec-3] org.apache.tomcat.util.net.NioEndpoint   : Socket: [org.apache.tomcat.util.net.NioEndpoint$NioSocketWrapper@223ad7cc:org.apache.tomcat.util.net.NioChannel@67384def:java.nio.channels.SocketChannel[connected local=localhost/127.0.0.1:28852 remote=/127.0.0.1:60460]], Read direct from socket: [0]
?[0m?[0;34m2023-10-03T20:55:29.901+03:00 DEBUG 20256 --- [    Test worker] h.i.c.PoolingHttpClientConnectionManager : Connection [id: 10][route: {}->http://localhost:28852] can be kept alive for 60.0 seconds
?[0m?[0;34m2023-10-03T20:55:29.901+03:00 DEBUG 20256 --- [io-28852-exec-3] o.a.coyote.http11.Http11InputBuffer      : Received []
?[0m?[0;34m2023-10-03T20:55:29.901+03:00 DEBUG 20256 --- [    Test worker] h.i.c.DefaultManagedHttpClientConnection : http-outgoing-10: set socket timeout to 0
?[0m?[0;34m2023-10-03T20:55:29.901+03:00 DEBUG 20256 --- [io-28852-exec-3] o.apache.coyote.http11.Http11Processor   : Socket: [org.apache.tomcat.util.net.NioEndpoint$NioSocketWrapper@223ad7cc:org.apache.tomcat.util.net.NioChannel@67384def:java.nio.channels.SocketChannel[connected local=localhost/127.0.0.1:28852 remote=/127.0.0.1:60460]], Status in: [OPEN_READ], State out: [OPEN]
?[0m?[0;34m2023-10-03T20:55:29.901+03:00 DEBUG 20256 --- [    Test worker] h.i.c.PoolingHttpClientConnectionManager : Connection released: [id: 10][route: {}->http://localhost:28852][total available: 1; route allocated: 1 of 2; total allocated: 1 of 20]
?[0m?[0;34m2023-10-03T20:55:29.901+03:00 DEBUG 20256 --- [    Test worker] o.a.http.impl.execchain.MainClientExec   : Cancelling request execution
?[0m?[0;34m2023-10-03T20:55:29.901+03:00 DEBUG 20256 --- [io-28852-exec-3] org.apache.tomcat.util.net.NioEndpoint   : Registered read interest for [org.apache.tomcat.util.net.NioEndpoint$NioSocketWrapper@223ad7cc:org.apache.tomcat.util.net.NioChannel@67384def:java.nio.channels.SocketChannel[connected local=localhost/127.0.0.1:28852 remote=/127.0.0.1:60460]]
?[0m?[1;31m
Start test 8?[0m
?[0;34m2023-10-03T20:55:29.905+03:00 DEBUG 20256 --- [    Test worker] o.a.h.client.protocol.RequestAddCookies  : CookieSpec selected: default
?[0m?[0;34m2023-10-03T20:55:29.905+03:00 DEBUG 20256 --- [    Test worker] o.a.h.client.protocol.RequestAuthCache   : Auth cache not set in the context
?[0m?[0;34m2023-10-03T20:55:29.905+03:00 DEBUG 20256 --- [    Test worker] h.i.c.PoolingHttpClientConnectionManager : Connection request: [route: {}->http://localhost:28852][total available: 0; route allocated: 0 of 2; total allocated: 0 of 20]
?[0m?[0;34m2023-10-03T20:55:29.905+03:00 DEBUG 20256 --- [    Test worker] h.i.c.PoolingHttpClientConnectionManager : Connection leased: [id: 11][route: {}->http://localhost:28852][total available: 0; route allocated: 1 of 2; total allocated: 1 of 20]
?[0m?[0;34m2023-10-03T20:55:29.905+03:00 DEBUG 20256 --- [    Test worker] o.a.http.impl.execchain.MainClientExec   : Opening connection {}->http://localhost:28852
?[0m?[0;34m2023-10-03T20:55:29.905+03:00 DEBUG 20256 --- [    Test worker] .i.c.DefaultHttpClientConnectionOperator : Connecting to localhost/127.0.0.1:28852
?[0m?[0;34m2023-10-03T20:55:29.906+03:00 DEBUG 20256 --- [    Test worker] .i.c.DefaultHttpClientConnectionOperator : Connection established 127.0.0.1:60461<->127.0.0.1:28852
?[0m?[0;34m2023-10-03T20:55:29.906+03:00 DEBUG 20256 --- [    Test worker] o.a.http.impl.execchain.MainClientExec   : Executing request GET /stats?password=super_secret HTTP/1.1
?[0m?[0;34m2023-10-03T20:55:29.906+03:00 DEBUG 20256 --- [    Test worker] o.a.http.impl.execchain.MainClientExec   : Target auth state: UNCHALLENGED
?[0m?[0;34m2023-10-03T20:55:29.906+03:00 DEBUG 20256 --- [    Test worker] o.a.http.impl.execchain.MainClientExec   : Proxy auth state: UNCHALLENGED
?[0m?[0;34m2023-10-03T20:55:29.906+03:00 DEBUG 20256 --- [-28852-Acceptor] o.apache.tomcat.util.threads.LimitLatch  : Counting up[http-nio-28852-Acceptor] latch=5
?[0m?[0;34m2023-10-03T20:55:29.906+03:00 DEBUG 20256 --- [    Test worker] org.apache.http.headers                  : http-outgoing-11 >> GET /stats?password=super_secret HTTP/1.1
?[0m?[0;34m2023-10-03T20:55:29.906+03:00 DEBUG 20256 --- [    Test worker] org.apache.http.headers                  : http-outgoing-11 >> Host: localhost:28852
?[0m?[0;34m2023-10-03T20:55:29.906+03:00 DEBUG 20256 --- [    Test worker] org.apache.http.headers                  : http-outgoing-11 >> Connection: Keep-Alive
?[0m?[0;34m2023-10-03T20:55:29.906+03:00 DEBUG 20256 --- [    Test worker] org.apache.http.headers                  : http-outgoing-11 >> User-Agent: Apache-HttpClient/4.5.14 (Java/17.0.7)
?[0m?[0;34m2023-10-03T20:55:29.906+03:00 DEBUG 20256 --- [    Test worker] org.apache.http.headers                  : http-outgoing-11 >> Accept-Encoding: gzip,deflate
?[0m?[0;34m2023-10-03T20:55:29.906+03:00 DEBUG 20256 --- [    Test worker] org.apache.http.wire                     : http-outgoing-11 >> "GET /stats?password=super_secret HTTP/1.1[\r][\n]"
?[0m?[0;34m2023-10-03T20:55:29.906+03:00 DEBUG 20256 --- [    Test worker] org.apache.http.wire                     : http-outgoing-11 >> "Host: localhost:28852[\r][\n]"
?[0m?[0;34m2023-10-03T20:55:29.906+03:00 DEBUG 20256 --- [    Test worker] org.apache.http.wire                     : http-outgoing-11 >> "Connection: Keep-Alive[\r][\n]"
?[0m?[0;34m2023-10-03T20:55:29.906+03:00 DEBUG 20256 --- [    Test worker] org.apache.http.wire                     : http-outgoing-11 >> "User-Agent: Apache-HttpClient/4.5.14 (Java/17.0.7)[\r][\n]"
?[0m?[0;34m2023-10-03T20:55:29.906+03:00 DEBUG 20256 --- [    Test worker] org.apache.http.wire                     : http-outgoing-11 >> "Accept-Encoding: gzip,deflate[\r][\n]"
?[0m?[0;34m2023-10-03T20:55:29.906+03:00 DEBUG 20256 --- [    Test worker] org.apache.http.wire                     : http-outgoing-11 >> "[\r][\n]"
?[0m?[0;34m2023-10-03T20:55:29.906+03:00 DEBUG 20256 --- [io-28852-exec-5] o.a.coyote.http11.Http11InputBuffer      : Before fill(): parsingHeader: [true], parsingRequestLine: [true], parsingRequestLinePhase: [0], parsingRequestLineStart: [0], byteBuffer.position(): [0], byteBuffer.limit(): [0], end: [153]
?[0m?[0;34m2023-10-03T20:55:29.906+03:00 DEBUG 20256 --- [io-28852-exec-5] o.a.tomcat.util.net.SocketWrapperBase    : Socket: [org.apache.tomcat.util.net.NioEndpoint$NioSocketWrapper@18335dbc:org.apache.tomcat.util.net.NioChannel@5d31d0de:java.nio.channels.SocketChannel[connected local=localhost/127.0.0.1:28852 remote=/127.0.0.1:60461]], Read from buffer: [0]
?[0m?[0;34m2023-10-03T20:55:29.907+03:00 DEBUG 20256 --- [io-28852-exec-5] org.apache.tomcat.util.net.NioEndpoint   : Socket: [org.apache.tomcat.util.net.NioEndpoint$NioSocketWrapper@18335dbc:org.apache.tomcat.util.net.NioChannel@5d31d0de:java.nio.channels.SocketChannel[connected local=localhost/127.0.0.1:28852 remote=/127.0.0.1:60461]], Read direct from socket: [175]
?[0m?[0;34m2023-10-03T20:55:29.907+03:00 DEBUG 20256 --- [io-28852-exec-5] o.a.coyote.http11.Http11InputBuffer      : Received [GET /stats?password=super_secret HTTP/1.1
?[0m?[0;34mHost: localhost:28852
?[0m?[0;34mConnection: Keep-Alive
?[0m?[0;34mUser-Agent: Apache-HttpClient/4.5.14 (Java/17.0.7)
?[0m?[0;34mAccept-Encoding: gzip,deflate
?[0m?[0;34m
?[0m?[0;34m]
?[0m?[0;34m2023-10-03T20:55:29.907+03:00 DEBUG 20256 --- [io-28852-exec-5] o.a.c.authenticator.AuthenticatorBase    : Security checking request GET /stats
?[0m?[0;34m2023-10-03T20:55:29.907+03:00 DEBUG 20256 --- [io-28852-exec-5] org.apache.catalina.realm.RealmBase      :   No applicable constraints defined
?[0m?[0;34m2023-10-03T20:55:29.907+03:00 DEBUG 20256 --- [io-28852-exec-5] o.a.c.authenticator.AuthenticatorBase    : Not subject to any constraint
?[0m?[0;34m2023-10-03T20:55:29.909+03:00 DEBUG 20256 --- [io-28852-exec-5] org.apache.tomcat.util.http.Parameters   : Set encoding to UTF-8
?[0m?[0;34m2023-10-03T20:55:29.909+03:00 DEBUG 20256 --- [io-28852-exec-5] org.apache.tomcat.util.http.Parameters   : Decoding query null UTF-8
?[0m?[0;34m2023-10-03T20:55:29.909+03:00 DEBUG 20256 --- [io-28852-exec-5] org.apache.tomcat.util.http.Parameters   : Start processing with input [password=super_secret]
?[0m?[0;34m2023-10-03T20:55:29.909+03:00 DEBUG 20256 --- [io-28852-exec-5] o.s.web.servlet.DispatcherServlet        : GET "/stats?password=super_secret", parameters={masked}
?[0m?[0;34m2023-10-03T20:55:29.910+03:00 DEBUG 20256 --- [io-28852-exec-5] s.w.s.m.m.a.RequestMappingHandlerMapping : Mapped to cinema.controllers.CinemaController#adminStatistics(String)
?[0m?[0;34m2023-10-03T20:55:29.912+03:00 DEBUG 20256 --- [io-28852-exec-5] o.s.w.s.m.m.a.HttpEntityMethodProcessor  : Using 'application/json', given [*/*] and supported [application/json, application/*+json]
?[0m?[0;34m2023-10-03T20:55:29.912+03:00 DEBUG 20256 --- [io-28852-exec-5] o.s.w.s.m.m.a.HttpEntityMethodProcessor  : Writing [cinema.controllers.responses.AdminStatisticsResponse@4ff1aa3b]
?[0m?[0;34m2023-10-03T20:55:29.913+03:00 DEBUG 20256 --- [    Test worker] org.apache.http.wire                     : http-outgoing-11 << "HTTP/1.1 200 [\r][\n]"
?[0m?[0;34m2023-10-03T20:55:29.913+03:00 DEBUG 20256 --- [    Test worker] org.apache.http.wire                     : http-outgoing-11 << "Content-Type: application/json[\r][\n]"
?[0m?[0;34m2023-10-03T20:55:29.913+03:00 DEBUG 20256 --- [    Test worker] org.apache.http.wire                     : http-outgoing-11 << "Transfer-Encoding: chunked[\r][\n]"
?[0m?[0;34m2023-10-03T20:55:29.913+03:00 DEBUG 20256 --- [    Test worker] org.apache.http.wire                     : http-outgoing-11 << "Date: Tue, 03 Oct 2023 17:55:29 GMT[\r][\n]"
?[0m?[0;34m2023-10-03T20:55:29.913+03:00 DEBUG 20256 --- [    Test worker] org.apache.http.wire                     : http-outgoing-11 << "Keep-Alive: timeout=60[\r][\n]"
?[0m?[0;34m2023-10-03T20:55:29.913+03:00 DEBUG 20256 --- [    Test worker] org.apache.http.wire                     : http-outgoing-11 << "Connection: keep-alive[\r][\n]"
?[0m?[0;34m2023-10-03T20:55:29.913+03:00 DEBUG 20256 --- [    Test worker] org.apache.http.wire                     : http-outgoing-11 << "[\r][\n]"
?[0m?[0;34m2023-10-03T20:55:29.913+03:00 DEBUG 20256 --- [    Test worker] org.apache.http.wire                     : http-outgoing-11 << "2a[\r][\n]"
?[0m?[0;34m2023-10-03T20:55:29.913+03:00 DEBUG 20256 --- [io-28852-exec-5] o.s.web.servlet.DispatcherServlet        : Completed 200 OK
?[0m?[0;34m2023-10-03T20:55:29.913+03:00 DEBUG 20256 --- [    Test worker] org.apache.http.wire                     : http-outgoing-11 << "{"income":10,"available":80,"purchased":1}[\r][\n]"
?[0m?[0;34m2023-10-03T20:55:29.913+03:00 DEBUG 20256 --- [    Test worker] org.apache.http.headers                  : http-outgoing-11 << HTTP/1.1 200 
?[0m?[0;34m2023-10-03T20:55:29.913+03:00 DEBUG 20256 --- [    Test worker] org.apache.http.headers                  : http-outgoing-11 << Content-Type: application/json
?[0m?[0;34m2023-10-03T20:55:29.913+03:00 DEBUG 20256 --- [    Test worker] org.apache.http.headers                  : http-outgoing-11 << Transfer-Encoding: chunked
?[0m?[0;34m2023-10-03T20:55:29.913+03:00 DEBUG 20256 --- [    Test worker] org.apache.http.headers                  : http-outgoing-11 << Date: Tue, 03 Oct 2023 17:55:29 GMT
?[0m?[0;34m2023-10-03T20:55:29.913+03:00 DEBUG 20256 --- [    Test worker] org.apache.http.headers                  : http-outgoing-11 << Keep-Alive: timeout=60
?[0m?[0;34m2023-10-03T20:55:29.913+03:00 DEBUG 20256 --- [    Test worker] org.apache.http.headers                  : http-outgoing-11 << Connection: keep-alive
?[0m?[0;34m2023-10-03T20:55:29.914+03:00 DEBUG 20256 --- [    Test worker] o.a.http.impl.execchain.MainClientExec   : Connection can be kept alive for 60000 MILLISECONDS
?[0m?[0;34m2023-10-03T20:55:29.914+03:00 DEBUG 20256 --- [io-28852-exec-5] o.a.coyote.http11.Http11InputBuffer      : Before fill(): parsingHeader: [true], parsingRequestLine: [true], parsingRequestLinePhase: [0], parsingRequestLineStart: [0], byteBuffer.position(): [0], byteBuffer.limit(): [0], end: [175]
?[0m?[0;34m2023-10-03T20:55:29.914+03:00 DEBUG 20256 --- [    Test worker] org.apache.http.wire                     : http-outgoing-11 << "0[\r][\n]"
?[0m?[0;34m2023-10-03T20:55:29.914+03:00 DEBUG 20256 --- [    Test worker] org.apache.http.wire                     : http-outgoing-11 << "[\r][\n]"
?[0m?[0;34m2023-10-03T20:55:29.914+03:00 DEBUG 20256 --- [io-28852-exec-5] o.a.tomcat.util.net.SocketWrapperBase    : Socket: [org.apache.tomcat.util.net.NioEndpoint$NioSocketWrapper@18335dbc:org.apache.tomcat.util.net.NioChannel@5d31d0de:java.nio.channels.SocketChannel[connected local=localhost/127.0.0.1:28852 remote=/127.0.0.1:60461]], Read from buffer: [0]
?[0m?[0;34m2023-10-03T20:55:29.914+03:00 DEBUG 20256 --- [    Test worker] h.i.c.PoolingHttpClientConnectionManager : Connection [id: 11][route: {}->http://localhost:28852] can be kept alive for 60.0 seconds
?[0m?[0;34m2023-10-03T20:55:29.914+03:00 DEBUG 20256 --- [io-28852-exec-5] org.apache.tomcat.util.net.NioEndpoint   : Socket: [org.apache.tomcat.util.net.NioEndpoint$NioSocketWrapper@18335dbc:org.apache.tomcat.util.net.NioChannel@5d31d0de:java.nio.channels.SocketChannel[connected local=localhost/127.0.0.1:28852 remote=/127.0.0.1:60461]], Read direct from socket: [0]
?[0m?[0;34m2023-10-03T20:55:29.914+03:00 DEBUG 20256 --- [    Test worker] h.i.c.DefaultManagedHttpClientConnection : http-outgoing-11: set socket timeout to 0
?[0m?[0;34m2023-10-03T20:55:29.914+03:00 DEBUG 20256 --- [io-28852-exec-5] o.a.coyote.http11.Http11InputBuffer      : Received []
?[0m?[0;34m2023-10-03T20:55:29.914+03:00 DEBUG 20256 --- [    Test worker] h.i.c.PoolingHttpClientConnectionManager : Connection released: [id: 11][route: {}->http://localhost:28852][total available: 1; route allocated: 1 of 2; total allocated: 1 of 20]
?[0m?[0;34m2023-10-03T20:55:29.914+03:00 DEBUG 20256 --- [io-28852-exec-5] o.apache.coyote.http11.Http11Processor   : Socket: [org.apache.tomcat.util.net.NioEndpoint$NioSocketWrapper@18335dbc:org.apache.tomcat.util.net.NioChannel@5d31d0de:java.nio.channels.SocketChannel[connected local=localhost/127.0.0.1:28852 remote=/127.0.0.1:60461]], Status in: [OPEN_READ], State out: [OPEN]
?[0m?[0;34m2023-10-03T20:55:29.914+03:00 DEBUG 20256 --- [    Test worker] o.a.http.impl.execchain.MainClientExec   : Cancelling request execution
?[0m?[0;34m2023-10-03T20:55:29.914+03:00 DEBUG 20256 --- [io-28852-exec-5] org.apache.tomcat.util.net.NioEndpoint   : Registered read interest for [org.apache.tomcat.util.net.NioEndpoint$NioSocketWrapper@18335dbc:org.apache.tomcat.util.net.NioChannel@5d31d0de:java.nio.channels.SocketChannel[connected local=localhost/127.0.0.1:28852 remote=/127.0.0.1:60461]]
?[0m?[1;31m
Start test 9?[0m
?[0;34m2023-10-03T20:55:29.919+03:00 DEBUG 20256 --- [    Test worker] o.a.h.client.protocol.RequestAddCookies  : CookieSpec selected: default
?[0m?[0;34m2023-10-03T20:55:29.919+03:00 DEBUG 20256 --- [    Test worker] o.a.h.client.protocol.RequestAuthCache   : Auth cache not set in the context
?[0m?[0;34m2023-10-03T20:55:29.919+03:00 DEBUG 20256 --- [    Test worker] h.i.c.PoolingHttpClientConnectionManager : Connection request: [route: {}->http://localhost:28852][total available: 0; route allocated: 0 of 2; total allocated: 0 of 20]
?[0m?[0;34m2023-10-03T20:55:29.919+03:00 DEBUG 20256 --- [    Test worker] h.i.c.PoolingHttpClientConnectionManager : Connection leased: [id: 12][route: {}->http://localhost:28852][total available: 0; route allocated: 1 of 2; total allocated: 1 of 20]
?[0m?[0;34m2023-10-03T20:55:29.919+03:00 DEBUG 20256 --- [    Test worker] o.a.http.impl.execchain.MainClientExec   : Opening connection {}->http://localhost:28852
?[0m?[0;34m2023-10-03T20:55:29.919+03:00 DEBUG 20256 --- [    Test worker] .i.c.DefaultHttpClientConnectionOperator : Connecting to localhost/127.0.0.1:28852
?[0m?[0;34m2023-10-03T20:55:29.920+03:00 DEBUG 20256 --- [    Test worker] .i.c.DefaultHttpClientConnectionOperator : Connection established 127.0.0.1:60462<->127.0.0.1:28852
?[0m?[0;34m2023-10-03T20:55:29.920+03:00 DEBUG 20256 --- [    Test worker] o.a.http.impl.execchain.MainClientExec   : Executing request POST /purchase HTTP/1.1
?[0m?[0;34m2023-10-03T20:55:29.920+03:00 DEBUG 20256 --- [    Test worker] o.a.http.impl.execchain.MainClientExec   : Target auth state: UNCHALLENGED
?[0m?[0;34m2023-10-03T20:55:29.920+03:00 DEBUG 20256 --- [    Test worker] o.a.http.impl.execchain.MainClientExec   : Proxy auth state: UNCHALLENGED
?[0m?[0;34m2023-10-03T20:55:29.920+03:00 DEBUG 20256 --- [-28852-Acceptor] o.apache.tomcat.util.threads.LimitLatch  : Counting up[http-nio-28852-Acceptor] latch=6
?[0m?[0;34m2023-10-03T20:55:29.920+03:00 DEBUG 20256 --- [    Test worker] org.apache.http.headers                  : http-outgoing-12 >> POST /purchase HTTP/1.1
?[0m?[0;34m2023-10-03T20:55:29.920+03:00 DEBUG 20256 --- [    Test worker] org.apache.http.headers                  : http-outgoing-12 >> Content-Type: application/json
?[0m?[0;34m2023-10-03T20:55:29.920+03:00 DEBUG 20256 --- [    Test worker] org.apache.http.headers                  : http-outgoing-12 >> Content-Length: 24
?[0m?[0;34m2023-10-03T20:55:29.920+03:00 DEBUG 20256 --- [    Test worker] org.apache.http.headers                  : http-outgoing-12 >> Host: localhost:28852
?[0m?[0;34m2023-10-03T20:55:29.920+03:00 DEBUG 20256 --- [    Test worker] org.apache.http.headers                  : http-outgoing-12 >> Connection: Keep-Alive
?[0m?[0;34m2023-10-03T20:55:29.920+03:00 DEBUG 20256 --- [    Test worker] org.apache.http.headers                  : http-outgoing-12 >> User-Agent: Apache-HttpClient/4.5.14 (Java/17.0.7)
?[0m?[0;34m2023-10-03T20:55:29.920+03:00 DEBUG 20256 --- [    Test worker] org.apache.http.headers                  : http-outgoing-12 >> Accept-Encoding: gzip,deflate
?[0m?[0;34m2023-10-03T20:55:29.920+03:00 DEBUG 20256 --- [    Test worker] org.apache.http.wire                     : http-outgoing-12 >> "POST /purchase HTTP/1.1[\r][\n]"
?[0m?[0;34m2023-10-03T20:55:29.920+03:00 DEBUG 20256 --- [    Test worker] org.apache.http.wire                     : http-outgoing-12 >> "Content-Type: application/json[\r][\n]"
?[0m?[0;34m2023-10-03T20:55:29.920+03:00 DEBUG 20256 --- [    Test worker] org.apache.http.wire                     : http-outgoing-12 >> "Content-Length: 24[\r][\n]"
?[0m?[0;34m2023-10-03T20:55:29.920+03:00 DEBUG 20256 --- [    Test worker] org.apache.http.wire                     : http-outgoing-12 >> "Host: localhost:28852[\r][\n]"
?[0m?[0;34m2023-10-03T20:55:29.920+03:00 DEBUG 20256 --- [    Test worker] org.apache.http.wire                     : http-outgoing-12 >> "Connection: Keep-Alive[\r][\n]"
?[0m?[0;34m2023-10-03T20:55:29.920+03:00 DEBUG 20256 --- [    Test worker] org.apache.http.wire                     : http-outgoing-12 >> "User-Agent: Apache-HttpClient/4.5.14 (Java/17.0.7)[\r][\n]"
?[0m?[0;34m2023-10-03T20:55:29.920+03:00 DEBUG 20256 --- [    Test worker] org.apache.http.wire                     : http-outgoing-12 >> "Accept-Encoding: gzip,deflate[\r][\n]"
?[0m?[0;34m2023-10-03T20:55:29.920+03:00 DEBUG 20256 --- [    Test worker] org.apache.http.wire                     : http-outgoing-12 >> "[\r][\n]"
?[0m?[0;34m2023-10-03T20:55:29.920+03:00 DEBUG 20256 --- [    Test worker] org.apache.http.wire                     : http-outgoing-12 >> "{"column":"4","row":"7"}"
?[0m?[0;34m2023-10-03T20:55:29.920+03:00 DEBUG 20256 --- [io-28852-exec-4] o.a.coyote.http11.Http11InputBuffer      : Before fill(): parsingHeader: [true], parsingRequestLine: [true], parsingRequestLinePhase: [0], parsingRequestLineStart: [0], byteBuffer.position(): [0], byteBuffer.limit(): [0], end: [175]
?[0m?[0;34m2023-10-03T20:55:29.920+03:00 DEBUG 20256 --- [io-28852-exec-4] o.a.tomcat.util.net.SocketWrapperBase    : Socket: [org.apache.tomcat.util.net.NioEndpoint$NioSocketWrapper@ec2361e:org.apache.tomcat.util.net.NioChannel@3a8b07b8:java.nio.channels.SocketChannel[connected local=localhost/127.0.0.1:28852 remote=/127.0.0.1:60462]], Read from buffer: [0]
?[0m?[0;34m2023-10-03T20:55:29.920+03:00 DEBUG 20256 --- [io-28852-exec-4] org.apache.tomcat.util.net.NioEndpoint   : Socket: [org.apache.tomcat.util.net.NioEndpoint$NioSocketWrapper@ec2361e:org.apache.tomcat.util.net.NioChannel@3a8b07b8:java.nio.channels.SocketChannel[connected local=localhost/127.0.0.1:28852 remote=/127.0.0.1:60462]], Read direct from socket: [233]
?[0m?[0;34m2023-10-03T20:55:29.920+03:00 DEBUG 20256 --- [io-28852-exec-4] o.a.coyote.http11.Http11InputBuffer      : Received [POST /purchase HTTP/1.1
?[0m?[0;34mContent-Type: application/json
?[0m?[0;34mContent-Length: 24
?[0m?[0;34mHost: localhost:28852
?[0m?[0;34mConnection: Keep-Alive
?[0m?[0;34mUser-Agent: Apache-HttpClient/4.5.14 (Java/17.0.7)
?[0m?[0;34mAccept-Encoding: gzip,deflate
?[0m?[0;34m
?[0m?[0;34m{"column":"4","row":"7"}]
?[0m?[0;34m2023-10-03T20:55:29.921+03:00 DEBUG 20256 --- [io-28852-exec-4] o.a.c.authenticator.AuthenticatorBase    : Security checking request POST /purchase
?[0m?[0;34m2023-10-03T20:55:29.921+03:00 DEBUG 20256 --- [io-28852-exec-4] org.apache.catalina.realm.RealmBase      :   No applicable constraints defined
?[0m?[0;34m2023-10-03T20:55:29.921+03:00 DEBUG 20256 --- [io-28852-exec-4] o.a.c.authenticator.AuthenticatorBase    : Not subject to any constraint
?[0m?[0;34m2023-10-03T20:55:29.921+03:00 DEBUG 20256 --- [io-28852-exec-4] org.apache.tomcat.util.http.Parameters   : Set encoding to UTF-8
?[0m?[0;34m2023-10-03T20:55:29.921+03:00 DEBUG 20256 --- [io-28852-exec-4] o.s.web.servlet.DispatcherServlet        : POST "/purchase", parameters={}
?[0m?[0;34m2023-10-03T20:55:29.922+03:00 DEBUG 20256 --- [io-28852-exec-4] s.w.s.m.m.a.RequestMappingHandlerMapping : Mapped to cinema.controllers.CinemaController#purchaseSeat(SeatPurchaseRequest)
?[0m?[0;34m2023-10-03T20:55:29.922+03:00 DEBUG 20256 --- [io-28852-exec-4] m.m.a.RequestResponseBodyMethodProcessor : Read "application/json;charset=UTF-8" to [cinema.controllers.requests.SeatPurchaseRequest@725b336c]
?[0m?[0;34m2023-10-03T20:55:29.922+03:00 DEBUG 20256 --- [io-28852-exec-4] o.s.w.s.m.m.a.HttpEntityMethodProcessor  : Using 'application/json', given [*/*] and supported [application/json, application/*+json]
?[0m?[0;34m2023-10-03T20:55:29.923+03:00 DEBUG 20256 --- [io-28852-exec-4] o.s.w.s.m.m.a.HttpEntityMethodProcessor  : Writing [cinema.controllers.responses.PurchaseResponse@4e950aa8]
?[0m?[0;34m2023-10-03T20:55:29.923+03:00 DEBUG 20256 --- [    Test worker] org.apache.http.wire                     : http-outgoing-12 << "HTTP/1.1 200 [\r][\n]"
?[0m?[0;34m2023-10-03T20:55:29.923+03:00 DEBUG 20256 --- [io-28852-exec-4] o.s.web.servlet.DispatcherServlet        : Completed 200 OK
?[0m?[0;34m2023-10-03T20:55:29.923+03:00 DEBUG 20256 --- [    Test worker] org.apache.http.wire                     : http-outgoing-12 << "Content-Type: application/json[\r][\n]"
?[0m?[0;34m2023-10-03T20:55:29.923+03:00 DEBUG 20256 --- [    Test worker] org.apache.http.wire                     : http-outgoing-12 << "Transfer-Encoding: chunked[\r][\n]"
?[0m?[0;34m2023-10-03T20:55:29.923+03:00 DEBUG 20256 --- [    Test worker] org.apache.http.wire                     : http-outgoing-12 << "Date: Tue, 03 Oct 2023 17:55:29 GMT[\r][\n]"
?[0m?[0;34m2023-10-03T20:55:29.923+03:00 DEBUG 20256 --- [    Test worker] org.apache.http.wire                     : http-outgoing-12 << "Keep-Alive: timeout=60[\r][\n]"
?[0m?[0;34m2023-10-03T20:55:29.923+03:00 DEBUG 20256 --- [    Test worker] org.apache.http.wire                     : http-outgoing-12 << "Connection: keep-alive[\r][\n]"
?[0m?[0;34m2023-10-03T20:55:29.923+03:00 DEBUG 20256 --- [    Test worker] org.apache.http.wire                     : http-outgoing-12 << "[\r][\n]"
?[0m?[0;34m2023-10-03T20:55:29.923+03:00 DEBUG 20256 --- [    Test worker] org.apache.http.wire                     : http-outgoing-12 << "58[\r][\n]"
?[0m?[0;34m2023-10-03T20:55:29.923+03:00 DEBUG 20256 --- [    Test worker] org.apache.http.wire                     : http-outgoing-12 << "{"token":"1a19f53d-f382-4cc4-9ce6-540deba9d0d1","ticket":{"row":7,"column":4,"price":8}}[\r][\n]"
?[0m?[0;34m2023-10-03T20:55:29.923+03:00 DEBUG 20256 --- [    Test worker] org.apache.http.headers                  : http-outgoing-12 << HTTP/1.1 200 
?[0m?[0;34m2023-10-03T20:55:29.923+03:00 DEBUG 20256 --- [    Test worker] org.apache.http.headers                  : http-outgoing-12 << Content-Type: application/json
?[0m?[0;34m2023-10-03T20:55:29.923+03:00 DEBUG 20256 --- [    Test worker] org.apache.http.headers                  : http-outgoing-12 << Transfer-Encoding: chunked
?[0m?[0;34m2023-10-03T20:55:29.923+03:00 DEBUG 20256 --- [    Test worker] org.apache.http.headers                  : http-outgoing-12 << Date: Tue, 03 Oct 2023 17:55:29 GMT
?[0m?[0;34m2023-10-03T20:55:29.923+03:00 DEBUG 20256 --- [    Test worker] org.apache.http.headers                  : http-outgoing-12 << Keep-Alive: timeout=60
?[0m?[0;34m2023-10-03T20:55:29.923+03:00 DEBUG 20256 --- [    Test worker] org.apache.http.headers                  : http-outgoing-12 << Connection: keep-alive
?[0m?[0;34m2023-10-03T20:55:29.923+03:00 DEBUG 20256 --- [io-28852-exec-4] o.a.coyote.http11.Http11InputBuffer      : Before fill(): parsingHeader: [true], parsingRequestLine: [true], parsingRequestLinePhase: [0], parsingRequestLineStart: [0], byteBuffer.position(): [0], byteBuffer.limit(): [0], end: [209]
?[0m?[0;34m2023-10-03T20:55:29.923+03:00 DEBUG 20256 --- [    Test worker] o.a.http.impl.execchain.MainClientExec   : Connection can be kept alive for 60000 MILLISECONDS
?[0m?[0;34m2023-10-03T20:55:29.923+03:00 DEBUG 20256 --- [io-28852-exec-4] o.a.tomcat.util.net.SocketWrapperBase    : Socket: [org.apache.tomcat.util.net.NioEndpoint$NioSocketWrapper@ec2361e:org.apache.tomcat.util.net.NioChannel@3a8b07b8:java.nio.channels.SocketChannel[connected local=localhost/127.0.0.1:28852 remote=/127.0.0.1:60462]], Read from buffer: [0]
?[0m?[0;34m2023-10-03T20:55:29.924+03:00 DEBUG 20256 --- [io-28852-exec-4] org.apache.tomcat.util.net.NioEndpoint   : Socket: [org.apache.tomcat.util.net.NioEndpoint$NioSocketWrapper@ec2361e:org.apache.tomcat.util.net.NioChannel@3a8b07b8:java.nio.channels.SocketChannel[connected local=localhost/127.0.0.1:28852 remote=/127.0.0.1:60462]], Read direct from socket: [0]
?[0m?[0;34m2023-10-03T20:55:29.924+03:00 DEBUG 20256 --- [    Test worker] org.apache.http.wire                     : http-outgoing-12 << "0[\r][\n]"
?[0m?[0;34m2023-10-03T20:55:29.924+03:00 DEBUG 20256 --- [io-28852-exec-4] o.a.coyote.http11.Http11InputBuffer      : Received []
?[0m?[0;34m2023-10-03T20:55:29.924+03:00 DEBUG 20256 --- [    Test worker] org.apache.http.wire                     : http-outgoing-12 << "[\r][\n]"
?[0m?[0;34m2023-10-03T20:55:29.924+03:00 DEBUG 20256 --- [io-28852-exec-4] o.apache.coyote.http11.Http11Processor   : Socket: [org.apache.tomcat.util.net.NioEndpoint$NioSocketWrapper@ec2361e:org.apache.tomcat.util.net.NioChannel@3a8b07b8:java.nio.channels.SocketChannel[connected local=localhost/127.0.0.1:28852 remote=/127.0.0.1:60462]], Status in: [OPEN_READ], State out: [OPEN]
?[0m?[0;34m2023-10-03T20:55:29.924+03:00 DEBUG 20256 --- [    Test worker] h.i.c.PoolingHttpClientConnectionManager : Connection [id: 12][route: {}->http://localhost:28852] can be kept alive for 60.0 seconds
?[0m?[0;34m2023-10-03T20:55:29.924+03:00 DEBUG 20256 --- [    Test worker] h.i.c.DefaultManagedHttpClientConnection : http-outgoing-12: set socket timeout to 0
?[0m?[0;34m2023-10-03T20:55:29.924+03:00 DEBUG 20256 --- [io-28852-exec-4] org.apache.tomcat.util.net.NioEndpoint   : Registered read interest for [org.apache.tomcat.util.net.NioEndpoint$NioSocketWrapper@ec2361e:org.apache.tomcat.util.net.NioChannel@3a8b07b8:java.nio.channels.SocketChannel[connected local=localhost/127.0.0.1:28852 remote=/127.0.0.1:60462]]
?[0m?[0;34m2023-10-03T20:55:29.924+03:00 DEBUG 20256 --- [    Test worker] h.i.c.PoolingHttpClientConnectionManager : Connection released: [id: 12][route: {}->http://localhost:28852][total available: 1; route allocated: 1 of 2; total allocated: 1 of 20]
?[0m?[0;34m2023-10-03T20:55:29.924+03:00 DEBUG 20256 --- [    Test worker] o.a.http.impl.execchain.MainClientExec   : Cancelling request execution
?[0m?[1;31m
Start test 10?[0m
?[0;34m2023-10-03T20:55:29.928+03:00 DEBUG 20256 --- [    Test worker] o.a.h.client.protocol.RequestAddCookies  : CookieSpec selected: default
?[0m?[0;34m2023-10-03T20:55:29.928+03:00 DEBUG 20256 --- [    Test worker] o.a.h.client.protocol.RequestAuthCache   : Auth cache not set in the context
?[0m?[0;34m2023-10-03T20:55:29.928+03:00 DEBUG 20256 --- [    Test worker] h.i.c.PoolingHttpClientConnectionManager : Connection request: [route: {}->http://localhost:28852][total available: 0; route allocated: 0 of 2; total allocated: 0 of 20]
?[0m?[0;34m2023-10-03T20:55:29.928+03:00 DEBUG 20256 --- [    Test worker] h.i.c.PoolingHttpClientConnectionManager : Connection leased: [id: 13][route: {}->http://localhost:28852][total available: 0; route allocated: 1 of 2; total allocated: 1 of 20]
?[0m?[0;34m2023-10-03T20:55:29.928+03:00 DEBUG 20256 --- [    Test worker] o.a.http.impl.execchain.MainClientExec   : Opening connection {}->http://localhost:28852
?[0m?[0;34m2023-10-03T20:55:29.928+03:00 DEBUG 20256 --- [    Test worker] .i.c.DefaultHttpClientConnectionOperator : Connecting to localhost/127.0.0.1:28852
?[0m?[0;34m2023-10-03T20:55:29.928+03:00 DEBUG 20256 --- [    Test worker] .i.c.DefaultHttpClientConnectionOperator : Connection established 127.0.0.1:60463<->127.0.0.1:28852
?[0m?[0;34m2023-10-03T20:55:29.928+03:00 DEBUG 20256 --- [    Test worker] o.a.http.impl.execchain.MainClientExec   : Executing request GET /stats?password=super_secret HTTP/1.1
?[0m?[0;34m2023-10-03T20:55:29.928+03:00 DEBUG 20256 --- [    Test worker] o.a.http.impl.execchain.MainClientExec   : Target auth state: UNCHALLENGED
?[0m?[0;34m2023-10-03T20:55:29.928+03:00 DEBUG 20256 --- [    Test worker] o.a.http.impl.execchain.MainClientExec   : Proxy auth state: UNCHALLENGED
?[0m?[0;34m2023-10-03T20:55:29.928+03:00 DEBUG 20256 --- [-28852-Acceptor] o.apache.tomcat.util.threads.LimitLatch  : Counting up[http-nio-28852-Acceptor] latch=7
?[0m?[0;34m2023-10-03T20:55:29.928+03:00 DEBUG 20256 --- [    Test worker] org.apache.http.headers                  : http-outgoing-13 >> GET /stats?password=super_secret HTTP/1.1
?[0m?[0;34m2023-10-03T20:55:29.928+03:00 DEBUG 20256 --- [    Test worker] org.apache.http.headers                  : http-outgoing-13 >> Host: localhost:28852
?[0m?[0;34m2023-10-03T20:55:29.928+03:00 DEBUG 20256 --- [    Test worker] org.apache.http.headers                  : http-outgoing-13 >> Connection: Keep-Alive
?[0m?[0;34m2023-10-03T20:55:29.928+03:00 DEBUG 20256 --- [    Test worker] org.apache.http.headers                  : http-outgoing-13 >> User-Agent: Apache-HttpClient/4.5.14 (Java/17.0.7)
?[0m?[0;34m2023-10-03T20:55:29.928+03:00 DEBUG 20256 --- [    Test worker] org.apache.http.headers                  : http-outgoing-13 >> Accept-Encoding: gzip,deflate
?[0m?[0;34m2023-10-03T20:55:29.928+03:00 DEBUG 20256 --- [    Test worker] org.apache.http.wire                     : http-outgoing-13 >> "GET /stats?password=super_secret HTTP/1.1[\r][\n]"
?[0m?[0;34m2023-10-03T20:55:29.928+03:00 DEBUG 20256 --- [    Test worker] org.apache.http.wire                     : http-outgoing-13 >> "Host: localhost:28852[\r][\n]"
?[0m?[0;34m2023-10-03T20:55:29.929+03:00 DEBUG 20256 --- [    Test worker] org.apache.http.wire                     : http-outgoing-13 >> "Connection: Keep-Alive[\r][\n]"
?[0m?[0;34m2023-10-03T20:55:29.929+03:00 DEBUG 20256 --- [    Test worker] org.apache.http.wire                     : http-outgoing-13 >> "User-Agent: Apache-HttpClient/4.5.14 (Java/17.0.7)[\r][\n]"
?[0m?[0;34m2023-10-03T20:55:29.929+03:00 DEBUG 20256 --- [    Test worker] org.apache.http.wire                     : http-outgoing-13 >> "Accept-Encoding: gzip,deflate[\r][\n]"
?[0m?[0;34m2023-10-03T20:55:29.929+03:00 DEBUG 20256 --- [    Test worker] org.apache.http.wire                     : http-outgoing-13 >> "[\r][\n]"
?[0m?[0;34m2023-10-03T20:55:29.929+03:00 DEBUG 20256 --- [io-28852-exec-6] o.a.coyote.http11.Http11InputBuffer      : Before fill(): parsingHeader: [true], parsingRequestLine: [true], parsingRequestLinePhase: [0], parsingRequestLineStart: [0], byteBuffer.position(): [0], byteBuffer.limit(): [0], end: [209]
?[0m?[0;34m2023-10-03T20:55:29.929+03:00 DEBUG 20256 --- [io-28852-exec-6] o.a.tomcat.util.net.SocketWrapperBase    : Socket: [org.apache.tomcat.util.net.NioEndpoint$NioSocketWrapper@700f6c4b:org.apache.tomcat.util.net.NioChannel@151aff16:java.nio.channels.SocketChannel[connected local=localhost/127.0.0.1:28852 remote=/127.0.0.1:60463]], Read from buffer: [0]
?[0m?[0;34m2023-10-03T20:55:29.929+03:00 DEBUG 20256 --- [io-28852-exec-6] org.apache.tomcat.util.net.NioEndpoint   : Socket: [org.apache.tomcat.util.net.NioEndpoint$NioSocketWrapper@700f6c4b:org.apache.tomcat.util.net.NioChannel@151aff16:java.nio.channels.SocketChannel[connected local=localhost/127.0.0.1:28852 remote=/127.0.0.1:60463]], Read direct from socket: [175]
?[0m?[0;34m2023-10-03T20:55:29.929+03:00 DEBUG 20256 --- [io-28852-exec-6] o.a.coyote.http11.Http11InputBuffer      : Received [GET /stats?password=super_secret HTTP/1.1
?[0m?[0;34mHost: localhost:28852
?[0m?[0;34mConnection: Keep-Alive
?[0m?[0;34mUser-Agent: Apache-HttpClient/4.5.14 (Java/17.0.7)
?[0m?[0;34mAccept-Encoding: gzip,deflate
?[0m?[0;34m
?[0m?[0;34m]
?[0m?[0;34m2023-10-03T20:55:29.929+03:00 DEBUG 20256 --- [io-28852-exec-6] o.a.c.authenticator.AuthenticatorBase    : Security checking request GET /stats
?[0m?[0;34m2023-10-03T20:55:29.929+03:00 DEBUG 20256 --- [io-28852-exec-6] org.apache.catalina.realm.RealmBase      :   No applicable constraints defined
?[0m?[0;34m2023-10-03T20:55:29.929+03:00 DEBUG 20256 --- [io-28852-exec-6] o.a.c.authenticator.AuthenticatorBase    : Not subject to any constraint
?[0m?[0;34m2023-10-03T20:55:29.930+03:00 DEBUG 20256 --- [io-28852-exec-6] org.apache.tomcat.util.http.Parameters   : Set encoding to UTF-8
?[0m?[0;34m2023-10-03T20:55:29.930+03:00 DEBUG 20256 --- [io-28852-exec-6] org.apache.tomcat.util.http.Parameters   : Decoding query null UTF-8
?[0m?[0;34m2023-10-03T20:55:29.930+03:00 DEBUG 20256 --- [io-28852-exec-6] org.apache.tomcat.util.http.Parameters   : Start processing with input [password=super_secret]
?[0m?[0;34m2023-10-03T20:55:29.930+03:00 DEBUG 20256 --- [io-28852-exec-6] o.s.web.servlet.DispatcherServlet        : GET "/stats?password=super_secret", parameters={masked}
?[0m?[0;34m2023-10-03T20:55:29.930+03:00 DEBUG 20256 --- [io-28852-exec-6] s.w.s.m.m.a.RequestMappingHandlerMapping : Mapped to cinema.controllers.CinemaController#adminStatistics(String)
?[0m?[0;34m2023-10-03T20:55:29.931+03:00 DEBUG 20256 --- [io-28852-exec-6] o.s.w.s.m.m.a.HttpEntityMethodProcessor  : Using 'application/json', given [*/*] and supported [application/json, application/*+json]
?[0m?[0;34m2023-10-03T20:55:29.931+03:00 DEBUG 20256 --- [io-28852-exec-6] o.s.w.s.m.m.a.HttpEntityMethodProcessor  : Writing [cinema.controllers.responses.AdminStatisticsResponse@3d0ce7f1]
?[0m?[0;34m2023-10-03T20:55:29.931+03:00 DEBUG 20256 --- [    Test worker] org.apache.http.wire                     : http-outgoing-13 << "HTTP/1.1 200 [\r][\n]"
?[0m?[0;34m2023-10-03T20:55:29.931+03:00 DEBUG 20256 --- [    Test worker] org.apache.http.wire                     : http-outgoing-13 << "Content-Type: application/json[\r][\n]"
?[0m?[0;34m2023-10-03T20:55:29.931+03:00 DEBUG 20256 --- [    Test worker] org.apache.http.wire                     : http-outgoing-13 << "Transfer-Encoding: chunked[\r][\n]"
?[0m?[0;34m2023-10-03T20:55:29.931+03:00 DEBUG 20256 --- [io-28852-exec-6] o.s.web.servlet.DispatcherServlet        : Completed 200 OK
?[0m?[0;34m2023-10-03T20:55:29.931+03:00 DEBUG 20256 --- [    Test worker] org.apache.http.wire                     : http-outgoing-13 << "Date: Tue, 03 Oct 2023 17:55:29 GMT[\r][\n]"
?[0m?[0;34m2023-10-03T20:55:29.931+03:00 DEBUG 20256 --- [    Test worker] org.apache.http.wire                     : http-outgoing-13 << "Keep-Alive: timeout=60[\r][\n]"
?[0m?[0;34m2023-10-03T20:55:29.931+03:00 DEBUG 20256 --- [    Test worker] org.apache.http.wire                     : http-outgoing-13 << "Connection: keep-alive[\r][\n]"
?[0m?[0;34m2023-10-03T20:55:29.931+03:00 DEBUG 20256 --- [    Test worker] org.apache.http.wire                     : http-outgoing-13 << "[\r][\n]"
?[0m?[0;34m2023-10-03T20:55:29.931+03:00 DEBUG 20256 --- [    Test worker] org.apache.http.wire                     : http-outgoing-13 << "2a[\r][\n]"
?[0m?[0;34m2023-10-03T20:55:29.931+03:00 DEBUG 20256 --- [    Test worker] org.apache.http.wire                     : http-outgoing-13 << "{"income":18,"available":79,"purchased":2}[\r][\n]"
?[0m?[0;34m2023-10-03T20:55:29.931+03:00 DEBUG 20256 --- [    Test worker] org.apache.http.headers                  : http-outgoing-13 << HTTP/1.1 200 
?[0m?[0;34m2023-10-03T20:55:29.931+03:00 DEBUG 20256 --- [    Test worker] org.apache.http.headers                  : http-outgoing-13 << Content-Type: application/json
?[0m?[0;34m2023-10-03T20:55:29.931+03:00 DEBUG 20256 --- [    Test worker] org.apache.http.headers                  : http-outgoing-13 << Transfer-Encoding: chunked
?[0m?[0;34m2023-10-03T20:55:29.931+03:00 DEBUG 20256 --- [    Test worker] org.apache.http.headers                  : http-outgoing-13 << Date: Tue, 03 Oct 2023 17:55:29 GMT
?[0m?[0;34m2023-10-03T20:55:29.931+03:00 DEBUG 20256 --- [    Test worker] org.apache.http.headers                  : http-outgoing-13 << Keep-Alive: timeout=60
?[0m?[0;34m2023-10-03T20:55:29.931+03:00 DEBUG 20256 --- [    Test worker] org.apache.http.headers                  : http-outgoing-13 << Connection: keep-alive
?[0m?[0;34m2023-10-03T20:55:29.932+03:00 DEBUG 20256 --- [    Test worker] o.a.http.impl.execchain.MainClientExec   : Connection can be kept alive for 60000 MILLISECONDS
?[0m?[0;34m2023-10-03T20:55:29.932+03:00 DEBUG 20256 --- [io-28852-exec-6] o.a.coyote.http11.Http11InputBuffer      : Before fill(): parsingHeader: [true], parsingRequestLine: [true], parsingRequestLinePhase: [0], parsingRequestLineStart: [0], byteBuffer.position(): [0], byteBuffer.limit(): [0], end: [175]
?[0m?[0;34m2023-10-03T20:55:29.932+03:00 DEBUG 20256 --- [    Test worker] org.apache.http.wire                     : http-outgoing-13 << "0[\r][\n]"
?[0m?[0;34m2023-10-03T20:55:29.932+03:00 DEBUG 20256 --- [    Test worker] org.apache.http.wire                     : http-outgoing-13 << "[\r][\n]"
?[0m?[0;34m2023-10-03T20:55:29.932+03:00 DEBUG 20256 --- [io-28852-exec-6] o.a.tomcat.util.net.SocketWrapperBase    : Socket: [org.apache.tomcat.util.net.NioEndpoint$NioSocketWrapper@700f6c4b:org.apache.tomcat.util.net.NioChannel@151aff16:java.nio.channels.SocketChannel[connected local=localhost/127.0.0.1:28852 remote=/127.0.0.1:60463]], Read from buffer: [0]
?[0m?[0;34m2023-10-03T20:55:29.932+03:00 DEBUG 20256 --- [    Test worker] h.i.c.PoolingHttpClientConnectionManager : Connection [id: 13][route: {}->http://localhost:28852] can be kept alive for 60.0 seconds
?[0m?[0;34m2023-10-03T20:55:29.932+03:00 DEBUG 20256 --- [    Test worker] h.i.c.DefaultManagedHttpClientConnection : http-outgoing-13: set socket timeout to 0
?[0m?[0;34m2023-10-03T20:55:29.932+03:00 DEBUG 20256 --- [io-28852-exec-6] org.apache.tomcat.util.net.NioEndpoint   : Socket: [org.apache.tomcat.util.net.NioEndpoint$NioSocketWrapper@700f6c4b:org.apache.tomcat.util.net.NioChannel@151aff16:java.nio.channels.SocketChannel[connected local=localhost/127.0.0.1:28852 remote=/127.0.0.1:60463]], Read direct from socket: [0]
?[0m?[0;34m2023-10-03T20:55:29.932+03:00 DEBUG 20256 --- [    Test worker] h.i.c.PoolingHttpClientConnectionManager : Connection released: [id: 13][route: {}->http://localhost:28852][total available: 1; route allocated: 1 of 2; total allocated: 1 of 20]
?[0m?[0;34m2023-10-03T20:55:29.932+03:00 DEBUG 20256 --- [io-28852-exec-6] o.a.coyote.http11.Http11InputBuffer      : Received []
?[0m?[0;34m2023-10-03T20:55:29.932+03:00 DEBUG 20256 --- [    Test worker] o.a.http.impl.execchain.MainClientExec   : Cancelling request execution
?[0m?[0;34m2023-10-03T20:55:29.932+03:00 DEBUG 20256 --- [io-28852-exec-6] o.apache.coyote.http11.Http11Processor   : Socket: [org.apache.tomcat.util.net.NioEndpoint$NioSocketWrapper@700f6c4b:org.apache.tomcat.util.net.NioChannel@151aff16:java.nio.channels.SocketChannel[connected local=localhost/127.0.0.1:28852 remote=/127.0.0.1:60463]], Status in: [OPEN_READ], State out: [OPEN]
?[0m?[0;34m2023-10-03T20:55:29.932+03:00 DEBUG 20256 --- [io-28852-exec-6] org.apache.tomcat.util.net.NioEndpoint   : Registered read interest for [org.apache.tomcat.util.net.NioEndpoint$NioSocketWrapper@700f6c4b:org.apache.tomcat.util.net.NioChannel@151aff16:java.nio.channels.SocketChannel[connected local=localhost/127.0.0.1:28852 remote=/127.0.0.1:60463]]
?[0m?[1;31m
Start test 11?[0m
?[0;34m2023-10-03T20:55:29.935+03:00 DEBUG 20256 --- [    Test worker] o.a.h.client.protocol.RequestAddCookies  : CookieSpec selected: default
?[0m?[0;34m2023-10-03T20:55:29.936+03:00 DEBUG 20256 --- [    Test worker] o.a.h.client.protocol.RequestAuthCache   : Auth cache not set in the context
?[0m?[0;34m2023-10-03T20:55:29.936+03:00 DEBUG 20256 --- [    Test worker] h.i.c.PoolingHttpClientConnectionManager : Connection request: [route: {}->http://localhost:28852][total available: 0; route allocated: 0 of 2; total allocated: 0 of 20]
?[0m?[0;34m2023-10-03T20:55:29.936+03:00 DEBUG 20256 --- [    Test worker] h.i.c.PoolingHttpClientConnectionManager : Connection leased: [id: 14][route: {}->http://localhost:28852][total available: 0; route allocated: 1 of 2; total allocated: 1 of 20]
?[0m?[0;34m2023-10-03T20:55:29.936+03:00 DEBUG 20256 --- [    Test worker] o.a.http.impl.execchain.MainClientExec   : Opening connection {}->http://localhost:28852
?[0m?[0;34m2023-10-03T20:55:29.936+03:00 DEBUG 20256 --- [    Test worker] .i.c.DefaultHttpClientConnectionOperator : Connecting to localhost/127.0.0.1:28852
?[0m?[0;34m2023-10-03T20:55:29.936+03:00 DEBUG 20256 --- [    Test worker] .i.c.DefaultHttpClientConnectionOperator : Connection established 127.0.0.1:60464<->127.0.0.1:28852
?[0m?[0;34m2023-10-03T20:55:29.936+03:00 DEBUG 20256 --- [    Test worker] o.a.http.impl.execchain.MainClientExec   : Executing request POST /return HTTP/1.1
?[0m?[0;34m2023-10-03T20:55:29.936+03:00 DEBUG 20256 --- [    Test worker] o.a.http.impl.execchain.MainClientExec   : Target auth state: UNCHALLENGED
?[0m?[0;34m2023-10-03T20:55:29.936+03:00 DEBUG 20256 --- [    Test worker] o.a.http.impl.execchain.MainClientExec   : Proxy auth state: UNCHALLENGED
?[0m?[0;34m2023-10-03T20:55:29.936+03:00 DEBUG 20256 --- [-28852-Acceptor] o.apache.tomcat.util.threads.LimitLatch  : Counting up[http-nio-28852-Acceptor] latch=8
?[0m?[0;34m2023-10-03T20:55:29.936+03:00 DEBUG 20256 --- [    Test worker] org.apache.http.headers                  : http-outgoing-14 >> POST /return HTTP/1.1
?[0m?[0;34m2023-10-03T20:55:29.936+03:00 DEBUG 20256 --- [    Test worker] org.apache.http.headers                  : http-outgoing-14 >> Content-Type: application/json
?[0m?[0;34m2023-10-03T20:55:29.936+03:00 DEBUG 20256 --- [    Test worker] org.apache.http.headers                  : http-outgoing-14 >> Content-Length: 48
?[0m?[0;34m2023-10-03T20:55:29.936+03:00 DEBUG 20256 --- [    Test worker] org.apache.http.headers                  : http-outgoing-14 >> Host: localhost:28852
?[0m?[0;34m2023-10-03T20:55:29.936+03:00 DEBUG 20256 --- [    Test worker] org.apache.http.headers                  : http-outgoing-14 >> Connection: Keep-Alive
?[0m?[0;34m2023-10-03T20:55:29.936+03:00 DEBUG 20256 --- [    Test worker] org.apache.http.headers                  : http-outgoing-14 >> User-Agent: Apache-HttpClient/4.5.14 (Java/17.0.7)
?[0m?[0;34m2023-10-03T20:55:29.936+03:00 DEBUG 20256 --- [    Test worker] org.apache.http.headers                  : http-outgoing-14 >> Accept-Encoding: gzip,deflate
?[0m?[0;34m2023-10-03T20:55:29.936+03:00 DEBUG 20256 --- [    Test worker] org.apache.http.wire                     : http-outgoing-14 >> "POST /return HTTP/1.1[\r][\n]"
?[0m?[0;34m2023-10-03T20:55:29.936+03:00 DEBUG 20256 --- [    Test worker] org.apache.http.wire                     : http-outgoing-14 >> "Content-Type: application/json[\r][\n]"
?[0m?[0;34m2023-10-03T20:55:29.936+03:00 DEBUG 20256 --- [    Test worker] org.apache.http.wire                     : http-outgoing-14 >> "Content-Length: 48[\r][\n]"
?[0m?[0;34m2023-10-03T20:55:29.937+03:00 DEBUG 20256 --- [    Test worker] org.apache.http.wire                     : http-outgoing-14 >> "Host: localhost:28852[\r][\n]"
?[0m?[0;34m2023-10-03T20:55:29.937+03:00 DEBUG 20256 --- [    Test worker] org.apache.http.wire                     : http-outgoing-14 >> "Connection: Keep-Alive[\r][\n]"
?[0m?[0;34m2023-10-03T20:55:29.937+03:00 DEBUG 20256 --- [    Test worker] org.apache.http.wire                     : http-outgoing-14 >> "User-Agent: Apache-HttpClient/4.5.14 (Java/17.0.7)[\r][\n]"
?[0m?[0;34m2023-10-03T20:55:29.937+03:00 DEBUG 20256 --- [    Test worker] org.apache.http.wire                     : http-outgoing-14 >> "Accept-Encoding: gzip,deflate[\r][\n]"
?[0m?[0;34m2023-10-03T20:55:29.937+03:00 DEBUG 20256 --- [    Test worker] org.apache.http.wire                     : http-outgoing-14 >> "[\r][\n]"
?[0m?[0;34m2023-10-03T20:55:29.937+03:00 DEBUG 20256 --- [    Test worker] org.apache.http.wire                     : http-outgoing-14 >> "{"token":"1a19f53d-f382-4cc4-9ce6-540deba9d0d1"}"
?[0m?[0;34m2023-10-03T20:55:29.937+03:00 DEBUG 20256 --- [io-28852-exec-7] o.a.coyote.http11.Http11InputBuffer      : Before fill(): parsingHeader: [true], parsingRequestLine: [true], parsingRequestLinePhase: [0], parsingRequestLineStart: [0], byteBuffer.position(): [0], byteBuffer.limit(): [0], end: [175]
?[0m?[0;34m2023-10-03T20:55:29.937+03:00 DEBUG 20256 --- [io-28852-exec-7] o.a.tomcat.util.net.SocketWrapperBase    : Socket: [org.apache.tomcat.util.net.NioEndpoint$NioSocketWrapper@1c84c1cc:org.apache.tomcat.util.net.NioChannel@157ed262:java.nio.channels.SocketChannel[connected local=localhost/127.0.0.1:28852 remote=/127.0.0.1:60464]], Read from buffer: [0]
?[0m?[0;34m2023-10-03T20:55:29.937+03:00 DEBUG 20256 --- [io-28852-exec-7] org.apache.tomcat.util.net.NioEndpoint   : Socket: [org.apache.tomcat.util.net.NioEndpoint$NioSocketWrapper@1c84c1cc:org.apache.tomcat.util.net.NioChannel@157ed262:java.nio.channels.SocketChannel[connected local=localhost/127.0.0.1:28852 remote=/127.0.0.1:60464]], Read direct from socket: [255]
?[0m?[0;34m2023-10-03T20:55:29.937+03:00 DEBUG 20256 --- [io-28852-exec-7] o.a.coyote.http11.Http11InputBuffer      : Received [POST /return HTTP/1.1
?[0m?[0;34mContent-Type: application/json
?[0m?[0;34mContent-Length: 48
?[0m?[0;34mHost: localhost:28852
?[0m?[0;34mConnection: Keep-Alive
?[0m?[0;34mUser-Agent: Apache-HttpClient/4.5.14 (Java/17.0.7)
?[0m?[0;34mAccept-Encoding: gzip,deflate
?[0m?[0;34m
?[0m?[0;34m{"token":"1a19f53d-f382-4cc4-9ce6-540deba9d0d1"}]
?[0m?[0;34m2023-10-03T20:55:29.937+03:00 DEBUG 20256 --- [io-28852-exec-7] o.a.c.authenticator.AuthenticatorBase    : Security checking request POST /return
?[0m?[0;34m2023-10-03T20:55:29.937+03:00 DEBUG 20256 --- [io-28852-exec-7] org.apache.catalina.realm.RealmBase      :   No applicable constraints defined
?[0m?[0;34m2023-10-03T20:55:29.937+03:00 DEBUG 20256 --- [io-28852-exec-7] o.a.c.authenticator.AuthenticatorBase    : Not subject to any constraint
?[0m?[0;34m2023-10-03T20:55:29.938+03:00 DEBUG 20256 --- [io-28852-exec-7] org.apache.tomcat.util.http.Parameters   : Set encoding to UTF-8
?[0m?[0;34m2023-10-03T20:55:29.938+03:00 DEBUG 20256 --- [io-28852-exec-7] o.s.web.servlet.DispatcherServlet        : POST "/return", parameters={}
?[0m?[0;34m2023-10-03T20:55:29.939+03:00 DEBUG 20256 --- [io-28852-exec-7] s.w.s.m.m.a.RequestMappingHandlerMapping : Mapped to cinema.controllers.CinemaController#returnSeat(String)
?[0m?[0;34m2023-10-03T20:55:29.940+03:00 DEBUG 20256 --- [io-28852-exec-7] m.m.a.RequestResponseBodyMethodProcessor : Read "application/json;charset=UTF-8" to ["{"token":"1a19f53d-f382-4cc4-9ce6-540deba9d0d1"}"]
?[0m?[0;34m2023-10-03T20:55:29.940+03:00 DEBUG 20256 --- [io-28852-exec-7] o.s.w.s.m.m.a.HttpEntityMethodProcessor  : Using 'application/json', given [*/*] and supported [application/json, application/*+json]
?[0m?[0;34m2023-10-03T20:55:29.940+03:00 DEBUG 20256 --- [io-28852-exec-7] o.s.w.s.m.m.a.HttpEntityMethodProcessor  : Writing [cinema.model.ReturnedTicket@6400dcee]
?[0m?[0;34m2023-10-03T20:55:29.940+03:00 DEBUG 20256 --- [    Test worker] org.apache.http.wire                     : http-outgoing-14 << "HTTP/1.1 200 [\r][\n]"
?[0m?[0;34m2023-10-03T20:55:29.940+03:00 DEBUG 20256 --- [    Test worker] org.apache.http.wire                     : http-outgoing-14 << "Content-Type: application/json[\r][\n]"
?[0m?[0;34m2023-10-03T20:55:29.941+03:00 DEBUG 20256 --- [    Test worker] org.apache.http.wire                     : http-outgoing-14 << "Transfer-Encoding: chunked[\r][\n]"
?[0m?[0;34m2023-10-03T20:55:29.941+03:00 DEBUG 20256 --- [    Test worker] org.apache.http.wire                     : http-outgoing-14 << "Date: Tue, 03 Oct 2023 17:55:29 GMT[\r][\n]"
?[0m?[0;34m2023-10-03T20:55:29.941+03:00 DEBUG 20256 --- [io-28852-exec-7] o.s.web.servlet.DispatcherServlet        : Completed 200 OK
?[0m?[0;34m2023-10-03T20:55:29.941+03:00 DEBUG 20256 --- [    Test worker] org.apache.http.wire                     : http-outgoing-14 << "Keep-Alive: timeout=60[\r][\n]"
?[0m?[0;34m2023-10-03T20:55:29.941+03:00 DEBUG 20256 --- [    Test worker] org.apache.http.wire                     : http-outgoing-14 << "Connection: keep-alive[\r][\n]"
?[0m?[0;34m2023-10-03T20:55:29.941+03:00 DEBUG 20256 --- [    Test worker] org.apache.http.wire                     : http-outgoing-14 << "[\r][\n]"
?[0m?[0;34m2023-10-03T20:55:29.941+03:00 DEBUG 20256 --- [    Test worker] org.apache.http.wire                     : http-outgoing-14 << "29[\r][\n]"
?[0m?[0;34m2023-10-03T20:55:29.941+03:00 DEBUG 20256 --- [    Test worker] org.apache.http.wire                     : http-outgoing-14 << "{"ticket":{"row":7,"column":4,"price":8}}[\r][\n]"
?[0m?[0;34m2023-10-03T20:55:29.941+03:00 DEBUG 20256 --- [    Test worker] org.apache.http.headers                  : http-outgoing-14 << HTTP/1.1 200 
?[0m?[0;34m2023-10-03T20:55:29.941+03:00 DEBUG 20256 --- [    Test worker] org.apache.http.headers                  : http-outgoing-14 << Content-Type: application/json
?[0m?[0;34m2023-10-03T20:55:29.941+03:00 DEBUG 20256 --- [    Test worker] org.apache.http.headers                  : http-outgoing-14 << Transfer-Encoding: chunked
?[0m?[0;34m2023-10-03T20:55:29.941+03:00 DEBUG 20256 --- [    Test worker] org.apache.http.headers                  : http-outgoing-14 << Date: Tue, 03 Oct 2023 17:55:29 GMT
?[0m?[0;34m2023-10-03T20:55:29.941+03:00 DEBUG 20256 --- [    Test worker] org.apache.http.headers                  : http-outgoing-14 << Keep-Alive: timeout=60
?[0m?[0;34m2023-10-03T20:55:29.941+03:00 DEBUG 20256 --- [    Test worker] org.apache.http.headers                  : http-outgoing-14 << Connection: keep-alive
?[0m?[0;34m2023-10-03T20:55:29.941+03:00 DEBUG 20256 --- [io-28852-exec-7] o.a.coyote.http11.Http11InputBuffer      : Before fill(): parsingHeader: [true], parsingRequestLine: [true], parsingRequestLinePhase: [0], parsingRequestLineStart: [0], byteBuffer.position(): [0], byteBuffer.limit(): [0], end: [207]
?[0m?[0;34m2023-10-03T20:55:29.941+03:00 DEBUG 20256 --- [    Test worker] o.a.http.impl.execchain.MainClientExec   : Connection can be kept alive for 60000 MILLISECONDS
?[0m?[0;34m2023-10-03T20:55:29.941+03:00 DEBUG 20256 --- [io-28852-exec-7] o.a.tomcat.util.net.SocketWrapperBase    : Socket: [org.apache.tomcat.util.net.NioEndpoint$NioSocketWrapper@1c84c1cc:org.apache.tomcat.util.net.NioChannel@157ed262:java.nio.channels.SocketChannel[connected local=localhost/127.0.0.1:28852 remote=/127.0.0.1:60464]], Read from buffer: [0]
?[0m?[0;34m2023-10-03T20:55:29.941+03:00 DEBUG 20256 --- [io-28852-exec-7] org.apache.tomcat.util.net.NioEndpoint   : Socket: [org.apache.tomcat.util.net.NioEndpoint$NioSocketWrapper@1c84c1cc:org.apache.tomcat.util.net.NioChannel@157ed262:java.nio.channels.SocketChannel[connected local=localhost/127.0.0.1:28852 remote=/127.0.0.1:60464]], Read direct from socket: [0]
?[0m?[0;34m2023-10-03T20:55:29.941+03:00 DEBUG 20256 --- [    Test worker] org.apache.http.wire                     : http-outgoing-14 << "0[\r][\n]"
?[0m?[0;34m2023-10-03T20:55:29.941+03:00 DEBUG 20256 --- [io-28852-exec-7] o.a.coyote.http11.Http11InputBuffer      : Received []
?[0m?[0;34m2023-10-03T20:55:29.941+03:00 DEBUG 20256 --- [    Test worker] org.apache.http.wire                     : http-outgoing-14 << "[\r][\n]"
?[0m?[0;34m2023-10-03T20:55:29.941+03:00 DEBUG 20256 --- [io-28852-exec-7] o.apache.coyote.http11.Http11Processor   : Socket: [org.apache.tomcat.util.net.NioEndpoint$NioSocketWrapper@1c84c1cc:org.apache.tomcat.util.net.NioChannel@157ed262:java.nio.channels.SocketChannel[connected local=localhost/127.0.0.1:28852 remote=/127.0.0.1:60464]], Status in: [OPEN_READ], State out: [OPEN]
?[0m?[0;34m2023-10-03T20:55:29.941+03:00 DEBUG 20256 --- [    Test worker] h.i.c.PoolingHttpClientConnectionManager : Connection [id: 14][route: {}->http://localhost:28852] can be kept alive for 60.0 seconds
?[0m?[0;34m2023-10-03T20:55:29.941+03:00 DEBUG 20256 --- [    Test worker] h.i.c.DefaultManagedHttpClientConnection : http-outgoing-14: set socket timeout to 0
?[0m?[0;34m2023-10-03T20:55:29.941+03:00 DEBUG 20256 --- [io-28852-exec-7] org.apache.tomcat.util.net.NioEndpoint   : Registered read interest for [org.apache.tomcat.util.net.NioEndpoint$NioSocketWrapper@1c84c1cc:org.apache.tomcat.util.net.NioChannel@157ed262:java.nio.channels.SocketChannel[connected local=localhost/127.0.0.1:28852 remote=/127.0.0.1:60464]]
?[0m?[0;34m2023-10-03T20:55:29.941+03:00 DEBUG 20256 --- [    Test worker] h.i.c.PoolingHttpClientConnectionManager : Connection released: [id: 14][route: {}->http://localhost:28852][total available: 1; route allocated: 1 of 2; total allocated: 1 of 20]
?[0m?[0;34m2023-10-03T20:55:29.941+03:00 DEBUG 20256 --- [    Test worker] o.a.http.impl.execchain.MainClientExec   : Cancelling request execution
?[0m?[1;31m
Start test 12?[0m
?[0;34m2023-10-03T20:55:29.945+03:00 DEBUG 20256 --- [    Test worker] o.a.h.client.protocol.RequestAddCookies  : CookieSpec selected: default
?[0m?[0;34m2023-10-03T20:55:29.945+03:00 DEBUG 20256 --- [    Test worker] o.a.h.client.protocol.RequestAuthCache   : Auth cache not set in the context
?[0m?[0;34m2023-10-03T20:55:29.945+03:00 DEBUG 20256 --- [    Test worker] h.i.c.PoolingHttpClientConnectionManager : Connection request: [route: {}->http://localhost:28852][total available: 0; route allocated: 0 of 2; total allocated: 0 of 20]
?[0m?[0;34m2023-10-03T20:55:29.945+03:00 DEBUG 20256 --- [    Test worker] h.i.c.PoolingHttpClientConnectionManager : Connection leased: [id: 15][route: {}->http://localhost:28852][total available: 0; route allocated: 1 of 2; total allocated: 1 of 20]
?[0m?[0;34m2023-10-03T20:55:29.945+03:00 DEBUG 20256 --- [    Test worker] o.a.http.impl.execchain.MainClientExec   : Opening connection {}->http://localhost:28852
?[0m?[0;34m2023-10-03T20:55:29.945+03:00 DEBUG 20256 --- [    Test worker] .i.c.DefaultHttpClientConnectionOperator : Connecting to localhost/127.0.0.1:28852
?[0m?[0;34m2023-10-03T20:55:29.946+03:00 DEBUG 20256 --- [    Test worker] .i.c.DefaultHttpClientConnectionOperator : Connection established 127.0.0.1:60465<->127.0.0.1:28852
?[0m?[0;34m2023-10-03T20:55:29.946+03:00 DEBUG 20256 --- [    Test worker] o.a.http.impl.execchain.MainClientExec   : Executing request GET /stats?password=super_secret HTTP/1.1
?[0m?[0;34m2023-10-03T20:55:29.946+03:00 DEBUG 20256 --- [    Test worker] o.a.http.impl.execchain.MainClientExec   : Target auth state: UNCHALLENGED
?[0m?[0;34m2023-10-03T20:55:29.946+03:00 DEBUG 20256 --- [    Test worker] o.a.http.impl.execchain.MainClientExec   : Proxy auth state: UNCHALLENGED
?[0m?[0;34m2023-10-03T20:55:29.946+03:00 DEBUG 20256 --- [    Test worker] org.apache.http.headers                  : http-outgoing-15 >> GET /stats?password=super_secret HTTP/1.1
?[0m?[0;34m2023-10-03T20:55:29.946+03:00 DEBUG 20256 --- [    Test worker] org.apache.http.headers                  : http-outgoing-15 >> Host: localhost:28852
?[0m?[0;34m2023-10-03T20:55:29.946+03:00 DEBUG 20256 --- [-28852-Acceptor] o.apache.tomcat.util.threads.LimitLatch  : Counting up[http-nio-28852-Acceptor] latch=9
?[0m?[0;34m2023-10-03T20:55:29.946+03:00 DEBUG 20256 --- [    Test worker] org.apache.http.headers                  : http-outgoing-15 >> Connection: Keep-Alive
?[0m?[0;34m2023-10-03T20:55:29.946+03:00 DEBUG 20256 --- [    Test worker] org.apache.http.headers                  : http-outgoing-15 >> User-Agent: Apache-HttpClient/4.5.14 (Java/17.0.7)
?[0m?[0;34m2023-10-03T20:55:29.946+03:00 DEBUG 20256 --- [    Test worker] org.apache.http.headers                  : http-outgoing-15 >> Accept-Encoding: gzip,deflate
?[0m?[0;34m2023-10-03T20:55:29.946+03:00 DEBUG 20256 --- [    Test worker] org.apache.http.wire                     : http-outgoing-15 >> "GET /stats?password=super_secret HTTP/1.1[\r][\n]"
?[0m?[0;34m2023-10-03T20:55:29.946+03:00 DEBUG 20256 --- [    Test worker] org.apache.http.wire                     : http-outgoing-15 >> "Host: localhost:28852[\r][\n]"
?[0m?[0;34m2023-10-03T20:55:29.946+03:00 DEBUG 20256 --- [    Test worker] org.apache.http.wire                     : http-outgoing-15 >> "Connection: Keep-Alive[\r][\n]"
?[0m?[0;34m2023-10-03T20:55:29.946+03:00 DEBUG 20256 --- [    Test worker] org.apache.http.wire                     : http-outgoing-15 >> "User-Agent: Apache-HttpClient/4.5.14 (Java/17.0.7)[\r][\n]"
?[0m?[0;34m2023-10-03T20:55:29.946+03:00 DEBUG 20256 --- [    Test worker] org.apache.http.wire                     : http-outgoing-15 >> "Accept-Encoding: gzip,deflate[\r][\n]"
?[0m?[0;34m2023-10-03T20:55:29.946+03:00 DEBUG 20256 --- [    Test worker] org.apache.http.wire                     : http-outgoing-15 >> "[\r][\n]"
?[0m?[0;34m2023-10-03T20:55:29.946+03:00 DEBUG 20256 --- [io-28852-exec-8] o.a.coyote.http11.Http11InputBuffer      : Before fill(): parsingHeader: [true], parsingRequestLine: [true], parsingRequestLinePhase: [0], parsingRequestLineStart: [0], byteBuffer.position(): [0], byteBuffer.limit(): [0], end: [207]
?[0m?[0;34m2023-10-03T20:55:29.946+03:00 DEBUG 20256 --- [io-28852-exec-8] o.a.tomcat.util.net.SocketWrapperBase    : Socket: [org.apache.tomcat.util.net.NioEndpoint$NioSocketWrapper@1e24ac1b:org.apache.tomcat.util.net.NioChannel@a21d9af:java.nio.channels.SocketChannel[connected local=localhost/127.0.0.1:28852 remote=/127.0.0.1:60465]], Read from buffer: [0]
?[0m?[0;34m2023-10-03T20:55:29.947+03:00 DEBUG 20256 --- [io-28852-exec-8] org.apache.tomcat.util.net.NioEndpoint   : Socket: [org.apache.tomcat.util.net.NioEndpoint$NioSocketWrapper@1e24ac1b:org.apache.tomcat.util.net.NioChannel@a21d9af:java.nio.channels.SocketChannel[connected local=localhost/127.0.0.1:28852 remote=/127.0.0.1:60465]], Read direct from socket: [175]
?[0m?[0;34m2023-10-03T20:55:29.947+03:00 DEBUG 20256 --- [io-28852-exec-8] o.a.coyote.http11.Http11InputBuffer      : Received [GET /stats?password=super_secret HTTP/1.1
?[0m?[0;34mHost: localhost:28852
?[0m?[0;34mConnection: Keep-Alive
?[0m?[0;34mUser-Agent: Apache-HttpClient/4.5.14 (Java/17.0.7)
?[0m?[0;34mAccept-Encoding: gzip,deflate
?[0m?[0;34m
?[0m?[0;34m]
?[0m?[0;34m2023-10-03T20:55:29.947+03:00 DEBUG 20256 --- [io-28852-exec-8] o.a.c.authenticator.AuthenticatorBase    : Security checking request GET /stats
?[0m?[0;34m2023-10-03T20:55:29.947+03:00 DEBUG 20256 --- [io-28852-exec-8] org.apache.catalina.realm.RealmBase      :   No applicable constraints defined
?[0m?[0;34m2023-10-03T20:55:29.947+03:00 DEBUG 20256 --- [io-28852-exec-8] o.a.c.authenticator.AuthenticatorBase    : Not subject to any constraint
?[0m?[0;34m2023-10-03T20:55:29.949+03:00 DEBUG 20256 --- [io-28852-exec-8] org.apache.tomcat.util.http.Parameters   : Set encoding to UTF-8
?[0m?[0;34m2023-10-03T20:55:29.949+03:00 DEBUG 20256 --- [io-28852-exec-8] org.apache.tomcat.util.http.Parameters   : Decoding query null UTF-8
?[0m?[0;34m2023-10-03T20:55:29.949+03:00 DEBUG 20256 --- [io-28852-exec-8] org.apache.tomcat.util.http.Parameters   : Start processing with input [password=super_secret]
?[0m?[0;34m2023-10-03T20:55:29.949+03:00 DEBUG 20256 --- [io-28852-exec-8] o.s.web.servlet.DispatcherServlet        : GET "/stats?password=super_secret", parameters={masked}
?[0m?[0;34m2023-10-03T20:55:29.949+03:00 DEBUG 20256 --- [io-28852-exec-8] s.w.s.m.m.a.RequestMappingHandlerMapping : Mapped to cinema.controllers.CinemaController#adminStatistics(String)
?[0m?[0;34m2023-10-03T20:55:29.950+03:00 DEBUG 20256 --- [io-28852-exec-8] o.s.w.s.m.m.a.HttpEntityMethodProcessor  : Using 'application/json', given [*/*] and supported [application/json, application/*+json]
?[0m?[0;34m2023-10-03T20:55:29.950+03:00 DEBUG 20256 --- [io-28852-exec-8] o.s.w.s.m.m.a.HttpEntityMethodProcessor  : Writing [cinema.controllers.responses.AdminStatisticsResponse@600001e3]
?[0m?[0;34m2023-10-03T20:55:29.950+03:00 DEBUG 20256 --- [    Test worker] org.apache.http.wire                     : http-outgoing-15 << "HTTP/1.1 200 [\r][\n]"
?[0m?[0;34m2023-10-03T20:55:29.950+03:00 DEBUG 20256 --- [    Test worker] org.apache.http.wire                     : http-outgoing-15 << "Content-Type: application/json[\r][\n]"
?[0m?[0;34m2023-10-03T20:55:29.950+03:00 DEBUG 20256 --- [    Test worker] org.apache.http.wire                     : http-outgoing-15 << "Transfer-Encoding: chunked[\r][\n]"
?[0m?[0;34m2023-10-03T20:55:29.950+03:00 DEBUG 20256 --- [io-28852-exec-8] o.s.web.servlet.DispatcherServlet        : Completed 200 OK
?[0m?[0;34m2023-10-03T20:55:29.950+03:00 DEBUG 20256 --- [    Test worker] org.apache.http.wire                     : http-outgoing-15 << "Date: Tue, 03 Oct 2023 17:55:29 GMT[\r][\n]"
?[0m?[0;34m2023-10-03T20:55:29.950+03:00 DEBUG 20256 --- [    Test worker] org.apache.http.wire                     : http-outgoing-15 << "Keep-Alive: timeout=60[\r][\n]"
?[0m?[0;34m2023-10-03T20:55:29.950+03:00 DEBUG 20256 --- [    Test worker] org.apache.http.wire                     : http-outgoing-15 << "Connection: keep-alive[\r][\n]"
?[0m?[0;34m2023-10-03T20:55:29.950+03:00 DEBUG 20256 --- [    Test worker] org.apache.http.wire                     : http-outgoing-15 << "[\r][\n]"
?[0m?[0;34m2023-10-03T20:55:29.950+03:00 DEBUG 20256 --- [    Test worker] org.apache.http.wire                     : http-outgoing-15 << "2a[\r][\n]"
?[0m?[0;34m2023-10-03T20:55:29.950+03:00 DEBUG 20256 --- [    Test worker] org.apache.http.wire                     : http-outgoing-15 << "{"income":10,"available":80,"purchased":1}[\r][\n]"
?[0m?[0;34m2023-10-03T20:55:29.950+03:00 DEBUG 20256 --- [    Test worker] org.apache.http.headers                  : http-outgoing-15 << HTTP/1.1 200 
?[0m?[0;34m2023-10-03T20:55:29.950+03:00 DEBUG 20256 --- [    Test worker] org.apache.http.headers                  : http-outgoing-15 << Content-Type: application/json
?[0m?[0;34m2023-10-03T20:55:29.950+03:00 DEBUG 20256 --- [    Test worker] org.apache.http.headers                  : http-outgoing-15 << Transfer-Encoding: chunked
?[0m?[0;34m2023-10-03T20:55:29.950+03:00 DEBUG 20256 --- [    Test worker] org.apache.http.headers                  : http-outgoing-15 << Date: Tue, 03 Oct 2023 17:55:29 GMT
?[0m?[0;34m2023-10-03T20:55:29.950+03:00 DEBUG 20256 --- [    Test worker] org.apache.http.headers                  : http-outgoing-15 << Keep-Alive: timeout=60
?[0m?[0;34m2023-10-03T20:55:29.951+03:00 DEBUG 20256 --- [    Test worker] org.apache.http.headers                  : http-outgoing-15 << Connection: keep-alive
?[0m?[0;34m2023-10-03T20:55:29.951+03:00 DEBUG 20256 --- [io-28852-exec-8] o.a.coyote.http11.Http11InputBuffer      : Before fill(): parsingHeader: [true], parsingRequestLine: [true], parsingRequestLinePhase: [0], parsingRequestLineStart: [0], byteBuffer.position(): [0], byteBuffer.limit(): [0], end: [175]
?[0m?[0;34m2023-10-03T20:55:29.951+03:00 DEBUG 20256 --- [    Test worker] o.a.http.impl.execchain.MainClientExec   : Connection can be kept alive for 60000 MILLISECONDS
?[0m?[0;34m2023-10-03T20:55:29.951+03:00 DEBUG 20256 --- [io-28852-exec-8] o.a.tomcat.util.net.SocketWrapperBase    : Socket: [org.apache.tomcat.util.net.NioEndpoint$NioSocketWrapper@1e24ac1b:org.apache.tomcat.util.net.NioChannel@a21d9af:java.nio.channels.SocketChannel[connected local=localhost/127.0.0.1:28852 remote=/127.0.0.1:60465]], Read from buffer: [0]
?[0m?[0;34m2023-10-03T20:55:29.951+03:00 DEBUG 20256 --- [    Test worker] org.apache.http.wire                     : http-outgoing-15 << "0[\r][\n]"
?[0m?[0;34m2023-10-03T20:55:29.951+03:00 DEBUG 20256 --- [io-28852-exec-8] org.apache.tomcat.util.net.NioEndpoint   : Socket: [org.apache.tomcat.util.net.NioEndpoint$NioSocketWrapper@1e24ac1b:org.apache.tomcat.util.net.NioChannel@a21d9af:java.nio.channels.SocketChannel[connected local=localhost/127.0.0.1:28852 remote=/127.0.0.1:60465]], Read direct from socket: [0]
?[0m?[0;34m2023-10-03T20:55:29.951+03:00 DEBUG 20256 --- [    Test worker] org.apache.http.wire                     : http-outgoing-15 << "[\r][\n]"
?[0m?[0;34m2023-10-03T20:55:29.951+03:00 DEBUG 20256 --- [io-28852-exec-8] o.a.coyote.http11.Http11InputBuffer      : Received []
?[0m?[0;34m2023-10-03T20:55:29.951+03:00 DEBUG 20256 --- [io-28852-exec-8] o.apache.coyote.http11.Http11Processor   : Socket: [org.apache.tomcat.util.net.NioEndpoint$NioSocketWrapper@1e24ac1b:org.apache.tomcat.util.net.NioChannel@a21d9af:java.nio.channels.SocketChannel[connected local=localhost/127.0.0.1:28852 remote=/127.0.0.1:60465]], Status in: [OPEN_READ], State out: [OPEN]
?[0m?[0;34m2023-10-03T20:55:29.951+03:00 DEBUG 20256 --- [    Test worker] h.i.c.PoolingHttpClientConnectionManager : Connection [id: 15][route: {}->http://localhost:28852] can be kept alive for 60.0 seconds
?[0m?[0;34m2023-10-03T20:55:29.951+03:00 DEBUG 20256 --- [io-28852-exec-8] org.apache.tomcat.util.net.NioEndpoint   : Registered read interest for [org.apache.tomcat.util.net.NioEndpoint$NioSocketWrapper@1e24ac1b:org.apache.tomcat.util.net.NioChannel@a21d9af:java.nio.channels.SocketChannel[connected local=localhost/127.0.0.1:28852 remote=/127.0.0.1:60465]]
?[0m?[0;34m2023-10-03T20:55:29.951+03:00 DEBUG 20256 --- [    Test worker] h.i.c.DefaultManagedHttpClientConnection : http-outgoing-15: set socket timeout to 0
?[0m?[0;34m2023-10-03T20:55:29.951+03:00 DEBUG 20256 --- [    Test worker] h.i.c.PoolingHttpClientConnectionManager : Connection released: [id: 15][route: {}->http://localhost:28852][total available: 1; route allocated: 1 of 2; total allocated: 1 of 20]
?[0m?[0;34m2023-10-03T20:55:29.951+03:00 DEBUG 20256 --- [    Test worker] o.a.http.impl.execchain.MainClientExec   : Cancelling request execution
?[0m?[1;31m
Start test 13?[0m
?[0;34m2023-10-03T20:55:29.955+03:00 DEBUG 20256 --- [    Test worker] o.a.h.client.protocol.RequestAddCookies  : CookieSpec selected: default
?[0m?[0;34m2023-10-03T20:55:29.955+03:00 DEBUG 20256 --- [    Test worker] o.a.h.client.protocol.RequestAuthCache   : Auth cache not set in the context
?[0m?[0;34m2023-10-03T20:55:29.955+03:00 DEBUG 20256 --- [    Test worker] h.i.c.PoolingHttpClientConnectionManager : Connection request: [route: {}->http://localhost:28852][total available: 0; route allocated: 0 of 2; total allocated: 0 of 20]
?[0m?[0;34m2023-10-03T20:55:29.955+03:00 DEBUG 20256 --- [    Test worker] h.i.c.PoolingHttpClientConnectionManager : Connection leased: [id: 16][route: {}->http://localhost:28852][total available: 0; route allocated: 1 of 2; total allocated: 1 of 20]
?[0m?[0;34m2023-10-03T20:55:29.955+03:00 DEBUG 20256 --- [    Test worker] o.a.http.impl.execchain.MainClientExec   : Opening connection {}->http://localhost:28852
?[0m?[0;34m2023-10-03T20:55:29.955+03:00 DEBUG 20256 --- [    Test worker] .i.c.DefaultHttpClientConnectionOperator : Connecting to localhost/127.0.0.1:28852
?[0m?[0;34m2023-10-03T20:55:29.955+03:00 DEBUG 20256 --- [    Test worker] .i.c.DefaultHttpClientConnectionOperator : Connection established 127.0.0.1:60466<->127.0.0.1:28852
?[0m?[0;34m2023-10-03T20:55:29.955+03:00 DEBUG 20256 --- [    Test worker] o.a.http.impl.execchain.MainClientExec   : Executing request POST /purchase HTTP/1.1
?[0m?[0;34m2023-10-03T20:55:29.955+03:00 DEBUG 20256 --- [    Test worker] o.a.http.impl.execchain.MainClientExec   : Target auth state: UNCHALLENGED
?[0m?[0;34m2023-10-03T20:55:29.955+03:00 DEBUG 20256 --- [    Test worker] o.a.http.impl.execchain.MainClientExec   : Proxy auth state: UNCHALLENGED
?[0m?[0;34m2023-10-03T20:55:29.955+03:00 DEBUG 20256 --- [-28852-Acceptor] o.apache.tomcat.util.threads.LimitLatch  : Counting up[http-nio-28852-Acceptor] latch=10
?[0m?[0;34m2023-10-03T20:55:29.955+03:00 DEBUG 20256 --- [    Test worker] org.apache.http.headers                  : http-outgoing-16 >> POST /purchase HTTP/1.1
?[0m?[0;34m2023-10-03T20:55:29.955+03:00 DEBUG 20256 --- [    Test worker] org.apache.http.headers                  : http-outgoing-16 >> Content-Type: application/json
?[0m?[0;34m2023-10-03T20:55:29.956+03:00 DEBUG 20256 --- [    Test worker] org.apache.http.headers                  : http-outgoing-16 >> Content-Length: 20
?[0m?[0;34m2023-10-03T20:55:29.956+03:00 DEBUG 20256 --- [    Test worker] org.apache.http.headers                  : http-outgoing-16 >> Host: localhost:28852
?[0m?[0;34m2023-10-03T20:55:29.956+03:00 DEBUG 20256 --- [    Test worker] org.apache.http.headers                  : http-outgoing-16 >> Connection: Keep-Alive
?[0m?[0;34m2023-10-03T20:55:29.956+03:00 DEBUG 20256 --- [    Test worker] org.apache.http.headers                  : http-outgoing-16 >> User-Agent: Apache-HttpClient/4.5.14 (Java/17.0.7)
?[0m?[0;34m2023-10-03T20:55:29.956+03:00 DEBUG 20256 --- [    Test worker] org.apache.http.headers                  : http-outgoing-16 >> Accept-Encoding: gzip,deflate
?[0m?[0;34m2023-10-03T20:55:29.956+03:00 DEBUG 20256 --- [    Test worker] org.apache.http.wire                     : http-outgoing-16 >> "POST /purchase HTTP/1.1[\r][\n]"
?[0m?[0;34m2023-10-03T20:55:29.956+03:00 DEBUG 20256 --- [    Test worker] org.apache.http.wire                     : http-outgoing-16 >> "Content-Type: application/json[\r][\n]"
?[0m?[0;34m2023-10-03T20:55:29.956+03:00 DEBUG 20256 --- [    Test worker] org.apache.http.wire                     : http-outgoing-16 >> "Content-Length: 20[\r][\n]"
?[0m?[0;34m2023-10-03T20:55:29.956+03:00 DEBUG 20256 --- [    Test worker] org.apache.http.wire                     : http-outgoing-16 >> "Host: localhost:28852[\r][\n]"
?[0m?[0;34m2023-10-03T20:55:29.956+03:00 DEBUG 20256 --- [    Test worker] org.apache.http.wire                     : http-outgoing-16 >> "Connection: Keep-Alive[\r][\n]"
?[0m?[0;34m2023-10-03T20:55:29.956+03:00 DEBUG 20256 --- [    Test worker] org.apache.http.wire                     : http-outgoing-16 >> "User-Agent: Apache-HttpClient/4.5.14 (Java/17.0.7)[\r][\n]"
?[0m?[0;34m2023-10-03T20:55:29.956+03:00 DEBUG 20256 --- [    Test worker] org.apache.http.wire                     : http-outgoing-16 >> "Accept-Encoding: gzip,deflate[\r][\n]"
?[0m?[0;34m2023-10-03T20:55:29.956+03:00 DEBUG 20256 --- [    Test worker] org.apache.http.wire                     : http-outgoing-16 >> "[\r][\n]"
?[0m?[0;34m2023-10-03T20:55:29.956+03:00 DEBUG 20256 --- [    Test worker] org.apache.http.wire                     : http-outgoing-16 >> "{"column":6,"row":3}"
?[0m?[0;34m2023-10-03T20:55:29.956+03:00 DEBUG 20256 --- [io-28852-exec-9] o.a.coyote.http11.Http11InputBuffer      : Before fill(): parsingHeader: [true], parsingRequestLine: [true], parsingRequestLinePhase: [0], parsingRequestLineStart: [0], byteBuffer.position(): [0], byteBuffer.limit(): [0], end: [175]
?[0m?[0;34m2023-10-03T20:55:29.956+03:00 DEBUG 20256 --- [io-28852-exec-9] o.a.tomcat.util.net.SocketWrapperBase    : Socket: [org.apache.tomcat.util.net.NioEndpoint$NioSocketWrapper@51c7cd8d:org.apache.tomcat.util.net.NioChannel@56040122:java.nio.channels.SocketChannel[connected local=localhost/127.0.0.1:28852 remote=/127.0.0.1:60466]], Read from buffer: [0]
?[0m?[0;34m2023-10-03T20:55:29.956+03:00 DEBUG 20256 --- [io-28852-exec-9] org.apache.tomcat.util.net.NioEndpoint   : Socket: [org.apache.tomcat.util.net.NioEndpoint$NioSocketWrapper@51c7cd8d:org.apache.tomcat.util.net.NioChannel@56040122:java.nio.channels.SocketChannel[connected local=localhost/127.0.0.1:28852 remote=/127.0.0.1:60466]], Read direct from socket: [229]
?[0m?[0;34m2023-10-03T20:55:29.956+03:00 DEBUG 20256 --- [io-28852-exec-9] o.a.coyote.http11.Http11InputBuffer      : Received [POST /purchase HTTP/1.1
?[0m?[0;34mContent-Type: application/json
?[0m?[0;34mContent-Length: 20
?[0m?[0;34mHost: localhost:28852
?[0m?[0;34mConnection: Keep-Alive
?[0m?[0;34mUser-Agent: Apache-HttpClient/4.5.14 (Java/17.0.7)
?[0m?[0;34mAccept-Encoding: gzip,deflate
?[0m?[0;34m
?[0m?[0;34m{"column":6,"row":3}]
?[0m?[0;34m2023-10-03T20:55:29.957+03:00 DEBUG 20256 --- [io-28852-exec-9] o.a.c.authenticator.AuthenticatorBase    : Security checking request POST /purchase
?[0m?[0;34m2023-10-03T20:55:29.957+03:00 DEBUG 20256 --- [io-28852-exec-9] org.apache.catalina.realm.RealmBase      :   No applicable constraints defined
?[0m?[0;34m2023-10-03T20:55:29.957+03:00 DEBUG 20256 --- [io-28852-exec-9] o.a.c.authenticator.AuthenticatorBase    : Not subject to any constraint
?[0m?[0;34m2023-10-03T20:55:29.958+03:00 DEBUG 20256 --- [io-28852-exec-9] org.apache.tomcat.util.http.Parameters   : Set encoding to UTF-8
?[0m?[0;34m2023-10-03T20:55:29.958+03:00 DEBUG 20256 --- [io-28852-exec-9] o.s.web.servlet.DispatcherServlet        : POST "/purchase", parameters={}
?[0m?[0;34m2023-10-03T20:55:29.958+03:00 DEBUG 20256 --- [io-28852-exec-9] s.w.s.m.m.a.RequestMappingHandlerMapping : Mapped to cinema.controllers.CinemaController#purchaseSeat(SeatPurchaseRequest)
?[0m?[0;34m2023-10-03T20:55:29.959+03:00 DEBUG 20256 --- [io-28852-exec-9] m.m.a.RequestResponseBodyMethodProcessor : Read "application/json;charset=UTF-8" to [cinema.controllers.requests.SeatPurchaseRequest@2900b23f]
?[0m?[0;34m2023-10-03T20:55:29.959+03:00 DEBUG 20256 --- [io-28852-exec-9] o.s.w.s.m.m.a.HttpEntityMethodProcessor  : Using 'application/json', given [*/*] and supported [application/json, application/*+json]
?[0m?[0;34m2023-10-03T20:55:29.959+03:00 DEBUG 20256 --- [io-28852-exec-9] o.s.w.s.m.m.a.HttpEntityMethodProcessor  : Writing [cinema.controllers.responses.PurchaseResponse@706df61]
?[0m?[0;34m2023-10-03T20:55:29.959+03:00 DEBUG 20256 --- [    Test worker] org.apache.http.wire                     : http-outgoing-16 << "HTTP/1.1 200 [\r][\n]"
?[0m?[0;34m2023-10-03T20:55:29.959+03:00 DEBUG 20256 --- [    Test worker] org.apache.http.wire                     : http-outgoing-16 << "Content-Type: application/json[\r][\n]"
?[0m?[0;34m2023-10-03T20:55:29.959+03:00 DEBUG 20256 --- [    Test worker] org.apache.http.wire                     : http-outgoing-16 << "Transfer-Encoding: chunked[\r][\n]"
?[0m?[0;34m2023-10-03T20:55:29.959+03:00 DEBUG 20256 --- [    Test worker] org.apache.http.wire                     : http-outgoing-16 << "Date: Tue, 03 Oct 2023 17:55:29 GMT[\r][\n]"
?[0m?[0;34m2023-10-03T20:55:29.959+03:00 DEBUG 20256 --- [io-28852-exec-9] o.s.web.servlet.DispatcherServlet        : Completed 200 OK
?[0m?[0;34m2023-10-03T20:55:29.959+03:00 DEBUG 20256 --- [    Test worker] org.apache.http.wire                     : http-outgoing-16 << "Keep-Alive: timeout=60[\r][\n]"
?[0m?[0;34m2023-10-03T20:55:29.959+03:00 DEBUG 20256 --- [    Test worker] org.apache.http.wire                     : http-outgoing-16 << "Connection: keep-alive[\r][\n]"
?[0m?[0;34m2023-10-03T20:55:29.959+03:00 DEBUG 20256 --- [    Test worker] org.apache.http.wire                     : http-outgoing-16 << "[\r][\n]"
?[0m?[0;34m2023-10-03T20:55:29.960+03:00 DEBUG 20256 --- [    Test worker] org.apache.http.wire                     : http-outgoing-16 << "59[\r][\n]"
?[0m?[0;34m2023-10-03T20:55:29.960+03:00 DEBUG 20256 --- [    Test worker] org.apache.http.wire                     : http-outgoing-16 << "{"token":"de4d8c26-a3f7-4af9-8612-b6c9da916a3a","ticket":{"row":3,"column":6,"price":10}}[\r][\n]"
?[0m?[0;34m2023-10-03T20:55:29.960+03:00 DEBUG 20256 --- [    Test worker] org.apache.http.headers                  : http-outgoing-16 << HTTP/1.1 200 
?[0m?[0;34m2023-10-03T20:55:29.960+03:00 DEBUG 20256 --- [    Test worker] org.apache.http.headers                  : http-outgoing-16 << Content-Type: application/json
?[0m?[0;34m2023-10-03T20:55:29.960+03:00 DEBUG 20256 --- [    Test worker] org.apache.http.headers                  : http-outgoing-16 << Transfer-Encoding: chunked
?[0m?[0;34m2023-10-03T20:55:29.960+03:00 DEBUG 20256 --- [    Test worker] org.apache.http.headers                  : http-outgoing-16 << Date: Tue, 03 Oct 2023 17:55:29 GMT
?[0m?[0;34m2023-10-03T20:55:29.960+03:00 DEBUG 20256 --- [    Test worker] org.apache.http.headers                  : http-outgoing-16 << Keep-Alive: timeout=60
?[0m?[0;34m2023-10-03T20:55:29.960+03:00 DEBUG 20256 --- [    Test worker] org.apache.http.headers                  : http-outgoing-16 << Connection: keep-alive
?[0m?[0;34m2023-10-03T20:55:29.960+03:00 DEBUG 20256 --- [    Test worker] o.a.http.impl.execchain.MainClientExec   : Connection can be kept alive for 60000 MILLISECONDS
?[0m?[0;34m2023-10-03T20:55:29.960+03:00 DEBUG 20256 --- [    Test worker] org.apache.http.wire                     : http-outgoing-16 << "0[\r][\n]"
?[0m?[0;34m2023-10-03T20:55:29.960+03:00 DEBUG 20256 --- [    Test worker] org.apache.http.wire                     : http-outgoing-16 << "[\r][\n]"
?[0m?[0;34m2023-10-03T20:55:29.960+03:00 DEBUG 20256 --- [io-28852-exec-9] o.a.coyote.http11.Http11InputBuffer      : Before fill(): parsingHeader: [true], parsingRequestLine: [true], parsingRequestLinePhase: [0], parsingRequestLineStart: [0], byteBuffer.position(): [0], byteBuffer.limit(): [0], end: [209]
?[0m?[0;34m2023-10-03T20:55:29.960+03:00 DEBUG 20256 --- [    Test worker] h.i.c.PoolingHttpClientConnectionManager : Connection [id: 16][route: {}->http://localhost:28852] can be kept alive for 60.0 seconds
?[0m?[0;34m2023-10-03T20:55:29.960+03:00 DEBUG 20256 --- [    Test worker] h.i.c.DefaultManagedHttpClientConnection : http-outgoing-16: set socket timeout to 0
?[0m?[0;34m2023-10-03T20:55:29.960+03:00 DEBUG 20256 --- [    Test worker] h.i.c.PoolingHttpClientConnectionManager : Connection released: [id: 16][route: {}->http://localhost:28852][total available: 1; route allocated: 1 of 2; total allocated: 1 of 20]
?[0m?[0;34m2023-10-03T20:55:29.960+03:00 DEBUG 20256 --- [io-28852-exec-9] o.a.tomcat.util.net.SocketWrapperBase    : Socket: [org.apache.tomcat.util.net.NioEndpoint$NioSocketWrapper@51c7cd8d:org.apache.tomcat.util.net.NioChannel@56040122:java.nio.channels.SocketChannel[connected local=localhost/127.0.0.1:28852 remote=/127.0.0.1:60466]], Read from buffer: [0]
?[0m?[0;34m2023-10-03T20:55:29.960+03:00 DEBUG 20256 --- [    Test worker] o.a.http.impl.execchain.MainClientExec   : Cancelling request execution
?[0m?[0;34m2023-10-03T20:55:29.960+03:00 DEBUG 20256 --- [io-28852-exec-9] org.apache.tomcat.util.net.NioEndpoint   : Socket: [org.apache.tomcat.util.net.NioEndpoint$NioSocketWrapper@51c7cd8d:org.apache.tomcat.util.net.NioChannel@56040122:java.nio.channels.SocketChannel[connected local=localhost/127.0.0.1:28852 remote=/127.0.0.1:60466]], Read direct from socket: [0]
?[0m?[0;34m2023-10-03T20:55:29.960+03:00 DEBUG 20256 --- [io-28852-exec-9] o.a.coyote.http11.Http11InputBuffer      : Received []
?[0m?[0;34m2023-10-03T20:55:29.961+03:00 DEBUG 20256 --- [io-28852-exec-9] o.apache.coyote.http11.Http11Processor   : Socket: [org.apache.tomcat.util.net.NioEndpoint$NioSocketWrapper@51c7cd8d:org.apache.tomcat.util.net.NioChannel@56040122:java.nio.channels.SocketChannel[connected local=localhost/127.0.0.1:28852 remote=/127.0.0.1:60466]], Status in: [OPEN_READ], State out: [OPEN]
?[0m?[0;34m2023-10-03T20:55:29.961+03:00 DEBUG 20256 --- [io-28852-exec-9] org.apache.tomcat.util.net.NioEndpoint   : Registered read interest for [org.apache.tomcat.util.net.NioEndpoint$NioSocketWrapper@51c7cd8d:org.apache.tomcat.util.net.NioChannel@56040122:java.nio.channels.SocketChannel[connected local=localhost/127.0.0.1:28852 remote=/127.0.0.1:60466]]
?[0m?[0;34m2023-10-03T20:55:29.965+03:00 DEBUG 20256 --- [    Test worker] o.a.h.client.protocol.RequestAddCookies  : CookieSpec selected: default
?[0m?[0;34m2023-10-03T20:55:29.965+03:00 DEBUG 20256 --- [    Test worker] o.a.h.client.protocol.RequestAuthCache   : Auth cache not set in the context
?[0m?[0;34m2023-10-03T20:55:29.965+03:00 DEBUG 20256 --- [    Test worker] h.i.c.PoolingHttpClientConnectionManager : Connection request: [route: {}->http://localhost:28852][total available: 0; route allocated: 0 of 2; total allocated: 0 of 20]
?[0m?[0;34m2023-10-03T20:55:29.965+03:00 DEBUG 20256 --- [    Test worker] h.i.c.PoolingHttpClientConnectionManager : Connection leased: [id: 17][route: {}->http://localhost:28852][total available: 0; route allocated: 1 of 2; total allocated: 1 of 20]
?[0m?[0;34m2023-10-03T20:55:29.965+03:00 DEBUG 20256 --- [    Test worker] o.a.http.impl.execchain.MainClientExec   : Opening connection {}->http://localhost:28852
?[0m?[0;34m2023-10-03T20:55:29.965+03:00 DEBUG 20256 --- [    Test worker] .i.c.DefaultHttpClientConnectionOperator : Connecting to localhost/127.0.0.1:28852
?[0m?[0;34m2023-10-03T20:55:29.965+03:00 DEBUG 20256 --- [    Test worker] .i.c.DefaultHttpClientConnectionOperator : Connection established 127.0.0.1:60467<->127.0.0.1:28852
?[0m?[0;34m2023-10-03T20:55:29.965+03:00 DEBUG 20256 --- [    Test worker] o.a.http.impl.execchain.MainClientExec   : Executing request POST /return HTTP/1.1
?[0m?[0;34m2023-10-03T20:55:29.965+03:00 DEBUG 20256 --- [    Test worker] o.a.http.impl.execchain.MainClientExec   : Target auth state: UNCHALLENGED
?[0m?[0;34m2023-10-03T20:55:29.965+03:00 DEBUG 20256 --- [    Test worker] o.a.http.impl.execchain.MainClientExec   : Proxy auth state: UNCHALLENGED
?[0m?[0;34m2023-10-03T20:55:29.966+03:00 DEBUG 20256 --- [    Test worker] org.apache.http.headers                  : http-outgoing-17 >> POST /return HTTP/1.1
?[0m?[0;34m2023-10-03T20:55:29.966+03:00 DEBUG 20256 --- [-28852-Acceptor] o.apache.tomcat.util.threads.LimitLatch  : Counting up[http-nio-28852-Acceptor] latch=11
?[0m?[0;34m2023-10-03T20:55:29.966+03:00 DEBUG 20256 --- [    Test worker] org.apache.http.headers                  : http-outgoing-17 >> Content-Type: application/json
?[0m?[0;34m2023-10-03T20:55:29.966+03:00 DEBUG 20256 --- [    Test worker] org.apache.http.headers                  : http-outgoing-17 >> Content-Length: 48
?[0m?[0;34m2023-10-03T20:55:29.966+03:00 DEBUG 20256 --- [    Test worker] org.apache.http.headers                  : http-outgoing-17 >> Host: localhost:28852
?[0m?[0;34m2023-10-03T20:55:29.966+03:00 DEBUG 20256 --- [    Test worker] org.apache.http.headers                  : http-outgoing-17 >> Connection: Keep-Alive
?[0m?[0;34m2023-10-03T20:55:29.966+03:00 DEBUG 20256 --- [    Test worker] org.apache.http.headers                  : http-outgoing-17 >> User-Agent: Apache-HttpClient/4.5.14 (Java/17.0.7)
?[0m?[0;34m2023-10-03T20:55:29.966+03:00 DEBUG 20256 --- [    Test worker] org.apache.http.headers                  : http-outgoing-17 >> Accept-Encoding: gzip,deflate
?[0m?[0;34m2023-10-03T20:55:29.966+03:00 DEBUG 20256 --- [    Test worker] org.apache.http.wire                     : http-outgoing-17 >> "POST /return HTTP/1.1[\r][\n]"
?[0m?[0;34m2023-10-03T20:55:29.966+03:00 DEBUG 20256 --- [    Test worker] org.apache.http.wire                     : http-outgoing-17 >> "Content-Type: application/json[\r][\n]"
?[0m?[0;34m2023-10-03T20:55:29.966+03:00 DEBUG 20256 --- [    Test worker] org.apache.http.wire                     : http-outgoing-17 >> "Content-Length: 48[\r][\n]"
?[0m?[0;34m2023-10-03T20:55:29.966+03:00 DEBUG 20256 --- [    Test worker] org.apache.http.wire                     : http-outgoing-17 >> "Host: localhost:28852[\r][\n]"
?[0m?[0;34m2023-10-03T20:55:29.966+03:00 DEBUG 20256 --- [    Test worker] org.apache.http.wire                     : http-outgoing-17 >> "Connection: Keep-Alive[\r][\n]"
?[0m?[0;34m2023-10-03T20:55:29.966+03:00 DEBUG 20256 --- [    Test worker] org.apache.http.wire                     : http-outgoing-17 >> "User-Agent: Apache-HttpClient/4.5.14 (Java/17.0.7)[\r][\n]"
?[0m?[0;34m2023-10-03T20:55:29.966+03:00 DEBUG 20256 --- [    Test worker] org.apache.http.wire                     : http-outgoing-17 >> "Accept-Encoding: gzip,deflate[\r][\n]"
?[0m?[0;34m2023-10-03T20:55:29.966+03:00 DEBUG 20256 --- [    Test worker] org.apache.http.wire                     : http-outgoing-17 >> "[\r][\n]"
?[0m?[0;34m2023-10-03T20:55:29.966+03:00 DEBUG 20256 --- [    Test worker] org.apache.http.wire                     : http-outgoing-17 >> "{"token":"de4d8c26-a3f7-4af9-8612-b6c9da916a3a"}"
?[0m?[0;34m2023-10-03T20:55:29.966+03:00 DEBUG 20256 --- [o-28852-exec-10] o.a.coyote.http11.Http11InputBuffer      : Before fill(): parsingHeader: [true], parsingRequestLine: [true], parsingRequestLinePhase: [0], parsingRequestLineStart: [0], byteBuffer.position(): [0], byteBuffer.limit(): [0], end: [209]
?[0m?[0;34m2023-10-03T20:55:29.966+03:00 DEBUG 20256 --- [o-28852-exec-10] o.a.tomcat.util.net.SocketWrapperBase    : Socket: [org.apache.tomcat.util.net.NioEndpoint$NioSocketWrapper@2b4ce564:org.apache.tomcat.util.net.NioChannel@287526c0:java.nio.channels.SocketChannel[connected local=localhost/127.0.0.1:28852 remote=/127.0.0.1:60467]], Read from buffer: [0]
?[0m?[0;34m2023-10-03T20:55:29.966+03:00 DEBUG 20256 --- [o-28852-exec-10] org.apache.tomcat.util.net.NioEndpoint   : Socket: [org.apache.tomcat.util.net.NioEndpoint$NioSocketWrapper@2b4ce564:org.apache.tomcat.util.net.NioChannel@287526c0:java.nio.channels.SocketChannel[connected local=localhost/127.0.0.1:28852 remote=/127.0.0.1:60467]], Read direct from socket: [255]
?[0m?[0;34m2023-10-03T20:55:29.966+03:00 DEBUG 20256 --- [o-28852-exec-10] o.a.coyote.http11.Http11InputBuffer      : Received [POST /return HTTP/1.1
?[0m?[0;34mContent-Type: application/json
?[0m?[0;34mContent-Length: 48
?[0m?[0;34mHost: localhost:28852
?[0m?[0;34mConnection: Keep-Alive
?[0m?[0;34mUser-Agent: Apache-HttpClient/4.5.14 (Java/17.0.7)
?[0m?[0;34mAccept-Encoding: gzip,deflate
?[0m?[0;34m
?[0m?[0;34m{"token":"de4d8c26-a3f7-4af9-8612-b6c9da916a3a"}]
?[0m?[0;34m2023-10-03T20:55:29.966+03:00 DEBUG 20256 --- [o-28852-exec-10] o.a.c.authenticator.AuthenticatorBase    : Security checking request POST /return
?[0m?[0;34m2023-10-03T20:55:29.967+03:00 DEBUG 20256 --- [o-28852-exec-10] org.apache.catalina.realm.RealmBase      :   No applicable constraints defined
?[0m?[0;34m2023-10-03T20:55:29.967+03:00 DEBUG 20256 --- [o-28852-exec-10] o.a.c.authenticator.AuthenticatorBase    : Not subject to any constraint
?[0m?[0;34m2023-10-03T20:55:29.967+03:00 DEBUG 20256 --- [o-28852-exec-10] org.apache.tomcat.util.http.Parameters   : Set encoding to UTF-8
?[0m?[0;34m2023-10-03T20:55:29.967+03:00 DEBUG 20256 --- [o-28852-exec-10] o.s.web.servlet.DispatcherServlet        : POST "/return", parameters={}
?[0m?[0;34m2023-10-03T20:55:29.967+03:00 DEBUG 20256 --- [o-28852-exec-10] s.w.s.m.m.a.RequestMappingHandlerMapping : Mapped to cinema.controllers.CinemaController#returnSeat(String)
?[0m?[0;34m2023-10-03T20:55:29.968+03:00 DEBUG 20256 --- [o-28852-exec-10] m.m.a.RequestResponseBodyMethodProcessor : Read "application/json;charset=UTF-8" to ["{"token":"de4d8c26-a3f7-4af9-8612-b6c9da916a3a"}"]
?[0m?[0;34m2023-10-03T20:55:29.968+03:00 DEBUG 20256 --- [o-28852-exec-10] o.s.w.s.m.m.a.HttpEntityMethodProcessor  : Using 'application/json', given [*/*] and supported [application/json, application/*+json]
?[0m?[0;34m2023-10-03T20:55:29.968+03:00 DEBUG 20256 --- [o-28852-exec-10] o.s.w.s.m.m.a.HttpEntityMethodProcessor  : Writing [cinema.model.ReturnedTicket@5375e30f]
?[0m?[0;34m2023-10-03T20:55:29.969+03:00 DEBUG 20256 --- [    Test worker] org.apache.http.wire                     : http-outgoing-17 << "HTTP/1.1 200 [\r][\n]"
?[0m?[0;34m2023-10-03T20:55:29.969+03:00 DEBUG 20256 --- [    Test worker] org.apache.http.wire                     : http-outgoing-17 << "Content-Type: application/json[\r][\n]"
?[0m?[0;34m2023-10-03T20:55:29.969+03:00 DEBUG 20256 --- [    Test worker] org.apache.http.wire                     : http-outgoing-17 << "Transfer-Encoding: chunked[\r][\n]"
?[0m?[0;34m2023-10-03T20:55:29.969+03:00 DEBUG 20256 --- [    Test worker] org.apache.http.wire                     : http-outgoing-17 << "Date: Tue, 03 Oct 2023 17:55:29 GMT[\r][\n]"
?[0m?[0;34m2023-10-03T20:55:29.969+03:00 DEBUG 20256 --- [o-28852-exec-10] o.s.web.servlet.DispatcherServlet        : Completed 200 OK
?[0m?[0;34m2023-10-03T20:55:29.969+03:00 DEBUG 20256 --- [    Test worker] org.apache.http.wire                     : http-outgoing-17 << "Keep-Alive: timeout=60[\r][\n]"
?[0m?[0;34m2023-10-03T20:55:29.969+03:00 DEBUG 20256 --- [    Test worker] org.apache.http.wire                     : http-outgoing-17 << "Connection: keep-alive[\r][\n]"
?[0m?[0;34m2023-10-03T20:55:29.969+03:00 DEBUG 20256 --- [    Test worker] org.apache.http.wire                     : http-outgoing-17 << "[\r][\n]"
?[0m?[0;34m2023-10-03T20:55:29.969+03:00 DEBUG 20256 --- [    Test worker] org.apache.http.wire                     : http-outgoing-17 << "2a[\r][\n]"
?[0m?[0;34m2023-10-03T20:55:29.969+03:00 DEBUG 20256 --- [    Test worker] org.apache.http.wire                     : http-outgoing-17 << "{"ticket":{"row":3,"column":6,"price":10}}[\r][\n]"
?[0m?[0;34m2023-10-03T20:55:29.969+03:00 DEBUG 20256 --- [    Test worker] org.apache.http.headers                  : http-outgoing-17 << HTTP/1.1 200 
?[0m?[0;34m2023-10-03T20:55:29.969+03:00 DEBUG 20256 --- [    Test worker] org.apache.http.headers                  : http-outgoing-17 << Content-Type: application/json
?[0m?[0;34m2023-10-03T20:55:29.969+03:00 DEBUG 20256 --- [    Test worker] org.apache.http.headers                  : http-outgoing-17 << Transfer-Encoding: chunked
?[0m?[0;34m2023-10-03T20:55:29.969+03:00 DEBUG 20256 --- [    Test worker] org.apache.http.headers                  : http-outgoing-17 << Date: Tue, 03 Oct 2023 17:55:29 GMT
?[0m?[0;34m2023-10-03T20:55:29.969+03:00 DEBUG 20256 --- [    Test worker] org.apache.http.headers                  : http-outgoing-17 << Keep-Alive: timeout=60
?[0m?[0;34m2023-10-03T20:55:29.969+03:00 DEBUG 20256 --- [    Test worker] org.apache.http.headers                  : http-outgoing-17 << Connection: keep-alive
?[0m?[0;34m2023-10-03T20:55:29.969+03:00 DEBUG 20256 --- [o-28852-exec-10] o.a.coyote.http11.Http11InputBuffer      : Before fill(): parsingHeader: [true], parsingRequestLine: [true], parsingRequestLinePhase: [0], parsingRequestLineStart: [0], byteBuffer.position(): [0], byteBuffer.limit(): [0], end: [207]
?[0m?[0;34m2023-10-03T20:55:29.969+03:00 DEBUG 20256 --- [    Test worker] o.a.http.impl.execchain.MainClientExec   : Connection can be kept alive for 60000 MILLISECONDS
?[0m?[0;34m2023-10-03T20:55:29.970+03:00 DEBUG 20256 --- [o-28852-exec-10] o.a.tomcat.util.net.SocketWrapperBase    : Socket: [org.apache.tomcat.util.net.NioEndpoint$NioSocketWrapper@2b4ce564:org.apache.tomcat.util.net.NioChannel@287526c0:java.nio.channels.SocketChannel[connected local=localhost/127.0.0.1:28852 remote=/127.0.0.1:60467]], Read from buffer: [0]
?[0m?[0;34m2023-10-03T20:55:29.970+03:00 DEBUG 20256 --- [    Test worker] org.apache.http.wire                     : http-outgoing-17 << "0[\r][\n]"
?[0m?[0;34m2023-10-03T20:55:29.970+03:00 DEBUG 20256 --- [    Test worker] org.apache.http.wire                     : http-outgoing-17 << "[\r][\n]"
?[0m?[0;34m2023-10-03T20:55:29.970+03:00 DEBUG 20256 --- [o-28852-exec-10] org.apache.tomcat.util.net.NioEndpoint   : Socket: [org.apache.tomcat.util.net.NioEndpoint$NioSocketWrapper@2b4ce564:org.apache.tomcat.util.net.NioChannel@287526c0:java.nio.channels.SocketChannel[connected local=localhost/127.0.0.1:28852 remote=/127.0.0.1:60467]], Read direct from socket: [0]
?[0m?[0;34m2023-10-03T20:55:29.970+03:00 DEBUG 20256 --- [    Test worker] h.i.c.PoolingHttpClientConnectionManager : Connection [id: 17][route: {}->http://localhost:28852] can be kept alive for 60.0 seconds
?[0m?[0;34m2023-10-03T20:55:29.970+03:00 DEBUG 20256 --- [o-28852-exec-10] o.a.coyote.http11.Http11InputBuffer      : Received []
?[0m?[0;34m2023-10-03T20:55:29.970+03:00 DEBUG 20256 --- [    Test worker] h.i.c.DefaultManagedHttpClientConnection : http-outgoing-17: set socket timeout to 0
?[0m?[0;34m2023-10-03T20:55:29.970+03:00 DEBUG 20256 --- [    Test worker] h.i.c.PoolingHttpClientConnectionManager : Connection released: [id: 17][route: {}->http://localhost:28852][total available: 1; route allocated: 1 of 2; total allocated: 1 of 20]
?[0m?[0;34m2023-10-03T20:55:29.970+03:00 DEBUG 20256 --- [o-28852-exec-10] o.apache.coyote.http11.Http11Processor   : Socket: [org.apache.tomcat.util.net.NioEndpoint$NioSocketWrapper@2b4ce564:org.apache.tomcat.util.net.NioChannel@287526c0:java.nio.channels.SocketChannel[connected local=localhost/127.0.0.1:28852 remote=/127.0.0.1:60467]], Status in: [OPEN_READ], State out: [OPEN]
?[0m?[0;34m2023-10-03T20:55:29.970+03:00 DEBUG 20256 --- [    Test worker] o.a.http.impl.execchain.MainClientExec   : Cancelling request execution
?[0m?[0;34m2023-10-03T20:55:29.970+03:00 DEBUG 20256 --- [o-28852-exec-10] org.apache.tomcat.util.net.NioEndpoint   : Registered read interest for [org.apache.tomcat.util.net.NioEndpoint$NioSocketWrapper@2b4ce564:org.apache.tomcat.util.net.NioChannel@287526c0:java.nio.channels.SocketChannel[connected local=localhost/127.0.0.1:28852 remote=/127.0.0.1:60467]]
?[0m?[0;34m2023-10-03T20:55:29.972+03:00 DEBUG 20256 --- [    Test worker] o.a.h.client.protocol.RequestAddCookies  : CookieSpec selected: default
?[0m?[0;34m2023-10-03T20:55:29.973+03:00 DEBUG 20256 --- [    Test worker] o.a.h.client.protocol.RequestAuthCache   : Auth cache not set in the context
?[0m?[0;34m2023-10-03T20:55:29.973+03:00 DEBUG 20256 --- [    Test worker] h.i.c.PoolingHttpClientConnectionManager : Connection request: [route: {}->http://localhost:28852][total available: 0; route allocated: 0 of 2; total allocated: 0 of 20]
?[0m?[0;34m2023-10-03T20:55:29.973+03:00 DEBUG 20256 --- [    Test worker] h.i.c.PoolingHttpClientConnectionManager : Connection leased: [id: 18][route: {}->http://localhost:28852][total available: 0; route allocated: 1 of 2; total allocated: 1 of 20]
?[0m?[0;34m2023-10-03T20:55:29.973+03:00 DEBUG 20256 --- [    Test worker] o.a.http.impl.execchain.MainClientExec   : Opening connection {}->http://localhost:28852
?[0m?[0;34m2023-10-03T20:55:29.973+03:00 DEBUG 20256 --- [    Test worker] .i.c.DefaultHttpClientConnectionOperator : Connecting to localhost/127.0.0.1:28852
?[0m?[0;34m2023-10-03T20:55:29.973+03:00 DEBUG 20256 --- [    Test worker] .i.c.DefaultHttpClientConnectionOperator : Connection established 127.0.0.1:60468<->127.0.0.1:28852
?[0m?[0;34m2023-10-03T20:55:29.973+03:00 DEBUG 20256 --- [    Test worker] o.a.http.impl.execchain.MainClientExec   : Executing request POST /return HTTP/1.1
?[0m?[0;34m2023-10-03T20:55:29.973+03:00 DEBUG 20256 --- [    Test worker] o.a.http.impl.execchain.MainClientExec   : Target auth state: UNCHALLENGED
?[0m?[0;34m2023-10-03T20:55:29.973+03:00 DEBUG 20256 --- [    Test worker] o.a.http.impl.execchain.MainClientExec   : Proxy auth state: UNCHALLENGED
?[0m?[0;34m2023-10-03T20:55:29.973+03:00 DEBUG 20256 --- [-28852-Acceptor] o.apache.tomcat.util.threads.LimitLatch  : Counting up[http-nio-28852-Acceptor] latch=12
?[0m?[0;34m2023-10-03T20:55:29.973+03:00 DEBUG 20256 --- [    Test worker] org.apache.http.headers                  : http-outgoing-18 >> POST /return HTTP/1.1
?[0m?[0;34m2023-10-03T20:55:29.973+03:00 DEBUG 20256 --- [    Test worker] org.apache.http.headers                  : http-outgoing-18 >> Content-Type: application/json
?[0m?[0;34m2023-10-03T20:55:29.973+03:00 DEBUG 20256 --- [    Test worker] org.apache.http.headers                  : http-outgoing-18 >> Content-Length: 48
?[0m?[0;34m2023-10-03T20:55:29.973+03:00 DEBUG 20256 --- [    Test worker] org.apache.http.headers                  : http-outgoing-18 >> Host: localhost:28852
?[0m?[0;34m2023-10-03T20:55:29.973+03:00 DEBUG 20256 --- [    Test worker] org.apache.http.headers                  : http-outgoing-18 >> Connection: Keep-Alive
?[0m?[0;34m2023-10-03T20:55:29.973+03:00 DEBUG 20256 --- [    Test worker] org.apache.http.headers                  : http-outgoing-18 >> User-Agent: Apache-HttpClient/4.5.14 (Java/17.0.7)
?[0m?[0;34m2023-10-03T20:55:29.973+03:00 DEBUG 20256 --- [    Test worker] org.apache.http.headers                  : http-outgoing-18 >> Accept-Encoding: gzip,deflate
?[0m?[0;34m2023-10-03T20:55:29.973+03:00 DEBUG 20256 --- [    Test worker] org.apache.http.wire                     : http-outgoing-18 >> "POST /return HTTP/1.1[\r][\n]"
?[0m?[0;34m2023-10-03T20:55:29.973+03:00 DEBUG 20256 --- [    Test worker] org.apache.http.wire                     : http-outgoing-18 >> "Content-Type: application/json[\r][\n]"
?[0m?[0;34m2023-10-03T20:55:29.974+03:00 DEBUG 20256 --- [    Test worker] org.apache.http.wire                     : http-outgoing-18 >> "Content-Length: 48[\r][\n]"
?[0m?[0;34m2023-10-03T20:55:29.974+03:00 DEBUG 20256 --- [    Test worker] org.apache.http.wire                     : http-outgoing-18 >> "Host: localhost:28852[\r][\n]"
?[0m?[0;34m2023-10-03T20:55:29.974+03:00 DEBUG 20256 --- [    Test worker] org.apache.http.wire                     : http-outgoing-18 >> "Connection: Keep-Alive[\r][\n]"
?[0m?[0;34m2023-10-03T20:55:29.974+03:00 DEBUG 20256 --- [    Test worker] org.apache.http.wire                     : http-outgoing-18 >> "User-Agent: Apache-HttpClient/4.5.14 (Java/17.0.7)[\r][\n]"
?[0m?[0;34m2023-10-03T20:55:29.974+03:00 DEBUG 20256 --- [    Test worker] org.apache.http.wire                     : http-outgoing-18 >> "Accept-Encoding: gzip,deflate[\r][\n]"
?[0m?[0;34m2023-10-03T20:55:29.974+03:00 DEBUG 20256 --- [    Test worker] org.apache.http.wire                     : http-outgoing-18 >> "[\r][\n]"
?[0m?[0;34m2023-10-03T20:55:29.974+03:00 DEBUG 20256 --- [    Test worker] org.apache.http.wire                     : http-outgoing-18 >> "{"token":"de4d8c26-a3f7-4af9-8612-b6c9da916a3a"}"
?[0m?[0;34m2023-10-03T20:55:29.974+03:00 DEBUG 20256 --- [io-28852-exec-1] o.a.coyote.http11.Http11InputBuffer      : Before fill(): parsingHeader: [true], parsingRequestLine: [true], parsingRequestLinePhase: [0], parsingRequestLineStart: [0], byteBuffer.position(): [0], byteBuffer.limit(): [0], end: [207]
?[0m?[0;34m2023-10-03T20:55:29.974+03:00 DEBUG 20256 --- [io-28852-exec-1] o.a.tomcat.util.net.SocketWrapperBase    : Socket: [org.apache.tomcat.util.net.NioEndpoint$NioSocketWrapper@68f8ed3d:org.apache.tomcat.util.net.NioChannel@a6dcbe1:java.nio.channels.SocketChannel[connected local=localhost/127.0.0.1:28852 remote=/127.0.0.1:60468]], Read from buffer: [0]
?[0m?[0;34m2023-10-03T20:55:29.974+03:00 DEBUG 20256 --- [io-28852-exec-1] org.apache.tomcat.util.net.NioEndpoint   : Socket: [org.apache.tomcat.util.net.NioEndpoint$NioSocketWrapper@68f8ed3d:org.apache.tomcat.util.net.NioChannel@a6dcbe1:java.nio.channels.SocketChannel[connected local=localhost/127.0.0.1:28852 remote=/127.0.0.1:60468]], Read direct from socket: [255]
?[0m?[0;34m2023-10-03T20:55:29.974+03:00 DEBUG 20256 --- [io-28852-exec-1] o.a.coyote.http11.Http11InputBuffer      : Received [POST /return HTTP/1.1
?[0m?[0;34mContent-Type: application/json
?[0m?[0;34mContent-Length: 48
?[0m?[0;34mHost: localhost:28852
?[0m?[0;34mConnection: Keep-Alive
?[0m?[0;34mUser-Agent: Apache-HttpClient/4.5.14 (Java/17.0.7)
?[0m?[0;34mAccept-Encoding: gzip,deflate
?[0m?[0;34m
?[0m?[0;34m{"token":"de4d8c26-a3f7-4af9-8612-b6c9da916a3a"}]
?[0m?[0;34m2023-10-03T20:55:29.974+03:00 DEBUG 20256 --- [io-28852-exec-1] o.a.c.authenticator.AuthenticatorBase    : Security checking request POST /return
?[0m?[0;34m2023-10-03T20:55:29.974+03:00 DEBUG 20256 --- [io-28852-exec-1] org.apache.catalina.realm.RealmBase      :   No applicable constraints defined
?[0m?[0;34m2023-10-03T20:55:29.974+03:00 DEBUG 20256 --- [io-28852-exec-1] o.a.c.authenticator.AuthenticatorBase    : Not subject to any constraint
?[0m?[0;34m2023-10-03T20:55:29.975+03:00 DEBUG 20256 --- [io-28852-exec-1] org.apache.tomcat.util.http.Parameters   : Set encoding to UTF-8
?[0m?[0;34m2023-10-03T20:55:29.975+03:00 DEBUG 20256 --- [io-28852-exec-1] o.s.web.servlet.DispatcherServlet        : POST "/return", parameters={}
?[0m?[0;34m2023-10-03T20:55:29.975+03:00 DEBUG 20256 --- [io-28852-exec-1] s.w.s.m.m.a.RequestMappingHandlerMapping : Mapped to cinema.controllers.CinemaController#returnSeat(String)
?[0m?[0;34m2023-10-03T20:55:29.975+03:00 DEBUG 20256 --- [io-28852-exec-1] m.m.a.RequestResponseBodyMethodProcessor : Read "application/json;charset=UTF-8" to ["{"token":"de4d8c26-a3f7-4af9-8612-b6c9da916a3a"}"]
?[0m?[0;34m2023-10-03T20:55:29.976+03:00 DEBUG 20256 --- [io-28852-exec-1] .m.m.a.ExceptionHandlerExceptionResolver : Using @ExceptionHandler cinema.controllers.exceptions.handlers.CustomExceptionHandler#tokenNotFoundException(WrongTokenException)
?[0m?[0;34m2023-10-03T20:55:29.976+03:00 DEBUG 20256 --- [io-28852-exec-1] m.m.a.RequestResponseBodyMethodProcessor : Using 'application/json', given [*/*] and supported [application/json, application/*+json]
?[0m?[0;34m2023-10-03T20:55:29.976+03:00 DEBUG 20256 --- [io-28852-exec-1] m.m.a.RequestResponseBodyMethodProcessor : Writing [cinema.controllers.exceptions.handlers.CustomExceptionHandler$ShortErrorResponse@17e08b48]
?[0m?[0;34m2023-10-03T20:55:29.976+03:00 DEBUG 20256 --- [    Test worker] org.apache.http.wire                     : http-outgoing-18 << "HTTP/1.1 400 [\r][\n]"
?[0m?[0;34m2023-10-03T20:55:29.976+03:00 DEBUG 20256 --- [io-28852-exec-1] .m.m.a.ExceptionHandlerExceptionResolver : Resolved [cinema.controllers.exceptions.WrongTokenException]
?[0m?[0;34m2023-10-03T20:55:29.976+03:00 DEBUG 20256 --- [    Test worker] org.apache.http.wire                     : http-outgoing-18 << "Content-Type: application/json[\r][\n]"
?[0m?[0;34m2023-10-03T20:55:29.976+03:00 DEBUG 20256 --- [io-28852-exec-1] o.s.web.servlet.DispatcherServlet        : Completed 400 BAD_REQUEST
?[0m?[0;34m2023-10-03T20:55:29.976+03:00 DEBUG 20256 --- [    Test worker] org.apache.http.wire                     : http-outgoing-18 << "Transfer-Encoding: chunked[\r][\n]"
?[0m?[0;34m2023-10-03T20:55:29.976+03:00 DEBUG 20256 --- [    Test worker] org.apache.http.wire                     : http-outgoing-18 << "Date: Tue, 03 Oct 2023 17:55:29 GMT[\r][\n]"
?[0m?[0;34m2023-10-03T20:55:29.976+03:00 DEBUG 20256 --- [    Test worker] org.apache.http.wire                     : http-outgoing-18 << "Connection: close[\r][\n]"
?[0m?[0;34m2023-10-03T20:55:29.976+03:00 DEBUG 20256 --- [    Test worker] org.apache.http.wire                     : http-outgoing-18 << "[\r][\n]"
?[0m?[0;34m2023-10-03T20:55:29.976+03:00 DEBUG 20256 --- [    Test worker] org.apache.http.wire                     : http-outgoing-18 << "18[\r][\n]"
?[0m?[0;34m2023-10-03T20:55:29.976+03:00 DEBUG 20256 --- [    Test worker] org.apache.http.wire                     : http-outgoing-18 << "{"error":"Wrong token!"}[\r][\n]"
?[0m?[0;34m2023-10-03T20:55:29.977+03:00 DEBUG 20256 --- [    Test worker] org.apache.http.headers                  : http-outgoing-18 << HTTP/1.1 400 
?[0m?[0;34m2023-10-03T20:55:29.977+03:00 DEBUG 20256 --- [    Test worker] org.apache.http.headers                  : http-outgoing-18 << Content-Type: application/json
?[0m?[0;34m2023-10-03T20:55:29.977+03:00 DEBUG 20256 --- [    Test worker] org.apache.http.headers                  : http-outgoing-18 << Transfer-Encoding: chunked
?[0m?[0;34m2023-10-03T20:55:29.977+03:00 DEBUG 20256 --- [    Test worker] org.apache.http.headers                  : http-outgoing-18 << Date: Tue, 03 Oct 2023 17:55:29 GMT
?[0m?[0;34m2023-10-03T20:55:29.977+03:00 DEBUG 20256 --- [    Test worker] org.apache.http.headers                  : http-outgoing-18 << Connection: close
?[0m?[0;34m2023-10-03T20:55:29.977+03:00 DEBUG 20256 --- [io-28852-exec-1] o.apache.coyote.http11.Http11Processor   : Socket: [org.apache.tomcat.util.net.NioEndpoint$NioSocketWrapper@68f8ed3d:org.apache.tomcat.util.net.NioChannel@a6dcbe1:java.nio.channels.SocketChannel[connected local=localhost/127.0.0.1:28852 remote=/127.0.0.1:60468]], Status in: [OPEN_READ], State out: [CLOSED]
?[0m?[0;34m2023-10-03T20:55:29.977+03:00 DEBUG 20256 --- [    Test worker] org.apache.http.wire                     : http-outgoing-18 << "0[\r][\n]"
?[0m?[0;34m2023-10-03T20:55:29.977+03:00 DEBUG 20256 --- [io-28852-exec-1] o.apache.tomcat.util.threads.LimitLatch  : Counting down[http-nio-28852-exec-1] latch=12
?[0m?[0;34m2023-10-03T20:55:29.977+03:00 DEBUG 20256 --- [    Test worker] org.apache.http.wire                     : http-outgoing-18 << "[\r][\n]"
?[0m?[0;34m2023-10-03T20:55:29.977+03:00 DEBUG 20256 --- [    Test worker] h.i.c.DefaultManagedHttpClientConnection : http-outgoing-18: Close connection
?[0m?[0;34m2023-10-03T20:55:29.977+03:00 DEBUG 20256 --- [io-28852-exec-1] org.apache.tomcat.util.net.NioEndpoint   : Calling [org.apache.tomcat.util.net.NioEndpoint@1c0cdae5].closeSocket([org.apache.tomcat.util.net.NioEndpoint$NioSocketWrapper@68f8ed3d:org.apache.tomcat.util.net.NioChannel@a6dcbe1:java.nio.channels.SocketChannel[connected local=localhost/127.0.0.1:28852 remote=/127.0.0.1:60468]])
?[0m?[0;34m2023-10-03T20:55:29.977+03:00 DEBUG 20256 --- [    Test worker] o.a.http.impl.execchain.MainClientExec   : Connection discarded
?[0m?[0;34m2023-10-03T20:55:29.977+03:00 DEBUG 20256 --- [    Test worker] h.i.c.PoolingHttpClientConnectionManager : Connection released: [id: 18][route: {}->http://localhost:28852][total available: 0; route allocated: 0 of 2; total allocated: 0 of 20]
?[0m?[0;34m2023-10-03T20:55:29.977+03:00 DEBUG 20256 --- [    Test worker] o.a.http.impl.execchain.MainClientExec   : Cancelling request execution
?[0m?[1;31m
Start test 14?[0m
?[0;34m2023-10-03T20:55:29.980+03:00 DEBUG 20256 --- [    Test worker] o.a.h.client.protocol.RequestAddCookies  : CookieSpec selected: default
?[0m?[0;34m2023-10-03T20:55:29.980+03:00 DEBUG 20256 --- [    Test worker] o.a.h.client.protocol.RequestAuthCache   : Auth cache not set in the context
?[0m?[0;34m2023-10-03T20:55:29.980+03:00 DEBUG 20256 --- [    Test worker] h.i.c.PoolingHttpClientConnectionManager : Connection request: [route: {}->http://localhost:28852][total available: 0; route allocated: 0 of 2; total allocated: 0 of 20]
?[0m?[0;34m2023-10-03T20:55:29.980+03:00 DEBUG 20256 --- [    Test worker] h.i.c.PoolingHttpClientConnectionManager : Connection leased: [id: 19][route: {}->http://localhost:28852][total available: 0; route allocated: 1 of 2; total allocated: 1 of 20]
?[0m?[0;34m2023-10-03T20:55:29.980+03:00 DEBUG 20256 --- [    Test worker] o.a.http.impl.execchain.MainClientExec   : Opening connection {}->http://localhost:28852
?[0m?[0;34m2023-10-03T20:55:29.980+03:00 DEBUG 20256 --- [    Test worker] .i.c.DefaultHttpClientConnectionOperator : Connecting to localhost/127.0.0.1:28852
?[0m?[0;34m2023-10-03T20:55:29.980+03:00 DEBUG 20256 --- [    Test worker] .i.c.DefaultHttpClientConnectionOperator : Connection established 127.0.0.1:60469<->127.0.0.1:28852
?[0m?[0;34m2023-10-03T20:55:29.980+03:00 DEBUG 20256 --- [    Test worker] o.a.http.impl.execchain.MainClientExec   : Executing request POST /purchase HTTP/1.1
?[0m?[0;34m2023-10-03T20:55:29.980+03:00 DEBUG 20256 --- [    Test worker] o.a.http.impl.execchain.MainClientExec   : Target auth state: UNCHALLENGED
?[0m?[0;34m2023-10-03T20:55:29.980+03:00 DEBUG 20256 --- [    Test worker] o.a.http.impl.execchain.MainClientExec   : Proxy auth state: UNCHALLENGED
?[0m?[0;34m2023-10-03T20:55:29.980+03:00 DEBUG 20256 --- [-28852-Acceptor] o.apache.tomcat.util.threads.LimitLatch  : Counting up[http-nio-28852-Acceptor] latch=12
?[0m?[0;34m2023-10-03T20:55:29.980+03:00 DEBUG 20256 --- [    Test worker] org.apache.http.headers                  : http-outgoing-19 >> POST /purchase HTTP/1.1
?[0m?[0;34m2023-10-03T20:55:29.980+03:00 DEBUG 20256 --- [    Test worker] org.apache.http.headers                  : http-outgoing-19 >> Content-Type: application/json
?[0m?[0;34m2023-10-03T20:55:29.980+03:00 DEBUG 20256 --- [    Test worker] org.apache.http.headers                  : http-outgoing-19 >> Content-Length: 20
?[0m?[0;34m2023-10-03T20:55:29.980+03:00 DEBUG 20256 --- [    Test worker] org.apache.http.headers                  : http-outgoing-19 >> Host: localhost:28852
?[0m?[0;34m2023-10-03T20:55:29.980+03:00 DEBUG 20256 --- [    Test worker] org.apache.http.headers                  : http-outgoing-19 >> Connection: Keep-Alive
?[0m?[0;34m2023-10-03T20:55:29.980+03:00 DEBUG 20256 --- [    Test worker] org.apache.http.headers                  : http-outgoing-19 >> User-Agent: Apache-HttpClient/4.5.14 (Java/17.0.7)
?[0m?[0;34m2023-10-03T20:55:29.980+03:00 DEBUG 20256 --- [    Test worker] org.apache.http.headers                  : http-outgoing-19 >> Accept-Encoding: gzip,deflate
?[0m?[0;34m2023-10-03T20:55:29.980+03:00 DEBUG 20256 --- [    Test worker] org.apache.http.wire                     : http-outgoing-19 >> "POST /purchase HTTP/1.1[\r][\n]"
?[0m?[0;34m2023-10-03T20:55:29.981+03:00 DEBUG 20256 --- [    Test worker] org.apache.http.wire                     : http-outgoing-19 >> "Content-Type: application/json[\r][\n]"
?[0m?[0;34m2023-10-03T20:55:29.981+03:00 DEBUG 20256 --- [    Test worker] org.apache.http.wire                     : http-outgoing-19 >> "Content-Length: 20[\r][\n]"
?[0m?[0;34m2023-10-03T20:55:29.981+03:00 DEBUG 20256 --- [    Test worker] org.apache.http.wire                     : http-outgoing-19 >> "Host: localhost:28852[\r][\n]"
?[0m?[0;34m2023-10-03T20:55:29.981+03:00 DEBUG 20256 --- [    Test worker] org.apache.http.wire                     : http-outgoing-19 >> "Connection: Keep-Alive[\r][\n]"
?[0m?[0;34m2023-10-03T20:55:29.981+03:00 DEBUG 20256 --- [    Test worker] org.apache.http.wire                     : http-outgoing-19 >> "User-Agent: Apache-HttpClient/4.5.14 (Java/17.0.7)[\r][\n]"
?[0m?[0;34m2023-10-03T20:55:29.981+03:00 DEBUG 20256 --- [    Test worker] org.apache.http.wire                     : http-outgoing-19 >> "Accept-Encoding: gzip,deflate[\r][\n]"
?[0m?[0;34m2023-10-03T20:55:29.981+03:00 DEBUG 20256 --- [    Test worker] org.apache.http.wire                     : http-outgoing-19 >> "[\r][\n]"
?[0m?[0;34m2023-10-03T20:55:29.981+03:00 DEBUG 20256 --- [    Test worker] org.apache.http.wire                     : http-outgoing-19 >> "{"column":6,"row":3}"
?[0m?[0;34m2023-10-03T20:55:29.981+03:00 DEBUG 20256 --- [io-28852-exec-2] o.a.coyote.http11.Http11InputBuffer      : Before fill(): parsingHeader: [true], parsingRequestLine: [true], parsingRequestLinePhase: [0], parsingRequestLineStart: [0], byteBuffer.position(): [0], byteBuffer.limit(): [0], end: [207]
?[0m?[0;34m2023-10-03T20:55:29.981+03:00 DEBUG 20256 --- [io-28852-exec-2] o.a.tomcat.util.net.SocketWrapperBase    : Socket: [org.apache.tomcat.util.net.NioEndpoint$NioSocketWrapper@7a55603a:org.apache.tomcat.util.net.NioChannel@3becb820:java.nio.channels.SocketChannel[connected local=localhost/127.0.0.1:28852 remote=/127.0.0.1:60469]], Read from buffer: [0]
?[0m?[0;34m2023-10-03T20:55:29.981+03:00 DEBUG 20256 --- [io-28852-exec-2] org.apache.tomcat.util.net.NioEndpoint   : Socket: [org.apache.tomcat.util.net.NioEndpoint$NioSocketWrapper@7a55603a:org.apache.tomcat.util.net.NioChannel@3becb820:java.nio.channels.SocketChannel[connected local=localhost/127.0.0.1:28852 remote=/127.0.0.1:60469]], Read direct from socket: [229]
?[0m?[0;34m2023-10-03T20:55:29.981+03:00 DEBUG 20256 --- [io-28852-exec-2] o.a.coyote.http11.Http11InputBuffer      : Received [POST /purchase HTTP/1.1
?[0m?[0;34mContent-Type: application/json
?[0m?[0;34mContent-Length: 20
?[0m?[0;34mHost: localhost:28852
?[0m?[0;34mConnection: Keep-Alive
?[0m?[0;34mUser-Agent: Apache-HttpClient/4.5.14 (Java/17.0.7)
?[0m?[0;34mAccept-Encoding: gzip,deflate
?[0m?[0;34m
?[0m?[0;34m{"column":6,"row":3}]
?[0m?[0;34m2023-10-03T20:55:29.981+03:00 DEBUG 20256 --- [io-28852-exec-2] o.a.c.authenticator.AuthenticatorBase    : Security checking request POST /purchase
?[0m?[0;34m2023-10-03T20:55:29.981+03:00 DEBUG 20256 --- [io-28852-exec-2] org.apache.catalina.realm.RealmBase      :   No applicable constraints defined
?[0m?[0;34m2023-10-03T20:55:29.981+03:00 DEBUG 20256 --- [io-28852-exec-2] o.a.c.authenticator.AuthenticatorBase    : Not subject to any constraint
?[0m?[0;34m2023-10-03T20:55:29.982+03:00 DEBUG 20256 --- [io-28852-exec-2] org.apache.tomcat.util.http.Parameters   : Set encoding to UTF-8
?[0m?[0;34m2023-10-03T20:55:29.982+03:00 DEBUG 20256 --- [io-28852-exec-2] o.s.web.servlet.DispatcherServlet        : POST "/purchase", parameters={}
?[0m?[0;34m2023-10-03T20:55:29.982+03:00 DEBUG 20256 --- [io-28852-exec-2] s.w.s.m.m.a.RequestMappingHandlerMapping : Mapped to cinema.controllers.CinemaController#purchaseSeat(SeatPurchaseRequest)
?[0m?[0;34m2023-10-03T20:55:29.983+03:00 DEBUG 20256 --- [io-28852-exec-2] m.m.a.RequestResponseBodyMethodProcessor : Read "application/json;charset=UTF-8" to [cinema.controllers.requests.SeatPurchaseRequest@4f3ea0f9]
?[0m?[0;34m2023-10-03T20:55:29.984+03:00 DEBUG 20256 --- [io-28852-exec-2] o.s.w.s.m.m.a.HttpEntityMethodProcessor  : Using 'application/json', given [*/*] and supported [application/json, application/*+json]
?[0m?[0;34m2023-10-03T20:55:29.984+03:00 DEBUG 20256 --- [io-28852-exec-2] o.s.w.s.m.m.a.HttpEntityMethodProcessor  : Writing [cinema.controllers.responses.PurchaseResponse@30541c4f]
?[0m?[0;34m2023-10-03T20:55:29.984+03:00 DEBUG 20256 --- [    Test worker] org.apache.http.wire                     : http-outgoing-19 << "HTTP/1.1 200 [\r][\n]"
?[0m?[0;34m2023-10-03T20:55:29.984+03:00 DEBUG 20256 --- [io-28852-exec-2] o.s.web.servlet.DispatcherServlet        : Completed 200 OK
?[0m?[0;34m2023-10-03T20:55:29.984+03:00 DEBUG 20256 --- [    Test worker] org.apache.http.wire                     : http-outgoing-19 << "Content-Type: application/json[\r][\n]"
?[0m?[0;34m2023-10-03T20:55:29.984+03:00 DEBUG 20256 --- [    Test worker] org.apache.http.wire                     : http-outgoing-19 << "Transfer-Encoding: chunked[\r][\n]"
?[0m?[0;34m2023-10-03T20:55:29.984+03:00 DEBUG 20256 --- [    Test worker] org.apache.http.wire                     : http-outgoing-19 << "Date: Tue, 03 Oct 2023 17:55:29 GMT[\r][\n]"
?[0m?[0;34m2023-10-03T20:55:29.984+03:00 DEBUG 20256 --- [    Test worker] org.apache.http.wire                     : http-outgoing-19 << "Keep-Alive: timeout=60[\r][\n]"
?[0m?[0;34m2023-10-03T20:55:29.984+03:00 DEBUG 20256 --- [    Test worker] org.apache.http.wire                     : http-outgoing-19 << "Connection: keep-alive[\r][\n]"
?[0m?[0;34m2023-10-03T20:55:29.984+03:00 DEBUG 20256 --- [    Test worker] org.apache.http.wire                     : http-outgoing-19 << "[\r][\n]"
?[0m?[0;34m2023-10-03T20:55:29.984+03:00 DEBUG 20256 --- [    Test worker] org.apache.http.wire                     : http-outgoing-19 << "59[\r][\n]"
?[0m?[0;34m2023-10-03T20:55:29.984+03:00 DEBUG 20256 --- [    Test worker] org.apache.http.wire                     : http-outgoing-19 << "{"token":"d2692491-3b5e-4331-83b8-2115817c45fa","ticket":{"row":3,"column":6,"price":10}}[\r][\n]"
?[0m?[0;34m2023-10-03T20:55:29.985+03:00 DEBUG 20256 --- [    Test worker] org.apache.http.headers                  : http-outgoing-19 << HTTP/1.1 200 
?[0m?[0;34m2023-10-03T20:55:29.985+03:00 DEBUG 20256 --- [    Test worker] org.apache.http.headers                  : http-outgoing-19 << Content-Type: application/json
?[0m?[0;34m2023-10-03T20:55:29.985+03:00 DEBUG 20256 --- [    Test worker] org.apache.http.headers                  : http-outgoing-19 << Transfer-Encoding: chunked
?[0m?[0;34m2023-10-03T20:55:29.985+03:00 DEBUG 20256 --- [    Test worker] org.apache.http.headers                  : http-outgoing-19 << Date: Tue, 03 Oct 2023 17:55:29 GMT
?[0m?[0;34m2023-10-03T20:55:29.985+03:00 DEBUG 20256 --- [    Test worker] org.apache.http.headers                  : http-outgoing-19 << Keep-Alive: timeout=60
?[0m?[0;34m2023-10-03T20:55:29.985+03:00 DEBUG 20256 --- [    Test worker] org.apache.http.headers                  : http-outgoing-19 << Connection: keep-alive
?[0m?[0;34m2023-10-03T20:55:29.985+03:00 DEBUG 20256 --- [io-28852-exec-2] o.a.coyote.http11.Http11InputBuffer      : Before fill(): parsingHeader: [true], parsingRequestLine: [true], parsingRequestLinePhase: [0], parsingRequestLineStart: [0], byteBuffer.position(): [0], byteBuffer.limit(): [0], end: [209]
?[0m?[0;34m2023-10-03T20:55:29.985+03:00 DEBUG 20256 --- [io-28852-exec-2] o.a.tomcat.util.net.SocketWrapperBase    : Socket: [org.apache.tomcat.util.net.NioEndpoint$NioSocketWrapper@7a55603a:org.apache.tomcat.util.net.NioChannel@3becb820:java.nio.channels.SocketChannel[connected local=localhost/127.0.0.1:28852 remote=/127.0.0.1:60469]], Read from buffer: [0]
?[0m?[0;34m2023-10-03T20:55:29.985+03:00 DEBUG 20256 --- [    Test worker] o.a.http.impl.execchain.MainClientExec   : Connection can be kept alive for 60000 MILLISECONDS
?[0m?[0;34m2023-10-03T20:55:29.985+03:00 DEBUG 20256 --- [    Test worker] org.apache.http.wire                     : http-outgoing-19 << "0[\r][\n]"
?[0m?[0;34m2023-10-03T20:55:29.985+03:00 DEBUG 20256 --- [io-28852-exec-2] org.apache.tomcat.util.net.NioEndpoint   : Socket: [org.apache.tomcat.util.net.NioEndpoint$NioSocketWrapper@7a55603a:org.apache.tomcat.util.net.NioChannel@3becb820:java.nio.channels.SocketChannel[connected local=localhost/127.0.0.1:28852 remote=/127.0.0.1:60469]], Read direct from socket: [0]
?[0m?[0;34m2023-10-03T20:55:29.985+03:00 DEBUG 20256 --- [    Test worker] org.apache.http.wire                     : http-outgoing-19 << "[\r][\n]"
?[0m?[0;34m2023-10-03T20:55:29.985+03:00 DEBUG 20256 --- [io-28852-exec-2] o.a.coyote.http11.Http11InputBuffer      : Received []
?[0m?[0;34m2023-10-03T20:55:29.985+03:00 DEBUG 20256 --- [    Test worker] h.i.c.PoolingHttpClientConnectionManager : Connection [id: 19][route: {}->http://localhost:28852] can be kept alive for 60.0 seconds
?[0m?[0;34m2023-10-03T20:55:29.985+03:00 DEBUG 20256 --- [io-28852-exec-2] o.apache.coyote.http11.Http11Processor   : Socket: [org.apache.tomcat.util.net.NioEndpoint$NioSocketWrapper@7a55603a:org.apache.tomcat.util.net.NioChannel@3becb820:java.nio.channels.SocketChannel[connected local=localhost/127.0.0.1:28852 remote=/127.0.0.1:60469]], Status in: [OPEN_READ], State out: [OPEN]
?[0m?[0;34m2023-10-03T20:55:29.985+03:00 DEBUG 20256 --- [    Test worker] h.i.c.DefaultManagedHttpClientConnection : http-outgoing-19: set socket timeout to 0
?[0m?[0;34m2023-10-03T20:55:29.985+03:00 DEBUG 20256 --- [    Test worker] h.i.c.PoolingHttpClientConnectionManager : Connection released: [id: 19][route: {}->http://localhost:28852][total available: 1; route allocated: 1 of 2; total allocated: 1 of 20]
?[0m?[0;34m2023-10-03T20:55:29.985+03:00 DEBUG 20256 --- [io-28852-exec-2] org.apache.tomcat.util.net.NioEndpoint   : Registered read interest for [org.apache.tomcat.util.net.NioEndpoint$NioSocketWrapper@7a55603a:org.apache.tomcat.util.net.NioChannel@3becb820:java.nio.channels.SocketChannel[connected local=localhost/127.0.0.1:28852 remote=/127.0.0.1:60469]]
?[0m?[0;34m2023-10-03T20:55:29.985+03:00 DEBUG 20256 --- [    Test worker] o.a.http.impl.execchain.MainClientExec   : Cancelling request execution
?[0m?[0;34m2023-10-03T20:55:29.987+03:00 DEBUG 20256 --- [    Test worker] o.a.h.client.protocol.RequestAddCookies  : CookieSpec selected: default
?[0m?[0;34m2023-10-03T20:55:29.987+03:00 DEBUG 20256 --- [    Test worker] o.a.h.client.protocol.RequestAuthCache   : Auth cache not set in the context
?[0m?[0;34m2023-10-03T20:55:29.987+03:00 DEBUG 20256 --- [    Test worker] h.i.c.PoolingHttpClientConnectionManager : Connection request: [route: {}->http://localhost:28852][total available: 0; route allocated: 0 of 2; total allocated: 0 of 20]
?[0m?[0;34m2023-10-03T20:55:29.988+03:00 DEBUG 20256 --- [    Test worker] h.i.c.PoolingHttpClientConnectionManager : Connection leased: [id: 20][route: {}->http://localhost:28852][total available: 0; route allocated: 1 of 2; total allocated: 1 of 20]
?[0m?[0;34m2023-10-03T20:55:29.988+03:00 DEBUG 20256 --- [    Test worker] o.a.http.impl.execchain.MainClientExec   : Opening connection {}->http://localhost:28852
?[0m?[0;34m2023-10-03T20:55:29.988+03:00 DEBUG 20256 --- [    Test worker] .i.c.DefaultHttpClientConnectionOperator : Connecting to localhost/127.0.0.1:28852
?[0m?[0;34m2023-10-03T20:55:29.988+03:00 DEBUG 20256 --- [    Test worker] .i.c.DefaultHttpClientConnectionOperator : Connection established 127.0.0.1:60470<->127.0.0.1:28852
?[0m?[0;34m2023-10-03T20:55:29.988+03:00 DEBUG 20256 --- [    Test worker] o.a.http.impl.execchain.MainClientExec   : Executing request POST /return HTTP/1.1
?[0m?[0;34m2023-10-03T20:55:29.988+03:00 DEBUG 20256 --- [    Test worker] o.a.http.impl.execchain.MainClientExec   : Target auth state: UNCHALLENGED
?[0m?[0;34m2023-10-03T20:55:29.988+03:00 DEBUG 20256 --- [    Test worker] o.a.http.impl.execchain.MainClientExec   : Proxy auth state: UNCHALLENGED
?[0m?[0;34m2023-10-03T20:55:29.988+03:00 DEBUG 20256 --- [    Test worker] org.apache.http.headers                  : http-outgoing-20 >> POST /return HTTP/1.1
?[0m?[0;34m2023-10-03T20:55:29.988+03:00 DEBUG 20256 --- [-28852-Acceptor] o.apache.tomcat.util.threads.LimitLatch  : Counting up[http-nio-28852-Acceptor] latch=13
?[0m?[0;34m2023-10-03T20:55:29.988+03:00 DEBUG 20256 --- [    Test worker] org.apache.http.headers                  : http-outgoing-20 >> Content-Type: application/json
?[0m?[0;34m2023-10-03T20:55:29.988+03:00 DEBUG 20256 --- [    Test worker] org.apache.http.headers                  : http-outgoing-20 >> Content-Length: 48
?[0m?[0;34m2023-10-03T20:55:29.988+03:00 DEBUG 20256 --- [    Test worker] org.apache.http.headers                  : http-outgoing-20 >> Host: localhost:28852
?[0m?[0;34m2023-10-03T20:55:29.988+03:00 DEBUG 20256 --- [    Test worker] org.apache.http.headers                  : http-outgoing-20 >> Connection: Keep-Alive
?[0m?[0;34m2023-10-03T20:55:29.988+03:00 DEBUG 20256 --- [    Test worker] org.apache.http.headers                  : http-outgoing-20 >> User-Agent: Apache-HttpClient/4.5.14 (Java/17.0.7)
?[0m?[0;34m2023-10-03T20:55:29.988+03:00 DEBUG 20256 --- [    Test worker] org.apache.http.headers                  : http-outgoing-20 >> Accept-Encoding: gzip,deflate
?[0m?[0;34m2023-10-03T20:55:29.988+03:00 DEBUG 20256 --- [    Test worker] org.apache.http.wire                     : http-outgoing-20 >> "POST /return HTTP/1.1[\r][\n]"
?[0m?[0;34m2023-10-03T20:55:29.988+03:00 DEBUG 20256 --- [    Test worker] org.apache.http.wire                     : http-outgoing-20 >> "Content-Type: application/json[\r][\n]"
?[0m?[0;34m2023-10-03T20:55:29.988+03:00 DEBUG 20256 --- [    Test worker] org.apache.http.wire                     : http-outgoing-20 >> "Content-Length: 48[\r][\n]"
?[0m?[0;34m2023-10-03T20:55:29.988+03:00 DEBUG 20256 --- [    Test worker] org.apache.http.wire                     : http-outgoing-20 >> "Host: localhost:28852[\r][\n]"
?[0m?[0;34m2023-10-03T20:55:29.988+03:00 DEBUG 20256 --- [    Test worker] org.apache.http.wire                     : http-outgoing-20 >> "Connection: Keep-Alive[\r][\n]"
?[0m?[0;34m2023-10-03T20:55:29.988+03:00 DEBUG 20256 --- [    Test worker] org.apache.http.wire                     : http-outgoing-20 >> "User-Agent: Apache-HttpClient/4.5.14 (Java/17.0.7)[\r][\n]"
?[0m?[0;34m2023-10-03T20:55:29.988+03:00 DEBUG 20256 --- [    Test worker] org.apache.http.wire                     : http-outgoing-20 >> "Accept-Encoding: gzip,deflate[\r][\n]"
?[0m?[0;34m2023-10-03T20:55:29.988+03:00 DEBUG 20256 --- [    Test worker] org.apache.http.wire                     : http-outgoing-20 >> "[\r][\n]"
?[0m?[0;34m2023-10-03T20:55:29.988+03:00 DEBUG 20256 --- [    Test worker] org.apache.http.wire                     : http-outgoing-20 >> "{"token":"d2692491-3b5e-4331-83b8-2115817c45fa"}"
?[0m?[0;34m2023-10-03T20:55:29.989+03:00 DEBUG 20256 --- [io-28852-exec-3] o.a.coyote.http11.Http11InputBuffer      : Before fill(): parsingHeader: [true], parsingRequestLine: [true], parsingRequestLinePhase: [0], parsingRequestLineStart: [0], byteBuffer.position(): [0], byteBuffer.limit(): [0], end: [209]
?[0m?[0;34m2023-10-03T20:55:29.989+03:00 DEBUG 20256 --- [io-28852-exec-3] o.a.tomcat.util.net.SocketWrapperBase    : Socket: [org.apache.tomcat.util.net.NioEndpoint$NioSocketWrapper@7d0f7c3c:org.apache.tomcat.util.net.NioChannel@4ba9dd9b:java.nio.channels.SocketChannel[connected local=localhost/127.0.0.1:28852 remote=/127.0.0.1:60470]], Read from buffer: [0]
?[0m?[0;34m2023-10-03T20:55:29.989+03:00 DEBUG 20256 --- [io-28852-exec-3] org.apache.tomcat.util.net.NioEndpoint   : Socket: [org.apache.tomcat.util.net.NioEndpoint$NioSocketWrapper@7d0f7c3c:org.apache.tomcat.util.net.NioChannel@4ba9dd9b:java.nio.channels.SocketChannel[connected local=localhost/127.0.0.1:28852 remote=/127.0.0.1:60470]], Read direct from socket: [255]
?[0m?[0;34m2023-10-03T20:55:29.989+03:00 DEBUG 20256 --- [io-28852-exec-3] o.a.coyote.http11.Http11InputBuffer      : Received [POST /return HTTP/1.1
?[0m?[0;34mContent-Type: application/json
?[0m?[0;34mContent-Length: 48
?[0m?[0;34mHost: localhost:28852
?[0m?[0;34mConnection: Keep-Alive
?[0m?[0;34mUser-Agent: Apache-HttpClient/4.5.14 (Java/17.0.7)
?[0m?[0;34mAccept-Encoding: gzip,deflate
?[0m?[0;34m
?[0m?[0;34m{"token":"d2692491-3b5e-4331-83b8-2115817c45fa"}]
?[0m?[0;34m2023-10-03T20:55:29.989+03:00 DEBUG 20256 --- [io-28852-exec-3] o.a.c.authenticator.AuthenticatorBase    : Security checking request POST /return
?[0m?[0;34m2023-10-03T20:55:29.989+03:00 DEBUG 20256 --- [io-28852-exec-3] org.apache.catalina.realm.RealmBase      :   No applicable constraints defined
?[0m?[0;34m2023-10-03T20:55:29.989+03:00 DEBUG 20256 --- [io-28852-exec-3] o.a.c.authenticator.AuthenticatorBase    : Not subject to any constraint
?[0m?[0;34m2023-10-03T20:55:29.990+03:00 DEBUG 20256 --- [io-28852-exec-3] org.apache.tomcat.util.http.Parameters   : Set encoding to UTF-8
?[0m?[0;34m2023-10-03T20:55:29.990+03:00 DEBUG 20256 --- [io-28852-exec-3] o.s.web.servlet.DispatcherServlet        : POST "/return", parameters={}
?[0m?[0;34m2023-10-03T20:55:29.990+03:00 DEBUG 20256 --- [io-28852-exec-3] s.w.s.m.m.a.RequestMappingHandlerMapping : Mapped to cinema.controllers.CinemaController#returnSeat(String)
?[0m?[0;34m2023-10-03T20:55:29.990+03:00 DEBUG 20256 --- [io-28852-exec-3] m.m.a.RequestResponseBodyMethodProcessor : Read "application/json;charset=UTF-8" to ["{"token":"d2692491-3b5e-4331-83b8-2115817c45fa"}"]
?[0m?[0;34m2023-10-03T20:55:29.991+03:00 DEBUG 20256 --- [io-28852-exec-3] o.s.w.s.m.m.a.HttpEntityMethodProcessor  : Using 'application/json', given [*/*] and supported [application/json, application/*+json]
?[0m?[0;34m2023-10-03T20:55:29.991+03:00 DEBUG 20256 --- [io-28852-exec-3] o.s.w.s.m.m.a.HttpEntityMethodProcessor  : Writing [cinema.model.ReturnedTicket@6f53c11]
?[0m?[0;34m2023-10-03T20:55:29.991+03:00 DEBUG 20256 --- [    Test worker] org.apache.http.wire                     : http-outgoing-20 << "HTTP/1.1 200 [\r][\n]"
?[0m?[0;34m2023-10-03T20:55:29.991+03:00 DEBUG 20256 --- [    Test worker] org.apache.http.wire                     : http-outgoing-20 << "Content-Type: application/json[\r][\n]"
?[0m?[0;34m2023-10-03T20:55:29.991+03:00 DEBUG 20256 --- [    Test worker] org.apache.http.wire                     : http-outgoing-20 << "Transfer-Encoding: chunked[\r][\n]"
?[0m?[0;34m2023-10-03T20:55:29.991+03:00 DEBUG 20256 --- [    Test worker] org.apache.http.wire                     : http-outgoing-20 << "Date: Tue, 03 Oct 2023 17:55:29 GMT[\r][\n]"
?[0m?[0;34m2023-10-03T20:55:29.991+03:00 DEBUG 20256 --- [    Test worker] org.apache.http.wire                     : http-outgoing-20 << "Keep-Alive: timeout=60[\r][\n]"
?[0m?[0;34m2023-10-03T20:55:29.991+03:00 DEBUG 20256 --- [io-28852-exec-3] o.s.web.servlet.DispatcherServlet        : Completed 200 OK
?[0m?[0;34m2023-10-03T20:55:29.991+03:00 DEBUG 20256 --- [    Test worker] org.apache.http.wire                     : http-outgoing-20 << "Connection: keep-alive[\r][\n]"
?[0m?[0;34m2023-10-03T20:55:29.991+03:00 DEBUG 20256 --- [    Test worker] org.apache.http.wire                     : http-outgoing-20 << "[\r][\n]"
?[0m?[0;34m2023-10-03T20:55:29.991+03:00 DEBUG 20256 --- [    Test worker] org.apache.http.wire                     : http-outgoing-20 << "2a[\r][\n]"
?[0m?[0;34m2023-10-03T20:55:29.991+03:00 DEBUG 20256 --- [    Test worker] org.apache.http.wire                     : http-outgoing-20 << "{"ticket":{"row":3,"column":6,"price":10}}[\r][\n]"
?[0m?[0;34m2023-10-03T20:55:29.991+03:00 DEBUG 20256 --- [    Test worker] org.apache.http.headers                  : http-outgoing-20 << HTTP/1.1 200 
?[0m?[0;34m2023-10-03T20:55:29.991+03:00 DEBUG 20256 --- [    Test worker] org.apache.http.headers                  : http-outgoing-20 << Content-Type: application/json
?[0m?[0;34m2023-10-03T20:55:29.991+03:00 DEBUG 20256 --- [    Test worker] org.apache.http.headers                  : http-outgoing-20 << Transfer-Encoding: chunked
?[0m?[0;34m2023-10-03T20:55:29.991+03:00 DEBUG 20256 --- [    Test worker] org.apache.http.headers                  : http-outgoing-20 << Date: Tue, 03 Oct 2023 17:55:29 GMT
?[0m?[0;34m2023-10-03T20:55:29.992+03:00 DEBUG 20256 --- [    Test worker] org.apache.http.headers                  : http-outgoing-20 << Keep-Alive: timeout=60
?[0m?[0;34m2023-10-03T20:55:29.992+03:00 DEBUG 20256 --- [    Test worker] org.apache.http.headers                  : http-outgoing-20 << Connection: keep-alive
?[0m?[0;34m2023-10-03T20:55:29.992+03:00 DEBUG 20256 --- [    Test worker] o.a.http.impl.execchain.MainClientExec   : Connection can be kept alive for 60000 MILLISECONDS
?[0m?[0;34m2023-10-03T20:55:29.992+03:00 DEBUG 20256 --- [io-28852-exec-3] o.a.coyote.http11.Http11InputBuffer      : Before fill(): parsingHeader: [true], parsingRequestLine: [true], parsingRequestLinePhase: [0], parsingRequestLineStart: [0], byteBuffer.position(): [0], byteBuffer.limit(): [0], end: [207]
?[0m?[0;34m2023-10-03T20:55:29.992+03:00 DEBUG 20256 --- [    Test worker] org.apache.http.wire                     : http-outgoing-20 << "0[\r][\n]"
?[0m?[0;34m2023-10-03T20:55:29.992+03:00 DEBUG 20256 --- [    Test worker] org.apache.http.wire                     : http-outgoing-20 << "[\r][\n]"
?[0m?[0;34m2023-10-03T20:55:29.992+03:00 DEBUG 20256 --- [    Test worker] h.i.c.PoolingHttpClientConnectionManager : Connection [id: 20][route: {}->http://localhost:28852] can be kept alive for 60.0 seconds
?[0m?[0;34m2023-10-03T20:55:29.992+03:00 DEBUG 20256 --- [io-28852-exec-3] o.a.tomcat.util.net.SocketWrapperBase    : Socket: [org.apache.tomcat.util.net.NioEndpoint$NioSocketWrapper@7d0f7c3c:org.apache.tomcat.util.net.NioChannel@4ba9dd9b:java.nio.channels.SocketChannel[connected local=localhost/127.0.0.1:28852 remote=/127.0.0.1:60470]], Read from buffer: [0]
?[0m?[0;34m2023-10-03T20:55:29.992+03:00 DEBUG 20256 --- [    Test worker] h.i.c.DefaultManagedHttpClientConnection : http-outgoing-20: set socket timeout to 0
?[0m?[0;34m2023-10-03T20:55:29.992+03:00 DEBUG 20256 --- [    Test worker] h.i.c.PoolingHttpClientConnectionManager : Connection released: [id: 20][route: {}->http://localhost:28852][total available: 1; route allocated: 1 of 2; total allocated: 1 of 20]
?[0m?[0;34m2023-10-03T20:55:29.992+03:00 DEBUG 20256 --- [io-28852-exec-3] org.apache.tomcat.util.net.NioEndpoint   : Socket: [org.apache.tomcat.util.net.NioEndpoint$NioSocketWrapper@7d0f7c3c:org.apache.tomcat.util.net.NioChannel@4ba9dd9b:java.nio.channels.SocketChannel[connected local=localhost/127.0.0.1:28852 remote=/127.0.0.1:60470]], Read direct from socket: [0]
?[0m?[0;34m2023-10-03T20:55:29.992+03:00 DEBUG 20256 --- [    Test worker] o.a.http.impl.execchain.MainClientExec   : Cancelling request execution
?[0m?[0;34m2023-10-03T20:55:29.992+03:00 DEBUG 20256 --- [io-28852-exec-3] o.a.coyote.http11.Http11InputBuffer      : Received []
?[0m?[0;34m2023-10-03T20:55:29.992+03:00 DEBUG 20256 --- [io-28852-exec-3] o.apache.coyote.http11.Http11Processor   : Socket: [org.apache.tomcat.util.net.NioEndpoint$NioSocketWrapper@7d0f7c3c:org.apache.tomcat.util.net.NioChannel@4ba9dd9b:java.nio.channels.SocketChannel[connected local=localhost/127.0.0.1:28852 remote=/127.0.0.1:60470]], Status in: [OPEN_READ], State out: [OPEN]
?[0m?[0;34m2023-10-03T20:55:29.992+03:00 DEBUG 20256 --- [io-28852-exec-3] org.apache.tomcat.util.net.NioEndpoint   : Registered read interest for [org.apache.tomcat.util.net.NioEndpoint$NioSocketWrapper@7d0f7c3c:org.apache.tomcat.util.net.NioChannel@4ba9dd9b:java.nio.channels.SocketChannel[connected local=localhost/127.0.0.1:28852 remote=/127.0.0.1:60470]]
?[0m?[0;34m2023-10-03T20:55:29.994+03:00 DEBUG 20256 --- [    Test worker] o.a.h.client.protocol.RequestAddCookies  : CookieSpec selected: default
?[0m?[0;34m2023-10-03T20:55:29.994+03:00 DEBUG 20256 --- [    Test worker] o.a.h.client.protocol.RequestAuthCache   : Auth cache not set in the context
?[0m?[0;34m2023-10-03T20:55:29.994+03:00 DEBUG 20256 --- [    Test worker] h.i.c.PoolingHttpClientConnectionManager : Connection request: [route: {}->http://localhost:28852][total available: 0; route allocated: 0 of 2; total allocated: 0 of 20]
?[0m?[0;34m2023-10-03T20:55:29.995+03:00 DEBUG 20256 --- [    Test worker] h.i.c.PoolingHttpClientConnectionManager : Connection leased: [id: 21][route: {}->http://localhost:28852][total available: 0; route allocated: 1 of 2; total allocated: 1 of 20]
?[0m?[0;34m2023-10-03T20:55:29.995+03:00 DEBUG 20256 --- [    Test worker] o.a.http.impl.execchain.MainClientExec   : Opening connection {}->http://localhost:28852
?[0m?[0;34m2023-10-03T20:55:29.995+03:00 DEBUG 20256 --- [    Test worker] .i.c.DefaultHttpClientConnectionOperator : Connecting to localhost/127.0.0.1:28852
?[0m?[0;34m2023-10-03T20:55:29.995+03:00 DEBUG 20256 --- [    Test worker] .i.c.DefaultHttpClientConnectionOperator : Connection established 127.0.0.1:60471<->127.0.0.1:28852
?[0m?[0;34m2023-10-03T20:55:29.995+03:00 DEBUG 20256 --- [    Test worker] o.a.http.impl.execchain.MainClientExec   : Executing request POST /purchase HTTP/1.1
?[0m?[0;34m2023-10-03T20:55:29.995+03:00 DEBUG 20256 --- [    Test worker] o.a.http.impl.execchain.MainClientExec   : Target auth state: UNCHALLENGED
?[0m?[0;34m2023-10-03T20:55:29.995+03:00 DEBUG 20256 --- [    Test worker] o.a.http.impl.execchain.MainClientExec   : Proxy auth state: UNCHALLENGED
?[0m?[0;34m2023-10-03T20:55:29.995+03:00 DEBUG 20256 --- [-28852-Acceptor] o.apache.tomcat.util.threads.LimitLatch  : Counting up[http-nio-28852-Acceptor] latch=14
?[0m?[0;34m2023-10-03T20:55:29.995+03:00 DEBUG 20256 --- [    Test worker] org.apache.http.headers                  : http-outgoing-21 >> POST /purchase HTTP/1.1
?[0m?[0;34m2023-10-03T20:55:29.995+03:00 DEBUG 20256 --- [    Test worker] org.apache.http.headers                  : http-outgoing-21 >> Content-Type: application/json
?[0m?[0;34m2023-10-03T20:55:29.995+03:00 DEBUG 20256 --- [    Test worker] org.apache.http.headers                  : http-outgoing-21 >> Content-Length: 20
?[0m?[0;34m2023-10-03T20:55:29.995+03:00 DEBUG 20256 --- [    Test worker] org.apache.http.headers                  : http-outgoing-21 >> Host: localhost:28852
?[0m?[0;34m2023-10-03T20:55:29.995+03:00 DEBUG 20256 --- [    Test worker] org.apache.http.headers                  : http-outgoing-21 >> Connection: Keep-Alive
?[0m?[0;34m2023-10-03T20:55:29.995+03:00 DEBUG 20256 --- [    Test worker] org.apache.http.headers                  : http-outgoing-21 >> User-Agent: Apache-HttpClient/4.5.14 (Java/17.0.7)
?[0m?[0;34m2023-10-03T20:55:29.995+03:00 DEBUG 20256 --- [    Test worker] org.apache.http.headers                  : http-outgoing-21 >> Accept-Encoding: gzip,deflate
?[0m?[0;34m2023-10-03T20:55:29.995+03:00 DEBUG 20256 --- [    Test worker] org.apache.http.wire                     : http-outgoing-21 >> "POST /purchase HTTP/1.1[\r][\n]"
?[0m?[0;34m2023-10-03T20:55:29.995+03:00 DEBUG 20256 --- [    Test worker] org.apache.http.wire                     : http-outgoing-21 >> "Content-Type: application/json[\r][\n]"
?[0m?[0;34m2023-10-03T20:55:29.995+03:00 DEBUG 20256 --- [    Test worker] org.apache.http.wire                     : http-outgoing-21 >> "Content-Length: 20[\r][\n]"
?[0m?[0;34m2023-10-03T20:55:29.995+03:00 DEBUG 20256 --- [    Test worker] org.apache.http.wire                     : http-outgoing-21 >> "Host: localhost:28852[\r][\n]"
?[0m?[0;34m2023-10-03T20:55:29.995+03:00 DEBUG 20256 --- [    Test worker] org.apache.http.wire                     : http-outgoing-21 >> "Connection: Keep-Alive[\r][\n]"
?[0m?[0;34m2023-10-03T20:55:29.995+03:00 DEBUG 20256 --- [    Test worker] org.apache.http.wire                     : http-outgoing-21 >> "User-Agent: Apache-HttpClient/4.5.14 (Java/17.0.7)[\r][\n]"
?[0m?[0;34m2023-10-03T20:55:29.995+03:00 DEBUG 20256 --- [    Test worker] org.apache.http.wire                     : http-outgoing-21 >> "Accept-Encoding: gzip,deflate[\r][\n]"
?[0m?[0;34m2023-10-03T20:55:29.995+03:00 DEBUG 20256 --- [    Test worker] org.apache.http.wire                     : http-outgoing-21 >> "[\r][\n]"
?[0m?[0;34m2023-10-03T20:55:29.995+03:00 DEBUG 20256 --- [    Test worker] org.apache.http.wire                     : http-outgoing-21 >> "{"column":6,"row":3}"
?[0m?[0;34m2023-10-03T20:55:29.996+03:00 DEBUG 20256 --- [io-28852-exec-5] o.a.coyote.http11.Http11InputBuffer      : Before fill(): parsingHeader: [true], parsingRequestLine: [true], parsingRequestLinePhase: [0], parsingRequestLineStart: [0], byteBuffer.position(): [0], byteBuffer.limit(): [0], end: [207]
?[0m?[0;34m2023-10-03T20:55:29.996+03:00 DEBUG 20256 --- [io-28852-exec-5] o.a.tomcat.util.net.SocketWrapperBase    : Socket: [org.apache.tomcat.util.net.NioEndpoint$NioSocketWrapper@4be6a5f7:org.apache.tomcat.util.net.NioChannel@75b9cb23:java.nio.channels.SocketChannel[connected local=localhost/127.0.0.1:28852 remote=/127.0.0.1:60471]], Read from buffer: [0]
?[0m?[0;34m2023-10-03T20:55:29.996+03:00 DEBUG 20256 --- [io-28852-exec-5] org.apache.tomcat.util.net.NioEndpoint   : Socket: [org.apache.tomcat.util.net.NioEndpoint$NioSocketWrapper@4be6a5f7:org.apache.tomcat.util.net.NioChannel@75b9cb23:java.nio.channels.SocketChannel[connected local=localhost/127.0.0.1:28852 remote=/127.0.0.1:60471]], Read direct from socket: [229]
?[0m?[0;34m2023-10-03T20:55:29.996+03:00 DEBUG 20256 --- [io-28852-exec-5] o.a.coyote.http11.Http11InputBuffer      : Received [POST /purchase HTTP/1.1
?[0m?[0;34mContent-Type: application/json
?[0m?[0;34mContent-Length: 20
?[0m?[0;34mHost: localhost:28852
?[0m?[0;34mConnection: Keep-Alive
?[0m?[0;34mUser-Agent: Apache-HttpClient/4.5.14 (Java/17.0.7)
?[0m?[0;34mAccept-Encoding: gzip,deflate
?[0m?[0;34m
?[0m?[0;34m{"column":6,"row":3}]
?[0m?[0;34m2023-10-03T20:55:29.996+03:00 DEBUG 20256 --- [io-28852-exec-5] o.a.c.authenticator.AuthenticatorBase    : Security checking request POST /purchase
?[0m?[0;34m2023-10-03T20:55:29.996+03:00 DEBUG 20256 --- [io-28852-exec-5] org.apache.catalina.realm.RealmBase      :   No applicable constraints defined
?[0m?[0;34m2023-10-03T20:55:29.996+03:00 DEBUG 20256 --- [io-28852-exec-5] o.a.c.authenticator.AuthenticatorBase    : Not subject to any constraint
?[0m?[0;34m2023-10-03T20:55:29.996+03:00 DEBUG 20256 --- [io-28852-exec-5] org.apache.tomcat.util.http.Parameters   : Set encoding to UTF-8
?[0m?[0;34m2023-10-03T20:55:29.996+03:00 DEBUG 20256 --- [io-28852-exec-5] o.s.web.servlet.DispatcherServlet        : POST "/purchase", parameters={}
?[0m?[0;34m2023-10-03T20:55:29.997+03:00 DEBUG 20256 --- [io-28852-exec-5] s.w.s.m.m.a.RequestMappingHandlerMapping : Mapped to cinema.controllers.CinemaController#purchaseSeat(SeatPurchaseRequest)
?[0m?[0;34m2023-10-03T20:55:29.997+03:00 DEBUG 20256 --- [io-28852-exec-5] m.m.a.RequestResponseBodyMethodProcessor : Read "application/json;charset=UTF-8" to [cinema.controllers.requests.SeatPurchaseRequest@3b1d47]
?[0m?[0;34m2023-10-03T20:55:29.997+03:00 DEBUG 20256 --- [io-28852-exec-5] o.s.w.s.m.m.a.HttpEntityMethodProcessor  : Using 'application/json', given [*/*] and supported [application/json, application/*+json]
?[0m?[0;34m2023-10-03T20:55:29.997+03:00 DEBUG 20256 --- [io-28852-exec-5] o.s.w.s.m.m.a.HttpEntityMethodProcessor  : Writing [cinema.controllers.responses.PurchaseResponse@42d9cf09]
?[0m?[0;34m2023-10-03T20:55:29.998+03:00 DEBUG 20256 --- [    Test worker] org.apache.http.wire                     : http-outgoing-21 << "HTTP/1.1 200 [\r][\n]"
?[0m?[0;34m2023-10-03T20:55:29.998+03:00 DEBUG 20256 --- [    Test worker] org.apache.http.wire                     : http-outgoing-21 << "Content-Type: application/json[\r][\n]"
?[0m?[0;34m2023-10-03T20:55:29.998+03:00 DEBUG 20256 --- [io-28852-exec-5] o.s.web.servlet.DispatcherServlet        : Completed 200 OK
?[0m?[0;34m2023-10-03T20:55:29.998+03:00 DEBUG 20256 --- [    Test worker] org.apache.http.wire                     : http-outgoing-21 << "Transfer-Encoding: chunked[\r][\n]"
?[0m?[0;34m2023-10-03T20:55:29.998+03:00 DEBUG 20256 --- [    Test worker] org.apache.http.wire                     : http-outgoing-21 << "Date: Tue, 03 Oct 2023 17:55:29 GMT[\r][\n]"
?[0m?[0;34m2023-10-03T20:55:29.998+03:00 DEBUG 20256 --- [    Test worker] org.apache.http.wire                     : http-outgoing-21 << "Keep-Alive: timeout=60[\r][\n]"
?[0m?[0;34m2023-10-03T20:55:29.998+03:00 DEBUG 20256 --- [    Test worker] org.apache.http.wire                     : http-outgoing-21 << "Connection: keep-alive[\r][\n]"
?[0m?[0;34m2023-10-03T20:55:29.998+03:00 DEBUG 20256 --- [    Test worker] org.apache.http.wire                     : http-outgoing-21 << "[\r][\n]"
?[0m?[0;34m2023-10-03T20:55:29.998+03:00 DEBUG 20256 --- [    Test worker] org.apache.http.wire                     : http-outgoing-21 << "59[\r][\n]"
?[0m?[0;34m2023-10-03T20:55:29.998+03:00 DEBUG 20256 --- [    Test worker] org.apache.http.wire                     : http-outgoing-21 << "{"token":"1a4eab8c-2f32-417f-bc6a-e34a8d3a2a04","ticket":{"row":3,"column":6,"price":10}}[\r][\n]"
?[0m?[0;34m2023-10-03T20:55:29.998+03:00 DEBUG 20256 --- [    Test worker] org.apache.http.headers                  : http-outgoing-21 << HTTP/1.1 200 
?[0m?[0;34m2023-10-03T20:55:29.998+03:00 DEBUG 20256 --- [    Test worker] org.apache.http.headers                  : http-outgoing-21 << Content-Type: application/json
?[0m?[0;34m2023-10-03T20:55:29.998+03:00 DEBUG 20256 --- [    Test worker] org.apache.http.headers                  : http-outgoing-21 << Transfer-Encoding: chunked
?[0m?[0;34m2023-10-03T20:55:29.998+03:00 DEBUG 20256 --- [    Test worker] org.apache.http.headers                  : http-outgoing-21 << Date: Tue, 03 Oct 2023 17:55:29 GMT
?[0m?[0;34m2023-10-03T20:55:29.998+03:00 DEBUG 20256 --- [    Test worker] org.apache.http.headers                  : http-outgoing-21 << Keep-Alive: timeout=60
?[0m?[0;34m2023-10-03T20:55:29.998+03:00 DEBUG 20256 --- [    Test worker] org.apache.http.headers                  : http-outgoing-21 << Connection: keep-alive
?[0m?[0;34m2023-10-03T20:55:29.998+03:00 DEBUG 20256 --- [io-28852-exec-5] o.a.coyote.http11.Http11InputBuffer      : Before fill(): parsingHeader: [true], parsingRequestLine: [true], parsingRequestLinePhase: [0], parsingRequestLineStart: [0], byteBuffer.position(): [0], byteBuffer.limit(): [0], end: [209]
?[0m?[0;34m2023-10-03T20:55:29.998+03:00 DEBUG 20256 --- [    Test worker] o.a.http.impl.execchain.MainClientExec   : Connection can be kept alive for 60000 MILLISECONDS
?[0m?[0;34m2023-10-03T20:55:29.998+03:00 DEBUG 20256 --- [io-28852-exec-5] o.a.tomcat.util.net.SocketWrapperBase    : Socket: [org.apache.tomcat.util.net.NioEndpoint$NioSocketWrapper@4be6a5f7:org.apache.tomcat.util.net.NioChannel@75b9cb23:java.nio.channels.SocketChannel[connected local=localhost/127.0.0.1:28852 remote=/127.0.0.1:60471]], Read from buffer: [0]
?[0m?[0;34m2023-10-03T20:55:29.998+03:00 DEBUG 20256 --- [    Test worker] org.apache.http.wire                     : http-outgoing-21 << "0[\r][\n]"
?[0m?[0;34m2023-10-03T20:55:29.998+03:00 DEBUG 20256 --- [    Test worker] org.apache.http.wire                     : http-outgoing-21 << "[\r][\n]"
?[0m?[0;34m2023-10-03T20:55:29.998+03:00 DEBUG 20256 --- [    Test worker] h.i.c.PoolingHttpClientConnectionManager : Connection [id: 21][route: {}->http://localhost:28852] can be kept alive for 60.0 seconds
?[0m?[0;34m2023-10-03T20:55:29.998+03:00 DEBUG 20256 --- [io-28852-exec-5] org.apache.tomcat.util.net.NioEndpoint   : Socket: [org.apache.tomcat.util.net.NioEndpoint$NioSocketWrapper@4be6a5f7:org.apache.tomcat.util.net.NioChannel@75b9cb23:java.nio.channels.SocketChannel[connected local=localhost/127.0.0.1:28852 remote=/127.0.0.1:60471]], Read direct from socket: [0]
?[0m?[0;34m2023-10-03T20:55:29.998+03:00 DEBUG 20256 --- [    Test worker] h.i.c.DefaultManagedHttpClientConnection : http-outgoing-21: set socket timeout to 0
?[0m?[0;34m2023-10-03T20:55:29.998+03:00 DEBUG 20256 --- [io-28852-exec-5] o.a.coyote.http11.Http11InputBuffer      : Received []
?[0m?[0;34m2023-10-03T20:55:29.999+03:00 DEBUG 20256 --- [    Test worker] h.i.c.PoolingHttpClientConnectionManager : Connection released: [id: 21][route: {}->http://localhost:28852][total available: 1; route allocated: 1 of 2; total allocated: 1 of 20]
?[0m?[0;34m2023-10-03T20:55:29.999+03:00 DEBUG 20256 --- [io-28852-exec-5] o.apache.coyote.http11.Http11Processor   : Socket: [org.apache.tomcat.util.net.NioEndpoint$NioSocketWrapper@4be6a5f7:org.apache.tomcat.util.net.NioChannel@75b9cb23:java.nio.channels.SocketChannel[connected local=localhost/127.0.0.1:28852 remote=/127.0.0.1:60471]], Status in: [OPEN_READ], State out: [OPEN]
?[0m?[0;34m2023-10-03T20:55:29.999+03:00 DEBUG 20256 --- [    Test worker] o.a.http.impl.execchain.MainClientExec   : Cancelling request execution
?[0m?[0;34m2023-10-03T20:55:29.999+03:00 DEBUG 20256 --- [io-28852-exec-5] org.apache.tomcat.util.net.NioEndpoint   : Registered read interest for [org.apache.tomcat.util.net.NioEndpoint$NioSocketWrapper@4be6a5f7:org.apache.tomcat.util.net.NioChannel@75b9cb23:java.nio.channels.SocketChannel[connected local=localhost/127.0.0.1:28852 remote=/127.0.0.1:60471]]
?[0m2023-10-03T20:55:30.002+03:00 DEBUG 20256 --- [    Test worker] o.a.h.client.protocol.RequestAddCookies  : CookieSpec selected: default
2023-10-03T20:55:30.003+03:00 DEBUG 20256 --- [    Test worker] o.a.h.client.protocol.RequestAuthCache   : Auth cache not set in the context
2023-10-03T20:55:30.003+03:00 DEBUG 20256 --- [    Test worker] h.i.c.PoolingHttpClientConnectionManager : Connection request: [route: {}->http://localhost:28852][total available: 0; route allocated: 0 of 2; total allocated: 0 of 20]
2023-10-03T20:55:30.003+03:00 DEBUG 20256 --- [    Test worker] h.i.c.PoolingHttpClientConnectionManager : Connection leased: [id: 22][route: {}->http://localhost:28852][total available: 0; route allocated: 1 of 2; total allocated: 1 of 20]
2023-10-03T20:55:30.003+03:00 DEBUG 20256 --- [    Test worker] o.a.http.impl.execchain.MainClientExec   : Opening connection {}->http://localhost:28852
2023-10-03T20:55:30.003+03:00 DEBUG 20256 --- [    Test worker] .i.c.DefaultHttpClientConnectionOperator : Connecting to localhost/127.0.0.1:28852
2023-10-03T20:55:30.003+03:00 DEBUG 20256 --- [    Test worker] .i.c.DefaultHttpClientConnectionOperator : Connection established 127.0.0.1:60472<->127.0.0.1:28852
2023-10-03T20:55:30.003+03:00 DEBUG 20256 --- [    Test worker] o.a.http.impl.execchain.MainClientExec   : Executing request POST /actuator/shutdown HTTP/1.1
2023-10-03T20:55:30.003+03:00 DEBUG 20256 --- [    Test worker] o.a.http.impl.execchain.MainClientExec   : Target auth state: UNCHALLENGED
2023-10-03T20:55:30.003+03:00 DEBUG 20256 --- [    Test worker] o.a.http.impl.execchain.MainClientExec   : Proxy auth state: UNCHALLENGED
2023-10-03T20:55:30.003+03:00 DEBUG 20256 --- [    Test worker] org.apache.http.headers                  : http-outgoing-22 >> POST /actuator/shutdown HTTP/1.1
2023-10-03T20:55:30.003+03:00 DEBUG 20256 --- [    Test worker] org.apache.http.headers                  : http-outgoing-22 >> Content-Type: application/json
2023-10-03T20:55:30.003+03:00 DEBUG 20256 --- [    Test worker] org.apache.http.headers                  : http-outgoing-22 >> Content-Length: 0
2023-10-03T20:55:30.003+03:00 DEBUG 20256 --- [    Test worker] org.apache.http.headers                  : http-outgoing-22 >> Host: localhost:28852
2023-10-03T20:55:30.003+03:00 DEBUG 20256 --- [    Test worker] org.apache.http.headers                  : http-outgoing-22 >> Connection: Keep-Alive
2023-10-03T20:55:30.003+03:00 DEBUG 20256 --- [    Test worker] org.apache.http.headers                  : http-outgoing-22 >> User-Agent: Apache-HttpClient/4.5.14 (Java/17.0.7)
2023-10-03T20:55:30.003+03:00 DEBUG 20256 --- [    Test worker] org.apache.http.headers                  : http-outgoing-22 >> Accept-Encoding: gzip,deflate
?[0m2023-10-03T20:55:30.003+03:00 DEBUG 20256 --- [-28852-Acceptor] o.apache.tomcat.util.threads.LimitLatch  : Counting up[http-nio-28852-Acceptor] latch=15
2023-10-03T20:55:30.003+03:00 DEBUG 20256 --- [    Test worker] org.apache.http.wire                     : http-outgoing-22 >> "POST /actuator/shutdown HTTP/1.1[\r][\n]"
2023-10-03T20:55:30.003+03:00 DEBUG 20256 --- [    Test worker] org.apache.http.wire                     : http-outgoing-22 >> "Content-Type: application/json[\r][\n]"
2023-10-03T20:55:30.003+03:00 DEBUG 20256 --- [    Test worker] org.apache.http.wire                     : http-outgoing-22 >> "Content-Length: 0[\r][\n]"
2023-10-03T20:55:30.003+03:00 DEBUG 20256 --- [    Test worker] org.apache.http.wire                     : http-outgoing-22 >> "Host: localhost:28852[\r][\n]"
2023-10-03T20:55:30.003+03:00 DEBUG 20256 --- [    Test worker] org.apache.http.wire                     : http-outgoing-22 >> "Connection: Keep-Alive[\r][\n]"
2023-10-03T20:55:30.003+03:00 DEBUG 20256 --- [    Test worker] org.apache.http.wire                     : http-outgoing-22 >> "User-Agent: Apache-HttpClient/4.5.14 (Java/17.0.7)[\r][\n]"
2023-10-03T20:55:30.003+03:00 DEBUG 20256 --- [    Test worker] org.apache.http.wire                     : http-outgoing-22 >> "Accept-Encoding: gzip,deflate[\r][\n]"
2023-10-03T20:55:30.003+03:00 DEBUG 20256 --- [    Test worker] org.apache.http.wire                     : http-outgoing-22 >> "[\r][\n]"
?[0m2023-10-03T20:55:30.003+03:00 DEBUG 20256 --- [io-28852-exec-4] o.a.coyote.http11.Http11InputBuffer      : Before fill(): parsingHeader: [true], parsingRequestLine: [true], parsingRequestLinePhase: [0], parsingRequestLineStart: [0], byteBuffer.position(): [0], byteBuffer.limit(): [0], end: [209]
2023-10-03T20:55:30.003+03:00 DEBUG 20256 --- [io-28852-exec-4] o.a.tomcat.util.net.SocketWrapperBase    : Socket: [org.apache.tomcat.util.net.NioEndpoint$NioSocketWrapper@51f8a7a2:org.apache.tomcat.util.net.NioChannel@33accce2:java.nio.channels.SocketChannel[connected local=/127.0.0.1:28852 remote=/127.0.0.1:60472]], Read from buffer: [0]
2023-10-03T20:55:30.004+03:00 DEBUG 20256 --- [io-28852-exec-4] org.apache.tomcat.util.net.NioEndpoint   : Socket: [org.apache.tomcat.util.net.NioEndpoint$NioSocketWrapper@51f8a7a2:org.apache.tomcat.util.net.NioChannel@33accce2:java.nio.channels.SocketChannel[connected local=/127.0.0.1:28852 remote=/127.0.0.1:60472]], Read direct from socket: [217]
2023-10-03T20:55:30.004+03:00 DEBUG 20256 --- [io-28852-exec-4] o.a.coyote.http11.Http11InputBuffer      : Received [POST /actuator/shutdown HTTP/1.1
Content-Type: application/json
Content-Length: 0
Host: localhost:28852
Connection: Keep-Alive
User-Agent: Apache-HttpClient/4.5.14 (Java/17.0.7)
Accept-Encoding: gzip,deflate

]
2023-10-03T20:55:30.004+03:00 DEBUG 20256 --- [io-28852-exec-4] o.a.c.authenticator.AuthenticatorBase    : Security checking request POST /actuator/shutdown
2023-10-03T20:55:30.004+03:00 DEBUG 20256 --- [io-28852-exec-4] org.apache.catalina.realm.RealmBase      :   No applicable constraints defined
2023-10-03T20:55:30.004+03:00 DEBUG 20256 --- [io-28852-exec-4] o.a.c.authenticator.AuthenticatorBase    : Not subject to any constraint
2023-10-03T20:55:30.004+03:00 DEBUG 20256 --- [io-28852-exec-4] org.apache.tomcat.util.http.Parameters   : Set encoding to UTF-8
2023-10-03T20:55:30.004+03:00 DEBUG 20256 --- [io-28852-exec-4] o.s.web.servlet.DispatcherServlet        : POST "/actuator/shutdown", parameters={}
2023-10-03T20:55:30.005+03:00 DEBUG 20256 --- [io-28852-exec-4] s.b.a.e.w.s.WebMvcEndpointHandlerMapping : Mapped to Actuator web endpoint 'shutdown'
2023-10-03T20:55:30.007+03:00 DEBUG 20256 --- [io-28852-exec-4] m.m.a.RequestResponseBodyMethodProcessor : Read "application/json;charset=UTF-8" to []
2023-10-03T20:55:30.011+03:00 DEBUG 20256 --- [io-28852-exec-4] m.m.a.RequestResponseBodyMethodProcessor : Using 'application/vnd.spring-boot.actuator.v3+json', given [*/*] and supported [application/vnd.spring-boot.actuator.v3+json, application/vnd.spring-boot.actuator.v2+json, application/json]
2023-10-03T20:55:30.011+03:00 DEBUG 20256 --- [io-28852-exec-4] m.m.a.RequestResponseBodyMethodProcessor : Writing [org.springframework.boot.actuate.context.ShutdownEndpoint$ShutdownDescriptor@51d7bf0b]
2023-10-03T20:55:30.012+03:00 DEBUG 20256 --- [    Test worker] org.apache.http.wire                     : http-outgoing-22 << "HTTP/1.1 200 [\r][\n]"
2023-10-03T20:55:30.012+03:00 DEBUG 20256 --- [    Test worker] org.apache.http.wire                     : http-outgoing-22 << "Content-Type: application/vnd.spring-boot.actuator.v3+json[\r][\n]"
2023-10-03T20:55:30.012+03:00 DEBUG 20256 --- [    Test worker] org.apache.http.wire                     : http-outgoing-22 << "Transfer-Encoding: chunked[\r][\n]"
2023-10-03T20:55:30.012+03:00 DEBUG 20256 --- [    Test worker] org.apache.http.wire                     : http-outgoing-22 << "Date: Tue, 03 Oct 2023 17:55:29 GMT[\r][\n]"
2023-10-03T20:55:30.012+03:00 DEBUG 20256 --- [io-28852-exec-4] o.s.web.servlet.DispatcherServlet        : Completed 200 OK
2023-10-03T20:55:30.012+03:00 DEBUG 20256 --- [    Test worker] org.apache.http.wire                     : http-outgoing-22 << "Keep-Alive: timeout=60[\r][\n]"
2023-10-03T20:55:30.012+03:00 DEBUG 20256 --- [    Test worker] org.apache.http.wire                     : http-outgoing-22 << "Connection: keep-alive[\r][\n]"
2023-10-03T20:55:30.012+03:00 DEBUG 20256 --- [    Test worker] org.apache.http.wire                     : http-outgoing-22 << "[\r][\n]"
2023-10-03T20:55:30.012+03:00 DEBUG 20256 --- [    Test worker] org.apache.http.wire                     : http-outgoing-22 << "23[\r][\n]"
2023-10-03T20:55:30.012+03:00 DEBUG 20256 --- [    Test worker] org.apache.http.wire                     : http-outgoing-22 << "{"message":"Shutting down, bye..."}[\r][\n]"
2023-10-03T20:55:30.012+03:00 DEBUG 20256 --- [    Test worker] org.apache.http.headers                  : http-outgoing-22 << HTTP/1.1 200 
2023-10-03T20:55:30.012+03:00 DEBUG 20256 --- [    Test worker] org.apache.http.headers                  : http-outgoing-22 << Content-Type: application/vnd.spring-boot.actuator.v3+json
2023-10-03T20:55:30.012+03:00 DEBUG 20256 --- [    Test worker] org.apache.http.headers                  : http-outgoing-22 << Transfer-Encoding: chunked
2023-10-03T20:55:30.012+03:00 DEBUG 20256 --- [    Test worker] org.apache.http.headers                  : http-outgoing-22 << Date: Tue, 03 Oct 2023 17:55:29 GMT
2023-10-03T20:55:30.012+03:00 DEBUG 20256 --- [    Test worker] org.apache.http.headers                  : http-outgoing-22 << Keep-Alive: timeout=60
2023-10-03T20:55:30.012+03:00 DEBUG 20256 --- [    Test worker] org.apache.http.headers                  : http-outgoing-22 << Connection: keep-alive
2023-10-03T20:55:30.012+03:00 DEBUG 20256 --- [    Test worker] o.a.http.impl.execchain.MainClientExec   : Connection can be kept alive for 60000 MILLISECONDS
2023-10-03T20:55:30.012+03:00 DEBUG 20256 --- [    Test worker] org.apache.http.wire                     : http-outgoing-22 << "0[\r][\n]"
2023-10-03T20:55:30.012+03:00 DEBUG 20256 --- [    Test worker] org.apache.http.wire                     : http-outgoing-22 << "[\r][\n]"
2023-10-03T20:55:30.012+03:00 DEBUG 20256 --- [    Test worker] h.i.c.PoolingHttpClientConnectionManager : Connection [id: 22][route: {}->http://localhost:28852] can be kept alive for 60.0 seconds
2023-10-03T20:55:30.012+03:00 DEBUG 20256 --- [    Test worker] h.i.c.DefaultManagedHttpClientConnection : http-outgoing-22: set socket timeout to 0
2023-10-03T20:55:30.012+03:00 DEBUG 20256 --- [    Test worker] h.i.c.PoolingHttpClientConnectionManager : Connection released: [id: 22][route: {}->http://localhost:28852][total available: 1; route allocated: 1 of 2; total allocated: 1 of 20]
2023-10-03T20:55:30.012+03:00 DEBUG 20256 --- [io-28852-exec-4] o.a.coyote.http11.Http11InputBuffer      : Before fill(): parsingHeader: [true], parsingRequestLine: [true], parsingRequestLinePhase: [0], parsingRequestLineStart: [0], byteBuffer.position(): [0], byteBuffer.limit(): [0], end: [217]
2023-10-03T20:55:30.012+03:00 DEBUG 20256 --- [    Test worker] o.a.http.impl.execchain.MainClientExec   : Cancelling request execution
2023-10-03T20:55:30.013+03:00 DEBUG 20256 --- [io-28852-exec-4] o.a.tomcat.util.net.SocketWrapperBase    : Socket: [org.apache.tomcat.util.net.NioEndpoint$NioSocketWrapper@51f8a7a2:org.apache.tomcat.util.net.NioChannel@33accce2:java.nio.channels.SocketChannel[connected local=/127.0.0.1:28852 remote=/127.0.0.1:60472]], Read from buffer: [0]
2023-10-03T20:55:30.013+03:00 DEBUG 20256 --- [io-28852-exec-4] org.apache.tomcat.util.net.NioEndpoint   : Socket: [org.apache.tomcat.util.net.NioEndpoint$NioSocketWrapper@51f8a7a2:org.apache.tomcat.util.net.NioChannel@33accce2:java.nio.channels.SocketChannel[connected local=/127.0.0.1:28852 remote=/127.0.0.1:60472]], Read direct from socket: [0]
2023-10-03T20:55:30.013+03:00 DEBUG 20256 --- [io-28852-exec-4] o.a.coyote.http11.Http11InputBuffer      : Received []
2023-10-03T20:55:30.013+03:00 DEBUG 20256 --- [io-28852-exec-4] o.apache.coyote.http11.Http11Processor   : Socket: [org.apache.tomcat.util.net.NioEndpoint$NioSocketWrapper@51f8a7a2:org.apache.tomcat.util.net.NioChannel@33accce2:java.nio.channels.SocketChannel[connected local=/127.0.0.1:28852 remote=/127.0.0.1:60472]], Status in: [OPEN_READ], State out: [OPEN]
2023-10-03T20:55:30.013+03:00 DEBUG 20256 --- [io-28852-exec-4] org.apache.tomcat.util.net.NioEndpoint   : Registered read interest for [org.apache.tomcat.util.net.NioEndpoint$NioSocketWrapper@51f8a7a2:org.apache.tomcat.util.net.NioChannel@33accce2:java.nio.channels.SocketChannel[connected local=/127.0.0.1:28852 remote=/127.0.0.1:60472]]
]]></system-out>
  <system-err><![CDATA[]]></system-err>
</testsuite>
